running egg_info
creating ../../build/gps_imu_tf_publisher/gps_imu_tf_publisher.egg-info
writing ../../build/gps_imu_tf_publisher/gps_imu_tf_publisher.egg-info/PKG-INFO
writing dependency_links to ../../build/gps_imu_tf_publisher/gps_imu_tf_publisher.egg-info/dependency_links.txt
writing entry points to ../../build/gps_imu_tf_publisher/gps_imu_tf_publisher.egg-info/entry_points.txt
writing requirements to ../../build/gps_imu_tf_publisher/gps_imu_tf_publisher.egg-info/requires.txt
writing top-level names to ../../build/gps_imu_tf_publisher/gps_imu_tf_publisher.egg-info/top_level.txt
writing manifest file '../../build/gps_imu_tf_publisher/gps_imu_tf_publisher.egg-info/SOURCES.txt'
reading manifest file '../../build/gps_imu_tf_publisher/gps_imu_tf_publisher.egg-info/SOURCES.txt'
writing manifest file '../../build/gps_imu_tf_publisher/gps_imu_tf_publisher.egg-info/SOURCES.txt'
running build
running build_py
creating /home/yun/colcon_ws/build/gps_imu_tf_publisher/build
creating /home/yun/colcon_ws/build/gps_imu_tf_publisher/build/lib
creating /home/yun/colcon_ws/build/gps_imu_tf_publisher/build/lib/gps_imu_tf_publisher
copying gps_imu_tf_publisher/__init__.py -> /home/yun/colcon_ws/build/gps_imu_tf_publisher/build/lib/gps_imu_tf_publisher
copying gps_imu_tf_publisher/tf_publisher.py -> /home/yun/colcon_ws/build/gps_imu_tf_publisher/build/lib/gps_imu_tf_publisher
copying gps_imu_tf_publisher/gps_transform.py -> /home/yun/colcon_ws/build/gps_imu_tf_publisher/build/lib/gps_imu_tf_publisher
copying gps_imu_tf_publisher/imu_to_odom.py -> /home/yun/colcon_ws/build/gps_imu_tf_publisher/build/lib/gps_imu_tf_publisher
running install
running install_lib
creating /home/yun/colcon_ws/install/gps_imu_tf_publisher/lib/python3.10/site-packages/gps_imu_tf_publisher
copying /home/yun/colcon_ws/build/gps_imu_tf_publisher/build/lib/gps_imu_tf_publisher/__init__.py -> /home/yun/colcon_ws/install/gps_imu_tf_publisher/lib/python3.10/site-packages/gps_imu_tf_publisher
copying /home/yun/colcon_ws/build/gps_imu_tf_publisher/build/lib/gps_imu_tf_publisher/tf_publisher.py -> /home/yun/colcon_ws/install/gps_imu_tf_publisher/lib/python3.10/site-packages/gps_imu_tf_publisher
copying /home/yun/colcon_ws/build/gps_imu_tf_publisher/build/lib/gps_imu_tf_publisher/gps_transform.py -> /home/yun/colcon_ws/install/gps_imu_tf_publisher/lib/python3.10/site-packages/gps_imu_tf_publisher
copying /home/yun/colcon_ws/build/gps_imu_tf_publisher/build/lib/gps_imu_tf_publisher/imu_to_odom.py -> /home/yun/colcon_ws/install/gps_imu_tf_publisher/lib/python3.10/site-packages/gps_imu_tf_publisher
byte-compiling /home/yun/colcon_ws/install/gps_imu_tf_publisher/lib/python3.10/site-packages/gps_imu_tf_publisher/__init__.py to __init__.cpython-310.pyc
byte-compiling /home/yun/colcon_ws/install/gps_imu_tf_publisher/lib/python3.10/site-packages/gps_imu_tf_publisher/tf_publisher.py to tf_publisher.cpython-310.pyc
byte-compiling /home/yun/colcon_ws/install/gps_imu_tf_publisher/lib/python3.10/site-packages/gps_imu_tf_publisher/gps_transform.py to gps_transform.cpython-310.pyc
byte-compiling /home/yun/colcon_ws/install/gps_imu_tf_publisher/lib/python3.10/site-packages/gps_imu_tf_publisher/imu_to_odom.py to imu_to_odom.cpython-310.pyc
running install_data
creating /home/yun/colcon_ws/install/gps_imu_tf_publisher/share/ament_index
creating /home/yun/colcon_ws/install/gps_imu_tf_publisher/share/ament_index/resource_index
creating /home/yun/colcon_ws/install/gps_imu_tf_publisher/share/ament_index/resource_index/packages
copying resource/gps_imu_tf_publisher -> /home/yun/colcon_ws/install/gps_imu_tf_publisher/share/ament_index/resource_index/packages
copying package.xml -> /home/yun/colcon_ws/install/gps_imu_tf_publisher/share/gps_imu_tf_publisher
creating /home/yun/colcon_ws/install/gps_imu_tf_publisher/share/gps_imu_tf_publisher/launch
copying launch/tf_publisher.launch.py -> /home/yun/colcon_ws/install/gps_imu_tf_publisher/share/gps_imu_tf_publisher/launch
running install_egg_info
Copying ../../build/gps_imu_tf_publisher/gps_imu_tf_publisher.egg-info to /home/yun/colcon_ws/install/gps_imu_tf_publisher/lib/python3.10/site-packages/gps_imu_tf_publisher-0.0.1-py3.10.egg-info
running install_scripts
Installing gps_transform script to /home/yun/colcon_ws/install/gps_imu_tf_publisher/lib/gps_imu_tf_publisher
Installing imu_to_odom script to /home/yun/colcon_ws/install/gps_imu_tf_publisher/lib/gps_imu_tf_publisher
Installing tf_publisher script to /home/yun/colcon_ws/install/gps_imu_tf_publisher/lib/gps_imu_tf_publisher
writing list of installed files to '/home/yun/colcon_ws/build/gps_imu_tf_publisher/install.log'
