[0.776s] Invoking command in '/home/yun/colcon_ws/build/stella_description': CMAKE_PREFIX_PATH=${CMAKE_PREFIX_PATH}:/home/yun/colcon_ws/install/stella_teleop:/home/yun/colcon_ws/install/nav2_gps_waypoint_follower_demo:/home/yun/test/install/turtlebot3_teleop:/home/yun/test/install/turtlebot3_example:/home/yun/test/install/road_API:/home/yun/test/install/nav2_simple_commander:/home/yun/test/install/gps_imu_publisher:/opt/ros/humble /usr/bin/cmake --build /home/yun/colcon_ws/build/stella_description -- -j20 -l20
[1.594s] Invoked command in '/home/yun/colcon_ws/build/stella_description' returned '0': CMAKE_PREFIX_PATH=${CMAKE_PREFIX_PATH}:/home/yun/colcon_ws/install/stella_teleop:/home/yun/colcon_ws/install/nav2_gps_waypoint_follower_demo:/home/yun/test/install/turtlebot3_teleop:/home/yun/test/install/turtlebot3_example:/home/yun/test/install/road_API:/home/yun/test/install/nav2_simple_commander:/home/yun/test/install/gps_imu_publisher:/opt/ros/humble /usr/bin/cmake --build /home/yun/colcon_ws/build/stella_description -- -j20 -l20
[1.600s] Invoking command in '/home/yun/colcon_ws/build/stella_description': CMAKE_PREFIX_PATH=${CMAKE_PREFIX_PATH}:/home/yun/colcon_ws/install/stella_teleop:/home/yun/colcon_ws/install/nav2_gps_waypoint_follower_demo:/home/yun/test/install/turtlebot3_teleop:/home/yun/test/install/turtlebot3_example:/home/yun/test/install/road_API:/home/yun/test/install/nav2_simple_commander:/home/yun/test/install/gps_imu_publisher:/opt/ros/humble /usr/bin/cmake --install /home/yun/colcon_ws/build/stella_description
[1.629s] -- Install configuration: ""
[1.632s] -- Execute custom install script
[1.633s] -- Up-to-date symlink: /home/yun/colcon_ws/install/stella_description/share/stella_description/meshes/bases/sunny_robot_first.STL
[1.634s] -- Up-to-date symlink: /home/yun/colcon_ws/install/stella_description/share/stella_description/rviz/model.rviz
[1.634s] -- Up-to-date symlink: /home/yun/colcon_ws/install/stella_description/share/stella_description/urdf/sunny_factory_description.urdf
[1.636s] -- Up-to-date symlink: /home/yun/colcon_ws/install/stella_description/share/ament_index/resource_index/package_run_dependencies/stella_description
[1.636s] -- Up-to-date symlink: /home/yun/colcon_ws/install/stella_description/share/ament_index/resource_index/parent_prefix_path/stella_description
[1.636s] -- Up-to-date symlink: /home/yun/colcon_ws/install/stella_description/share/stella_description/environment/ament_prefix_path.sh
[1.637s] -- Up-to-date symlink: /home/yun/colcon_ws/install/stella_description/share/stella_description/environment/ament_prefix_path.dsv
[1.637s] -- Up-to-date symlink: /home/yun/colcon_ws/install/stella_description/share/stella_description/environment/path.sh
[1.637s] -- Up-to-date symlink: /home/yun/colcon_ws/install/stella_description/share/stella_description/environment/path.dsv
[1.637s] -- Up-to-date symlink: /home/yun/colcon_ws/install/stella_description/share/stella_description/local_setup.bash
[1.638s] -- Up-to-date symlink: /home/yun/colcon_ws/install/stella_description/share/stella_description/local_setup.sh
[1.638s] -- Up-to-date symlink: /home/yun/colcon_ws/install/stella_description/share/stella_description/local_setup.zsh
[1.638s] -- Up-to-date symlink: /home/yun/colcon_ws/install/stella_description/share/stella_description/local_setup.dsv
[1.638s] -- Symlinking: /home/yun/colcon_ws/install/stella_description/share/stella_description/package.dsv
[1.673s] -- Up-to-date symlink: /home/yun/colcon_ws/install/stella_description/share/ament_index/resource_index/packages/stella_description
[1.674s] -- Up-to-date symlink: /home/yun/colcon_ws/install/stella_description/share/stella_description/cmake/stella_descriptionConfig.cmake
[1.674s] -- Up-to-date symlink: /home/yun/colcon_ws/install/stella_description/share/stella_description/cmake/stella_descriptionConfig-version.cmake
[1.675s] -- Up-to-date symlink: /home/yun/colcon_ws/install/stella_description/share/stella_description/package.xml
[1.757s] Invoked command in '/home/yun/colcon_ws/build/stella_description' returned '0': CMAKE_PREFIX_PATH=${CMAKE_PREFIX_PATH}:/home/yun/colcon_ws/install/stella_teleop:/home/yun/colcon_ws/install/nav2_gps_waypoint_follower_demo:/home/yun/test/install/turtlebot3_teleop:/home/yun/test/install/turtlebot3_example:/home/yun/test/install/road_API:/home/yun/test/install/nav2_simple_commander:/home/yun/test/install/gps_imu_publisher:/opt/ros/humble /usr/bin/cmake --install /home/yun/colcon_ws/build/stella_description
