[0.782s] Invoking command in '/home/yun/colcon_ws/build/stella_cartographer': CMAKE_PREFIX_PATH=${CMAKE_PREFIX_PATH}:/home/yun/colcon_ws/install/stella_teleop:/home/yun/colcon_ws/install/nav2_gps_waypoint_follower_demo:/home/yun/test/install/turtlebot3_teleop:/home/yun/test/install/turtlebot3_example:/home/yun/test/install/road_API:/home/yun/test/install/nav2_simple_commander:/home/yun/test/install/gps_imu_publisher:/opt/ros/humble /usr/bin/cmake --build /home/yun/colcon_ws/build/stella_cartographer -- -j20 -l20
[1.559s] Invoked command in '/home/yun/colcon_ws/build/stella_cartographer' returned '0': CMAKE_PREFIX_PATH=${CMAKE_PREFIX_PATH}:/home/yun/colcon_ws/install/stella_teleop:/home/yun/colcon_ws/install/nav2_gps_waypoint_follower_demo:/home/yun/test/install/turtlebot3_teleop:/home/yun/test/install/turtlebot3_example:/home/yun/test/install/road_API:/home/yun/test/install/nav2_simple_commander:/home/yun/test/install/gps_imu_publisher:/opt/ros/humble /usr/bin/cmake --build /home/yun/colcon_ws/build/stella_cartographer -- -j20 -l20
[1.598s] Invoking command in '/home/yun/colcon_ws/build/stella_cartographer': CMAKE_PREFIX_PATH=${CMAKE_PREFIX_PATH}:/home/yun/colcon_ws/install/stella_teleop:/home/yun/colcon_ws/install/nav2_gps_waypoint_follower_demo:/home/yun/test/install/turtlebot3_teleop:/home/yun/test/install/turtlebot3_example:/home/yun/test/install/road_API:/home/yun/test/install/nav2_simple_commander:/home/yun/test/install/gps_imu_publisher:/opt/ros/humble /usr/bin/cmake --install /home/yun/colcon_ws/build/stella_cartographer
[1.631s] -- Install configuration: ""
[1.632s] -- Execute custom install script
[1.633s] -- Up-to-date symlink: /home/yun/colcon_ws/install/stella_cartographer/share/stella_cartographer/config/stella.lua
[1.633s] -- Up-to-date symlink: /home/yun/colcon_ws/install/stella_cartographer/share/stella_cartographer/launch/cartographer.launch.py
[1.634s] -- Up-to-date symlink: /home/yun/colcon_ws/install/stella_cartographer/share/stella_cartographer/launch/occupancy_grid.launch.py
[1.634s] -- Up-to-date symlink: /home/yun/colcon_ws/install/stella_cartographer/share/stella_cartographer/rviz/stella_cartographer.rviz
[1.634s] -- Up-to-date symlink: /home/yun/colcon_ws/install/stella_cartographer/share/ament_index/resource_index/package_run_dependencies/stella_cartographer
[1.635s] -- Up-to-date symlink: /home/yun/colcon_ws/install/stella_cartographer/share/ament_index/resource_index/parent_prefix_path/stella_cartographer
[1.635s] -- Up-to-date symlink: /home/yun/colcon_ws/install/stella_cartographer/share/stella_cartographer/environment/ament_prefix_path.sh
[1.635s] -- Up-to-date symlink: /home/yun/colcon_ws/install/stella_cartographer/share/stella_cartographer/environment/ament_prefix_path.dsv
[1.636s] -- Up-to-date symlink: /home/yun/colcon_ws/install/stella_cartographer/share/stella_cartographer/environment/path.sh
[1.636s] -- Up-to-date symlink: /home/yun/colcon_ws/install/stella_cartographer/share/stella_cartographer/environment/path.dsv
[1.636s] -- Up-to-date symlink: /home/yun/colcon_ws/install/stella_cartographer/share/stella_cartographer/local_setup.bash
[1.637s] -- Up-to-date symlink: /home/yun/colcon_ws/install/stella_cartographer/share/stella_cartographer/local_setup.sh
[1.637s] -- Up-to-date symlink: /home/yun/colcon_ws/install/stella_cartographer/share/stella_cartographer/local_setup.zsh
[1.637s] -- Up-to-date symlink: /home/yun/colcon_ws/install/stella_cartographer/share/stella_cartographer/local_setup.dsv
[1.637s] -- Symlinking: /home/yun/colcon_ws/install/stella_cartographer/share/stella_cartographer/package.dsv
[1.672s] -- Up-to-date symlink: /home/yun/colcon_ws/install/stella_cartographer/share/ament_index/resource_index/packages/stella_cartographer
[1.672s] -- Up-to-date symlink: /home/yun/colcon_ws/install/stella_cartographer/share/stella_cartographer/cmake/stella_cartographerConfig.cmake
[1.672s] -- Up-to-date symlink: /home/yun/colcon_ws/install/stella_cartographer/share/stella_cartographer/cmake/stella_cartographerConfig-version.cmake
[1.673s] -- Up-to-date symlink: /home/yun/colcon_ws/install/stella_cartographer/share/stella_cartographer/package.xml
[1.679s] Invoked command in '/home/yun/colcon_ws/build/stella_cartographer' returned '0': CMAKE_PREFIX_PATH=${CMAKE_PREFIX_PATH}:/home/yun/colcon_ws/install/stella_teleop:/home/yun/colcon_ws/install/nav2_gps_waypoint_follower_demo:/home/yun/test/install/turtlebot3_teleop:/home/yun/test/install/turtlebot3_example:/home/yun/test/install/road_API:/home/yun/test/install/nav2_simple_commander:/home/yun/test/install/gps_imu_publisher:/opt/ros/humble /usr/bin/cmake --install /home/yun/colcon_ws/build/stella_cartographer
