[0.014s] Invoking command in '/home/yun/colcon_ws/build/stella_cartographer': CMAKE_PREFIX_PATH=${CMAKE_PREFIX_PATH}:/home/yun/colcon_ws/install/stella_teleop:/opt/ros/humble /usr/bin/cmake /home/yun/colcon_ws/src/STELLA_REMOTE_PC_ROS2/stella_cartographer -DCMAKE_INSTALL_PREFIX=/home/yun/colcon_ws/install/stella_cartographer
[0.024s] -- Found ament_cmake: 1.3.11 (/opt/ros/humble/share/ament_cmake/cmake)
[0.113s] -- Override CMake install command with custom implementation using symlinks instead of copying resources
[0.165s] -- Configuring done
[0.167s] -- Generating done
[0.168s] -- Build files have been written to: /home/yun/colcon_ws/build/stella_cartographer
[0.189s] Invoked command in '/home/yun/colcon_ws/build/stella_cartographer' returned '0': CMAKE_PREFIX_PATH=${CMAKE_PREFIX_PATH}:/home/yun/colcon_ws/install/stella_teleop:/opt/ros/humble /usr/bin/cmake /home/yun/colcon_ws/src/STELLA_REMOTE_PC_ROS2/stella_cartographer -DCMAKE_INSTALL_PREFIX=/home/yun/colcon_ws/install/stella_cartographer
[0.190s] Invoking command in '/home/yun/colcon_ws/build/stella_cartographer': CMAKE_PREFIX_PATH=${CMAKE_PREFIX_PATH}:/home/yun/colcon_ws/install/stella_teleop:/opt/ros/humble /usr/bin/cmake --build /home/yun/colcon_ws/build/stella_cartographer -- -j20 -l20
[0.223s] Invoked command in '/home/yun/colcon_ws/build/stella_cartographer' returned '0': CMAKE_PREFIX_PATH=${CMAKE_PREFIX_PATH}:/home/yun/colcon_ws/install/stella_teleop:/opt/ros/humble /usr/bin/cmake --build /home/yun/colcon_ws/build/stella_cartographer -- -j20 -l20
[0.231s] Invoking command in '/home/yun/colcon_ws/build/stella_cartographer': CMAKE_PREFIX_PATH=${CMAKE_PREFIX_PATH}:/home/yun/colcon_ws/install/stella_teleop:/opt/ros/humble /usr/bin/cmake --install /home/yun/colcon_ws/build/stella_cartographer
[0.238s] -- Install configuration: ""
[0.238s] -- Execute custom install script
[0.238s] -- Up-to-date symlink: /home/yun/colcon_ws/install/stella_cartographer/share/stella_cartographer/config/stella.lua
[0.238s] -- Up-to-date symlink: /home/yun/colcon_ws/install/stella_cartographer/share/stella_cartographer/launch/cartographer.launch.py
[0.239s] -- Up-to-date symlink: /home/yun/colcon_ws/install/stella_cartographer/share/stella_cartographer/launch/occupancy_grid.launch.py
[0.239s] -- Up-to-date symlink: /home/yun/colcon_ws/install/stella_cartographer/share/stella_cartographer/rviz/stella_cartographer.rviz
[0.239s] -- Up-to-date symlink: /home/yun/colcon_ws/install/stella_cartographer/share/ament_index/resource_index/package_run_dependencies/stella_cartographer
[0.239s] -- Up-to-date symlink: /home/yun/colcon_ws/install/stella_cartographer/share/ament_index/resource_index/parent_prefix_path/stella_cartographer
[0.239s] -- Up-to-date symlink: /home/yun/colcon_ws/install/stella_cartographer/share/stella_cartographer/environment/ament_prefix_path.sh
[0.239s] -- Up-to-date symlink: /home/yun/colcon_ws/install/stella_cartographer/share/stella_cartographer/environment/ament_prefix_path.dsv
[0.239s] -- Up-to-date symlink: /home/yun/colcon_ws/install/stella_cartographer/share/stella_cartographer/environment/path.sh
[0.239s] -- Up-to-date symlink: /home/yun/colcon_ws/install/stella_cartographer/share/stella_cartographer/environment/path.dsv
[0.239s] -- Up-to-date symlink: /home/yun/colcon_ws/install/stella_cartographer/share/stella_cartographer/local_setup.bash
[0.239s] -- Up-to-date symlink: /home/yun/colcon_ws/install/stella_cartographer/share/stella_cartographer/local_setup.sh
[0.239s] -- Up-to-date symlink: /home/yun/colcon_ws/install/stella_cartographer/share/stella_cartographer/local_setup.zsh
[0.239s] -- Up-to-date symlink: /home/yun/colcon_ws/install/stella_cartographer/share/stella_cartographer/local_setup.dsv
[0.240s] -- Symlinking: /home/yun/colcon_ws/install/stella_cartographer/share/stella_cartographer/package.dsv
[0.246s] -- Up-to-date symlink: /home/yun/colcon_ws/install/stella_cartographer/share/ament_index/resource_index/packages/stella_cartographer
[0.246s] -- Up-to-date symlink: /home/yun/colcon_ws/install/stella_cartographer/share/stella_cartographer/cmake/stella_cartographerConfig.cmake
[0.246s] -- Up-to-date symlink: /home/yun/colcon_ws/install/stella_cartographer/share/stella_cartographer/cmake/stella_cartographerConfig-version.cmake
[0.246s] -- Up-to-date symlink: /home/yun/colcon_ws/install/stella_cartographer/share/stella_cartographer/package.xml
[0.248s] Invoked command in '/home/yun/colcon_ws/build/stella_cartographer' returned '0': CMAKE_PREFIX_PATH=${CMAKE_PREFIX_PATH}:/home/yun/colcon_ws/install/stella_teleop:/opt/ros/humble /usr/bin/cmake --install /home/yun/colcon_ws/build/stella_cartographer
