[0.830s] Invoking command in '/home/yun/colcon_ws/src/gps_imu_tf_publisher': PYTHONPATH=/home/yun/colcon_ws/build/gps_imu_tf_publisher/prefix_override:/usr/lib/python3/dist-packages/colcon_core/task/python/colcon_distutils_commands:/home/yun/colcon_ws/install/gps_imu_tf_publisher/lib/python3.10/site-packages:${PYTHONPATH} /usr/bin/python3 -W ignore:setup.py install is deprecated -W ignore:easy_install command is deprecated setup.py egg_info --egg-base ../../build/gps_imu_tf_publisher build --build-base /home/yun/colcon_ws/build/gps_imu_tf_publisher/build install --record /home/yun/colcon_ws/build/gps_imu_tf_publisher/install.log --single-version-externally-managed install_data
[0.999s] running egg_info
[1.000s] writing ../../build/gps_imu_tf_publisher/gps_imu_tf_publisher.egg-info/PKG-INFO
[1.000s] writing dependency_links to ../../build/gps_imu_tf_publisher/gps_imu_tf_publisher.egg-info/dependency_links.txt
[1.000s] writing entry points to ../../build/gps_imu_tf_publisher/gps_imu_tf_publisher.egg-info/entry_points.txt
[1.000s] writing requirements to ../../build/gps_imu_tf_publisher/gps_imu_tf_publisher.egg-info/requires.txt
[1.000s] writing top-level names to ../../build/gps_imu_tf_publisher/gps_imu_tf_publisher.egg-info/top_level.txt
[1.001s] reading manifest file '../../build/gps_imu_tf_publisher/gps_imu_tf_publisher.egg-info/SOURCES.txt'
[1.002s] writing manifest file '../../build/gps_imu_tf_publisher/gps_imu_tf_publisher.egg-info/SOURCES.txt'
[1.002s] running build
[1.002s] running build_py
[1.002s] copying gps_imu_tf_publisher/gps_transform.py -> /home/yun/colcon_ws/build/gps_imu_tf_publisher/build/lib/gps_imu_tf_publisher
[1.002s] copying gps_imu_tf_publisher/imu_to_odom.py -> /home/yun/colcon_ws/build/gps_imu_tf_publisher/build/lib/gps_imu_tf_publisher
[1.003s] running install
[1.003s] running install_lib
[1.004s] copying /home/yun/colcon_ws/build/gps_imu_tf_publisher/build/lib/gps_imu_tf_publisher/gps_transform.py -> /home/yun/colcon_ws/install/gps_imu_tf_publisher/lib/python3.10/site-packages/gps_imu_tf_publisher
[1.004s] copying /home/yun/colcon_ws/build/gps_imu_tf_publisher/build/lib/gps_imu_tf_publisher/imu_to_odom.py -> /home/yun/colcon_ws/install/gps_imu_tf_publisher/lib/python3.10/site-packages/gps_imu_tf_publisher
[1.004s] byte-compiling /home/yun/colcon_ws/install/gps_imu_tf_publisher/lib/python3.10/site-packages/gps_imu_tf_publisher/gps_transform.py to gps_transform.cpython-310.pyc
[1.005s] byte-compiling /home/yun/colcon_ws/install/gps_imu_tf_publisher/lib/python3.10/site-packages/gps_imu_tf_publisher/imu_to_odom.py to imu_to_odom.cpython-310.pyc
[1.005s] running install_data
[1.005s] running install_egg_info
[1.006s] removing '/home/yun/colcon_ws/install/gps_imu_tf_publisher/lib/python3.10/site-packages/gps_imu_tf_publisher-0.0.0-py3.10.egg-info' (and everything under it)
[1.006s] Copying ../../build/gps_imu_tf_publisher/gps_imu_tf_publisher.egg-info to /home/yun/colcon_ws/install/gps_imu_tf_publisher/lib/python3.10/site-packages/gps_imu_tf_publisher-0.0.0-py3.10.egg-info
[1.007s] running install_scripts
[1.021s] Installing gps_transform script to /home/yun/colcon_ws/install/gps_imu_tf_publisher/lib/gps_imu_tf_publisher
[1.022s] Installing imu_to_odom script to /home/yun/colcon_ws/install/gps_imu_tf_publisher/lib/gps_imu_tf_publisher
[1.022s] Installing tf_publisher script to /home/yun/colcon_ws/install/gps_imu_tf_publisher/lib/gps_imu_tf_publisher
[1.022s] writing list of installed files to '/home/yun/colcon_ws/build/gps_imu_tf_publisher/install.log'
[1.040s] Invoked command in '/home/yun/colcon_ws/src/gps_imu_tf_publisher' returned '0': PYTHONPATH=/home/yun/colcon_ws/build/gps_imu_tf_publisher/prefix_override:/usr/lib/python3/dist-packages/colcon_core/task/python/colcon_distutils_commands:/home/yun/colcon_ws/install/gps_imu_tf_publisher/lib/python3.10/site-packages:${PYTHONPATH} /usr/bin/python3 -W ignore:setup.py install is deprecated -W ignore:easy_install command is deprecated setup.py egg_info --egg-base ../../build/gps_imu_tf_publisher build --build-base /home/yun/colcon_ws/build/gps_imu_tf_publisher/build install --record /home/yun/colcon_ws/build/gps_imu_tf_publisher/install.log --single-version-externally-managed install_data
