[0.016s] Invoking command in '/home/yun/colcon_ws/build/stella_cartographer': CMAKE_PREFIX_PATH=${CMAKE_PREFIX_PATH}:/home/yun/colcon_ws/install/stella_teleop:/opt/ros/humble /usr/bin/cmake --build /home/yun/colcon_ws/build/stella_cartographer -- -j20 -l20
[0.195s] Invoked command in '/home/yun/colcon_ws/build/stella_cartographer' returned '0': CMAKE_PREFIX_PATH=${CMAKE_PREFIX_PATH}:/home/yun/colcon_ws/install/stella_teleop:/opt/ros/humble /usr/bin/cmake --build /home/yun/colcon_ws/build/stella_cartographer -- -j20 -l20
[0.197s] Invoking command in '/home/yun/colcon_ws/build/stella_cartographer': CMAKE_PREFIX_PATH=${CMAKE_PREFIX_PATH}:/home/yun/colcon_ws/install/stella_teleop:/opt/ros/humble /usr/bin/cmake --install /home/yun/colcon_ws/build/stella_cartographer
[0.205s] -- Install configuration: ""
[0.205s] -- Execute custom install script
[0.206s] -- Up-to-date symlink: /home/yun/colcon_ws/install/stella_cartographer/share/stella_cartographer/config/stella.lua
[0.206s] -- Up-to-date symlink: /home/yun/colcon_ws/install/stella_cartographer/share/stella_cartographer/launch/cartographer.launch.py
[0.206s] -- Up-to-date symlink: /home/yun/colcon_ws/install/stella_cartographer/share/stella_cartographer/launch/occupancy_grid.launch.py
[0.206s] -- Up-to-date symlink: /home/yun/colcon_ws/install/stella_cartographer/share/stella_cartographer/rviz/stella_cartographer.rviz
[0.207s] -- Up-to-date symlink: /home/yun/colcon_ws/install/stella_cartographer/share/ament_index/resource_index/package_run_dependencies/stella_cartographer
[0.207s] -- Up-to-date symlink: /home/yun/colcon_ws/install/stella_cartographer/share/ament_index/resource_index/parent_prefix_path/stella_cartographer
[0.207s] -- Up-to-date symlink: /home/yun/colcon_ws/install/stella_cartographer/share/stella_cartographer/environment/ament_prefix_path.sh
[0.207s] -- Up-to-date symlink: /home/yun/colcon_ws/install/stella_cartographer/share/stella_cartographer/environment/ament_prefix_path.dsv
[0.207s] -- Up-to-date symlink: /home/yun/colcon_ws/install/stella_cartographer/share/stella_cartographer/environment/path.sh
[0.207s] -- Up-to-date symlink: /home/yun/colcon_ws/install/stella_cartographer/share/stella_cartographer/environment/path.dsv
[0.207s] -- Up-to-date symlink: /home/yun/colcon_ws/install/stella_cartographer/share/stella_cartographer/local_setup.bash
[0.207s] -- Up-to-date symlink: /home/yun/colcon_ws/install/stella_cartographer/share/stella_cartographer/local_setup.sh
[0.207s] -- Up-to-date symlink: /home/yun/colcon_ws/install/stella_cartographer/share/stella_cartographer/local_setup.zsh
[0.207s] -- Up-to-date symlink: /home/yun/colcon_ws/install/stella_cartographer/share/stella_cartographer/local_setup.dsv
[0.208s] -- Symlinking: /home/yun/colcon_ws/install/stella_cartographer/share/stella_cartographer/package.dsv
[0.217s] -- Up-to-date symlink: /home/yun/colcon_ws/install/stella_cartographer/share/ament_index/resource_index/packages/stella_cartographer
[0.217s] -- Up-to-date symlink: /home/yun/colcon_ws/install/stella_cartographer/share/stella_cartographer/cmake/stella_cartographerConfig.cmake
[0.217s] -- Up-to-date symlink: /home/yun/colcon_ws/install/stella_cartographer/share/stella_cartographer/cmake/stella_cartographerConfig-version.cmake
[0.217s] -- Up-to-date symlink: /home/yun/colcon_ws/install/stella_cartographer/share/stella_cartographer/package.xml
[0.236s] Invoked command in '/home/yun/colcon_ws/build/stella_cartographer' returned '0': CMAKE_PREFIX_PATH=${CMAKE_PREFIX_PATH}:/home/yun/colcon_ws/install/stella_teleop:/opt/ros/humble /usr/bin/cmake --install /home/yun/colcon_ws/build/stella_cartographer
