-- The C compiler identification is GNU 11.4.0
-- The CXX compiler identification is GNU 11.4.0
-- Detecting C compiler ABI info
-- Detecting C compiler ABI info - done
-- Check for working C compiler: /usr/bin/cc - skipped
-- Detecting C compile features
-- Detecting C compile features - done
-- Detecting CXX compiler ABI info
-- Detecting CXX compiler ABI info - done
-- Check for working CXX compiler: /usr/bin/c++ - skipped
-- Detecting CXX compile features
-- Detecting CXX compile features - done
-- Found ament_cmake: 1.3.11 (/opt/ros/humble/share/ament_cmake/cmake)
-- Found Python3: /usr/bin/python3 (found version "3.10.12") found components: Interpreter 
-- Override CMake install command with custom implementation using symlinks instead of copying resources
-- Configuring done
-- Generating done
-- Build files have been written to: /home/yun/colcon_ws/build/stella_navigation2
-- Install configuration: ""
-- Execute custom install script
-- Symlinking: /home/yun/colcon_ws/install/stella_navigation2/share/stella_navigation2/launch/navigation2.launch.py
-- Symlinking: /home/yun/colcon_ws/install/stella_navigation2/share/stella_navigation2/map/stella_world.pgm
-- Symlinking: /home/yun/colcon_ws/install/stella_navigation2/share/stella_navigation2/map/stella_world.yaml
-- Symlinking: /home/yun/colcon_ws/install/stella_navigation2/share/stella_navigation2/param/stella.yaml
-- Symlinking: /home/yun/colcon_ws/install/stella_navigation2/share/stella_navigation2/rviz/stella_navigation2.rviz
-- Symlinking: /home/yun/colcon_ws/install/stella_navigation2/share/ament_index/resource_index/package_run_dependencies/stella_navigation2
-- Symlinking: /home/yun/colcon_ws/install/stella_navigation2/share/ament_index/resource_index/parent_prefix_path/stella_navigation2
-- Symlinking: /home/yun/colcon_ws/install/stella_navigation2/share/stella_navigation2/environment/ament_prefix_path.sh
-- Symlinking: /home/yun/colcon_ws/install/stella_navigation2/share/stella_navigation2/environment/ament_prefix_path.dsv
-- Symlinking: /home/yun/colcon_ws/install/stella_navigation2/share/stella_navigation2/environment/path.sh
-- Symlinking: /home/yun/colcon_ws/install/stella_navigation2/share/stella_navigation2/environment/path.dsv
-- Symlinking: /home/yun/colcon_ws/install/stella_navigation2/share/stella_navigation2/local_setup.bash
-- Symlinking: /home/yun/colcon_ws/install/stella_navigation2/share/stella_navigation2/local_setup.sh
-- Symlinking: /home/yun/colcon_ws/install/stella_navigation2/share/stella_navigation2/local_setup.zsh
-- Symlinking: /home/yun/colcon_ws/install/stella_navigation2/share/stella_navigation2/local_setup.dsv
-- Symlinking: /home/yun/colcon_ws/install/stella_navigation2/share/stella_navigation2/package.dsv
-- Symlinking: /home/yun/colcon_ws/install/stella_navigation2/share/ament_index/resource_index/packages/stella_navigation2
-- Symlinking: /home/yun/colcon_ws/install/stella_navigation2/share/stella_navigation2/cmake/stella_navigation2Config.cmake
-- Symlinking: /home/yun/colcon_ws/install/stella_navigation2/share/stella_navigation2/cmake/stella_navigation2Config-version.cmake
-- Symlinking: /home/yun/colcon_ws/install/stella_navigation2/share/stella_navigation2/package.xml
