[0.011s] Invoking command in '/home/yun/colcon_ws/build/stella_navigation2': CMAKE_PREFIX_PATH=/opt/ros/humble /usr/bin/cmake /home/yun/colcon_ws/src/STELLA_REMOTE_PC_ROS2/stella_navigation2 -DCMAKE_INSTALL_PREFIX=/home/yun/colcon_ws/install/stella_navigation2
[0.083s] -- The C compiler identification is GNU 11.4.0
[0.144s] -- The CXX compiler identification is GNU 11.4.0
[0.151s] -- Detecting C compiler ABI info
[0.204s] -- Detecting C compiler ABI info - done
[0.209s] -- Check for working C compiler: /usr/bin/cc - skipped
[0.209s] -- Detecting C compile features
[0.210s] -- Detecting C compile features - done
[0.212s] -- Detecting CXX compiler ABI info
[0.275s] -- Detecting CXX compiler ABI info - done
[0.281s] -- Check for working CXX compiler: /usr/bin/c++ - skipped
[0.281s] -- Detecting CXX compile features
[0.282s] -- Detecting CXX compile features - done
[0.284s] -- Found ament_cmake: 1.3.11 (/opt/ros/humble/share/ament_cmake/cmake)
[0.399s] -- Found Python3: /usr/bin/python3 (found version "3.10.12") found components: Interpreter 
[0.510s] -- Configuring done
[0.511s] -- Generating done
[0.512s] -- Build files have been written to: /home/yun/colcon_ws/build/stella_navigation2
[0.516s] Invoked command in '/home/yun/colcon_ws/build/stella_navigation2' returned '0': CMAKE_PREFIX_PATH=/opt/ros/humble /usr/bin/cmake /home/yun/colcon_ws/src/STELLA_REMOTE_PC_ROS2/stella_navigation2 -DCMAKE_INSTALL_PREFIX=/home/yun/colcon_ws/install/stella_navigation2
[0.518s] Invoking command in '/home/yun/colcon_ws/build/stella_navigation2': CMAKE_PREFIX_PATH=/opt/ros/humble /usr/bin/cmake --build /home/yun/colcon_ws/build/stella_navigation2 -- -j20 -l20
[0.558s] Invoked command in '/home/yun/colcon_ws/build/stella_navigation2' returned '0': CMAKE_PREFIX_PATH=/opt/ros/humble /usr/bin/cmake --build /home/yun/colcon_ws/build/stella_navigation2 -- -j20 -l20
[0.559s] Invoking command in '/home/yun/colcon_ws/build/stella_navigation2': CMAKE_PREFIX_PATH=/opt/ros/humble /usr/bin/cmake --install /home/yun/colcon_ws/build/stella_navigation2
[0.565s] -- Install configuration: ""
[0.565s] -- Installing: /home/yun/colcon_ws/install/stella_navigation2/share/stella_navigation2/launch
[0.565s] -- Installing: /home/yun/colcon_ws/install/stella_navigation2/share/stella_navigation2/launch/navigation2.launch.py
[0.565s] -- Installing: /home/yun/colcon_ws/install/stella_navigation2/share/stella_navigation2/map
[0.565s] -- Installing: /home/yun/colcon_ws/install/stella_navigation2/share/stella_navigation2/map/stella_world.yaml
[0.565s] -- Installing: /home/yun/colcon_ws/install/stella_navigation2/share/stella_navigation2/map/stella_world.pgm
[0.566s] -- Installing: /home/yun/colcon_ws/install/stella_navigation2/share/stella_navigation2/param
[0.566s] -- Installing: /home/yun/colcon_ws/install/stella_navigation2/share/stella_navigation2/param/stella.yaml
[0.566s] -- Installing: /home/yun/colcon_ws/install/stella_navigation2/share/stella_navigation2/rviz
[0.566s] -- Installing: /home/yun/colcon_ws/install/stella_navigation2/share/stella_navigation2/rviz/stella_navigation2.rviz
[0.566s] -- Installing: /home/yun/colcon_ws/install/stella_navigation2/share/ament_index/resource_index/package_run_dependencies/stella_navigation2
[0.566s] -- Installing: /home/yun/colcon_ws/install/stella_navigation2/share/ament_index/resource_index/parent_prefix_path/stella_navigation2
[0.566s] -- Installing: /home/yun/colcon_ws/install/stella_navigation2/share/stella_navigation2/environment/ament_prefix_path.sh
[0.566s] -- Installing: /home/yun/colcon_ws/install/stella_navigation2/share/stella_navigation2/environment/ament_prefix_path.dsv
[0.567s] -- Installing: /home/yun/colcon_ws/install/stella_navigation2/share/stella_navigation2/environment/path.sh
[0.567s] -- Installing: /home/yun/colcon_ws/install/stella_navigation2/share/stella_navigation2/environment/path.dsv
[0.567s] -- Installing: /home/yun/colcon_ws/install/stella_navigation2/share/stella_navigation2/local_setup.bash
[0.567s] -- Installing: /home/yun/colcon_ws/install/stella_navigation2/share/stella_navigation2/local_setup.sh
[0.567s] -- Installing: /home/yun/colcon_ws/install/stella_navigation2/share/stella_navigation2/local_setup.zsh
[0.567s] -- Installing: /home/yun/colcon_ws/install/stella_navigation2/share/stella_navigation2/local_setup.dsv
[0.567s] -- Installing: /home/yun/colcon_ws/install/stella_navigation2/share/stella_navigation2/package.dsv
[0.567s] -- Installing: /home/yun/colcon_ws/install/stella_navigation2/share/ament_index/resource_index/packages/stella_navigation2
[0.567s] -- Installing: /home/yun/colcon_ws/install/stella_navigation2/share/stella_navigation2/cmake/stella_navigation2Config.cmake
[0.567s] -- Installing: /home/yun/colcon_ws/install/stella_navigation2/share/stella_navigation2/cmake/stella_navigation2Config-version.cmake
[0.567s] -- Installing: /home/yun/colcon_ws/install/stella_navigation2/share/stella_navigation2/package.xml
[0.579s] Invoked command in '/home/yun/colcon_ws/build/stella_navigation2' returned '0': CMAKE_PREFIX_PATH=/opt/ros/humble /usr/bin/cmake --install /home/yun/colcon_ws/build/stella_navigation2
