[0.542s] Invoking command in '/home/yun/colcon_ws/src/STELLA_REMOTE_PC_ROS2/stella_teleop': PYTHONPATH=/home/yun/colcon_ws/build/stella_teleop/prefix_override:/usr/lib/python3/dist-packages/colcon_core/task/python/colcon_distutils_commands:/home/yun/colcon_ws/install/stella_teleop/lib/python3.10/site-packages:${PYTHONPATH} /usr/bin/python3 -W ignore:setup.py install is deprecated -W ignore:easy_install command is deprecated setup.py egg_info --egg-base ../../../build/stella_teleop build --build-base /home/yun/colcon_ws/build/stella_teleop/build install --record /home/yun/colcon_ws/build/stella_teleop/install.log --single-version-externally-managed install_data
[0.717s] running egg_info
[0.717s] writing ../../../build/stella_teleop/stella_teleop.egg-info/PKG-INFO
[0.727s] writing dependency_links to ../../../build/stella_teleop/stella_teleop.egg-info/dependency_links.txt
[0.727s] writing entry points to ../../../build/stella_teleop/stella_teleop.egg-info/entry_points.txt
[0.727s] writing requirements to ../../../build/stella_teleop/stella_teleop.egg-info/requires.txt
[0.727s] writing top-level names to ../../../build/stella_teleop/stella_teleop.egg-info/top_level.txt
[0.729s] reading manifest file '../../../build/stella_teleop/stella_teleop.egg-info/SOURCES.txt'
[0.729s] writing manifest file '../../../build/stella_teleop/stella_teleop.egg-info/SOURCES.txt'
[0.729s] running build
[0.729s] running build_py
[0.730s] copying stella_teleop/script/teleop_keyboard.py -> /home/yun/colcon_ws/build/stella_teleop/build/lib/stella_teleop/script
[0.731s] running install
[0.731s] running install_lib
[0.731s] copying /home/yun/colcon_ws/build/stella_teleop/build/lib/stella_teleop/script/teleop_keyboard.py -> /home/yun/colcon_ws/install/stella_teleop/lib/python3.10/site-packages/stella_teleop/script
[0.732s] byte-compiling /home/yun/colcon_ws/install/stella_teleop/lib/python3.10/site-packages/stella_teleop/script/teleop_keyboard.py to teleop_keyboard.cpython-310.pyc
[0.732s] running install_data
[0.733s] running install_egg_info
[0.734s] removing '/home/yun/colcon_ws/install/stella_teleop/lib/python3.10/site-packages/stella_teleop-2.1.2-py3.10.egg-info' (and everything under it)
[0.734s] Copying ../../../build/stella_teleop/stella_teleop.egg-info to /home/yun/colcon_ws/install/stella_teleop/lib/python3.10/site-packages/stella_teleop-2.1.2-py3.10.egg-info
[0.735s] running install_scripts
[0.751s] Installing teleop_keyboard script to /home/yun/colcon_ws/install/stella_teleop/lib/stella_teleop
[0.752s] writing list of installed files to '/home/yun/colcon_ws/build/stella_teleop/install.log'
[0.769s] Invoked command in '/home/yun/colcon_ws/src/STELLA_REMOTE_PC_ROS2/stella_teleop' returned '0': PYTHONPATH=/home/yun/colcon_ws/build/stella_teleop/prefix_override:/usr/lib/python3/dist-packages/colcon_core/task/python/colcon_distutils_commands:/home/yun/colcon_ws/install/stella_teleop/lib/python3.10/site-packages:${PYTHONPATH} /usr/bin/python3 -W ignore:setup.py install is deprecated -W ignore:easy_install command is deprecated setup.py egg_info --egg-base ../../../build/stella_teleop build --build-base /home/yun/colcon_ws/build/stella_teleop/build install --record /home/yun/colcon_ws/build/stella_teleop/install.log --single-version-externally-managed install_data
