[0.012s] Invoking command in '/home/yun/colcon_ws/build/stella_description': CMAKE_PREFIX_PATH=${CMAKE_PREFIX_PATH}:/home/yun/colcon_ws/install/stella_teleop:/opt/ros/humble /usr/bin/cmake /home/yun/colcon_ws/src/STELLA_REMOTE_PC_ROS2/stella_description -DAMENT_CMAKE_SYMLINK_INSTALL=1 -DCMAKE_INSTALL_PREFIX=/home/yun/colcon_ws/install/stella_description
[0.056s] -- The C compiler identification is GNU 11.4.0
[0.097s] -- The CXX compiler identification is GNU 11.4.0
[0.103s] -- Detecting C compiler ABI info
[0.164s] -- Detecting C compiler ABI info - done
[0.172s] -- Check for working C compiler: /usr/bin/cc - skipped
[0.172s] -- Detecting C compile features
[0.173s] -- Detecting C compile features - done
[0.175s] -- Detecting CXX compiler ABI info
[0.243s] -- Detecting CXX compiler ABI info - done
[0.248s] -- Check for working CXX compiler: /usr/bin/c++ - skipped
[0.248s] -- Detecting CXX compile features
[0.249s] -- Detecting CXX compile features - done
[0.250s] -- Found ament_cmake: 1.3.11 (/opt/ros/humble/share/ament_cmake/cmake)
[0.378s] -- Found Python3: /usr/bin/python3 (found version "3.10.12") found components: Interpreter 
[0.423s] -- Override CMake install command with custom implementation using symlinks instead of copying resources
[0.443s] -- Found urdf: 2.6.1 (/opt/ros/humble/share/urdf/cmake)
[0.522s] -- Configuring done
[0.523s] -- Generating done
[0.524s] -- Build files have been written to: /home/yun/colcon_ws/build/stella_description
[0.530s] Invoked command in '/home/yun/colcon_ws/build/stella_description' returned '0': CMAKE_PREFIX_PATH=${CMAKE_PREFIX_PATH}:/home/yun/colcon_ws/install/stella_teleop:/opt/ros/humble /usr/bin/cmake /home/yun/colcon_ws/src/STELLA_REMOTE_PC_ROS2/stella_description -DAMENT_CMAKE_SYMLINK_INSTALL=1 -DCMAKE_INSTALL_PREFIX=/home/yun/colcon_ws/install/stella_description
[0.531s] Invoking command in '/home/yun/colcon_ws/build/stella_description': CMAKE_PREFIX_PATH=${CMAKE_PREFIX_PATH}:/home/yun/colcon_ws/install/stella_teleop:/opt/ros/humble /usr/bin/cmake --build /home/yun/colcon_ws/build/stella_description -- -j20 -l20
[0.560s] Invoked command in '/home/yun/colcon_ws/build/stella_description' returned '0': CMAKE_PREFIX_PATH=${CMAKE_PREFIX_PATH}:/home/yun/colcon_ws/install/stella_teleop:/opt/ros/humble /usr/bin/cmake --build /home/yun/colcon_ws/build/stella_description -- -j20 -l20
[0.562s] Invoking command in '/home/yun/colcon_ws/build/stella_description': CMAKE_PREFIX_PATH=${CMAKE_PREFIX_PATH}:/home/yun/colcon_ws/install/stella_teleop:/opt/ros/humble /usr/bin/cmake --install /home/yun/colcon_ws/build/stella_description
[0.569s] -- Install configuration: ""
[0.570s] -- Execute custom install script
[0.571s] -- Symlinking: /home/yun/colcon_ws/install/stella_description/share/stella_description/meshes/bases/STELLA-N1.stl
[0.577s] -- Symlinking: /home/yun/colcon_ws/install/stella_description/share/stella_description/rviz/model.rviz
[0.583s] -- Symlinking: /home/yun/colcon_ws/install/stella_description/share/stella_description/urdf/stella.urdf
[0.591s] -- Symlinking: /home/yun/colcon_ws/install/stella_description/share/ament_index/resource_index/package_run_dependencies/stella_description
[0.599s] -- Symlinking: /home/yun/colcon_ws/install/stella_description/share/ament_index/resource_index/parent_prefix_path/stella_description
[0.604s] -- Symlinking: /home/yun/colcon_ws/install/stella_description/share/stella_description/environment/ament_prefix_path.sh
[0.611s] -- Symlinking: /home/yun/colcon_ws/install/stella_description/share/stella_description/environment/ament_prefix_path.dsv
[0.619s] -- Symlinking: /home/yun/colcon_ws/install/stella_description/share/stella_description/environment/path.sh
[0.626s] -- Symlinking: /home/yun/colcon_ws/install/stella_description/share/stella_description/environment/path.dsv
[0.632s] -- Symlinking: /home/yun/colcon_ws/install/stella_description/share/stella_description/local_setup.bash
[0.640s] -- Symlinking: /home/yun/colcon_ws/install/stella_description/share/stella_description/local_setup.sh
[0.647s] -- Symlinking: /home/yun/colcon_ws/install/stella_description/share/stella_description/local_setup.zsh
[0.653s] -- Symlinking: /home/yun/colcon_ws/install/stella_description/share/stella_description/local_setup.dsv
[0.659s] -- Symlinking: /home/yun/colcon_ws/install/stella_description/share/stella_description/package.dsv
[0.668s] -- Symlinking: /home/yun/colcon_ws/install/stella_description/share/ament_index/resource_index/packages/stella_description
[0.675s] -- Symlinking: /home/yun/colcon_ws/install/stella_description/share/stella_description/cmake/stella_descriptionConfig.cmake
[0.683s] -- Symlinking: /home/yun/colcon_ws/install/stella_description/share/stella_description/cmake/stella_descriptionConfig-version.cmake
[0.692s] -- Symlinking: /home/yun/colcon_ws/install/stella_description/share/stella_description/package.xml
[0.700s] Invoked command in '/home/yun/colcon_ws/build/stella_description' returned '0': CMAKE_PREFIX_PATH=${CMAKE_PREFIX_PATH}:/home/yun/colcon_ws/install/stella_teleop:/opt/ros/humble /usr/bin/cmake --install /home/yun/colcon_ws/build/stella_description
