[0.010s] Invoking command in '/home/yun/colcon_ws/build/stella_navigation2': CMAKE_PREFIX_PATH=${CMAKE_PREFIX_PATH}:/home/yun/colcon_ws/install/stella_teleop:/opt/ros/humble /usr/bin/cmake /home/yun/colcon_ws/src/STELLA_REMOTE_PC_ROS2/stella_navigation2 -DAMENT_CMAKE_SYMLINK_INSTALL=1 -DCMAKE_INSTALL_PREFIX=/home/yun/colcon_ws/install/stella_navigation2
[0.060s] -- The C compiler identification is GNU 11.4.0
[0.108s] -- The CXX compiler identification is GNU 11.4.0
[0.114s] -- Detecting C compiler ABI info
[0.174s] -- Detecting C compiler ABI info - done
[0.179s] -- Check for working C compiler: /usr/bin/cc - skipped
[0.179s] -- Detecting C compile features
[0.179s] -- Detecting C compile features - done
[0.180s] -- Detecting CXX compiler ABI info
[0.250s] -- Detecting CXX compiler ABI info - done
[0.255s] -- Check for working CXX compiler: /usr/bin/c++ - skipped
[0.255s] -- Detecting CXX compile features
[0.256s] -- Detecting CXX compile features - done
[0.257s] -- Found ament_cmake: 1.3.11 (/opt/ros/humble/share/ament_cmake/cmake)
[0.384s] -- Found Python3: /usr/bin/python3 (found version "3.10.12") found components: Interpreter 
[0.457s] -- Override CMake install command with custom implementation using symlinks instead of copying resources
[0.521s] -- Configuring done
[0.523s] -- Generating done
[0.524s] -- Build files have been written to: /home/yun/colcon_ws/build/stella_navigation2
[0.529s] Invoked command in '/home/yun/colcon_ws/build/stella_navigation2' returned '0': CMAKE_PREFIX_PATH=${CMAKE_PREFIX_PATH}:/home/yun/colcon_ws/install/stella_teleop:/opt/ros/humble /usr/bin/cmake /home/yun/colcon_ws/src/STELLA_REMOTE_PC_ROS2/stella_navigation2 -DAMENT_CMAKE_SYMLINK_INSTALL=1 -DCMAKE_INSTALL_PREFIX=/home/yun/colcon_ws/install/stella_navigation2
[0.531s] Invoking command in '/home/yun/colcon_ws/build/stella_navigation2': CMAKE_PREFIX_PATH=${CMAKE_PREFIX_PATH}:/home/yun/colcon_ws/install/stella_teleop:/opt/ros/humble /usr/bin/cmake --build /home/yun/colcon_ws/build/stella_navigation2 -- -j20 -l20
[0.566s] Invoked command in '/home/yun/colcon_ws/build/stella_navigation2' returned '0': CMAKE_PREFIX_PATH=${CMAKE_PREFIX_PATH}:/home/yun/colcon_ws/install/stella_teleop:/opt/ros/humble /usr/bin/cmake --build /home/yun/colcon_ws/build/stella_navigation2 -- -j20 -l20
[0.568s] Invoking command in '/home/yun/colcon_ws/build/stella_navigation2': CMAKE_PREFIX_PATH=${CMAKE_PREFIX_PATH}:/home/yun/colcon_ws/install/stella_teleop:/opt/ros/humble /usr/bin/cmake --install /home/yun/colcon_ws/build/stella_navigation2
[0.573s] -- Install configuration: ""
[0.573s] -- Execute custom install script
[0.574s] -- Symlinking: /home/yun/colcon_ws/install/stella_navigation2/share/stella_navigation2/launch/navigation2.launch.py
[0.583s] -- Symlinking: /home/yun/colcon_ws/install/stella_navigation2/share/stella_navigation2/map/stella_world.pgm
[0.592s] -- Symlinking: /home/yun/colcon_ws/install/stella_navigation2/share/stella_navigation2/map/stella_world.yaml
[0.600s] -- Symlinking: /home/yun/colcon_ws/install/stella_navigation2/share/stella_navigation2/param/stella.yaml
[0.606s] -- Symlinking: /home/yun/colcon_ws/install/stella_navigation2/share/stella_navigation2/rviz/stella_navigation2.rviz
[0.612s] -- Symlinking: /home/yun/colcon_ws/install/stella_navigation2/share/ament_index/resource_index/package_run_dependencies/stella_navigation2
[0.622s] -- Symlinking: /home/yun/colcon_ws/install/stella_navigation2/share/ament_index/resource_index/parent_prefix_path/stella_navigation2
[0.631s] -- Symlinking: /home/yun/colcon_ws/install/stella_navigation2/share/stella_navigation2/environment/ament_prefix_path.sh
[0.640s] -- Symlinking: /home/yun/colcon_ws/install/stella_navigation2/share/stella_navigation2/environment/ament_prefix_path.dsv
[0.649s] -- Symlinking: /home/yun/colcon_ws/install/stella_navigation2/share/stella_navigation2/environment/path.sh
[0.658s] -- Symlinking: /home/yun/colcon_ws/install/stella_navigation2/share/stella_navigation2/environment/path.dsv
[0.666s] -- Symlinking: /home/yun/colcon_ws/install/stella_navigation2/share/stella_navigation2/local_setup.bash
[0.672s] -- Symlinking: /home/yun/colcon_ws/install/stella_navigation2/share/stella_navigation2/local_setup.sh
[0.680s] -- Symlinking: /home/yun/colcon_ws/install/stella_navigation2/share/stella_navigation2/local_setup.zsh
[0.686s] -- Symlinking: /home/yun/colcon_ws/install/stella_navigation2/share/stella_navigation2/local_setup.dsv
[0.693s] -- Symlinking: /home/yun/colcon_ws/install/stella_navigation2/share/stella_navigation2/package.dsv
[0.700s] -- Symlinking: /home/yun/colcon_ws/install/stella_navigation2/share/ament_index/resource_index/packages/stella_navigation2
[0.706s] -- Symlinking: /home/yun/colcon_ws/install/stella_navigation2/share/stella_navigation2/cmake/stella_navigation2Config.cmake
[0.711s] -- Symlinking: /home/yun/colcon_ws/install/stella_navigation2/share/stella_navigation2/cmake/stella_navigation2Config-version.cmake
[0.717s] -- Symlinking: /home/yun/colcon_ws/install/stella_navigation2/share/stella_navigation2/package.xml
[0.727s] Invoked command in '/home/yun/colcon_ws/build/stella_navigation2' returned '0': CMAKE_PREFIX_PATH=${CMAKE_PREFIX_PATH}:/home/yun/colcon_ws/install/stella_teleop:/opt/ros/humble /usr/bin/cmake --install /home/yun/colcon_ws/build/stella_navigation2
