[0.023s] Invoking command in '/home/yun/colcon_ws/build/stella_description': CMAKE_PREFIX_PATH=${CMAKE_PREFIX_PATH}:/home/yun/colcon_ws/install/stella_teleop:/home/yun/test/install/turtlebot3_teleop:/home/yun/test/install/turtlebot3_example:/home/yun/test/install/road_API:/home/yun/test/install/nav2_simple_commander:/home/yun/test/install/gps_imu_publisher:/opt/ros/humble /usr/bin/cmake --build /home/yun/colcon_ws/build/stella_description -- -j20 -l20
[0.212s] Invoked command in '/home/yun/colcon_ws/build/stella_description' returned '0': CMAKE_PREFIX_PATH=${CMAKE_PREFIX_PATH}:/home/yun/colcon_ws/install/stella_teleop:/home/yun/test/install/turtlebot3_teleop:/home/yun/test/install/turtlebot3_example:/home/yun/test/install/road_API:/home/yun/test/install/nav2_simple_commander:/home/yun/test/install/gps_imu_publisher:/opt/ros/humble /usr/bin/cmake --build /home/yun/colcon_ws/build/stella_description -- -j20 -l20
[0.223s] Invoking command in '/home/yun/colcon_ws/build/stella_description': CMAKE_PREFIX_PATH=${CMAKE_PREFIX_PATH}:/home/yun/colcon_ws/install/stella_teleop:/home/yun/test/install/turtlebot3_teleop:/home/yun/test/install/turtlebot3_example:/home/yun/test/install/road_API:/home/yun/test/install/nav2_simple_commander:/home/yun/test/install/gps_imu_publisher:/opt/ros/humble /usr/bin/cmake --install /home/yun/colcon_ws/build/stella_description
[0.231s] -- Install configuration: ""
[0.232s] -- Execute custom install script
[0.232s] -- Up-to-date symlink: /home/yun/colcon_ws/install/stella_description/share/stella_description/meshes/bases/sunny_robot_first.STL
[0.232s] -- Up-to-date symlink: /home/yun/colcon_ws/install/stella_description/share/stella_description/rviz/model.rviz
[0.233s] -- Up-to-date symlink: /home/yun/colcon_ws/install/stella_description/share/stella_description/urdf/sunny_factory_description.urdf
[0.233s] -- Up-to-date symlink: /home/yun/colcon_ws/install/stella_description/share/ament_index/resource_index/package_run_dependencies/stella_description
[0.233s] -- Up-to-date symlink: /home/yun/colcon_ws/install/stella_description/share/ament_index/resource_index/parent_prefix_path/stella_description
[0.233s] -- Up-to-date symlink: /home/yun/colcon_ws/install/stella_description/share/stella_description/environment/ament_prefix_path.sh
[0.234s] -- Up-to-date symlink: /home/yun/colcon_ws/install/stella_description/share/stella_description/environment/ament_prefix_path.dsv
[0.234s] -- Up-to-date symlink: /home/yun/colcon_ws/install/stella_description/share/stella_description/environment/path.sh
[0.234s] -- Up-to-date symlink: /home/yun/colcon_ws/install/stella_description/share/stella_description/environment/path.dsv
[0.234s] -- Up-to-date symlink: /home/yun/colcon_ws/install/stella_description/share/stella_description/local_setup.bash
[0.234s] -- Up-to-date symlink: /home/yun/colcon_ws/install/stella_description/share/stella_description/local_setup.sh
[0.234s] -- Up-to-date symlink: /home/yun/colcon_ws/install/stella_description/share/stella_description/local_setup.zsh
[0.234s] -- Up-to-date symlink: /home/yun/colcon_ws/install/stella_description/share/stella_description/local_setup.dsv
[0.234s] -- Symlinking: /home/yun/colcon_ws/install/stella_description/share/stella_description/package.dsv
[0.243s] -- Up-to-date symlink: /home/yun/colcon_ws/install/stella_description/share/ament_index/resource_index/packages/stella_description
[0.243s] -- Up-to-date symlink: /home/yun/colcon_ws/install/stella_description/share/stella_description/cmake/stella_descriptionConfig.cmake
[0.243s] -- Up-to-date symlink: /home/yun/colcon_ws/install/stella_description/share/stella_description/cmake/stella_descriptionConfig-version.cmake
[0.243s] -- Up-to-date symlink: /home/yun/colcon_ws/install/stella_description/share/stella_description/package.xml
[0.245s] Invoked command in '/home/yun/colcon_ws/build/stella_description' returned '0': CMAKE_PREFIX_PATH=${CMAKE_PREFIX_PATH}:/home/yun/colcon_ws/install/stella_teleop:/home/yun/test/install/turtlebot3_teleop:/home/yun/test/install/turtlebot3_example:/home/yun/test/install/road_API:/home/yun/test/install/nav2_simple_commander:/home/yun/test/install/gps_imu_publisher:/opt/ros/humble /usr/bin/cmake --install /home/yun/colcon_ws/build/stella_description
