[0.014s] Invoking command in '/home/yun/colcon_ws/build/stella_cartographer': CMAKE_PREFIX_PATH=/opt/ros/humble /usr/bin/cmake /home/yun/colcon_ws/src/STELLA_REMOTE_PC_ROS2/stella_cartographer -DCMAKE_INSTALL_PREFIX=/home/yun/colcon_ws/install/stella_cartographer
[0.090s] -- The C compiler identification is GNU 11.4.0
[0.149s] -- The CXX compiler identification is GNU 11.4.0
[0.158s] -- Detecting C compiler ABI info
[0.213s] -- Detecting C compiler ABI info - done
[0.221s] -- Check for working C compiler: /usr/bin/cc - skipped
[0.221s] -- Detecting C compile features
[0.221s] -- Detecting C compile features - done
[0.224s] -- Detecting CXX compiler ABI info
[0.285s] -- Detecting CXX compiler ABI info - done
[0.290s] -- Check for working CXX compiler: /usr/bin/c++ - skipped
[0.290s] -- Detecting CXX compile features
[0.291s] -- Detecting CXX compile features - done
[0.292s] -- Found ament_cmake: 1.3.11 (/opt/ros/humble/share/ament_cmake/cmake)
[0.402s] -- Found Python3: /usr/bin/python3 (found version "3.10.12") found components: Interpreter 
[0.516s] -- Configuring done
[0.517s] -- Generating done
[0.519s] -- Build files have been written to: /home/yun/colcon_ws/build/stella_cartographer
[0.526s] Invoked command in '/home/yun/colcon_ws/build/stella_cartographer' returned '0': CMAKE_PREFIX_PATH=/opt/ros/humble /usr/bin/cmake /home/yun/colcon_ws/src/STELLA_REMOTE_PC_ROS2/stella_cartographer -DCMAKE_INSTALL_PREFIX=/home/yun/colcon_ws/install/stella_cartographer
[0.526s] Invoking command in '/home/yun/colcon_ws/build/stella_cartographer': CMAKE_PREFIX_PATH=/opt/ros/humble /usr/bin/cmake --build /home/yun/colcon_ws/build/stella_cartographer -- -j20 -l20
[0.554s] Invoked command in '/home/yun/colcon_ws/build/stella_cartographer' returned '0': CMAKE_PREFIX_PATH=/opt/ros/humble /usr/bin/cmake --build /home/yun/colcon_ws/build/stella_cartographer -- -j20 -l20
[0.563s] Invoking command in '/home/yun/colcon_ws/build/stella_cartographer': CMAKE_PREFIX_PATH=/opt/ros/humble /usr/bin/cmake --install /home/yun/colcon_ws/build/stella_cartographer
[0.572s] -- Install configuration: ""
[0.572s] -- Installing: /home/yun/colcon_ws/install/stella_cartographer/share/stella_cartographer/config
[0.572s] -- Installing: /home/yun/colcon_ws/install/stella_cartographer/share/stella_cartographer/config/stella.lua
[0.572s] -- Installing: /home/yun/colcon_ws/install/stella_cartographer/share/stella_cartographer/launch
[0.572s] -- Installing: /home/yun/colcon_ws/install/stella_cartographer/share/stella_cartographer/launch/occupancy_grid.launch.py
[0.572s] -- Installing: /home/yun/colcon_ws/install/stella_cartographer/share/stella_cartographer/launch/cartographer.launch.py
[0.572s] -- Installing: /home/yun/colcon_ws/install/stella_cartographer/share/stella_cartographer/rviz
[0.573s] -- Installing: /home/yun/colcon_ws/install/stella_cartographer/share/stella_cartographer/rviz/stella_cartographer.rviz
[0.573s] -- Installing: /home/yun/colcon_ws/install/stella_cartographer/share/ament_index/resource_index/package_run_dependencies/stella_cartographer
[0.573s] -- Installing: /home/yun/colcon_ws/install/stella_cartographer/share/ament_index/resource_index/parent_prefix_path/stella_cartographer
[0.573s] -- Installing: /home/yun/colcon_ws/install/stella_cartographer/share/stella_cartographer/environment/ament_prefix_path.sh
[0.573s] -- Installing: /home/yun/colcon_ws/install/stella_cartographer/share/stella_cartographer/environment/ament_prefix_path.dsv
[0.573s] -- Installing: /home/yun/colcon_ws/install/stella_cartographer/share/stella_cartographer/environment/path.sh
[0.573s] -- Installing: /home/yun/colcon_ws/install/stella_cartographer/share/stella_cartographer/environment/path.dsv
[0.573s] -- Installing: /home/yun/colcon_ws/install/stella_cartographer/share/stella_cartographer/local_setup.bash
[0.573s] -- Installing: /home/yun/colcon_ws/install/stella_cartographer/share/stella_cartographer/local_setup.sh
[0.573s] -- Installing: /home/yun/colcon_ws/install/stella_cartographer/share/stella_cartographer/local_setup.zsh
[0.573s] -- Installing: /home/yun/colcon_ws/install/stella_cartographer/share/stella_cartographer/local_setup.dsv
[0.573s] -- Installing: /home/yun/colcon_ws/install/stella_cartographer/share/stella_cartographer/package.dsv
[0.574s] -- Installing: /home/yun/colcon_ws/install/stella_cartographer/share/ament_index/resource_index/packages/stella_cartographer
[0.574s] -- Installing: /home/yun/colcon_ws/install/stella_cartographer/share/stella_cartographer/cmake/stella_cartographerConfig.cmake
[0.574s] -- Installing: /home/yun/colcon_ws/install/stella_cartographer/share/stella_cartographer/cmake/stella_cartographerConfig-version.cmake
[0.574s] -- Installing: /home/yun/colcon_ws/install/stella_cartographer/share/stella_cartographer/package.xml
[0.592s] Invoked command in '/home/yun/colcon_ws/build/stella_cartographer' returned '0': CMAKE_PREFIX_PATH=/opt/ros/humble /usr/bin/cmake --install /home/yun/colcon_ws/build/stella_cartographer
