[0.012s] Invoking command in '/home/yun/colcon_ws/build/stella_description': CMAKE_PREFIX_PATH=${CMAKE_PREFIX_PATH}:/home/yun/colcon_ws/install/stella_teleop:/opt/ros/humble /usr/bin/cmake /home/yun/colcon_ws/src/STELLA_REMOTE_PC_ROS2/stella_description -DCMAKE_INSTALL_PREFIX=/home/yun/colcon_ws/install/stella_description
[0.023s] -- Found ament_cmake: 1.3.11 (/opt/ros/humble/share/ament_cmake/cmake)
[0.123s] -- Override CMake install command with custom implementation using symlinks instead of copying resources
[0.128s] -- Found urdf: 2.6.1 (/opt/ros/humble/share/urdf/cmake)
[0.199s] -- Configuring done
[0.201s] -- Generating done
[0.202s] -- Build files have been written to: /home/yun/colcon_ws/build/stella_description
[0.205s] Invoked command in '/home/yun/colcon_ws/build/stella_description' returned '0': CMAKE_PREFIX_PATH=${CMAKE_PREFIX_PATH}:/home/yun/colcon_ws/install/stella_teleop:/opt/ros/humble /usr/bin/cmake /home/yun/colcon_ws/src/STELLA_REMOTE_PC_ROS2/stella_description -DCMAKE_INSTALL_PREFIX=/home/yun/colcon_ws/install/stella_description
[0.207s] Invoking command in '/home/yun/colcon_ws/build/stella_description': CMAKE_PREFIX_PATH=${CMAKE_PREFIX_PATH}:/home/yun/colcon_ws/install/stella_teleop:/opt/ros/humble /usr/bin/cmake --build /home/yun/colcon_ws/build/stella_description -- -j20 -l20
[0.238s] Invoked command in '/home/yun/colcon_ws/build/stella_description' returned '0': CMAKE_PREFIX_PATH=${CMAKE_PREFIX_PATH}:/home/yun/colcon_ws/install/stella_teleop:/opt/ros/humble /usr/bin/cmake --build /home/yun/colcon_ws/build/stella_description -- -j20 -l20
[0.239s] Invoking command in '/home/yun/colcon_ws/build/stella_description': CMAKE_PREFIX_PATH=${CMAKE_PREFIX_PATH}:/home/yun/colcon_ws/install/stella_teleop:/opt/ros/humble /usr/bin/cmake --install /home/yun/colcon_ws/build/stella_description
[0.246s] -- Install configuration: ""
[0.246s] -- Execute custom install script
[0.246s] -- Up-to-date symlink: /home/yun/colcon_ws/install/stella_description/share/stella_description/meshes/bases/STELLA-N1.stl
[0.247s] -- Up-to-date symlink: /home/yun/colcon_ws/install/stella_description/share/stella_description/rviz/model.rviz
[0.247s] -- Up-to-date symlink: /home/yun/colcon_ws/install/stella_description/share/stella_description/urdf/stella.urdf
[0.247s] -- Up-to-date symlink: /home/yun/colcon_ws/install/stella_description/share/ament_index/resource_index/package_run_dependencies/stella_description
[0.247s] -- Up-to-date symlink: /home/yun/colcon_ws/install/stella_description/share/ament_index/resource_index/parent_prefix_path/stella_description
[0.247s] -- Up-to-date symlink: /home/yun/colcon_ws/install/stella_description/share/stella_description/environment/ament_prefix_path.sh
[0.247s] -- Up-to-date symlink: /home/yun/colcon_ws/install/stella_description/share/stella_description/environment/ament_prefix_path.dsv
[0.247s] -- Up-to-date symlink: /home/yun/colcon_ws/install/stella_description/share/stella_description/environment/path.sh
[0.248s] -- Up-to-date symlink: /home/yun/colcon_ws/install/stella_description/share/stella_description/environment/path.dsv
[0.248s] -- Up-to-date symlink: /home/yun/colcon_ws/install/stella_description/share/stella_description/local_setup.bash
[0.248s] -- Up-to-date symlink: /home/yun/colcon_ws/install/stella_description/share/stella_description/local_setup.sh
[0.248s] -- Up-to-date symlink: /home/yun/colcon_ws/install/stella_description/share/stella_description/local_setup.zsh
[0.248s] -- Up-to-date symlink: /home/yun/colcon_ws/install/stella_description/share/stella_description/local_setup.dsv
[0.248s] -- Symlinking: /home/yun/colcon_ws/install/stella_description/share/stella_description/package.dsv
[0.254s] -- Up-to-date symlink: /home/yun/colcon_ws/install/stella_description/share/ament_index/resource_index/packages/stella_description
[0.254s] -- Up-to-date symlink: /home/yun/colcon_ws/install/stella_description/share/stella_description/cmake/stella_descriptionConfig.cmake
[0.254s] -- Up-to-date symlink: /home/yun/colcon_ws/install/stella_description/share/stella_description/cmake/stella_descriptionConfig-version.cmake
[0.255s] -- Up-to-date symlink: /home/yun/colcon_ws/install/stella_description/share/stella_description/package.xml
[0.269s] Invoked command in '/home/yun/colcon_ws/build/stella_description' returned '0': CMAKE_PREFIX_PATH=${CMAKE_PREFIX_PATH}:/home/yun/colcon_ws/install/stella_teleop:/opt/ros/humble /usr/bin/cmake --install /home/yun/colcon_ws/build/stella_description
