[0.387s] Invoking command in '/home/yun/colcon_ws/src/STELLA_REMOTE_PC_ROS2/stella_teleop': PYTHONPATH=/home/yun/colcon_ws/build/stella_teleop/prefix_override:/usr/lib/python3/dist-packages/colcon_core/task/python/colcon_distutils_commands:/home/yun/colcon_ws/install/stella_teleop/lib/python3.10/site-packages:${PYTHONPATH} /usr/bin/python3 -W ignore:setup.py install is deprecated -W ignore:easy_install command is deprecated setup.py egg_info --egg-base ../../../build/stella_teleop build --build-base /home/yun/colcon_ws/build/stella_teleop/build install --record /home/yun/colcon_ws/build/stella_teleop/install.log --single-version-externally-managed install_data
[0.529s] running egg_info
[0.529s] creating ../../../build/stella_teleop/stella_teleop.egg-info
[0.529s] writing ../../../build/stella_teleop/stella_teleop.egg-info/PKG-INFO
[0.529s] writing dependency_links to ../../../build/stella_teleop/stella_teleop.egg-info/dependency_links.txt
[0.529s] writing entry points to ../../../build/stella_teleop/stella_teleop.egg-info/entry_points.txt
[0.530s] writing requirements to ../../../build/stella_teleop/stella_teleop.egg-info/requires.txt
[0.530s] writing top-level names to ../../../build/stella_teleop/stella_teleop.egg-info/top_level.txt
[0.530s] writing manifest file '../../../build/stella_teleop/stella_teleop.egg-info/SOURCES.txt'
[0.531s] reading manifest file '../../../build/stella_teleop/stella_teleop.egg-info/SOURCES.txt'
[0.531s] writing manifest file '../../../build/stella_teleop/stella_teleop.egg-info/SOURCES.txt'
[0.531s] running build
[0.531s] running build_py
[0.531s] creating /home/yun/colcon_ws/build/stella_teleop/build
[0.531s] creating /home/yun/colcon_ws/build/stella_teleop/build/lib
[0.531s] creating /home/yun/colcon_ws/build/stella_teleop/build/lib/stella_teleop
[0.532s] copying stella_teleop/__init__.py -> /home/yun/colcon_ws/build/stella_teleop/build/lib/stella_teleop
[0.532s] creating /home/yun/colcon_ws/build/stella_teleop/build/lib/stella_teleop/script
[0.532s] copying stella_teleop/script/__init__.py -> /home/yun/colcon_ws/build/stella_teleop/build/lib/stella_teleop/script
[0.532s] copying stella_teleop/script/teleop_keyboard.py -> /home/yun/colcon_ws/build/stella_teleop/build/lib/stella_teleop/script
[0.532s] running install
[0.532s] running install_lib
[0.533s] creating /home/yun/colcon_ws/install/stella_teleop/lib/python3.10/site-packages/stella_teleop
[0.533s] copying /home/yun/colcon_ws/build/stella_teleop/build/lib/stella_teleop/__init__.py -> /home/yun/colcon_ws/install/stella_teleop/lib/python3.10/site-packages/stella_teleop
[0.533s] creating /home/yun/colcon_ws/install/stella_teleop/lib/python3.10/site-packages/stella_teleop/script
[0.533s] copying /home/yun/colcon_ws/build/stella_teleop/build/lib/stella_teleop/script/__init__.py -> /home/yun/colcon_ws/install/stella_teleop/lib/python3.10/site-packages/stella_teleop/script
[0.533s] copying /home/yun/colcon_ws/build/stella_teleop/build/lib/stella_teleop/script/teleop_keyboard.py -> /home/yun/colcon_ws/install/stella_teleop/lib/python3.10/site-packages/stella_teleop/script
[0.533s] byte-compiling /home/yun/colcon_ws/install/stella_teleop/lib/python3.10/site-packages/stella_teleop/__init__.py to __init__.cpython-310.pyc
[0.533s] byte-compiling /home/yun/colcon_ws/install/stella_teleop/lib/python3.10/site-packages/stella_teleop/script/__init__.py to __init__.cpython-310.pyc
[0.533s] byte-compiling /home/yun/colcon_ws/install/stella_teleop/lib/python3.10/site-packages/stella_teleop/script/teleop_keyboard.py to teleop_keyboard.cpython-310.pyc
[0.534s] running install_data
[0.534s] creating /home/yun/colcon_ws/install/stella_teleop/share/ament_index
[0.534s] creating /home/yun/colcon_ws/install/stella_teleop/share/ament_index/resource_index
[0.534s] creating /home/yun/colcon_ws/install/stella_teleop/share/ament_index/resource_index/packages
[0.534s] copying resource/stella_teleop -> /home/yun/colcon_ws/install/stella_teleop/share/ament_index/resource_index/packages
[0.535s] copying package.xml -> /home/yun/colcon_ws/install/stella_teleop/share/stella_teleop
[0.535s] running install_egg_info
[0.535s] Copying ../../../build/stella_teleop/stella_teleop.egg-info to /home/yun/colcon_ws/install/stella_teleop/lib/python3.10/site-packages/stella_teleop-2.1.2-py3.10.egg-info
[0.536s] running install_scripts
[0.549s] Installing teleop_keyboard script to /home/yun/colcon_ws/install/stella_teleop/lib/stella_teleop
[0.549s] writing list of installed files to '/home/yun/colcon_ws/build/stella_teleop/install.log'
[0.569s] Invoked command in '/home/yun/colcon_ws/src/STELLA_REMOTE_PC_ROS2/stella_teleop' returned '0': PYTHONPATH=/home/yun/colcon_ws/build/stella_teleop/prefix_override:/usr/lib/python3/dist-packages/colcon_core/task/python/colcon_distutils_commands:/home/yun/colcon_ws/install/stella_teleop/lib/python3.10/site-packages:${PYTHONPATH} /usr/bin/python3 -W ignore:setup.py install is deprecated -W ignore:easy_install command is deprecated setup.py egg_info --egg-base ../../../build/stella_teleop build --build-base /home/yun/colcon_ws/build/stella_teleop/build install --record /home/yun/colcon_ws/build/stella_teleop/install.log --single-version-externally-managed install_data
