[0.085s] DEBUG:colcon:Command line arguments: ['/usr/bin/colcon', 'build']
[0.085s] DEBUG:colcon:Parsed command line arguments: Namespace(log_base=None, log_level=None, verb_name='build', build_base='build', install_base='install', merge_install=False, symlink_install=False, test_result_base=None, continue_on_error=False, executor='parallel', parallel_workers=20, event_handlers=None, ignore_user_meta=False, metas=['./colcon.meta'], base_paths=['.'], packages_ignore=None, packages_ignore_regex=None, paths=None, packages_up_to=None, packages_up_to_regex=None, packages_above=None, packages_above_and_dependencies=None, packages_above_depth=None, packages_select_by_dep=None, packages_skip_by_dep=None, packages_skip_up_to=None, packages_select_build_failed=False, packages_skip_build_finished=False, packages_select_test_failures=False, packages_skip_test_passed=False, packages_select=None, packages_skip=None, packages_select_regex=None, packages_skip_regex=None, packages_start=None, packages_end=None, allow_overriding=[], cmake_args=None, cmake_target=None, cmake_target_skip_unavailable=False, cmake_clean_cache=False, cmake_clean_first=False, cmake_force_configure=False, ament_cmake_args=None, catkin_cmake_args=None, catkin_skip_building_tests=False, verb_parser=<colcon_defaults.argument_parser.defaults.DefaultArgumentsDecorator object at 0x76871a62eb90>, verb_extension=<colcon_core.verb.build.BuildVerb object at 0x76871a62e5f0>, main=<bound method BuildVerb.main of <colcon_core.verb.build.BuildVerb object at 0x76871a62e5f0>>)
[0.240s] Level 1:colcon.colcon_core.package_discovery:discover_packages(colcon_meta) check parameters
[0.240s] Level 1:colcon.colcon_core.package_discovery:discover_packages(recursive) check parameters
[0.240s] Level 1:colcon.colcon_core.package_discovery:discover_packages(ignore) check parameters
[0.240s] Level 1:colcon.colcon_core.package_discovery:discover_packages(path) check parameters
[0.240s] Level 1:colcon.colcon_core.package_discovery:discover_packages(colcon_meta) discover
[0.240s] Level 1:colcon.colcon_core.package_discovery:discover_packages(recursive) discover
[0.240s] INFO:colcon.colcon_core.package_discovery:Crawling recursively for packages in '/home/yun/colcon_ws'
[0.240s] Level 1:colcon.colcon_core.package_identification:_identify(.) by extensions ['ignore', 'ignore_ament_install']
[0.240s] Level 1:colcon.colcon_core.package_identification:_identify(.) by extension 'ignore'
[0.240s] Level 1:colcon.colcon_core.package_identification:_identify(.) by extension 'ignore_ament_install'
[0.240s] Level 1:colcon.colcon_core.package_identification:_identify(.) by extensions ['colcon_pkg']
[0.240s] Level 1:colcon.colcon_core.package_identification:_identify(.) by extension 'colcon_pkg'
[0.240s] Level 1:colcon.colcon_core.package_identification:_identify(.) by extensions ['colcon_meta']
[0.240s] Level 1:colcon.colcon_core.package_identification:_identify(.) by extension 'colcon_meta'
[0.241s] Level 1:colcon.colcon_core.package_identification:_identify(.) by extensions ['ros']
[0.241s] Level 1:colcon.colcon_core.package_identification:_identify(.) by extension 'ros'
[0.248s] Level 1:colcon.colcon_core.package_identification:_identify(.) by extensions ['cmake', 'python']
[0.248s] Level 1:colcon.colcon_core.package_identification:_identify(.) by extension 'cmake'
[0.248s] Level 1:colcon.colcon_core.package_identification:_identify(.) by extension 'python'
[0.248s] Level 1:colcon.colcon_core.package_identification:_identify(.) by extensions ['python_setup_py']
[0.248s] Level 1:colcon.colcon_core.package_identification:_identify(.) by extension 'python_setup_py'
[0.248s] Level 1:colcon.colcon_core.package_identification:_identify(build) by extensions ['ignore', 'ignore_ament_install']
[0.248s] Level 1:colcon.colcon_core.package_identification:_identify(build) by extension 'ignore'
[0.248s] Level 1:colcon.colcon_core.package_identification:_identify(build) ignored
[0.248s] Level 1:colcon.colcon_core.package_identification:_identify(install) by extensions ['ignore', 'ignore_ament_install']
[0.248s] Level 1:colcon.colcon_core.package_identification:_identify(install) by extension 'ignore'
[0.248s] Level 1:colcon.colcon_core.package_identification:_identify(install) ignored
[0.248s] Level 1:colcon.colcon_core.package_identification:_identify(log) by extensions ['ignore', 'ignore_ament_install']
[0.248s] Level 1:colcon.colcon_core.package_identification:_identify(log) by extension 'ignore'
[0.248s] Level 1:colcon.colcon_core.package_identification:_identify(log) ignored
[0.249s] Level 1:colcon.colcon_core.package_identification:_identify(src) by extensions ['ignore', 'ignore_ament_install']
[0.249s] Level 1:colcon.colcon_core.package_identification:_identify(src) by extension 'ignore'
[0.249s] Level 1:colcon.colcon_core.package_identification:_identify(src) by extension 'ignore_ament_install'
[0.249s] Level 1:colcon.colcon_core.package_identification:_identify(src) by extensions ['colcon_pkg']
[0.249s] Level 1:colcon.colcon_core.package_identification:_identify(src) by extension 'colcon_pkg'
[0.249s] Level 1:colcon.colcon_core.package_identification:_identify(src) by extensions ['colcon_meta']
[0.249s] Level 1:colcon.colcon_core.package_identification:_identify(src) by extension 'colcon_meta'
[0.249s] Level 1:colcon.colcon_core.package_identification:_identify(src) by extensions ['ros']
[0.249s] Level 1:colcon.colcon_core.package_identification:_identify(src) by extension 'ros'
[0.249s] Level 1:colcon.colcon_core.package_identification:_identify(src) by extensions ['cmake', 'python']
[0.249s] Level 1:colcon.colcon_core.package_identification:_identify(src) by extension 'cmake'
[0.249s] Level 1:colcon.colcon_core.package_identification:_identify(src) by extension 'python'
[0.249s] Level 1:colcon.colcon_core.package_identification:_identify(src) by extensions ['python_setup_py']
[0.249s] Level 1:colcon.colcon_core.package_identification:_identify(src) by extension 'python_setup_py'
[0.249s] Level 1:colcon.colcon_core.package_identification:_identify(src/STELLA_REMOTE_PC_ROS2) by extensions ['ignore', 'ignore_ament_install']
[0.249s] Level 1:colcon.colcon_core.package_identification:_identify(src/STELLA_REMOTE_PC_ROS2) by extension 'ignore'
[0.249s] Level 1:colcon.colcon_core.package_identification:_identify(src/STELLA_REMOTE_PC_ROS2) by extension 'ignore_ament_install'
[0.249s] Level 1:colcon.colcon_core.package_identification:_identify(src/STELLA_REMOTE_PC_ROS2) by extensions ['colcon_pkg']
[0.249s] Level 1:colcon.colcon_core.package_identification:_identify(src/STELLA_REMOTE_PC_ROS2) by extension 'colcon_pkg'
[0.249s] Level 1:colcon.colcon_core.package_identification:_identify(src/STELLA_REMOTE_PC_ROS2) by extensions ['colcon_meta']
[0.249s] Level 1:colcon.colcon_core.package_identification:_identify(src/STELLA_REMOTE_PC_ROS2) by extension 'colcon_meta'
[0.249s] Level 1:colcon.colcon_core.package_identification:_identify(src/STELLA_REMOTE_PC_ROS2) by extensions ['ros']
[0.249s] Level 1:colcon.colcon_core.package_identification:_identify(src/STELLA_REMOTE_PC_ROS2) by extension 'ros'
[0.249s] Level 1:colcon.colcon_core.package_identification:_identify(src/STELLA_REMOTE_PC_ROS2) by extensions ['cmake', 'python']
[0.249s] Level 1:colcon.colcon_core.package_identification:_identify(src/STELLA_REMOTE_PC_ROS2) by extension 'cmake'
[0.249s] Level 1:colcon.colcon_core.package_identification:_identify(src/STELLA_REMOTE_PC_ROS2) by extension 'python'
[0.249s] Level 1:colcon.colcon_core.package_identification:_identify(src/STELLA_REMOTE_PC_ROS2) by extensions ['python_setup_py']
[0.249s] Level 1:colcon.colcon_core.package_identification:_identify(src/STELLA_REMOTE_PC_ROS2) by extension 'python_setup_py'
[0.249s] Level 1:colcon.colcon_core.package_identification:_identify(src/STELLA_REMOTE_PC_ROS2/nav2_gps_waypoint_follower_demo) by extensions ['ignore', 'ignore_ament_install']
[0.249s] Level 1:colcon.colcon_core.package_identification:_identify(src/STELLA_REMOTE_PC_ROS2/nav2_gps_waypoint_follower_demo) by extension 'ignore'
[0.249s] Level 1:colcon.colcon_core.package_identification:_identify(src/STELLA_REMOTE_PC_ROS2/nav2_gps_waypoint_follower_demo) by extension 'ignore_ament_install'
[0.249s] Level 1:colcon.colcon_core.package_identification:_identify(src/STELLA_REMOTE_PC_ROS2/nav2_gps_waypoint_follower_demo) by extensions ['colcon_pkg']
[0.249s] Level 1:colcon.colcon_core.package_identification:_identify(src/STELLA_REMOTE_PC_ROS2/nav2_gps_waypoint_follower_demo) by extension 'colcon_pkg'
[0.249s] Level 1:colcon.colcon_core.package_identification:_identify(src/STELLA_REMOTE_PC_ROS2/nav2_gps_waypoint_follower_demo) by extensions ['colcon_meta']
[0.249s] Level 1:colcon.colcon_core.package_identification:_identify(src/STELLA_REMOTE_PC_ROS2/nav2_gps_waypoint_follower_demo) by extension 'colcon_meta'
[0.249s] Level 1:colcon.colcon_core.package_identification:_identify(src/STELLA_REMOTE_PC_ROS2/nav2_gps_waypoint_follower_demo) by extensions ['ros']
[0.249s] Level 1:colcon.colcon_core.package_identification:_identify(src/STELLA_REMOTE_PC_ROS2/nav2_gps_waypoint_follower_demo) by extension 'ros'
[0.252s] DEBUG:colcon.colcon_core.package_identification:Package 'src/STELLA_REMOTE_PC_ROS2/nav2_gps_waypoint_follower_demo' with type 'ros.ament_python' and name 'nav2_gps_waypoint_follower_demo'
[0.252s] Level 1:colcon.colcon_core.package_identification:_identify(src/STELLA_REMOTE_PC_ROS2/stella_cartographer) by extensions ['ignore', 'ignore_ament_install']
[0.252s] Level 1:colcon.colcon_core.package_identification:_identify(src/STELLA_REMOTE_PC_ROS2/stella_cartographer) by extension 'ignore'
[0.252s] Level 1:colcon.colcon_core.package_identification:_identify(src/STELLA_REMOTE_PC_ROS2/stella_cartographer) by extension 'ignore_ament_install'
[0.252s] Level 1:colcon.colcon_core.package_identification:_identify(src/STELLA_REMOTE_PC_ROS2/stella_cartographer) by extensions ['colcon_pkg']
[0.252s] Level 1:colcon.colcon_core.package_identification:_identify(src/STELLA_REMOTE_PC_ROS2/stella_cartographer) by extension 'colcon_pkg'
[0.252s] Level 1:colcon.colcon_core.package_identification:_identify(src/STELLA_REMOTE_PC_ROS2/stella_cartographer) by extensions ['colcon_meta']
[0.252s] Level 1:colcon.colcon_core.package_identification:_identify(src/STELLA_REMOTE_PC_ROS2/stella_cartographer) by extension 'colcon_meta'
[0.252s] Level 1:colcon.colcon_core.package_identification:_identify(src/STELLA_REMOTE_PC_ROS2/stella_cartographer) by extensions ['ros']
[0.252s] Level 1:colcon.colcon_core.package_identification:_identify(src/STELLA_REMOTE_PC_ROS2/stella_cartographer) by extension 'ros'
[0.252s] DEBUG:colcon.colcon_core.package_identification:Package 'src/STELLA_REMOTE_PC_ROS2/stella_cartographer' with type 'ros.ament_cmake' and name 'stella_cartographer'
[0.252s] Level 1:colcon.colcon_core.package_identification:_identify(src/STELLA_REMOTE_PC_ROS2/stella_description) by extensions ['ignore', 'ignore_ament_install']
[0.252s] Level 1:colcon.colcon_core.package_identification:_identify(src/STELLA_REMOTE_PC_ROS2/stella_description) by extension 'ignore'
[0.252s] Level 1:colcon.colcon_core.package_identification:_identify(src/STELLA_REMOTE_PC_ROS2/stella_description) by extension 'ignore_ament_install'
[0.253s] Level 1:colcon.colcon_core.package_identification:_identify(src/STELLA_REMOTE_PC_ROS2/stella_description) by extensions ['colcon_pkg']
[0.253s] Level 1:colcon.colcon_core.package_identification:_identify(src/STELLA_REMOTE_PC_ROS2/stella_description) by extension 'colcon_pkg'
[0.253s] Level 1:colcon.colcon_core.package_identification:_identify(src/STELLA_REMOTE_PC_ROS2/stella_description) by extensions ['colcon_meta']
[0.253s] Level 1:colcon.colcon_core.package_identification:_identify(src/STELLA_REMOTE_PC_ROS2/stella_description) by extension 'colcon_meta'
[0.253s] Level 1:colcon.colcon_core.package_identification:_identify(src/STELLA_REMOTE_PC_ROS2/stella_description) by extensions ['ros']
[0.253s] Level 1:colcon.colcon_core.package_identification:_identify(src/STELLA_REMOTE_PC_ROS2/stella_description) by extension 'ros'
[0.253s] DEBUG:colcon.colcon_core.package_identification:Package 'src/STELLA_REMOTE_PC_ROS2/stella_description' with type 'ros.ament_cmake' and name 'stella_description'
[0.253s] Level 1:colcon.colcon_core.package_identification:_identify(src/STELLA_REMOTE_PC_ROS2/stella_navigation2) by extensions ['ignore', 'ignore_ament_install']
[0.253s] Level 1:colcon.colcon_core.package_identification:_identify(src/STELLA_REMOTE_PC_ROS2/stella_navigation2) by extension 'ignore'
[0.253s] Level 1:colcon.colcon_core.package_identification:_identify(src/STELLA_REMOTE_PC_ROS2/stella_navigation2) by extension 'ignore_ament_install'
[0.253s] Level 1:colcon.colcon_core.package_identification:_identify(src/STELLA_REMOTE_PC_ROS2/stella_navigation2) by extensions ['colcon_pkg']
[0.253s] Level 1:colcon.colcon_core.package_identification:_identify(src/STELLA_REMOTE_PC_ROS2/stella_navigation2) by extension 'colcon_pkg'
[0.253s] Level 1:colcon.colcon_core.package_identification:_identify(src/STELLA_REMOTE_PC_ROS2/stella_navigation2) by extensions ['colcon_meta']
[0.253s] Level 1:colcon.colcon_core.package_identification:_identify(src/STELLA_REMOTE_PC_ROS2/stella_navigation2) by extension 'colcon_meta'
[0.253s] Level 1:colcon.colcon_core.package_identification:_identify(src/STELLA_REMOTE_PC_ROS2/stella_navigation2) by extensions ['ros']
[0.253s] Level 1:colcon.colcon_core.package_identification:_identify(src/STELLA_REMOTE_PC_ROS2/stella_navigation2) by extension 'ros'
[0.254s] DEBUG:colcon.colcon_core.package_identification:Package 'src/STELLA_REMOTE_PC_ROS2/stella_navigation2' with type 'ros.ament_cmake' and name 'stella_navigation2'
[0.254s] Level 1:colcon.colcon_core.package_identification:_identify(src/STELLA_REMOTE_PC_ROS2/stella_teleop) by extensions ['ignore', 'ignore_ament_install']
[0.254s] Level 1:colcon.colcon_core.package_identification:_identify(src/STELLA_REMOTE_PC_ROS2/stella_teleop) by extension 'ignore'
[0.254s] Level 1:colcon.colcon_core.package_identification:_identify(src/STELLA_REMOTE_PC_ROS2/stella_teleop) by extension 'ignore_ament_install'
[0.254s] Level 1:colcon.colcon_core.package_identification:_identify(src/STELLA_REMOTE_PC_ROS2/stella_teleop) by extensions ['colcon_pkg']
[0.254s] Level 1:colcon.colcon_core.package_identification:_identify(src/STELLA_REMOTE_PC_ROS2/stella_teleop) by extension 'colcon_pkg'
[0.254s] Level 1:colcon.colcon_core.package_identification:_identify(src/STELLA_REMOTE_PC_ROS2/stella_teleop) by extensions ['colcon_meta']
[0.254s] Level 1:colcon.colcon_core.package_identification:_identify(src/STELLA_REMOTE_PC_ROS2/stella_teleop) by extension 'colcon_meta'
[0.254s] Level 1:colcon.colcon_core.package_identification:_identify(src/STELLA_REMOTE_PC_ROS2/stella_teleop) by extensions ['ros']
[0.254s] Level 1:colcon.colcon_core.package_identification:_identify(src/STELLA_REMOTE_PC_ROS2/stella_teleop) by extension 'ros'
[0.254s] DEBUG:colcon.colcon_core.package_identification:Package 'src/STELLA_REMOTE_PC_ROS2/stella_teleop' with type 'ros.ament_python' and name 'stella_teleop'
[0.254s] Level 1:colcon.colcon_core.package_discovery:discover_packages(recursive) using defaults
[0.254s] Level 1:colcon.colcon_core.package_discovery:discover_packages(ignore) discover
[0.254s] Level 1:colcon.colcon_core.package_discovery:discover_packages(ignore) using defaults
[0.254s] Level 1:colcon.colcon_core.package_discovery:discover_packages(path) discover
[0.254s] Level 1:colcon.colcon_core.package_discovery:discover_packages(path) using defaults
[0.277s] Level 1:colcon.colcon_core.package_discovery:discover_packages(prefix_path) check parameters
[0.277s] Level 1:colcon.colcon_core.package_discovery:discover_packages(prefix_path) discover
[0.280s] DEBUG:colcon.colcon_installed_package_information.package_discovery:Found 4 installed packages in /home/yun/colcon_ws/install
[0.281s] DEBUG:colcon.colcon_installed_package_information.package_discovery:Found 61 installed packages in /home/yun/test/install
[0.282s] DEBUG:colcon.colcon_installed_package_information.package_discovery:Found 417 installed packages in /opt/ros/humble
[0.285s] Level 1:colcon.colcon_core.package_discovery:discover_packages(prefix_path) using defaults
[0.326s] Level 5:colcon.colcon_core.verb:set package 'nav2_gps_waypoint_follower_demo' build argument 'cmake_args' from command line to 'None'
[0.326s] Level 5:colcon.colcon_core.verb:set package 'nav2_gps_waypoint_follower_demo' build argument 'cmake_target' from command line to 'None'
[0.326s] Level 5:colcon.colcon_core.verb:set package 'nav2_gps_waypoint_follower_demo' build argument 'cmake_target_skip_unavailable' from command line to 'False'
[0.326s] Level 5:colcon.colcon_core.verb:set package 'nav2_gps_waypoint_follower_demo' build argument 'cmake_clean_cache' from command line to 'False'
[0.326s] Level 5:colcon.colcon_core.verb:set package 'nav2_gps_waypoint_follower_demo' build argument 'cmake_clean_first' from command line to 'False'
[0.326s] Level 5:colcon.colcon_core.verb:set package 'nav2_gps_waypoint_follower_demo' build argument 'cmake_force_configure' from command line to 'False'
[0.326s] Level 5:colcon.colcon_core.verb:set package 'nav2_gps_waypoint_follower_demo' build argument 'ament_cmake_args' from command line to 'None'
[0.326s] Level 5:colcon.colcon_core.verb:set package 'nav2_gps_waypoint_follower_demo' build argument 'catkin_cmake_args' from command line to 'None'
[0.326s] Level 5:colcon.colcon_core.verb:set package 'nav2_gps_waypoint_follower_demo' build argument 'catkin_skip_building_tests' from command line to 'False'
[0.326s] DEBUG:colcon.colcon_core.verb:Building package 'nav2_gps_waypoint_follower_demo' with the following arguments: {'ament_cmake_args': None, 'build_base': '/home/yun/colcon_ws/build/nav2_gps_waypoint_follower_demo', 'catkin_cmake_args': None, 'catkin_skip_building_tests': False, 'cmake_args': None, 'cmake_clean_cache': False, 'cmake_clean_first': False, 'cmake_force_configure': False, 'cmake_target': None, 'cmake_target_skip_unavailable': False, 'install_base': '/home/yun/colcon_ws/install/nav2_gps_waypoint_follower_demo', 'merge_install': False, 'path': '/home/yun/colcon_ws/src/STELLA_REMOTE_PC_ROS2/nav2_gps_waypoint_follower_demo', 'symlink_install': False, 'test_result_base': None}
[0.326s] Level 5:colcon.colcon_core.verb:set package 'stella_cartographer' build argument 'cmake_args' from command line to 'None'
[0.326s] Level 5:colcon.colcon_core.verb:set package 'stella_cartographer' build argument 'cmake_target' from command line to 'None'
[0.326s] Level 5:colcon.colcon_core.verb:set package 'stella_cartographer' build argument 'cmake_target_skip_unavailable' from command line to 'False'
[0.326s] Level 5:colcon.colcon_core.verb:set package 'stella_cartographer' build argument 'cmake_clean_cache' from command line to 'False'
[0.326s] Level 5:colcon.colcon_core.verb:set package 'stella_cartographer' build argument 'cmake_clean_first' from command line to 'False'
[0.326s] Level 5:colcon.colcon_core.verb:set package 'stella_cartographer' build argument 'cmake_force_configure' from command line to 'False'
[0.326s] Level 5:colcon.colcon_core.verb:set package 'stella_cartographer' build argument 'ament_cmake_args' from command line to 'None'
[0.326s] Level 5:colcon.colcon_core.verb:set package 'stella_cartographer' build argument 'catkin_cmake_args' from command line to 'None'
[0.326s] Level 5:colcon.colcon_core.verb:set package 'stella_cartographer' build argument 'catkin_skip_building_tests' from command line to 'False'
[0.326s] DEBUG:colcon.colcon_core.verb:Building package 'stella_cartographer' with the following arguments: {'ament_cmake_args': None, 'build_base': '/home/yun/colcon_ws/build/stella_cartographer', 'catkin_cmake_args': None, 'catkin_skip_building_tests': False, 'cmake_args': None, 'cmake_clean_cache': False, 'cmake_clean_first': False, 'cmake_force_configure': False, 'cmake_target': None, 'cmake_target_skip_unavailable': False, 'install_base': '/home/yun/colcon_ws/install/stella_cartographer', 'merge_install': False, 'path': '/home/yun/colcon_ws/src/STELLA_REMOTE_PC_ROS2/stella_cartographer', 'symlink_install': False, 'test_result_base': None}
[0.326s] Level 5:colcon.colcon_core.verb:set package 'stella_description' build argument 'cmake_args' from command line to 'None'
[0.326s] Level 5:colcon.colcon_core.verb:set package 'stella_description' build argument 'cmake_target' from command line to 'None'
[0.327s] Level 5:colcon.colcon_core.verb:set package 'stella_description' build argument 'cmake_target_skip_unavailable' from command line to 'False'
[0.327s] Level 5:colcon.colcon_core.verb:set package 'stella_description' build argument 'cmake_clean_cache' from command line to 'False'
[0.327s] Level 5:colcon.colcon_core.verb:set package 'stella_description' build argument 'cmake_clean_first' from command line to 'False'
[0.327s] Level 5:colcon.colcon_core.verb:set package 'stella_description' build argument 'cmake_force_configure' from command line to 'False'
[0.327s] Level 5:colcon.colcon_core.verb:set package 'stella_description' build argument 'ament_cmake_args' from command line to 'None'
[0.327s] Level 5:colcon.colcon_core.verb:set package 'stella_description' build argument 'catkin_cmake_args' from command line to 'None'
[0.327s] Level 5:colcon.colcon_core.verb:set package 'stella_description' build argument 'catkin_skip_building_tests' from command line to 'False'
[0.327s] DEBUG:colcon.colcon_core.verb:Building package 'stella_description' with the following arguments: {'ament_cmake_args': None, 'build_base': '/home/yun/colcon_ws/build/stella_description', 'catkin_cmake_args': None, 'catkin_skip_building_tests': False, 'cmake_args': None, 'cmake_clean_cache': False, 'cmake_clean_first': False, 'cmake_force_configure': False, 'cmake_target': None, 'cmake_target_skip_unavailable': False, 'install_base': '/home/yun/colcon_ws/install/stella_description', 'merge_install': False, 'path': '/home/yun/colcon_ws/src/STELLA_REMOTE_PC_ROS2/stella_description', 'symlink_install': False, 'test_result_base': None}
[0.327s] Level 5:colcon.colcon_core.verb:set package 'stella_navigation2' build argument 'cmake_args' from command line to 'None'
[0.327s] Level 5:colcon.colcon_core.verb:set package 'stella_navigation2' build argument 'cmake_target' from command line to 'None'
[0.327s] Level 5:colcon.colcon_core.verb:set package 'stella_navigation2' build argument 'cmake_target_skip_unavailable' from command line to 'False'
[0.327s] Level 5:colcon.colcon_core.verb:set package 'stella_navigation2' build argument 'cmake_clean_cache' from command line to 'False'
[0.327s] Level 5:colcon.colcon_core.verb:set package 'stella_navigation2' build argument 'cmake_clean_first' from command line to 'False'
[0.327s] Level 5:colcon.colcon_core.verb:set package 'stella_navigation2' build argument 'cmake_force_configure' from command line to 'False'
[0.327s] Level 5:colcon.colcon_core.verb:set package 'stella_navigation2' build argument 'ament_cmake_args' from command line to 'None'
[0.327s] Level 5:colcon.colcon_core.verb:set package 'stella_navigation2' build argument 'catkin_cmake_args' from command line to 'None'
[0.327s] Level 5:colcon.colcon_core.verb:set package 'stella_navigation2' build argument 'catkin_skip_building_tests' from command line to 'False'
[0.327s] DEBUG:colcon.colcon_core.verb:Building package 'stella_navigation2' with the following arguments: {'ament_cmake_args': None, 'build_base': '/home/yun/colcon_ws/build/stella_navigation2', 'catkin_cmake_args': None, 'catkin_skip_building_tests': False, 'cmake_args': None, 'cmake_clean_cache': False, 'cmake_clean_first': False, 'cmake_force_configure': False, 'cmake_target': None, 'cmake_target_skip_unavailable': False, 'install_base': '/home/yun/colcon_ws/install/stella_navigation2', 'merge_install': False, 'path': '/home/yun/colcon_ws/src/STELLA_REMOTE_PC_ROS2/stella_navigation2', 'symlink_install': False, 'test_result_base': None}
[0.327s] Level 5:colcon.colcon_core.verb:set package 'stella_teleop' build argument 'cmake_args' from command line to 'None'
[0.327s] Level 5:colcon.colcon_core.verb:set package 'stella_teleop' build argument 'cmake_target' from command line to 'None'
[0.327s] Level 5:colcon.colcon_core.verb:set package 'stella_teleop' build argument 'cmake_target_skip_unavailable' from command line to 'False'
[0.327s] Level 5:colcon.colcon_core.verb:set package 'stella_teleop' build argument 'cmake_clean_cache' from command line to 'False'
[0.327s] Level 5:colcon.colcon_core.verb:set package 'stella_teleop' build argument 'cmake_clean_first' from command line to 'False'
[0.327s] Level 5:colcon.colcon_core.verb:set package 'stella_teleop' build argument 'cmake_force_configure' from command line to 'False'
[0.327s] Level 5:colcon.colcon_core.verb:set package 'stella_teleop' build argument 'ament_cmake_args' from command line to 'None'
[0.327s] Level 5:colcon.colcon_core.verb:set package 'stella_teleop' build argument 'catkin_cmake_args' from command line to 'None'
[0.327s] Level 5:colcon.colcon_core.verb:set package 'stella_teleop' build argument 'catkin_skip_building_tests' from command line to 'False'
[0.327s] DEBUG:colcon.colcon_core.verb:Building package 'stella_teleop' with the following arguments: {'ament_cmake_args': None, 'build_base': '/home/yun/colcon_ws/build/stella_teleop', 'catkin_cmake_args': None, 'catkin_skip_building_tests': False, 'cmake_args': None, 'cmake_clean_cache': False, 'cmake_clean_first': False, 'cmake_force_configure': False, 'cmake_target': None, 'cmake_target_skip_unavailable': False, 'install_base': '/home/yun/colcon_ws/install/stella_teleop', 'merge_install': False, 'path': '/home/yun/colcon_ws/src/STELLA_REMOTE_PC_ROS2/stella_teleop', 'symlink_install': False, 'test_result_base': None}
[0.327s] INFO:colcon.colcon_core.executor:Executing jobs using 'parallel' executor
[0.328s] DEBUG:colcon.colcon_parallel_executor.executor.parallel:run_until_complete
[0.328s] INFO:colcon.colcon_ros.task.ament_python.build:Building ROS package in '/home/yun/colcon_ws/src/STELLA_REMOTE_PC_ROS2/nav2_gps_waypoint_follower_demo' with build type 'ament_python'
[0.328s] Level 1:colcon.colcon_core.shell:create_environment_hook('nav2_gps_waypoint_follower_demo', 'ament_prefix_path')
[0.331s] INFO:colcon.colcon_core.plugin_system:Skipping extension 'colcon_core.shell.bat': Not used on non-Windows systems
[0.331s] INFO:colcon.colcon_core.shell:Creating environment hook '/home/yun/colcon_ws/install/nav2_gps_waypoint_follower_demo/share/nav2_gps_waypoint_follower_demo/hook/ament_prefix_path.ps1'
[0.331s] INFO:colcon.colcon_core.shell:Creating environment descriptor '/home/yun/colcon_ws/install/nav2_gps_waypoint_follower_demo/share/nav2_gps_waypoint_follower_demo/hook/ament_prefix_path.dsv'
[0.332s] INFO:colcon.colcon_core.shell:Creating environment hook '/home/yun/colcon_ws/install/nav2_gps_waypoint_follower_demo/share/nav2_gps_waypoint_follower_demo/hook/ament_prefix_path.sh'
[0.332s] INFO:colcon.colcon_core.shell:Skip shell extension 'powershell' for command environment: Not usable outside of PowerShell
[0.332s] DEBUG:colcon.colcon_core.shell:Skip shell extension 'dsv' for command environment
[0.336s] INFO:colcon.colcon_ros.task.ament_cmake.build:Building ROS package in '/home/yun/colcon_ws/src/STELLA_REMOTE_PC_ROS2/stella_cartographer' with build type 'ament_cmake'
[0.336s] INFO:colcon.colcon_cmake.task.cmake.build:Building CMake package in '/home/yun/colcon_ws/src/STELLA_REMOTE_PC_ROS2/stella_cartographer'
[0.337s] INFO:colcon.colcon_core.shell:Skip shell extension 'powershell' for command environment: Not usable outside of PowerShell
[0.337s] DEBUG:colcon.colcon_core.shell:Skip shell extension 'dsv' for command environment
[0.341s] INFO:colcon.colcon_ros.task.ament_cmake.build:Building ROS package in '/home/yun/colcon_ws/src/STELLA_REMOTE_PC_ROS2/stella_description' with build type 'ament_cmake'
[0.341s] INFO:colcon.colcon_cmake.task.cmake.build:Building CMake package in '/home/yun/colcon_ws/src/STELLA_REMOTE_PC_ROS2/stella_description'
[0.341s] INFO:colcon.colcon_core.shell:Skip shell extension 'powershell' for command environment: Not usable outside of PowerShell
[0.341s] DEBUG:colcon.colcon_core.shell:Skip shell extension 'dsv' for command environment
[0.346s] INFO:colcon.colcon_ros.task.ament_cmake.build:Building ROS package in '/home/yun/colcon_ws/src/STELLA_REMOTE_PC_ROS2/stella_navigation2' with build type 'ament_cmake'
[0.346s] INFO:colcon.colcon_cmake.task.cmake.build:Building CMake package in '/home/yun/colcon_ws/src/STELLA_REMOTE_PC_ROS2/stella_navigation2'
[0.346s] INFO:colcon.colcon_core.shell:Skip shell extension 'powershell' for command environment: Not usable outside of PowerShell
[0.346s] DEBUG:colcon.colcon_core.shell:Skip shell extension 'dsv' for command environment
[0.351s] INFO:colcon.colcon_ros.task.ament_python.build:Building ROS package in '/home/yun/colcon_ws/src/STELLA_REMOTE_PC_ROS2/stella_teleop' with build type 'ament_python'
[0.351s] Level 1:colcon.colcon_core.shell:create_environment_hook('stella_teleop', 'ament_prefix_path')
[0.351s] INFO:colcon.colcon_core.shell:Creating environment hook '/home/yun/colcon_ws/install/stella_teleop/share/stella_teleop/hook/ament_prefix_path.ps1'
[0.351s] INFO:colcon.colcon_core.shell:Creating environment descriptor '/home/yun/colcon_ws/install/stella_teleop/share/stella_teleop/hook/ament_prefix_path.dsv'
[0.352s] INFO:colcon.colcon_core.shell:Creating environment hook '/home/yun/colcon_ws/install/stella_teleop/share/stella_teleop/hook/ament_prefix_path.sh'
[0.352s] INFO:colcon.colcon_core.shell:Skip shell extension 'powershell' for command environment: Not usable outside of PowerShell
[0.352s] DEBUG:colcon.colcon_core.shell:Skip shell extension 'dsv' for command environment
[0.542s] INFO:colcon.colcon_core.task.python.build:Building Python package in '/home/yun/colcon_ws/src/STELLA_REMOTE_PC_ROS2/nav2_gps_waypoint_follower_demo'
[0.543s] INFO:colcon.colcon_core.shell:Skip shell extension 'powershell' for command environment: Not usable outside of PowerShell
[0.543s] DEBUG:colcon.colcon_core.shell:Skip shell extension 'dsv' for command environment
[0.551s] DEBUG:colcon.colcon_core.event_handler.log_command:Invoking command in '/home/yun/colcon_ws/build/stella_cartographer': CMAKE_PREFIX_PATH=${CMAKE_PREFIX_PATH}:/home/yun/colcon_ws/install/stella_teleop:/home/yun/test/install/turtlebot3_teleop:/home/yun/test/install/turtlebot3_example:/home/yun/test/install/road_API:/home/yun/test/install/nav2_simple_commander:/home/yun/test/install/gps_imu_publisher:/opt/ros/humble /usr/bin/cmake --build /home/yun/colcon_ws/build/stella_cartographer -- -j20 -l20
[0.553s] DEBUG:colcon.colcon_core.event_handler.log_command:Invoking command in '/home/yun/colcon_ws/build/stella_description': CMAKE_PREFIX_PATH=${CMAKE_PREFIX_PATH}:/home/yun/colcon_ws/install/stella_teleop:/home/yun/test/install/turtlebot3_teleop:/home/yun/test/install/turtlebot3_example:/home/yun/test/install/road_API:/home/yun/test/install/nav2_simple_commander:/home/yun/test/install/gps_imu_publisher:/opt/ros/humble /usr/bin/cmake --build /home/yun/colcon_ws/build/stella_description -- -j20 -l20
[0.555s] DEBUG:colcon.colcon_core.event_handler.log_command:Invoking command in '/home/yun/colcon_ws/build/stella_navigation2': CMAKE_PREFIX_PATH=${CMAKE_PREFIX_PATH}:/home/yun/colcon_ws/install/stella_teleop:/home/yun/test/install/turtlebot3_teleop:/home/yun/test/install/turtlebot3_example:/home/yun/test/install/road_API:/home/yun/test/install/nav2_simple_commander:/home/yun/test/install/gps_imu_publisher:/opt/ros/humble /usr/bin/cmake --build /home/yun/colcon_ws/build/stella_navigation2 -- -j20 -l20
[0.736s] INFO:colcon.colcon_core.task.python.build:Building Python package in '/home/yun/colcon_ws/src/STELLA_REMOTE_PC_ROS2/stella_teleop'
[0.736s] INFO:colcon.colcon_core.shell:Skip shell extension 'powershell' for command environment: Not usable outside of PowerShell
[0.736s] DEBUG:colcon.colcon_core.shell:Skip shell extension 'dsv' for command environment
[0.752s] DEBUG:colcon.colcon_core.event_handler.log_command:Invoked command in '/home/yun/colcon_ws/build/stella_description' returned '0': CMAKE_PREFIX_PATH=${CMAKE_PREFIX_PATH}:/home/yun/colcon_ws/install/stella_teleop:/home/yun/test/install/turtlebot3_teleop:/home/yun/test/install/turtlebot3_example:/home/yun/test/install/road_API:/home/yun/test/install/nav2_simple_commander:/home/yun/test/install/gps_imu_publisher:/opt/ros/humble /usr/bin/cmake --build /home/yun/colcon_ws/build/stella_description -- -j20 -l20
[0.764s] DEBUG:colcon.colcon_core.event_handler.log_command:Invoking command in '/home/yun/colcon_ws/build/stella_description': CMAKE_PREFIX_PATH=${CMAKE_PREFIX_PATH}:/home/yun/colcon_ws/install/stella_teleop:/home/yun/test/install/turtlebot3_teleop:/home/yun/test/install/turtlebot3_example:/home/yun/test/install/road_API:/home/yun/test/install/nav2_simple_commander:/home/yun/test/install/gps_imu_publisher:/opt/ros/humble /usr/bin/cmake --install /home/yun/colcon_ws/build/stella_description
[0.764s] DEBUG:colcon.colcon_core.event_handler.log_command:Invoked command in '/home/yun/colcon_ws/build/stella_navigation2' returned '0': CMAKE_PREFIX_PATH=${CMAKE_PREFIX_PATH}:/home/yun/colcon_ws/install/stella_teleop:/home/yun/test/install/turtlebot3_teleop:/home/yun/test/install/turtlebot3_example:/home/yun/test/install/road_API:/home/yun/test/install/nav2_simple_commander:/home/yun/test/install/gps_imu_publisher:/opt/ros/humble /usr/bin/cmake --build /home/yun/colcon_ws/build/stella_navigation2 -- -j20 -l20
[0.765s] DEBUG:colcon.colcon_core.event_handler.log_command:Invoking command in '/home/yun/colcon_ws/build/stella_navigation2': CMAKE_PREFIX_PATH=${CMAKE_PREFIX_PATH}:/home/yun/colcon_ws/install/stella_teleop:/home/yun/test/install/turtlebot3_teleop:/home/yun/test/install/turtlebot3_example:/home/yun/test/install/road_API:/home/yun/test/install/nav2_simple_commander:/home/yun/test/install/gps_imu_publisher:/opt/ros/humble /usr/bin/cmake --install /home/yun/colcon_ws/build/stella_navigation2
[0.768s] DEBUG:colcon.colcon_core.event_handler.log_command:Invoked command in '/home/yun/colcon_ws/build/stella_cartographer' returned '0': CMAKE_PREFIX_PATH=${CMAKE_PREFIX_PATH}:/home/yun/colcon_ws/install/stella_teleop:/home/yun/test/install/turtlebot3_teleop:/home/yun/test/install/turtlebot3_example:/home/yun/test/install/road_API:/home/yun/test/install/nav2_simple_commander:/home/yun/test/install/gps_imu_publisher:/opt/ros/humble /usr/bin/cmake --build /home/yun/colcon_ws/build/stella_cartographer -- -j20 -l20
[0.769s] DEBUG:colcon.colcon_core.event_handler.log_command:Invoking command in '/home/yun/colcon_ws/build/stella_cartographer': CMAKE_PREFIX_PATH=${CMAKE_PREFIX_PATH}:/home/yun/colcon_ws/install/stella_teleop:/home/yun/test/install/turtlebot3_teleop:/home/yun/test/install/turtlebot3_example:/home/yun/test/install/road_API:/home/yun/test/install/nav2_simple_commander:/home/yun/test/install/gps_imu_publisher:/opt/ros/humble /usr/bin/cmake --install /home/yun/colcon_ws/build/stella_cartographer
[0.786s] Level 1:colcon.colcon_core.environment:create_environment_scripts_only(stella_navigation2)
[0.787s] DEBUG:colcon.colcon_core.event_handler.log_command:Invoked command in '/home/yun/colcon_ws/build/stella_navigation2' returned '0': CMAKE_PREFIX_PATH=${CMAKE_PREFIX_PATH}:/home/yun/colcon_ws/install/stella_teleop:/home/yun/test/install/turtlebot3_teleop:/home/yun/test/install/turtlebot3_example:/home/yun/test/install/road_API:/home/yun/test/install/nav2_simple_commander:/home/yun/test/install/gps_imu_publisher:/opt/ros/humble /usr/bin/cmake --install /home/yun/colcon_ws/build/stella_navigation2
[0.789s] Level 1:colcon.colcon_core.environment:checking '/home/yun/colcon_ws/install/stella_navigation2' for CMake module files
[0.790s] Level 1:colcon.colcon_core.environment:checking '/home/yun/colcon_ws/install/stella_navigation2' for CMake config files
[0.790s] Level 1:colcon.colcon_core.shell:create_environment_hook('stella_navigation2', 'cmake_prefix_path')
[0.790s] INFO:colcon.colcon_core.shell:Creating environment hook '/home/yun/colcon_ws/install/stella_navigation2/share/stella_navigation2/hook/cmake_prefix_path.ps1'
[0.790s] INFO:colcon.colcon_core.shell:Creating environment descriptor '/home/yun/colcon_ws/install/stella_navigation2/share/stella_navigation2/hook/cmake_prefix_path.dsv'
[0.791s] INFO:colcon.colcon_core.shell:Creating environment hook '/home/yun/colcon_ws/install/stella_navigation2/share/stella_navigation2/hook/cmake_prefix_path.sh'
[0.791s] Level 1:colcon.colcon_core.environment:checking '/home/yun/colcon_ws/install/stella_navigation2/bin'
[0.791s] Level 1:colcon.colcon_core.environment:checking '/home/yun/colcon_ws/install/stella_navigation2/lib/pkgconfig/stella_navigation2.pc'
[0.792s] Level 1:colcon.colcon_core.environment:checking '/home/yun/colcon_ws/install/stella_navigation2/lib/python3.10/site-packages'
[0.792s] Level 1:colcon.colcon_core.environment:checking '/home/yun/colcon_ws/install/stella_navigation2/bin'
[0.792s] INFO:colcon.colcon_core.shell:Creating package script '/home/yun/colcon_ws/install/stella_navigation2/share/stella_navigation2/package.ps1'
[0.793s] INFO:colcon.colcon_core.shell:Creating package descriptor '/home/yun/colcon_ws/install/stella_navigation2/share/stella_navigation2/package.dsv'
[0.793s] INFO:colcon.colcon_core.shell:Creating package script '/home/yun/colcon_ws/install/stella_navigation2/share/stella_navigation2/package.sh'
[0.794s] INFO:colcon.colcon_core.shell:Creating package script '/home/yun/colcon_ws/install/stella_navigation2/share/stella_navigation2/package.bash'
[0.795s] INFO:colcon.colcon_core.shell:Creating package script '/home/yun/colcon_ws/install/stella_navigation2/share/stella_navigation2/package.zsh'
[0.795s] Level 1:colcon.colcon_core.environment:create_file_with_runtime_dependencies(/home/yun/colcon_ws/install/stella_navigation2/share/colcon-core/packages/stella_navigation2)
[0.796s] Level 1:colcon.colcon_core.environment:create_environment_scripts_only(stella_navigation2)
[0.796s] Level 1:colcon.colcon_core.environment:checking '/home/yun/colcon_ws/install/stella_navigation2' for CMake module files
[0.796s] Level 1:colcon.colcon_core.environment:checking '/home/yun/colcon_ws/install/stella_navigation2' for CMake config files
[0.796s] Level 1:colcon.colcon_core.shell:create_environment_hook('stella_navigation2', 'cmake_prefix_path')
[0.796s] INFO:colcon.colcon_core.shell:Creating environment hook '/home/yun/colcon_ws/install/stella_navigation2/share/stella_navigation2/hook/cmake_prefix_path.ps1'
[0.796s] INFO:colcon.colcon_core.shell:Creating environment descriptor '/home/yun/colcon_ws/install/stella_navigation2/share/stella_navigation2/hook/cmake_prefix_path.dsv'
[0.797s] INFO:colcon.colcon_core.shell:Creating environment hook '/home/yun/colcon_ws/install/stella_navigation2/share/stella_navigation2/hook/cmake_prefix_path.sh'
[0.797s] Level 1:colcon.colcon_core.environment:checking '/home/yun/colcon_ws/install/stella_navigation2/bin'
[0.797s] Level 1:colcon.colcon_core.environment:checking '/home/yun/colcon_ws/install/stella_navigation2/lib/pkgconfig/stella_navigation2.pc'
[0.797s] Level 1:colcon.colcon_core.environment:checking '/home/yun/colcon_ws/install/stella_navigation2/lib/python3.10/site-packages'
[0.797s] Level 1:colcon.colcon_core.environment:checking '/home/yun/colcon_ws/install/stella_navigation2/bin'
[0.797s] INFO:colcon.colcon_core.shell:Creating package script '/home/yun/colcon_ws/install/stella_navigation2/share/stella_navigation2/package.ps1'
[0.798s] INFO:colcon.colcon_core.shell:Creating package descriptor '/home/yun/colcon_ws/install/stella_navigation2/share/stella_navigation2/package.dsv'
[0.798s] INFO:colcon.colcon_core.shell:Creating package script '/home/yun/colcon_ws/install/stella_navigation2/share/stella_navigation2/package.sh'
[0.798s] INFO:colcon.colcon_core.shell:Creating package script '/home/yun/colcon_ws/install/stella_navigation2/share/stella_navigation2/package.bash'
[0.798s] INFO:colcon.colcon_core.shell:Creating package script '/home/yun/colcon_ws/install/stella_navigation2/share/stella_navigation2/package.zsh'
[0.799s] Level 1:colcon.colcon_core.environment:create_file_with_runtime_dependencies(/home/yun/colcon_ws/install/stella_navigation2/share/colcon-core/packages/stella_navigation2)
[0.799s] Level 1:colcon.colcon_core.environment:create_environment_scripts_only(stella_description)
[0.800s] Level 1:colcon.colcon_core.environment:checking '/home/yun/colcon_ws/install/stella_description' for CMake module files
[0.800s] DEBUG:colcon.colcon_core.event_handler.log_command:Invoked command in '/home/yun/colcon_ws/build/stella_description' returned '0': CMAKE_PREFIX_PATH=${CMAKE_PREFIX_PATH}:/home/yun/colcon_ws/install/stella_teleop:/home/yun/test/install/turtlebot3_teleop:/home/yun/test/install/turtlebot3_example:/home/yun/test/install/road_API:/home/yun/test/install/nav2_simple_commander:/home/yun/test/install/gps_imu_publisher:/opt/ros/humble /usr/bin/cmake --install /home/yun/colcon_ws/build/stella_description
[0.800s] Level 1:colcon.colcon_core.environment:checking '/home/yun/colcon_ws/install/stella_description' for CMake config files
[0.800s] Level 1:colcon.colcon_core.shell:create_environment_hook('stella_description', 'cmake_prefix_path')
[0.801s] INFO:colcon.colcon_core.shell:Creating environment hook '/home/yun/colcon_ws/install/stella_description/share/stella_description/hook/cmake_prefix_path.ps1'
[0.801s] INFO:colcon.colcon_core.shell:Creating environment descriptor '/home/yun/colcon_ws/install/stella_description/share/stella_description/hook/cmake_prefix_path.dsv'
[0.801s] INFO:colcon.colcon_core.shell:Creating environment hook '/home/yun/colcon_ws/install/stella_description/share/stella_description/hook/cmake_prefix_path.sh'
[0.802s] Level 1:colcon.colcon_core.environment:checking '/home/yun/colcon_ws/install/stella_description/bin'
[0.802s] Level 1:colcon.colcon_core.environment:checking '/home/yun/colcon_ws/install/stella_description/lib/pkgconfig/stella_description.pc'
[0.802s] Level 1:colcon.colcon_core.environment:checking '/home/yun/colcon_ws/install/stella_description/lib/python3.10/site-packages'
[0.802s] Level 1:colcon.colcon_core.environment:checking '/home/yun/colcon_ws/install/stella_description/bin'
[0.803s] INFO:colcon.colcon_core.shell:Creating package script '/home/yun/colcon_ws/install/stella_description/share/stella_description/package.ps1'
[0.803s] INFO:colcon.colcon_core.shell:Creating package descriptor '/home/yun/colcon_ws/install/stella_description/share/stella_description/package.dsv'
[0.804s] INFO:colcon.colcon_core.shell:Creating package script '/home/yun/colcon_ws/install/stella_description/share/stella_description/package.sh'
[0.804s] INFO:colcon.colcon_core.shell:Creating package script '/home/yun/colcon_ws/install/stella_description/share/stella_description/package.bash'
[0.805s] INFO:colcon.colcon_core.shell:Creating package script '/home/yun/colcon_ws/install/stella_description/share/stella_description/package.zsh'
[0.805s] Level 1:colcon.colcon_core.environment:create_file_with_runtime_dependencies(/home/yun/colcon_ws/install/stella_description/share/colcon-core/packages/stella_description)
[0.806s] Level 1:colcon.colcon_core.environment:create_environment_scripts_only(stella_description)
[0.806s] Level 1:colcon.colcon_core.environment:checking '/home/yun/colcon_ws/install/stella_description' for CMake module files
[0.806s] Level 1:colcon.colcon_core.environment:checking '/home/yun/colcon_ws/install/stella_description' for CMake config files
[0.806s] Level 1:colcon.colcon_core.shell:create_environment_hook('stella_description', 'cmake_prefix_path')
[0.807s] INFO:colcon.colcon_core.shell:Creating environment hook '/home/yun/colcon_ws/install/stella_description/share/stella_description/hook/cmake_prefix_path.ps1'
[0.807s] INFO:colcon.colcon_core.shell:Creating environment descriptor '/home/yun/colcon_ws/install/stella_description/share/stella_description/hook/cmake_prefix_path.dsv'
[0.807s] INFO:colcon.colcon_core.shell:Creating environment hook '/home/yun/colcon_ws/install/stella_description/share/stella_description/hook/cmake_prefix_path.sh'
[0.807s] Level 1:colcon.colcon_core.environment:checking '/home/yun/colcon_ws/install/stella_description/bin'
[0.807s] Level 1:colcon.colcon_core.environment:checking '/home/yun/colcon_ws/install/stella_description/lib/pkgconfig/stella_description.pc'
[0.807s] Level 1:colcon.colcon_core.environment:checking '/home/yun/colcon_ws/install/stella_description/lib/python3.10/site-packages'
[0.808s] Level 1:colcon.colcon_core.environment:checking '/home/yun/colcon_ws/install/stella_description/bin'
[0.808s] INFO:colcon.colcon_core.shell:Creating package script '/home/yun/colcon_ws/install/stella_description/share/stella_description/package.ps1'
[0.808s] INFO:colcon.colcon_core.shell:Creating package descriptor '/home/yun/colcon_ws/install/stella_description/share/stella_description/package.dsv'
[0.808s] INFO:colcon.colcon_core.shell:Creating package script '/home/yun/colcon_ws/install/stella_description/share/stella_description/package.sh'
[0.809s] INFO:colcon.colcon_core.shell:Creating package script '/home/yun/colcon_ws/install/stella_description/share/stella_description/package.bash'
[0.809s] INFO:colcon.colcon_core.shell:Creating package script '/home/yun/colcon_ws/install/stella_description/share/stella_description/package.zsh'
[0.809s] Level 1:colcon.colcon_core.environment:create_file_with_runtime_dependencies(/home/yun/colcon_ws/install/stella_description/share/colcon-core/packages/stella_description)
[0.809s] Level 1:colcon.colcon_core.environment:create_environment_scripts_only(stella_cartographer)
[0.809s] Level 1:colcon.colcon_core.environment:checking '/home/yun/colcon_ws/install/stella_cartographer' for CMake module files
[0.810s] DEBUG:colcon.colcon_core.event_handler.log_command:Invoked command in '/home/yun/colcon_ws/build/stella_cartographer' returned '0': CMAKE_PREFIX_PATH=${CMAKE_PREFIX_PATH}:/home/yun/colcon_ws/install/stella_teleop:/home/yun/test/install/turtlebot3_teleop:/home/yun/test/install/turtlebot3_example:/home/yun/test/install/road_API:/home/yun/test/install/nav2_simple_commander:/home/yun/test/install/gps_imu_publisher:/opt/ros/humble /usr/bin/cmake --install /home/yun/colcon_ws/build/stella_cartographer
[0.810s] Level 1:colcon.colcon_core.environment:checking '/home/yun/colcon_ws/install/stella_cartographer' for CMake config files
[0.810s] Level 1:colcon.colcon_core.shell:create_environment_hook('stella_cartographer', 'cmake_prefix_path')
[0.810s] INFO:colcon.colcon_core.shell:Creating environment hook '/home/yun/colcon_ws/install/stella_cartographer/share/stella_cartographer/hook/cmake_prefix_path.ps1'
[0.811s] INFO:colcon.colcon_core.shell:Creating environment descriptor '/home/yun/colcon_ws/install/stella_cartographer/share/stella_cartographer/hook/cmake_prefix_path.dsv'
[0.811s] INFO:colcon.colcon_core.shell:Creating environment hook '/home/yun/colcon_ws/install/stella_cartographer/share/stella_cartographer/hook/cmake_prefix_path.sh'
[0.811s] Level 1:colcon.colcon_core.environment:checking '/home/yun/colcon_ws/install/stella_cartographer/bin'
[0.811s] Level 1:colcon.colcon_core.environment:checking '/home/yun/colcon_ws/install/stella_cartographer/lib/pkgconfig/stella_cartographer.pc'
[0.811s] Level 1:colcon.colcon_core.environment:checking '/home/yun/colcon_ws/install/stella_cartographer/lib/python3.10/site-packages'
[0.811s] Level 1:colcon.colcon_core.environment:checking '/home/yun/colcon_ws/install/stella_cartographer/bin'
[0.812s] INFO:colcon.colcon_core.shell:Creating package script '/home/yun/colcon_ws/install/stella_cartographer/share/stella_cartographer/package.ps1'
[0.812s] INFO:colcon.colcon_core.shell:Creating package descriptor '/home/yun/colcon_ws/install/stella_cartographer/share/stella_cartographer/package.dsv'
[0.812s] INFO:colcon.colcon_core.shell:Creating package script '/home/yun/colcon_ws/install/stella_cartographer/share/stella_cartographer/package.sh'
[0.812s] INFO:colcon.colcon_core.shell:Creating package script '/home/yun/colcon_ws/install/stella_cartographer/share/stella_cartographer/package.bash'
[0.812s] INFO:colcon.colcon_core.shell:Creating package script '/home/yun/colcon_ws/install/stella_cartographer/share/stella_cartographer/package.zsh'
[0.813s] Level 1:colcon.colcon_core.environment:create_file_with_runtime_dependencies(/home/yun/colcon_ws/install/stella_cartographer/share/colcon-core/packages/stella_cartographer)
[0.813s] Level 1:colcon.colcon_core.environment:create_environment_scripts_only(stella_cartographer)
[0.813s] Level 1:colcon.colcon_core.environment:checking '/home/yun/colcon_ws/install/stella_cartographer' for CMake module files
[0.813s] Level 1:colcon.colcon_core.environment:checking '/home/yun/colcon_ws/install/stella_cartographer' for CMake config files
[0.813s] Level 1:colcon.colcon_core.shell:create_environment_hook('stella_cartographer', 'cmake_prefix_path')
[0.814s] INFO:colcon.colcon_core.shell:Creating environment hook '/home/yun/colcon_ws/install/stella_cartographer/share/stella_cartographer/hook/cmake_prefix_path.ps1'
[0.814s] INFO:colcon.colcon_core.shell:Creating environment descriptor '/home/yun/colcon_ws/install/stella_cartographer/share/stella_cartographer/hook/cmake_prefix_path.dsv'
[0.814s] INFO:colcon.colcon_core.shell:Creating environment hook '/home/yun/colcon_ws/install/stella_cartographer/share/stella_cartographer/hook/cmake_prefix_path.sh'
[0.814s] Level 1:colcon.colcon_core.environment:checking '/home/yun/colcon_ws/install/stella_cartographer/bin'
[0.814s] Level 1:colcon.colcon_core.environment:checking '/home/yun/colcon_ws/install/stella_cartographer/lib/pkgconfig/stella_cartographer.pc'
[0.814s] Level 1:colcon.colcon_core.environment:checking '/home/yun/colcon_ws/install/stella_cartographer/lib/python3.10/site-packages'
[0.815s] Level 1:colcon.colcon_core.environment:checking '/home/yun/colcon_ws/install/stella_cartographer/bin'
[0.815s] INFO:colcon.colcon_core.shell:Creating package script '/home/yun/colcon_ws/install/stella_cartographer/share/stella_cartographer/package.ps1'
[0.815s] INFO:colcon.colcon_core.shell:Creating package descriptor '/home/yun/colcon_ws/install/stella_cartographer/share/stella_cartographer/package.dsv'
[0.815s] INFO:colcon.colcon_core.shell:Creating package script '/home/yun/colcon_ws/install/stella_cartographer/share/stella_cartographer/package.sh'
[0.816s] INFO:colcon.colcon_core.shell:Creating package script '/home/yun/colcon_ws/install/stella_cartographer/share/stella_cartographer/package.bash'
[0.816s] INFO:colcon.colcon_core.shell:Creating package script '/home/yun/colcon_ws/install/stella_cartographer/share/stella_cartographer/package.zsh'
[0.816s] Level 1:colcon.colcon_core.environment:create_file_with_runtime_dependencies(/home/yun/colcon_ws/install/stella_cartographer/share/colcon-core/packages/stella_cartographer)
[1.010s] DEBUG:colcon.colcon_core.event_handler.log_command:Invoking command in '/home/yun/colcon_ws/src/STELLA_REMOTE_PC_ROS2/stella_teleop': PYTHONPATH=/home/yun/colcon_ws/build/stella_teleop/prefix_override:/usr/lib/python3/dist-packages/colcon_core/task/python/colcon_distutils_commands:/home/yun/colcon_ws/install/stella_teleop/lib/python3.10/site-packages:${PYTHONPATH} /usr/bin/python3 -W ignore:setup.py install is deprecated -W ignore:easy_install command is deprecated setup.py egg_info --egg-base ../../../build/stella_teleop build --build-base /home/yun/colcon_ws/build/stella_teleop/build install --record /home/yun/colcon_ws/build/stella_teleop/install.log --single-version-externally-managed install_data
[1.011s] DEBUG:colcon.colcon_core.event_handler.log_command:Invoking command in '/home/yun/colcon_ws/src/STELLA_REMOTE_PC_ROS2/nav2_gps_waypoint_follower_demo': PYTHONPATH=/home/yun/colcon_ws/build/nav2_gps_waypoint_follower_demo/prefix_override:/usr/lib/python3/dist-packages/colcon_core/task/python/colcon_distutils_commands:/home/yun/colcon_ws/install/nav2_gps_waypoint_follower_demo/lib/python3.10/site-packages:${PYTHONPATH} /usr/bin/python3 -W ignore:setup.py install is deprecated -W ignore:easy_install command is deprecated setup.py egg_info --egg-base ../../../build/nav2_gps_waypoint_follower_demo build --build-base /home/yun/colcon_ws/build/nav2_gps_waypoint_follower_demo/build install --record /home/yun/colcon_ws/build/nav2_gps_waypoint_follower_demo/install.log --single-version-externally-managed install_data
[1.219s] Level 1:colcon.colcon_core.environment:checking '/home/yun/colcon_ws/install/stella_teleop' for CMake module files
[1.220s] DEBUG:colcon.colcon_core.event_handler.log_command:Invoked command in '/home/yun/colcon_ws/src/STELLA_REMOTE_PC_ROS2/stella_teleop' returned '0': PYTHONPATH=/home/yun/colcon_ws/build/stella_teleop/prefix_override:/usr/lib/python3/dist-packages/colcon_core/task/python/colcon_distutils_commands:/home/yun/colcon_ws/install/stella_teleop/lib/python3.10/site-packages:${PYTHONPATH} /usr/bin/python3 -W ignore:setup.py install is deprecated -W ignore:easy_install command is deprecated setup.py egg_info --egg-base ../../../build/stella_teleop build --build-base /home/yun/colcon_ws/build/stella_teleop/build install --record /home/yun/colcon_ws/build/stella_teleop/install.log --single-version-externally-managed install_data
[1.220s] Level 1:colcon.colcon_core.environment:checking '/home/yun/colcon_ws/install/stella_teleop' for CMake config files
[1.221s] Level 1:colcon.colcon_core.environment:checking '/home/yun/colcon_ws/install/stella_teleop/lib'
[1.221s] Level 1:colcon.colcon_core.environment:checking '/home/yun/colcon_ws/install/stella_teleop/bin'
[1.221s] Level 1:colcon.colcon_core.environment:checking '/home/yun/colcon_ws/install/stella_teleop/lib/pkgconfig/stella_teleop.pc'
[1.221s] Level 1:colcon.colcon_core.environment:checking '/home/yun/colcon_ws/install/stella_teleop/lib/python3.10/site-packages'
[1.221s] Level 1:colcon.colcon_core.shell:create_environment_hook('stella_teleop', 'pythonpath')
[1.221s] INFO:colcon.colcon_core.shell:Creating environment hook '/home/yun/colcon_ws/install/stella_teleop/share/stella_teleop/hook/pythonpath.ps1'
[1.222s] INFO:colcon.colcon_core.shell:Creating environment descriptor '/home/yun/colcon_ws/install/stella_teleop/share/stella_teleop/hook/pythonpath.dsv'
[1.222s] INFO:colcon.colcon_core.shell:Creating environment hook '/home/yun/colcon_ws/install/stella_teleop/share/stella_teleop/hook/pythonpath.sh'
[1.222s] Level 1:colcon.colcon_core.environment:checking '/home/yun/colcon_ws/install/stella_teleop/bin'
[1.222s] Level 1:colcon.colcon_core.environment:create_environment_scripts_only(stella_teleop)
[1.223s] INFO:colcon.colcon_core.shell:Creating package script '/home/yun/colcon_ws/install/stella_teleop/share/stella_teleop/package.ps1'
[1.223s] INFO:colcon.colcon_core.shell:Creating package descriptor '/home/yun/colcon_ws/install/stella_teleop/share/stella_teleop/package.dsv'
[1.223s] INFO:colcon.colcon_core.shell:Creating package script '/home/yun/colcon_ws/install/stella_teleop/share/stella_teleop/package.sh'
[1.223s] INFO:colcon.colcon_core.shell:Creating package script '/home/yun/colcon_ws/install/stella_teleop/share/stella_teleop/package.bash'
[1.224s] INFO:colcon.colcon_core.shell:Creating package script '/home/yun/colcon_ws/install/stella_teleop/share/stella_teleop/package.zsh'
[1.224s] Level 1:colcon.colcon_core.environment:create_file_with_runtime_dependencies(/home/yun/colcon_ws/install/stella_teleop/share/colcon-core/packages/stella_teleop)
[1.225s] Level 1:colcon.colcon_core.environment:checking '/home/yun/colcon_ws/install/nav2_gps_waypoint_follower_demo' for CMake module files
[1.226s] Level 1:colcon.colcon_core.environment:checking '/home/yun/colcon_ws/install/nav2_gps_waypoint_follower_demo' for CMake config files
[1.226s] DEBUG:colcon.colcon_core.event_handler.log_command:Invoked command in '/home/yun/colcon_ws/src/STELLA_REMOTE_PC_ROS2/nav2_gps_waypoint_follower_demo' returned '0': PYTHONPATH=/home/yun/colcon_ws/build/nav2_gps_waypoint_follower_demo/prefix_override:/usr/lib/python3/dist-packages/colcon_core/task/python/colcon_distutils_commands:/home/yun/colcon_ws/install/nav2_gps_waypoint_follower_demo/lib/python3.10/site-packages:${PYTHONPATH} /usr/bin/python3 -W ignore:setup.py install is deprecated -W ignore:easy_install command is deprecated setup.py egg_info --egg-base ../../../build/nav2_gps_waypoint_follower_demo build --build-base /home/yun/colcon_ws/build/nav2_gps_waypoint_follower_demo/build install --record /home/yun/colcon_ws/build/nav2_gps_waypoint_follower_demo/install.log --single-version-externally-managed install_data
[1.226s] Level 1:colcon.colcon_core.environment:checking '/home/yun/colcon_ws/install/nav2_gps_waypoint_follower_demo/lib'
[1.226s] Level 1:colcon.colcon_core.environment:checking '/home/yun/colcon_ws/install/nav2_gps_waypoint_follower_demo/bin'
[1.226s] Level 1:colcon.colcon_core.environment:checking '/home/yun/colcon_ws/install/nav2_gps_waypoint_follower_demo/lib/pkgconfig/nav2_gps_waypoint_follower_demo.pc'
[1.227s] Level 1:colcon.colcon_core.environment:checking '/home/yun/colcon_ws/install/nav2_gps_waypoint_follower_demo/lib/python3.10/site-packages'
[1.227s] Level 1:colcon.colcon_core.shell:create_environment_hook('nav2_gps_waypoint_follower_demo', 'pythonpath')
[1.227s] INFO:colcon.colcon_core.shell:Creating environment hook '/home/yun/colcon_ws/install/nav2_gps_waypoint_follower_demo/share/nav2_gps_waypoint_follower_demo/hook/pythonpath.ps1'
[1.227s] INFO:colcon.colcon_core.shell:Creating environment descriptor '/home/yun/colcon_ws/install/nav2_gps_waypoint_follower_demo/share/nav2_gps_waypoint_follower_demo/hook/pythonpath.dsv'
[1.227s] INFO:colcon.colcon_core.shell:Creating environment hook '/home/yun/colcon_ws/install/nav2_gps_waypoint_follower_demo/share/nav2_gps_waypoint_follower_demo/hook/pythonpath.sh'
[1.228s] Level 1:colcon.colcon_core.environment:checking '/home/yun/colcon_ws/install/nav2_gps_waypoint_follower_demo/bin'
[1.228s] Level 1:colcon.colcon_core.environment:create_environment_scripts_only(nav2_gps_waypoint_follower_demo)
[1.228s] INFO:colcon.colcon_core.shell:Creating package script '/home/yun/colcon_ws/install/nav2_gps_waypoint_follower_demo/share/nav2_gps_waypoint_follower_demo/package.ps1'
[1.228s] INFO:colcon.colcon_core.shell:Creating package descriptor '/home/yun/colcon_ws/install/nav2_gps_waypoint_follower_demo/share/nav2_gps_waypoint_follower_demo/package.dsv'
[1.228s] INFO:colcon.colcon_core.shell:Creating package script '/home/yun/colcon_ws/install/nav2_gps_waypoint_follower_demo/share/nav2_gps_waypoint_follower_demo/package.sh'
[1.229s] INFO:colcon.colcon_core.shell:Creating package script '/home/yun/colcon_ws/install/nav2_gps_waypoint_follower_demo/share/nav2_gps_waypoint_follower_demo/package.bash'
[1.229s] INFO:colcon.colcon_core.shell:Creating package script '/home/yun/colcon_ws/install/nav2_gps_waypoint_follower_demo/share/nav2_gps_waypoint_follower_demo/package.zsh'
[1.229s] Level 1:colcon.colcon_core.environment:create_file_with_runtime_dependencies(/home/yun/colcon_ws/install/nav2_gps_waypoint_follower_demo/share/colcon-core/packages/nav2_gps_waypoint_follower_demo)
[1.229s] DEBUG:colcon.colcon_parallel_executor.executor.parallel:closing loop
[1.229s] DEBUG:colcon.colcon_parallel_executor.executor.parallel:loop closed
[1.230s] DEBUG:colcon.colcon_parallel_executor.executor.parallel:run_until_complete finished with '0'
[1.230s] DEBUG:colcon.colcon_core.event_reactor:joining thread
[1.234s] INFO:colcon.colcon_core.plugin_system:Skipping extension 'colcon_notification.desktop_notification.terminal_notifier': Not used on non-Darwin systems
[1.234s] INFO:colcon.colcon_core.plugin_system:Skipping extension 'colcon_notification.desktop_notification.win32': Not used on non-Windows systems
[1.234s] INFO:colcon.colcon_notification.desktop_notification:Sending desktop notification using 'notify2'
[1.248s] DEBUG:colcon.colcon_core.event_reactor:joined thread
[1.248s] INFO:colcon.colcon_core.shell:Creating prefix script '/home/yun/colcon_ws/install/local_setup.ps1'
[1.249s] INFO:colcon.colcon_core.shell:Creating prefix util module '/home/yun/colcon_ws/install/_local_setup_util_ps1.py'
[1.251s] INFO:colcon.colcon_core.shell:Creating prefix chain script '/home/yun/colcon_ws/install/setup.ps1'
[1.255s] INFO:colcon.colcon_core.shell:Creating prefix script '/home/yun/colcon_ws/install/local_setup.sh'
[1.256s] INFO:colcon.colcon_core.shell:Creating prefix util module '/home/yun/colcon_ws/install/_local_setup_util_sh.py'
[1.257s] INFO:colcon.colcon_core.shell:Creating prefix chain script '/home/yun/colcon_ws/install/setup.sh'
[1.260s] INFO:colcon.colcon_core.shell:Creating prefix script '/home/yun/colcon_ws/install/local_setup.bash'
[1.260s] INFO:colcon.colcon_core.shell:Creating prefix chain script '/home/yun/colcon_ws/install/setup.bash'
[1.263s] INFO:colcon.colcon_core.shell:Creating prefix script '/home/yun/colcon_ws/install/local_setup.zsh'
[1.263s] INFO:colcon.colcon_core.shell:Creating prefix chain script '/home/yun/colcon_ws/install/setup.zsh'
