[0.014s] Invoking command in '/home/yun/colcon_ws/build/stella_navigation2': CMAKE_PREFIX_PATH=${CMAKE_PREFIX_PATH}:/home/yun/colcon_ws/install/stella_teleop:/opt/ros/humble /usr/bin/cmake --build /home/yun/colcon_ws/build/stella_navigation2 -- -j20 -l20
[0.176s] Invoked command in '/home/yun/colcon_ws/build/stella_navigation2' returned '0': CMAKE_PREFIX_PATH=${CMAKE_PREFIX_PATH}:/home/yun/colcon_ws/install/stella_teleop:/opt/ros/humble /usr/bin/cmake --build /home/yun/colcon_ws/build/stella_navigation2 -- -j20 -l20
[0.185s] Invoking command in '/home/yun/colcon_ws/build/stella_navigation2': CMAKE_PREFIX_PATH=${CMAKE_PREFIX_PATH}:/home/yun/colcon_ws/install/stella_teleop:/opt/ros/humble /usr/bin/cmake --install /home/yun/colcon_ws/build/stella_navigation2
[0.191s] -- Install configuration: ""
[0.192s] -- Up-to-date: /home/yun/colcon_ws/install/stella_navigation2/share/stella_navigation2/launch
[0.192s] -- Up-to-date: /home/yun/colcon_ws/install/stella_navigation2/share/stella_navigation2/launch/navigation2.launch.py
[0.192s] -- Up-to-date: /home/yun/colcon_ws/install/stella_navigation2/share/stella_navigation2/map
[0.192s] -- Up-to-date: /home/yun/colcon_ws/install/stella_navigation2/share/stella_navigation2/map/stella_world.yaml
[0.192s] -- Up-to-date: /home/yun/colcon_ws/install/stella_navigation2/share/stella_navigation2/map/stella_world.pgm
[0.192s] -- Up-to-date: /home/yun/colcon_ws/install/stella_navigation2/share/stella_navigation2/param
[0.192s] -- Up-to-date: /home/yun/colcon_ws/install/stella_navigation2/share/stella_navigation2/param/stella.yaml
[0.192s] -- Up-to-date: /home/yun/colcon_ws/install/stella_navigation2/share/stella_navigation2/rviz
[0.193s] -- Up-to-date: /home/yun/colcon_ws/install/stella_navigation2/share/stella_navigation2/rviz/stella_navigation2.rviz
[0.193s] -- Up-to-date: /home/yun/colcon_ws/install/stella_navigation2/share/ament_index/resource_index/package_run_dependencies/stella_navigation2
[0.193s] -- Up-to-date: /home/yun/colcon_ws/install/stella_navigation2/share/ament_index/resource_index/parent_prefix_path/stella_navigation2
[0.193s] -- Up-to-date: /home/yun/colcon_ws/install/stella_navigation2/share/stella_navigation2/environment/ament_prefix_path.sh
[0.193s] -- Up-to-date: /home/yun/colcon_ws/install/stella_navigation2/share/stella_navigation2/environment/ament_prefix_path.dsv
[0.193s] -- Up-to-date: /home/yun/colcon_ws/install/stella_navigation2/share/stella_navigation2/environment/path.sh
[0.193s] -- Up-to-date: /home/yun/colcon_ws/install/stella_navigation2/share/stella_navigation2/environment/path.dsv
[0.193s] -- Up-to-date: /home/yun/colcon_ws/install/stella_navigation2/share/stella_navigation2/local_setup.bash
[0.193s] -- Up-to-date: /home/yun/colcon_ws/install/stella_navigation2/share/stella_navigation2/local_setup.sh
[0.194s] -- Up-to-date: /home/yun/colcon_ws/install/stella_navigation2/share/stella_navigation2/local_setup.zsh
[0.194s] -- Up-to-date: /home/yun/colcon_ws/install/stella_navigation2/share/stella_navigation2/local_setup.dsv
[0.194s] -- Installing: /home/yun/colcon_ws/install/stella_navigation2/share/stella_navigation2/package.dsv
[0.194s] -- Up-to-date: /home/yun/colcon_ws/install/stella_navigation2/share/ament_index/resource_index/packages/stella_navigation2
[0.194s] -- Up-to-date: /home/yun/colcon_ws/install/stella_navigation2/share/stella_navigation2/cmake/stella_navigation2Config.cmake
[0.194s] -- Up-to-date: /home/yun/colcon_ws/install/stella_navigation2/share/stella_navigation2/cmake/stella_navigation2Config-version.cmake
[0.194s] -- Up-to-date: /home/yun/colcon_ws/install/stella_navigation2/share/stella_navigation2/package.xml
[0.199s] Invoked command in '/home/yun/colcon_ws/build/stella_navigation2' returned '0': CMAKE_PREFIX_PATH=${CMAKE_PREFIX_PATH}:/home/yun/colcon_ws/install/stella_teleop:/opt/ros/humble /usr/bin/cmake --install /home/yun/colcon_ws/build/stella_navigation2
