[0.012s] Invoking command in '/home/yun/colcon_ws/build/stella_navigation2': CMAKE_PREFIX_PATH=${CMAKE_PREFIX_PATH}:/home/yun/colcon_ws/install/stella_teleop:/opt/ros/humble /usr/bin/cmake /home/yun/colcon_ws/src/STELLA_REMOTE_PC_ROS2/stella_navigation2 -DCMAKE_INSTALL_PREFIX=/home/yun/colcon_ws/install/stella_navigation2
[0.021s] -- Found ament_cmake: 1.3.11 (/opt/ros/humble/share/ament_cmake/cmake)
[0.107s] -- Override CMake install command with custom implementation using symlinks instead of copying resources
[0.159s] -- Configuring done
[0.162s] -- Generating done
[0.164s] -- Build files have been written to: /home/yun/colcon_ws/build/stella_navigation2
[0.185s] Invoked command in '/home/yun/colcon_ws/build/stella_navigation2' returned '0': CMAKE_PREFIX_PATH=${CMAKE_PREFIX_PATH}:/home/yun/colcon_ws/install/stella_teleop:/opt/ros/humble /usr/bin/cmake /home/yun/colcon_ws/src/STELLA_REMOTE_PC_ROS2/stella_navigation2 -DCMAKE_INSTALL_PREFIX=/home/yun/colcon_ws/install/stella_navigation2
[0.185s] Invoking command in '/home/yun/colcon_ws/build/stella_navigation2': CMAKE_PREFIX_PATH=${CMAKE_PREFIX_PATH}:/home/yun/colcon_ws/install/stella_teleop:/opt/ros/humble /usr/bin/cmake --build /home/yun/colcon_ws/build/stella_navigation2 -- -j20 -l20
[0.227s] Invoked command in '/home/yun/colcon_ws/build/stella_navigation2' returned '0': CMAKE_PREFIX_PATH=${CMAKE_PREFIX_PATH}:/home/yun/colcon_ws/install/stella_teleop:/opt/ros/humble /usr/bin/cmake --build /home/yun/colcon_ws/build/stella_navigation2 -- -j20 -l20
[0.229s] Invoking command in '/home/yun/colcon_ws/build/stella_navigation2': CMAKE_PREFIX_PATH=${CMAKE_PREFIX_PATH}:/home/yun/colcon_ws/install/stella_teleop:/opt/ros/humble /usr/bin/cmake --install /home/yun/colcon_ws/build/stella_navigation2
[0.233s] -- Install configuration: ""
[0.233s] -- Execute custom install script
[0.234s] -- Up-to-date symlink: /home/yun/colcon_ws/install/stella_navigation2/share/stella_navigation2/launch/navigation2.launch.py
[0.234s] -- Up-to-date symlink: /home/yun/colcon_ws/install/stella_navigation2/share/stella_navigation2/map/stella_world.pgm
[0.234s] -- Up-to-date symlink: /home/yun/colcon_ws/install/stella_navigation2/share/stella_navigation2/map/stella_world.yaml
[0.234s] -- Up-to-date symlink: /home/yun/colcon_ws/install/stella_navigation2/share/stella_navigation2/param/stella.yaml
[0.234s] -- Up-to-date symlink: /home/yun/colcon_ws/install/stella_navigation2/share/stella_navigation2/rviz/stella_navigation2.rviz
[0.235s] -- Up-to-date symlink: /home/yun/colcon_ws/install/stella_navigation2/share/ament_index/resource_index/package_run_dependencies/stella_navigation2
[0.235s] -- Up-to-date symlink: /home/yun/colcon_ws/install/stella_navigation2/share/ament_index/resource_index/parent_prefix_path/stella_navigation2
[0.235s] -- Up-to-date symlink: /home/yun/colcon_ws/install/stella_navigation2/share/stella_navigation2/environment/ament_prefix_path.sh
[0.235s] -- Up-to-date symlink: /home/yun/colcon_ws/install/stella_navigation2/share/stella_navigation2/environment/ament_prefix_path.dsv
[0.235s] -- Up-to-date symlink: /home/yun/colcon_ws/install/stella_navigation2/share/stella_navigation2/environment/path.sh
[0.235s] -- Up-to-date symlink: /home/yun/colcon_ws/install/stella_navigation2/share/stella_navigation2/environment/path.dsv
[0.235s] -- Up-to-date symlink: /home/yun/colcon_ws/install/stella_navigation2/share/stella_navigation2/local_setup.bash
[0.235s] -- Up-to-date symlink: /home/yun/colcon_ws/install/stella_navigation2/share/stella_navigation2/local_setup.sh
[0.235s] -- Up-to-date symlink: /home/yun/colcon_ws/install/stella_navigation2/share/stella_navigation2/local_setup.zsh
[0.235s] -- Up-to-date symlink: /home/yun/colcon_ws/install/stella_navigation2/share/stella_navigation2/local_setup.dsv
[0.236s] -- Symlinking: /home/yun/colcon_ws/install/stella_navigation2/share/stella_navigation2/package.dsv
[0.243s] -- Up-to-date symlink: /home/yun/colcon_ws/install/stella_navigation2/share/ament_index/resource_index/packages/stella_navigation2
[0.243s] -- Up-to-date symlink: /home/yun/colcon_ws/install/stella_navigation2/share/stella_navigation2/cmake/stella_navigation2Config.cmake
[0.243s] -- Up-to-date symlink: /home/yun/colcon_ws/install/stella_navigation2/share/stella_navigation2/cmake/stella_navigation2Config-version.cmake
[0.243s] -- Up-to-date symlink: /home/yun/colcon_ws/install/stella_navigation2/share/stella_navigation2/package.xml
[0.259s] Invoked command in '/home/yun/colcon_ws/build/stella_navigation2' returned '0': CMAKE_PREFIX_PATH=${CMAKE_PREFIX_PATH}:/home/yun/colcon_ws/install/stella_teleop:/opt/ros/humble /usr/bin/cmake --install /home/yun/colcon_ws/build/stella_navigation2
