[2.674s] Invoking command in '/home/yun/colcon_ws/src/STELLA_REMOTE_PC_ROS2/stella_teleop': PYTHONPATH=/home/yun/colcon_ws/build/stella_teleop/prefix_override:/usr/lib/python3/dist-packages/colcon_core/task/python/colcon_distutils_commands:/home/yun/colcon_ws/install/stella_teleop/lib/python3.10/site-packages:${PYTHONPATH} /usr/bin/python3 -W ignore:setup.py install is deprecated -W ignore:easy_install command is deprecated setup.py egg_info --egg-base ../../../build/stella_teleop build --build-base /home/yun/colcon_ws/build/stella_teleop/build install --record /home/yun/colcon_ws/build/stella_teleop/install.log --single-version-externally-managed install_data
[3.398s] running egg_info
[3.400s] writing ../../../build/stella_teleop/stella_teleop.egg-info/PKG-INFO
[3.400s] writing dependency_links to ../../../build/stella_teleop/stella_teleop.egg-info/dependency_links.txt
[3.401s] writing entry points to ../../../build/stella_teleop/stella_teleop.egg-info/entry_points.txt
[3.401s] writing requirements to ../../../build/stella_teleop/stella_teleop.egg-info/requires.txt
[3.401s] writing top-level names to ../../../build/stella_teleop/stella_teleop.egg-info/top_level.txt
[3.405s] reading manifest file '../../../build/stella_teleop/stella_teleop.egg-info/SOURCES.txt'
[3.407s] writing manifest file '../../../build/stella_teleop/stella_teleop.egg-info/SOURCES.txt'
[3.408s] running build
[3.408s] running build_py
[3.408s] copying stella_teleop/script/teleop_keyboard.py -> /home/yun/colcon_ws/build/stella_teleop/build/lib/stella_teleop/script
[3.409s] running install
[3.410s] running install_lib
[3.412s] copying /home/yun/colcon_ws/build/stella_teleop/build/lib/stella_teleop/script/teleop_keyboard.py -> /home/yun/colcon_ws/install/stella_teleop/lib/python3.10/site-packages/stella_teleop/script
[3.414s] byte-compiling /home/yun/colcon_ws/install/stella_teleop/lib/python3.10/site-packages/stella_teleop/script/teleop_keyboard.py to teleop_keyboard.cpython-310.pyc
[3.416s] running install_data
[3.417s] running install_egg_info
[3.421s] removing '/home/yun/colcon_ws/install/stella_teleop/lib/python3.10/site-packages/stella_teleop-2.1.2-py3.10.egg-info' (and everything under it)
[3.422s] Copying ../../../build/stella_teleop/stella_teleop.egg-info to /home/yun/colcon_ws/install/stella_teleop/lib/python3.10/site-packages/stella_teleop-2.1.2-py3.10.egg-info
[3.423s] running install_scripts
[3.480s] Installing teleop_keyboard script to /home/yun/colcon_ws/install/stella_teleop/lib/stella_teleop
[3.481s] writing list of installed files to '/home/yun/colcon_ws/build/stella_teleop/install.log'
[3.545s] Invoked command in '/home/yun/colcon_ws/src/STELLA_REMOTE_PC_ROS2/stella_teleop' returned '0': PYTHONPATH=/home/yun/colcon_ws/build/stella_teleop/prefix_override:/usr/lib/python3/dist-packages/colcon_core/task/python/colcon_distutils_commands:/home/yun/colcon_ws/install/stella_teleop/lib/python3.10/site-packages:${PYTHONPATH} /usr/bin/python3 -W ignore:setup.py install is deprecated -W ignore:easy_install command is deprecated setup.py egg_info --egg-base ../../../build/stella_teleop build --build-base /home/yun/colcon_ws/build/stella_teleop/build install --record /home/yun/colcon_ws/build/stella_teleop/install.log --single-version-externally-managed install_data
