[0.296s] DEBUG:colcon:Command line arguments: ['/usr/bin/colcon', 'build']
[0.296s] DEBUG:colcon:Parsed command line arguments: Namespace(log_base=None, log_level=None, verb_name='build', build_base='build', install_base='install', merge_install=False, symlink_install=False, test_result_base=None, continue_on_error=False, executor='parallel', parallel_workers=20, event_handlers=None, ignore_user_meta=False, metas=['./colcon.meta'], base_paths=['.'], packages_ignore=None, packages_ignore_regex=None, paths=None, packages_up_to=None, packages_up_to_regex=None, packages_above=None, packages_above_and_dependencies=None, packages_above_depth=None, packages_select_by_dep=None, packages_skip_by_dep=None, packages_skip_up_to=None, packages_select_build_failed=False, packages_skip_build_finished=False, packages_select_test_failures=False, packages_skip_test_passed=False, packages_select=None, packages_skip=None, packages_select_regex=None, packages_skip_regex=None, packages_start=None, packages_end=None, allow_overriding=[], cmake_args=None, cmake_target=None, cmake_target_skip_unavailable=False, cmake_clean_cache=False, cmake_clean_first=False, cmake_force_configure=False, ament_cmake_args=None, catkin_cmake_args=None, catkin_skip_building_tests=False, verb_parser=<colcon_defaults.argument_parser.defaults.DefaultArgumentsDecorator object at 0x721bcc2c2ec0>, verb_extension=<colcon_core.verb.build.BuildVerb object at 0x721bcc2c2920>, main=<bound method BuildVerb.main of <colcon_core.verb.build.BuildVerb object at 0x721bcc2c2920>>)
[0.687s] Level 1:colcon.colcon_core.package_discovery:discover_packages(colcon_meta) check parameters
[0.687s] Level 1:colcon.colcon_core.package_discovery:discover_packages(recursive) check parameters
[0.687s] Level 1:colcon.colcon_core.package_discovery:discover_packages(ignore) check parameters
[0.688s] Level 1:colcon.colcon_core.package_discovery:discover_packages(path) check parameters
[0.688s] Level 1:colcon.colcon_core.package_discovery:discover_packages(colcon_meta) discover
[0.688s] Level 1:colcon.colcon_core.package_discovery:discover_packages(recursive) discover
[0.688s] INFO:colcon.colcon_core.package_discovery:Crawling recursively for packages in '/home/yun/colcon_ws'
[0.688s] Level 1:colcon.colcon_core.package_identification:_identify(.) by extensions ['ignore', 'ignore_ament_install']
[0.688s] Level 1:colcon.colcon_core.package_identification:_identify(.) by extension 'ignore'
[0.689s] Level 1:colcon.colcon_core.package_identification:_identify(.) by extension 'ignore_ament_install'
[0.689s] Level 1:colcon.colcon_core.package_identification:_identify(.) by extensions ['colcon_pkg']
[0.689s] Level 1:colcon.colcon_core.package_identification:_identify(.) by extension 'colcon_pkg'
[0.689s] Level 1:colcon.colcon_core.package_identification:_identify(.) by extensions ['colcon_meta']
[0.689s] Level 1:colcon.colcon_core.package_identification:_identify(.) by extension 'colcon_meta'
[0.689s] Level 1:colcon.colcon_core.package_identification:_identify(.) by extensions ['ros']
[0.689s] Level 1:colcon.colcon_core.package_identification:_identify(.) by extension 'ros'
[0.712s] Level 1:colcon.colcon_core.package_identification:_identify(.) by extensions ['cmake', 'python']
[0.713s] Level 1:colcon.colcon_core.package_identification:_identify(.) by extension 'cmake'
[0.713s] Level 1:colcon.colcon_core.package_identification:_identify(.) by extension 'python'
[0.713s] Level 1:colcon.colcon_core.package_identification:_identify(.) by extensions ['python_setup_py']
[0.713s] Level 1:colcon.colcon_core.package_identification:_identify(.) by extension 'python_setup_py'
[0.713s] Level 1:colcon.colcon_core.package_identification:_identify(build) by extensions ['ignore', 'ignore_ament_install']
[0.713s] Level 1:colcon.colcon_core.package_identification:_identify(build) by extension 'ignore'
[0.713s] Level 1:colcon.colcon_core.package_identification:_identify(build) ignored
[0.714s] Level 1:colcon.colcon_core.package_identification:_identify(install) by extensions ['ignore', 'ignore_ament_install']
[0.714s] Level 1:colcon.colcon_core.package_identification:_identify(install) by extension 'ignore'
[0.714s] Level 1:colcon.colcon_core.package_identification:_identify(install) ignored
[0.714s] Level 1:colcon.colcon_core.package_identification:_identify(log) by extensions ['ignore', 'ignore_ament_install']
[0.714s] Level 1:colcon.colcon_core.package_identification:_identify(log) by extension 'ignore'
[0.714s] Level 1:colcon.colcon_core.package_identification:_identify(log) ignored
[0.714s] Level 1:colcon.colcon_core.package_identification:_identify(src) by extensions ['ignore', 'ignore_ament_install']
[0.714s] Level 1:colcon.colcon_core.package_identification:_identify(src) by extension 'ignore'
[0.715s] Level 1:colcon.colcon_core.package_identification:_identify(src) by extension 'ignore_ament_install'
[0.715s] Level 1:colcon.colcon_core.package_identification:_identify(src) by extensions ['colcon_pkg']
[0.715s] Level 1:colcon.colcon_core.package_identification:_identify(src) by extension 'colcon_pkg'
[0.715s] Level 1:colcon.colcon_core.package_identification:_identify(src) by extensions ['colcon_meta']
[0.715s] Level 1:colcon.colcon_core.package_identification:_identify(src) by extension 'colcon_meta'
[0.715s] Level 1:colcon.colcon_core.package_identification:_identify(src) by extensions ['ros']
[0.715s] Level 1:colcon.colcon_core.package_identification:_identify(src) by extension 'ros'
[0.715s] Level 1:colcon.colcon_core.package_identification:_identify(src) by extensions ['cmake', 'python']
[0.715s] Level 1:colcon.colcon_core.package_identification:_identify(src) by extension 'cmake'
[0.715s] Level 1:colcon.colcon_core.package_identification:_identify(src) by extension 'python'
[0.715s] Level 1:colcon.colcon_core.package_identification:_identify(src) by extensions ['python_setup_py']
[0.715s] Level 1:colcon.colcon_core.package_identification:_identify(src) by extension 'python_setup_py'
[0.715s] Level 1:colcon.colcon_core.package_identification:_identify(src/STELLA_REMOTE_PC_ROS2) by extensions ['ignore', 'ignore_ament_install']
[0.716s] Level 1:colcon.colcon_core.package_identification:_identify(src/STELLA_REMOTE_PC_ROS2) by extension 'ignore'
[0.716s] Level 1:colcon.colcon_core.package_identification:_identify(src/STELLA_REMOTE_PC_ROS2) by extension 'ignore_ament_install'
[0.716s] Level 1:colcon.colcon_core.package_identification:_identify(src/STELLA_REMOTE_PC_ROS2) by extensions ['colcon_pkg']
[0.716s] Level 1:colcon.colcon_core.package_identification:_identify(src/STELLA_REMOTE_PC_ROS2) by extension 'colcon_pkg'
[0.716s] Level 1:colcon.colcon_core.package_identification:_identify(src/STELLA_REMOTE_PC_ROS2) by extensions ['colcon_meta']
[0.716s] Level 1:colcon.colcon_core.package_identification:_identify(src/STELLA_REMOTE_PC_ROS2) by extension 'colcon_meta'
[0.716s] Level 1:colcon.colcon_core.package_identification:_identify(src/STELLA_REMOTE_PC_ROS2) by extensions ['ros']
[0.716s] Level 1:colcon.colcon_core.package_identification:_identify(src/STELLA_REMOTE_PC_ROS2) by extension 'ros'
[0.716s] Level 1:colcon.colcon_core.package_identification:_identify(src/STELLA_REMOTE_PC_ROS2) by extensions ['cmake', 'python']
[0.716s] Level 1:colcon.colcon_core.package_identification:_identify(src/STELLA_REMOTE_PC_ROS2) by extension 'cmake'
[0.716s] Level 1:colcon.colcon_core.package_identification:_identify(src/STELLA_REMOTE_PC_ROS2) by extension 'python'
[0.716s] Level 1:colcon.colcon_core.package_identification:_identify(src/STELLA_REMOTE_PC_ROS2) by extensions ['python_setup_py']
[0.716s] Level 1:colcon.colcon_core.package_identification:_identify(src/STELLA_REMOTE_PC_ROS2) by extension 'python_setup_py'
[0.717s] Level 1:colcon.colcon_core.package_identification:_identify(src/STELLA_REMOTE_PC_ROS2/nav2_gps_waypoint_follower_demo) by extensions ['ignore', 'ignore_ament_install']
[0.717s] Level 1:colcon.colcon_core.package_identification:_identify(src/STELLA_REMOTE_PC_ROS2/nav2_gps_waypoint_follower_demo) by extension 'ignore'
[0.717s] Level 1:colcon.colcon_core.package_identification:_identify(src/STELLA_REMOTE_PC_ROS2/nav2_gps_waypoint_follower_demo) by extension 'ignore_ament_install'
[0.717s] Level 1:colcon.colcon_core.package_identification:_identify(src/STELLA_REMOTE_PC_ROS2/nav2_gps_waypoint_follower_demo) by extensions ['colcon_pkg']
[0.717s] Level 1:colcon.colcon_core.package_identification:_identify(src/STELLA_REMOTE_PC_ROS2/nav2_gps_waypoint_follower_demo) by extension 'colcon_pkg'
[0.717s] Level 1:colcon.colcon_core.package_identification:_identify(src/STELLA_REMOTE_PC_ROS2/nav2_gps_waypoint_follower_demo) by extensions ['colcon_meta']
[0.717s] Level 1:colcon.colcon_core.package_identification:_identify(src/STELLA_REMOTE_PC_ROS2/nav2_gps_waypoint_follower_demo) by extension 'colcon_meta'
[0.717s] Level 1:colcon.colcon_core.package_identification:_identify(src/STELLA_REMOTE_PC_ROS2/nav2_gps_waypoint_follower_demo) by extensions ['ros']
[0.717s] Level 1:colcon.colcon_core.package_identification:_identify(src/STELLA_REMOTE_PC_ROS2/nav2_gps_waypoint_follower_demo) by extension 'ros'
[0.723s] DEBUG:colcon.colcon_core.package_identification:Package 'src/STELLA_REMOTE_PC_ROS2/nav2_gps_waypoint_follower_demo' with type 'ros.ament_python' and name 'nav2_gps_waypoint_follower_demo'
[0.723s] Level 1:colcon.colcon_core.package_identification:_identify(src/STELLA_REMOTE_PC_ROS2/stella_cartographer) by extensions ['ignore', 'ignore_ament_install']
[0.724s] Level 1:colcon.colcon_core.package_identification:_identify(src/STELLA_REMOTE_PC_ROS2/stella_cartographer) by extension 'ignore'
[0.724s] Level 1:colcon.colcon_core.package_identification:_identify(src/STELLA_REMOTE_PC_ROS2/stella_cartographer) by extension 'ignore_ament_install'
[0.724s] Level 1:colcon.colcon_core.package_identification:_identify(src/STELLA_REMOTE_PC_ROS2/stella_cartographer) by extensions ['colcon_pkg']
[0.724s] Level 1:colcon.colcon_core.package_identification:_identify(src/STELLA_REMOTE_PC_ROS2/stella_cartographer) by extension 'colcon_pkg'
[0.724s] Level 1:colcon.colcon_core.package_identification:_identify(src/STELLA_REMOTE_PC_ROS2/stella_cartographer) by extensions ['colcon_meta']
[0.724s] Level 1:colcon.colcon_core.package_identification:_identify(src/STELLA_REMOTE_PC_ROS2/stella_cartographer) by extension 'colcon_meta'
[0.724s] Level 1:colcon.colcon_core.package_identification:_identify(src/STELLA_REMOTE_PC_ROS2/stella_cartographer) by extensions ['ros']
[0.724s] Level 1:colcon.colcon_core.package_identification:_identify(src/STELLA_REMOTE_PC_ROS2/stella_cartographer) by extension 'ros'
[0.725s] DEBUG:colcon.colcon_core.package_identification:Package 'src/STELLA_REMOTE_PC_ROS2/stella_cartographer' with type 'ros.ament_cmake' and name 'stella_cartographer'
[0.726s] Level 1:colcon.colcon_core.package_identification:_identify(src/STELLA_REMOTE_PC_ROS2/stella_description) by extensions ['ignore', 'ignore_ament_install']
[0.726s] Level 1:colcon.colcon_core.package_identification:_identify(src/STELLA_REMOTE_PC_ROS2/stella_description) by extension 'ignore'
[0.726s] Level 1:colcon.colcon_core.package_identification:_identify(src/STELLA_REMOTE_PC_ROS2/stella_description) by extension 'ignore_ament_install'
[0.726s] Level 1:colcon.colcon_core.package_identification:_identify(src/STELLA_REMOTE_PC_ROS2/stella_description) by extensions ['colcon_pkg']
[0.726s] Level 1:colcon.colcon_core.package_identification:_identify(src/STELLA_REMOTE_PC_ROS2/stella_description) by extension 'colcon_pkg'
[0.726s] Level 1:colcon.colcon_core.package_identification:_identify(src/STELLA_REMOTE_PC_ROS2/stella_description) by extensions ['colcon_meta']
[0.726s] Level 1:colcon.colcon_core.package_identification:_identify(src/STELLA_REMOTE_PC_ROS2/stella_description) by extension 'colcon_meta'
[0.726s] Level 1:colcon.colcon_core.package_identification:_identify(src/STELLA_REMOTE_PC_ROS2/stella_description) by extensions ['ros']
[0.726s] Level 1:colcon.colcon_core.package_identification:_identify(src/STELLA_REMOTE_PC_ROS2/stella_description) by extension 'ros'
[0.727s] DEBUG:colcon.colcon_core.package_identification:Package 'src/STELLA_REMOTE_PC_ROS2/stella_description' with type 'ros.ament_cmake' and name 'stella_description'
[0.728s] Level 1:colcon.colcon_core.package_identification:_identify(src/STELLA_REMOTE_PC_ROS2/stella_navigation2) by extensions ['ignore', 'ignore_ament_install']
[0.728s] Level 1:colcon.colcon_core.package_identification:_identify(src/STELLA_REMOTE_PC_ROS2/stella_navigation2) by extension 'ignore'
[0.728s] Level 1:colcon.colcon_core.package_identification:_identify(src/STELLA_REMOTE_PC_ROS2/stella_navigation2) by extension 'ignore_ament_install'
[0.728s] Level 1:colcon.colcon_core.package_identification:_identify(src/STELLA_REMOTE_PC_ROS2/stella_navigation2) by extensions ['colcon_pkg']
[0.728s] Level 1:colcon.colcon_core.package_identification:_identify(src/STELLA_REMOTE_PC_ROS2/stella_navigation2) by extension 'colcon_pkg'
[0.728s] Level 1:colcon.colcon_core.package_identification:_identify(src/STELLA_REMOTE_PC_ROS2/stella_navigation2) by extensions ['colcon_meta']
[0.728s] Level 1:colcon.colcon_core.package_identification:_identify(src/STELLA_REMOTE_PC_ROS2/stella_navigation2) by extension 'colcon_meta'
[0.728s] Level 1:colcon.colcon_core.package_identification:_identify(src/STELLA_REMOTE_PC_ROS2/stella_navigation2) by extensions ['ros']
[0.728s] Level 1:colcon.colcon_core.package_identification:_identify(src/STELLA_REMOTE_PC_ROS2/stella_navigation2) by extension 'ros'
[0.730s] DEBUG:colcon.colcon_core.package_identification:Package 'src/STELLA_REMOTE_PC_ROS2/stella_navigation2' with type 'ros.ament_cmake' and name 'stella_navigation2'
[0.730s] Level 1:colcon.colcon_core.package_identification:_identify(src/STELLA_REMOTE_PC_ROS2/stella_teleop) by extensions ['ignore', 'ignore_ament_install']
[0.730s] Level 1:colcon.colcon_core.package_identification:_identify(src/STELLA_REMOTE_PC_ROS2/stella_teleop) by extension 'ignore'
[0.730s] Level 1:colcon.colcon_core.package_identification:_identify(src/STELLA_REMOTE_PC_ROS2/stella_teleop) by extension 'ignore_ament_install'
[0.730s] Level 1:colcon.colcon_core.package_identification:_identify(src/STELLA_REMOTE_PC_ROS2/stella_teleop) by extensions ['colcon_pkg']
[0.730s] Level 1:colcon.colcon_core.package_identification:_identify(src/STELLA_REMOTE_PC_ROS2/stella_teleop) by extension 'colcon_pkg'
[0.730s] Level 1:colcon.colcon_core.package_identification:_identify(src/STELLA_REMOTE_PC_ROS2/stella_teleop) by extensions ['colcon_meta']
[0.730s] Level 1:colcon.colcon_core.package_identification:_identify(src/STELLA_REMOTE_PC_ROS2/stella_teleop) by extension 'colcon_meta'
[0.731s] Level 1:colcon.colcon_core.package_identification:_identify(src/STELLA_REMOTE_PC_ROS2/stella_teleop) by extensions ['ros']
[0.731s] Level 1:colcon.colcon_core.package_identification:_identify(src/STELLA_REMOTE_PC_ROS2/stella_teleop) by extension 'ros'
[0.732s] DEBUG:colcon.colcon_core.package_identification:Package 'src/STELLA_REMOTE_PC_ROS2/stella_teleop' with type 'ros.ament_python' and name 'stella_teleop'
[0.732s] Level 1:colcon.colcon_core.package_discovery:discover_packages(recursive) using defaults
[0.732s] Level 1:colcon.colcon_core.package_discovery:discover_packages(ignore) discover
[0.732s] Level 1:colcon.colcon_core.package_discovery:discover_packages(ignore) using defaults
[0.732s] Level 1:colcon.colcon_core.package_discovery:discover_packages(path) discover
[0.732s] Level 1:colcon.colcon_core.package_discovery:discover_packages(path) using defaults
[0.803s] Level 1:colcon.colcon_core.package_discovery:discover_packages(prefix_path) check parameters
[0.804s] Level 1:colcon.colcon_core.package_discovery:discover_packages(prefix_path) discover
[0.811s] DEBUG:colcon.colcon_installed_package_information.package_discovery:Found 5 installed packages in /home/yun/colcon_ws/install
[0.814s] DEBUG:colcon.colcon_installed_package_information.package_discovery:Found 62 installed packages in /home/yun/test/install
[0.819s] DEBUG:colcon.colcon_installed_package_information.package_discovery:Found 417 installed packages in /opt/ros/humble
[0.828s] Level 1:colcon.colcon_core.package_discovery:discover_packages(prefix_path) using defaults
[0.939s] Level 5:colcon.colcon_core.verb:set package 'nav2_gps_waypoint_follower_demo' build argument 'cmake_args' from command line to 'None'
[0.940s] Level 5:colcon.colcon_core.verb:set package 'nav2_gps_waypoint_follower_demo' build argument 'cmake_target' from command line to 'None'
[0.940s] Level 5:colcon.colcon_core.verb:set package 'nav2_gps_waypoint_follower_demo' build argument 'cmake_target_skip_unavailable' from command line to 'False'
[0.940s] Level 5:colcon.colcon_core.verb:set package 'nav2_gps_waypoint_follower_demo' build argument 'cmake_clean_cache' from command line to 'False'
[0.940s] Level 5:colcon.colcon_core.verb:set package 'nav2_gps_waypoint_follower_demo' build argument 'cmake_clean_first' from command line to 'False'
[0.940s] Level 5:colcon.colcon_core.verb:set package 'nav2_gps_waypoint_follower_demo' build argument 'cmake_force_configure' from command line to 'False'
[0.940s] Level 5:colcon.colcon_core.verb:set package 'nav2_gps_waypoint_follower_demo' build argument 'ament_cmake_args' from command line to 'None'
[0.940s] Level 5:colcon.colcon_core.verb:set package 'nav2_gps_waypoint_follower_demo' build argument 'catkin_cmake_args' from command line to 'None'
[0.940s] Level 5:colcon.colcon_core.verb:set package 'nav2_gps_waypoint_follower_demo' build argument 'catkin_skip_building_tests' from command line to 'False'
[0.940s] DEBUG:colcon.colcon_core.verb:Building package 'nav2_gps_waypoint_follower_demo' with the following arguments: {'ament_cmake_args': None, 'build_base': '/home/yun/colcon_ws/build/nav2_gps_waypoint_follower_demo', 'catkin_cmake_args': None, 'catkin_skip_building_tests': False, 'cmake_args': None, 'cmake_clean_cache': False, 'cmake_clean_first': False, 'cmake_force_configure': False, 'cmake_target': None, 'cmake_target_skip_unavailable': False, 'install_base': '/home/yun/colcon_ws/install/nav2_gps_waypoint_follower_demo', 'merge_install': False, 'path': '/home/yun/colcon_ws/src/STELLA_REMOTE_PC_ROS2/nav2_gps_waypoint_follower_demo', 'symlink_install': False, 'test_result_base': None}
[0.941s] Level 5:colcon.colcon_core.verb:set package 'stella_cartographer' build argument 'cmake_args' from command line to 'None'
[0.941s] Level 5:colcon.colcon_core.verb:set package 'stella_cartographer' build argument 'cmake_target' from command line to 'None'
[0.941s] Level 5:colcon.colcon_core.verb:set package 'stella_cartographer' build argument 'cmake_target_skip_unavailable' from command line to 'False'
[0.941s] Level 5:colcon.colcon_core.verb:set package 'stella_cartographer' build argument 'cmake_clean_cache' from command line to 'False'
[0.941s] Level 5:colcon.colcon_core.verb:set package 'stella_cartographer' build argument 'cmake_clean_first' from command line to 'False'
[0.941s] Level 5:colcon.colcon_core.verb:set package 'stella_cartographer' build argument 'cmake_force_configure' from command line to 'False'
[0.941s] Level 5:colcon.colcon_core.verb:set package 'stella_cartographer' build argument 'ament_cmake_args' from command line to 'None'
[0.941s] Level 5:colcon.colcon_core.verb:set package 'stella_cartographer' build argument 'catkin_cmake_args' from command line to 'None'
[0.941s] Level 5:colcon.colcon_core.verb:set package 'stella_cartographer' build argument 'catkin_skip_building_tests' from command line to 'False'
[0.941s] DEBUG:colcon.colcon_core.verb:Building package 'stella_cartographer' with the following arguments: {'ament_cmake_args': None, 'build_base': '/home/yun/colcon_ws/build/stella_cartographer', 'catkin_cmake_args': None, 'catkin_skip_building_tests': False, 'cmake_args': None, 'cmake_clean_cache': False, 'cmake_clean_first': False, 'cmake_force_configure': False, 'cmake_target': None, 'cmake_target_skip_unavailable': False, 'install_base': '/home/yun/colcon_ws/install/stella_cartographer', 'merge_install': False, 'path': '/home/yun/colcon_ws/src/STELLA_REMOTE_PC_ROS2/stella_cartographer', 'symlink_install': False, 'test_result_base': None}
[0.942s] Level 5:colcon.colcon_core.verb:set package 'stella_description' build argument 'cmake_args' from command line to 'None'
[0.942s] Level 5:colcon.colcon_core.verb:set package 'stella_description' build argument 'cmake_target' from command line to 'None'
[0.942s] Level 5:colcon.colcon_core.verb:set package 'stella_description' build argument 'cmake_target_skip_unavailable' from command line to 'False'
[0.942s] Level 5:colcon.colcon_core.verb:set package 'stella_description' build argument 'cmake_clean_cache' from command line to 'False'
[0.942s] Level 5:colcon.colcon_core.verb:set package 'stella_description' build argument 'cmake_clean_first' from command line to 'False'
[0.942s] Level 5:colcon.colcon_core.verb:set package 'stella_description' build argument 'cmake_force_configure' from command line to 'False'
[0.942s] Level 5:colcon.colcon_core.verb:set package 'stella_description' build argument 'ament_cmake_args' from command line to 'None'
[0.942s] Level 5:colcon.colcon_core.verb:set package 'stella_description' build argument 'catkin_cmake_args' from command line to 'None'
[0.942s] Level 5:colcon.colcon_core.verb:set package 'stella_description' build argument 'catkin_skip_building_tests' from command line to 'False'
[0.942s] DEBUG:colcon.colcon_core.verb:Building package 'stella_description' with the following arguments: {'ament_cmake_args': None, 'build_base': '/home/yun/colcon_ws/build/stella_description', 'catkin_cmake_args': None, 'catkin_skip_building_tests': False, 'cmake_args': None, 'cmake_clean_cache': False, 'cmake_clean_first': False, 'cmake_force_configure': False, 'cmake_target': None, 'cmake_target_skip_unavailable': False, 'install_base': '/home/yun/colcon_ws/install/stella_description', 'merge_install': False, 'path': '/home/yun/colcon_ws/src/STELLA_REMOTE_PC_ROS2/stella_description', 'symlink_install': False, 'test_result_base': None}
[0.943s] Level 5:colcon.colcon_core.verb:set package 'stella_navigation2' build argument 'cmake_args' from command line to 'None'
[0.943s] Level 5:colcon.colcon_core.verb:set package 'stella_navigation2' build argument 'cmake_target' from command line to 'None'
[0.943s] Level 5:colcon.colcon_core.verb:set package 'stella_navigation2' build argument 'cmake_target_skip_unavailable' from command line to 'False'
[0.943s] Level 5:colcon.colcon_core.verb:set package 'stella_navigation2' build argument 'cmake_clean_cache' from command line to 'False'
[0.943s] Level 5:colcon.colcon_core.verb:set package 'stella_navigation2' build argument 'cmake_clean_first' from command line to 'False'
[0.943s] Level 5:colcon.colcon_core.verb:set package 'stella_navigation2' build argument 'cmake_force_configure' from command line to 'False'
[0.943s] Level 5:colcon.colcon_core.verb:set package 'stella_navigation2' build argument 'ament_cmake_args' from command line to 'None'
[0.943s] Level 5:colcon.colcon_core.verb:set package 'stella_navigation2' build argument 'catkin_cmake_args' from command line to 'None'
[0.943s] Level 5:colcon.colcon_core.verb:set package 'stella_navigation2' build argument 'catkin_skip_building_tests' from command line to 'False'
[0.943s] DEBUG:colcon.colcon_core.verb:Building package 'stella_navigation2' with the following arguments: {'ament_cmake_args': None, 'build_base': '/home/yun/colcon_ws/build/stella_navigation2', 'catkin_cmake_args': None, 'catkin_skip_building_tests': False, 'cmake_args': None, 'cmake_clean_cache': False, 'cmake_clean_first': False, 'cmake_force_configure': False, 'cmake_target': None, 'cmake_target_skip_unavailable': False, 'install_base': '/home/yun/colcon_ws/install/stella_navigation2', 'merge_install': False, 'path': '/home/yun/colcon_ws/src/STELLA_REMOTE_PC_ROS2/stella_navigation2', 'symlink_install': False, 'test_result_base': None}
[0.944s] Level 5:colcon.colcon_core.verb:set package 'stella_teleop' build argument 'cmake_args' from command line to 'None'
[0.944s] Level 5:colcon.colcon_core.verb:set package 'stella_teleop' build argument 'cmake_target' from command line to 'None'
[0.944s] Level 5:colcon.colcon_core.verb:set package 'stella_teleop' build argument 'cmake_target_skip_unavailable' from command line to 'False'
[0.944s] Level 5:colcon.colcon_core.verb:set package 'stella_teleop' build argument 'cmake_clean_cache' from command line to 'False'
[0.944s] Level 5:colcon.colcon_core.verb:set package 'stella_teleop' build argument 'cmake_clean_first' from command line to 'False'
[0.944s] Level 5:colcon.colcon_core.verb:set package 'stella_teleop' build argument 'cmake_force_configure' from command line to 'False'
[0.944s] Level 5:colcon.colcon_core.verb:set package 'stella_teleop' build argument 'ament_cmake_args' from command line to 'None'
[0.944s] Level 5:colcon.colcon_core.verb:set package 'stella_teleop' build argument 'catkin_cmake_args' from command line to 'None'
[0.944s] Level 5:colcon.colcon_core.verb:set package 'stella_teleop' build argument 'catkin_skip_building_tests' from command line to 'False'
[0.945s] DEBUG:colcon.colcon_core.verb:Building package 'stella_teleop' with the following arguments: {'ament_cmake_args': None, 'build_base': '/home/yun/colcon_ws/build/stella_teleop', 'catkin_cmake_args': None, 'catkin_skip_building_tests': False, 'cmake_args': None, 'cmake_clean_cache': False, 'cmake_clean_first': False, 'cmake_force_configure': False, 'cmake_target': None, 'cmake_target_skip_unavailable': False, 'install_base': '/home/yun/colcon_ws/install/stella_teleop', 'merge_install': False, 'path': '/home/yun/colcon_ws/src/STELLA_REMOTE_PC_ROS2/stella_teleop', 'symlink_install': False, 'test_result_base': None}
[0.945s] INFO:colcon.colcon_core.executor:Executing jobs using 'parallel' executor
[0.947s] DEBUG:colcon.colcon_parallel_executor.executor.parallel:run_until_complete
[0.948s] INFO:colcon.colcon_ros.task.ament_python.build:Building ROS package in '/home/yun/colcon_ws/src/STELLA_REMOTE_PC_ROS2/nav2_gps_waypoint_follower_demo' with build type 'ament_python'
[0.948s] Level 1:colcon.colcon_core.shell:create_environment_hook('nav2_gps_waypoint_follower_demo', 'ament_prefix_path')
[0.954s] INFO:colcon.colcon_core.plugin_system:Skipping extension 'colcon_core.shell.bat': Not used on non-Windows systems
[0.954s] INFO:colcon.colcon_core.shell:Creating environment hook '/home/yun/colcon_ws/install/nav2_gps_waypoint_follower_demo/share/nav2_gps_waypoint_follower_demo/hook/ament_prefix_path.ps1'
[0.956s] INFO:colcon.colcon_core.shell:Creating environment descriptor '/home/yun/colcon_ws/install/nav2_gps_waypoint_follower_demo/share/nav2_gps_waypoint_follower_demo/hook/ament_prefix_path.dsv'
[0.956s] INFO:colcon.colcon_core.shell:Creating environment hook '/home/yun/colcon_ws/install/nav2_gps_waypoint_follower_demo/share/nav2_gps_waypoint_follower_demo/hook/ament_prefix_path.sh'
[0.958s] INFO:colcon.colcon_core.shell:Skip shell extension 'powershell' for command environment: Not usable outside of PowerShell
[0.958s] DEBUG:colcon.colcon_core.shell:Skip shell extension 'dsv' for command environment
[0.973s] INFO:colcon.colcon_ros.task.ament_cmake.build:Building ROS package in '/home/yun/colcon_ws/src/STELLA_REMOTE_PC_ROS2/stella_cartographer' with build type 'ament_cmake'
[0.974s] INFO:colcon.colcon_cmake.task.cmake.build:Building CMake package in '/home/yun/colcon_ws/src/STELLA_REMOTE_PC_ROS2/stella_cartographer'
[0.974s] INFO:colcon.colcon_core.shell:Skip shell extension 'powershell' for command environment: Not usable outside of PowerShell
[0.974s] DEBUG:colcon.colcon_core.shell:Skip shell extension 'dsv' for command environment
[0.990s] INFO:colcon.colcon_ros.task.ament_cmake.build:Building ROS package in '/home/yun/colcon_ws/src/STELLA_REMOTE_PC_ROS2/stella_description' with build type 'ament_cmake'
[0.991s] INFO:colcon.colcon_cmake.task.cmake.build:Building CMake package in '/home/yun/colcon_ws/src/STELLA_REMOTE_PC_ROS2/stella_description'
[0.991s] INFO:colcon.colcon_core.shell:Skip shell extension 'powershell' for command environment: Not usable outside of PowerShell
[0.991s] DEBUG:colcon.colcon_core.shell:Skip shell extension 'dsv' for command environment
[1.008s] INFO:colcon.colcon_ros.task.ament_cmake.build:Building ROS package in '/home/yun/colcon_ws/src/STELLA_REMOTE_PC_ROS2/stella_navigation2' with build type 'ament_cmake'
[1.008s] INFO:colcon.colcon_cmake.task.cmake.build:Building CMake package in '/home/yun/colcon_ws/src/STELLA_REMOTE_PC_ROS2/stella_navigation2'
[1.009s] INFO:colcon.colcon_core.shell:Skip shell extension 'powershell' for command environment: Not usable outside of PowerShell
[1.009s] DEBUG:colcon.colcon_core.shell:Skip shell extension 'dsv' for command environment
[1.025s] INFO:colcon.colcon_ros.task.ament_python.build:Building ROS package in '/home/yun/colcon_ws/src/STELLA_REMOTE_PC_ROS2/stella_teleop' with build type 'ament_python'
[1.026s] Level 1:colcon.colcon_core.shell:create_environment_hook('stella_teleop', 'ament_prefix_path')
[1.026s] INFO:colcon.colcon_core.shell:Creating environment hook '/home/yun/colcon_ws/install/stella_teleop/share/stella_teleop/hook/ament_prefix_path.ps1'
[1.028s] INFO:colcon.colcon_core.shell:Creating environment descriptor '/home/yun/colcon_ws/install/stella_teleop/share/stella_teleop/hook/ament_prefix_path.dsv'
[1.028s] INFO:colcon.colcon_core.shell:Creating environment hook '/home/yun/colcon_ws/install/stella_teleop/share/stella_teleop/hook/ament_prefix_path.sh'
[1.029s] INFO:colcon.colcon_core.shell:Skip shell extension 'powershell' for command environment: Not usable outside of PowerShell
[1.030s] DEBUG:colcon.colcon_core.shell:Skip shell extension 'dsv' for command environment
[1.727s] INFO:colcon.colcon_core.task.python.build:Building Python package in '/home/yun/colcon_ws/src/STELLA_REMOTE_PC_ROS2/nav2_gps_waypoint_follower_demo'
[1.728s] INFO:colcon.colcon_core.shell:Skip shell extension 'powershell' for command environment: Not usable outside of PowerShell
[1.728s] DEBUG:colcon.colcon_core.shell:Skip shell extension 'dsv' for command environment
[1.757s] DEBUG:colcon.colcon_core.event_handler.log_command:Invoking command in '/home/yun/colcon_ws/build/stella_cartographer': CMAKE_PREFIX_PATH=${CMAKE_PREFIX_PATH}:/home/yun/colcon_ws/install/stella_teleop:/home/yun/colcon_ws/install/nav2_gps_waypoint_follower_demo:/home/yun/test/install/turtlebot3_teleop:/home/yun/test/install/turtlebot3_example:/home/yun/test/install/road_API:/home/yun/test/install/nav2_simple_commander:/home/yun/test/install/gps_imu_publisher:/opt/ros/humble /usr/bin/cmake --build /home/yun/colcon_ws/build/stella_cartographer -- -j20 -l20
[1.769s] DEBUG:colcon.colcon_core.event_handler.log_command:Invoking command in '/home/yun/colcon_ws/build/stella_description': CMAKE_PREFIX_PATH=${CMAKE_PREFIX_PATH}:/home/yun/colcon_ws/install/stella_teleop:/home/yun/colcon_ws/install/nav2_gps_waypoint_follower_demo:/home/yun/test/install/turtlebot3_teleop:/home/yun/test/install/turtlebot3_example:/home/yun/test/install/road_API:/home/yun/test/install/nav2_simple_commander:/home/yun/test/install/gps_imu_publisher:/opt/ros/humble /usr/bin/cmake --build /home/yun/colcon_ws/build/stella_description -- -j20 -l20
[1.779s] DEBUG:colcon.colcon_core.event_handler.log_command:Invoking command in '/home/yun/colcon_ws/build/stella_navigation2': CMAKE_PREFIX_PATH=${CMAKE_PREFIX_PATH}:/home/yun/colcon_ws/install/stella_teleop:/home/yun/colcon_ws/install/nav2_gps_waypoint_follower_demo:/home/yun/test/install/turtlebot3_teleop:/home/yun/test/install/turtlebot3_example:/home/yun/test/install/road_API:/home/yun/test/install/nav2_simple_commander:/home/yun/test/install/gps_imu_publisher:/opt/ros/humble /usr/bin/cmake --build /home/yun/colcon_ws/build/stella_navigation2 -- -j20 -l20
[2.497s] INFO:colcon.colcon_core.task.python.build:Building Python package in '/home/yun/colcon_ws/src/STELLA_REMOTE_PC_ROS2/stella_teleop'
[2.498s] INFO:colcon.colcon_core.shell:Skip shell extension 'powershell' for command environment: Not usable outside of PowerShell
[2.499s] DEBUG:colcon.colcon_core.shell:Skip shell extension 'dsv' for command environment
[2.535s] DEBUG:colcon.colcon_core.event_handler.log_command:Invoked command in '/home/yun/colcon_ws/build/stella_cartographer' returned '0': CMAKE_PREFIX_PATH=${CMAKE_PREFIX_PATH}:/home/yun/colcon_ws/install/stella_teleop:/home/yun/colcon_ws/install/nav2_gps_waypoint_follower_demo:/home/yun/test/install/turtlebot3_teleop:/home/yun/test/install/turtlebot3_example:/home/yun/test/install/road_API:/home/yun/test/install/nav2_simple_commander:/home/yun/test/install/gps_imu_publisher:/opt/ros/humble /usr/bin/cmake --build /home/yun/colcon_ws/build/stella_cartographer -- -j20 -l20
[2.573s] DEBUG:colcon.colcon_core.event_handler.log_command:Invoking command in '/home/yun/colcon_ws/build/stella_cartographer': CMAKE_PREFIX_PATH=${CMAKE_PREFIX_PATH}:/home/yun/colcon_ws/install/stella_teleop:/home/yun/colcon_ws/install/nav2_gps_waypoint_follower_demo:/home/yun/test/install/turtlebot3_teleop:/home/yun/test/install/turtlebot3_example:/home/yun/test/install/road_API:/home/yun/test/install/nav2_simple_commander:/home/yun/test/install/gps_imu_publisher:/opt/ros/humble /usr/bin/cmake --install /home/yun/colcon_ws/build/stella_cartographer
[2.576s] DEBUG:colcon.colcon_core.event_handler.log_command:Invoked command in '/home/yun/colcon_ws/build/stella_navigation2' returned '0': CMAKE_PREFIX_PATH=${CMAKE_PREFIX_PATH}:/home/yun/colcon_ws/install/stella_teleop:/home/yun/colcon_ws/install/nav2_gps_waypoint_follower_demo:/home/yun/test/install/turtlebot3_teleop:/home/yun/test/install/turtlebot3_example:/home/yun/test/install/road_API:/home/yun/test/install/nav2_simple_commander:/home/yun/test/install/gps_imu_publisher:/opt/ros/humble /usr/bin/cmake --build /home/yun/colcon_ws/build/stella_navigation2 -- -j20 -l20
[2.585s] DEBUG:colcon.colcon_core.event_handler.log_command:Invoking command in '/home/yun/colcon_ws/build/stella_navigation2': CMAKE_PREFIX_PATH=${CMAKE_PREFIX_PATH}:/home/yun/colcon_ws/install/stella_teleop:/home/yun/colcon_ws/install/nav2_gps_waypoint_follower_demo:/home/yun/test/install/turtlebot3_teleop:/home/yun/test/install/turtlebot3_example:/home/yun/test/install/road_API:/home/yun/test/install/nav2_simple_commander:/home/yun/test/install/gps_imu_publisher:/opt/ros/humble /usr/bin/cmake --install /home/yun/colcon_ws/build/stella_navigation2
[2.586s] DEBUG:colcon.colcon_core.event_handler.log_command:Invoked command in '/home/yun/colcon_ws/build/stella_description' returned '0': CMAKE_PREFIX_PATH=${CMAKE_PREFIX_PATH}:/home/yun/colcon_ws/install/stella_teleop:/home/yun/colcon_ws/install/nav2_gps_waypoint_follower_demo:/home/yun/test/install/turtlebot3_teleop:/home/yun/test/install/turtlebot3_example:/home/yun/test/install/road_API:/home/yun/test/install/nav2_simple_commander:/home/yun/test/install/gps_imu_publisher:/opt/ros/humble /usr/bin/cmake --build /home/yun/colcon_ws/build/stella_description -- -j20 -l20
[2.592s] DEBUG:colcon.colcon_core.event_handler.log_command:Invoking command in '/home/yun/colcon_ws/build/stella_description': CMAKE_PREFIX_PATH=${CMAKE_PREFIX_PATH}:/home/yun/colcon_ws/install/stella_teleop:/home/yun/colcon_ws/install/nav2_gps_waypoint_follower_demo:/home/yun/test/install/turtlebot3_teleop:/home/yun/test/install/turtlebot3_example:/home/yun/test/install/road_API:/home/yun/test/install/nav2_simple_commander:/home/yun/test/install/gps_imu_publisher:/opt/ros/humble /usr/bin/cmake --install /home/yun/colcon_ws/build/stella_description
[2.652s] Level 1:colcon.colcon_core.environment:create_environment_scripts_only(stella_cartographer)
[2.655s] DEBUG:colcon.colcon_core.event_handler.log_command:Invoked command in '/home/yun/colcon_ws/build/stella_cartographer' returned '0': CMAKE_PREFIX_PATH=${CMAKE_PREFIX_PATH}:/home/yun/colcon_ws/install/stella_teleop:/home/yun/colcon_ws/install/nav2_gps_waypoint_follower_demo:/home/yun/test/install/turtlebot3_teleop:/home/yun/test/install/turtlebot3_example:/home/yun/test/install/road_API:/home/yun/test/install/nav2_simple_commander:/home/yun/test/install/gps_imu_publisher:/opt/ros/humble /usr/bin/cmake --install /home/yun/colcon_ws/build/stella_cartographer
[2.670s] Level 1:colcon.colcon_core.environment:checking '/home/yun/colcon_ws/install/stella_cartographer' for CMake module files
[2.672s] Level 1:colcon.colcon_core.environment:checking '/home/yun/colcon_ws/install/stella_cartographer' for CMake config files
[2.674s] Level 1:colcon.colcon_core.shell:create_environment_hook('stella_cartographer', 'cmake_prefix_path')
[2.674s] INFO:colcon.colcon_core.shell:Creating environment hook '/home/yun/colcon_ws/install/stella_cartographer/share/stella_cartographer/hook/cmake_prefix_path.ps1'
[2.677s] INFO:colcon.colcon_core.shell:Creating environment descriptor '/home/yun/colcon_ws/install/stella_cartographer/share/stella_cartographer/hook/cmake_prefix_path.dsv'
[2.678s] INFO:colcon.colcon_core.shell:Creating environment hook '/home/yun/colcon_ws/install/stella_cartographer/share/stella_cartographer/hook/cmake_prefix_path.sh'
[2.680s] Level 1:colcon.colcon_core.environment:checking '/home/yun/colcon_ws/install/stella_cartographer/bin'
[2.680s] Level 1:colcon.colcon_core.environment:checking '/home/yun/colcon_ws/install/stella_cartographer/lib/pkgconfig/stella_cartographer.pc'
[2.681s] Level 1:colcon.colcon_core.environment:checking '/home/yun/colcon_ws/install/stella_cartographer/lib/python3.10/site-packages'
[2.681s] Level 1:colcon.colcon_core.environment:checking '/home/yun/colcon_ws/install/stella_cartographer/bin'
[2.682s] INFO:colcon.colcon_core.shell:Creating package script '/home/yun/colcon_ws/install/stella_cartographer/share/stella_cartographer/package.ps1'
[2.684s] INFO:colcon.colcon_core.shell:Creating package descriptor '/home/yun/colcon_ws/install/stella_cartographer/share/stella_cartographer/package.dsv'
[2.686s] INFO:colcon.colcon_core.shell:Creating package script '/home/yun/colcon_ws/install/stella_cartographer/share/stella_cartographer/package.sh'
[2.688s] INFO:colcon.colcon_core.shell:Creating package script '/home/yun/colcon_ws/install/stella_cartographer/share/stella_cartographer/package.bash'
[2.690s] INFO:colcon.colcon_core.shell:Creating package script '/home/yun/colcon_ws/install/stella_cartographer/share/stella_cartographer/package.zsh'
[2.691s] Level 1:colcon.colcon_core.environment:create_file_with_runtime_dependencies(/home/yun/colcon_ws/install/stella_cartographer/share/colcon-core/packages/stella_cartographer)
[2.693s] Level 1:colcon.colcon_core.environment:create_environment_scripts_only(stella_cartographer)
[2.694s] Level 1:colcon.colcon_core.environment:checking '/home/yun/colcon_ws/install/stella_cartographer' for CMake module files
[2.695s] Level 1:colcon.colcon_core.environment:checking '/home/yun/colcon_ws/install/stella_cartographer' for CMake config files
[2.695s] Level 1:colcon.colcon_core.shell:create_environment_hook('stella_cartographer', 'cmake_prefix_path')
[2.696s] INFO:colcon.colcon_core.shell:Creating environment hook '/home/yun/colcon_ws/install/stella_cartographer/share/stella_cartographer/hook/cmake_prefix_path.ps1'
[2.697s] INFO:colcon.colcon_core.shell:Creating environment descriptor '/home/yun/colcon_ws/install/stella_cartographer/share/stella_cartographer/hook/cmake_prefix_path.dsv'
[2.698s] INFO:colcon.colcon_core.shell:Creating environment hook '/home/yun/colcon_ws/install/stella_cartographer/share/stella_cartographer/hook/cmake_prefix_path.sh'
[2.699s] Level 1:colcon.colcon_core.environment:checking '/home/yun/colcon_ws/install/stella_cartographer/bin'
[2.699s] Level 1:colcon.colcon_core.environment:checking '/home/yun/colcon_ws/install/stella_cartographer/lib/pkgconfig/stella_cartographer.pc'
[2.700s] Level 1:colcon.colcon_core.environment:checking '/home/yun/colcon_ws/install/stella_cartographer/lib/python3.10/site-packages'
[2.700s] Level 1:colcon.colcon_core.environment:checking '/home/yun/colcon_ws/install/stella_cartographer/bin'
[2.701s] INFO:colcon.colcon_core.shell:Creating package script '/home/yun/colcon_ws/install/stella_cartographer/share/stella_cartographer/package.ps1'
[2.702s] INFO:colcon.colcon_core.shell:Creating package descriptor '/home/yun/colcon_ws/install/stella_cartographer/share/stella_cartographer/package.dsv'
[2.704s] INFO:colcon.colcon_core.shell:Creating package script '/home/yun/colcon_ws/install/stella_cartographer/share/stella_cartographer/package.sh'
[2.705s] INFO:colcon.colcon_core.shell:Creating package script '/home/yun/colcon_ws/install/stella_cartographer/share/stella_cartographer/package.bash'
[2.705s] INFO:colcon.colcon_core.shell:Creating package script '/home/yun/colcon_ws/install/stella_cartographer/share/stella_cartographer/package.zsh'
[2.706s] Level 1:colcon.colcon_core.environment:create_file_with_runtime_dependencies(/home/yun/colcon_ws/install/stella_cartographer/share/colcon-core/packages/stella_cartographer)
[2.712s] Level 1:colcon.colcon_core.environment:create_environment_scripts_only(stella_navigation2)
[2.713s] Level 1:colcon.colcon_core.environment:checking '/home/yun/colcon_ws/install/stella_navigation2' for CMake module files
[2.715s] DEBUG:colcon.colcon_core.event_handler.log_command:Invoked command in '/home/yun/colcon_ws/build/stella_navigation2' returned '0': CMAKE_PREFIX_PATH=${CMAKE_PREFIX_PATH}:/home/yun/colcon_ws/install/stella_teleop:/home/yun/colcon_ws/install/nav2_gps_waypoint_follower_demo:/home/yun/test/install/turtlebot3_teleop:/home/yun/test/install/turtlebot3_example:/home/yun/test/install/road_API:/home/yun/test/install/nav2_simple_commander:/home/yun/test/install/gps_imu_publisher:/opt/ros/humble /usr/bin/cmake --install /home/yun/colcon_ws/build/stella_navigation2
[2.716s] Level 1:colcon.colcon_core.environment:checking '/home/yun/colcon_ws/install/stella_navigation2' for CMake config files
[2.717s] Level 1:colcon.colcon_core.shell:create_environment_hook('stella_navigation2', 'cmake_prefix_path')
[2.718s] INFO:colcon.colcon_core.shell:Creating environment hook '/home/yun/colcon_ws/install/stella_navigation2/share/stella_navigation2/hook/cmake_prefix_path.ps1'
[2.719s] INFO:colcon.colcon_core.shell:Creating environment descriptor '/home/yun/colcon_ws/install/stella_navigation2/share/stella_navigation2/hook/cmake_prefix_path.dsv'
[2.720s] INFO:colcon.colcon_core.shell:Creating environment hook '/home/yun/colcon_ws/install/stella_navigation2/share/stella_navigation2/hook/cmake_prefix_path.sh'
[2.722s] Level 1:colcon.colcon_core.environment:checking '/home/yun/colcon_ws/install/stella_navigation2/bin'
[2.722s] Level 1:colcon.colcon_core.environment:checking '/home/yun/colcon_ws/install/stella_navigation2/lib/pkgconfig/stella_navigation2.pc'
[2.723s] Level 1:colcon.colcon_core.environment:checking '/home/yun/colcon_ws/install/stella_navigation2/lib/python3.10/site-packages'
[2.723s] Level 1:colcon.colcon_core.environment:checking '/home/yun/colcon_ws/install/stella_navigation2/bin'
[2.724s] INFO:colcon.colcon_core.shell:Creating package script '/home/yun/colcon_ws/install/stella_navigation2/share/stella_navigation2/package.ps1'
[2.725s] INFO:colcon.colcon_core.shell:Creating package descriptor '/home/yun/colcon_ws/install/stella_navigation2/share/stella_navigation2/package.dsv'
[2.726s] INFO:colcon.colcon_core.shell:Creating package script '/home/yun/colcon_ws/install/stella_navigation2/share/stella_navigation2/package.sh'
[2.727s] INFO:colcon.colcon_core.shell:Creating package script '/home/yun/colcon_ws/install/stella_navigation2/share/stella_navigation2/package.bash'
[2.728s] INFO:colcon.colcon_core.shell:Creating package script '/home/yun/colcon_ws/install/stella_navigation2/share/stella_navigation2/package.zsh'
[2.729s] Level 1:colcon.colcon_core.environment:create_file_with_runtime_dependencies(/home/yun/colcon_ws/install/stella_navigation2/share/colcon-core/packages/stella_navigation2)
[2.730s] Level 1:colcon.colcon_core.environment:create_environment_scripts_only(stella_navigation2)
[2.731s] Level 1:colcon.colcon_core.environment:checking '/home/yun/colcon_ws/install/stella_navigation2' for CMake module files
[2.732s] Level 1:colcon.colcon_core.environment:checking '/home/yun/colcon_ws/install/stella_navigation2' for CMake config files
[2.733s] Level 1:colcon.colcon_core.shell:create_environment_hook('stella_navigation2', 'cmake_prefix_path')
[2.734s] INFO:colcon.colcon_core.shell:Creating environment hook '/home/yun/colcon_ws/install/stella_navigation2/share/stella_navigation2/hook/cmake_prefix_path.ps1'
[2.735s] INFO:colcon.colcon_core.shell:Creating environment descriptor '/home/yun/colcon_ws/install/stella_navigation2/share/stella_navigation2/hook/cmake_prefix_path.dsv'
[2.736s] INFO:colcon.colcon_core.shell:Creating environment hook '/home/yun/colcon_ws/install/stella_navigation2/share/stella_navigation2/hook/cmake_prefix_path.sh'
[2.737s] Level 1:colcon.colcon_core.environment:checking '/home/yun/colcon_ws/install/stella_navigation2/bin'
[2.737s] Level 1:colcon.colcon_core.environment:checking '/home/yun/colcon_ws/install/stella_navigation2/lib/pkgconfig/stella_navigation2.pc'
[2.738s] Level 1:colcon.colcon_core.environment:checking '/home/yun/colcon_ws/install/stella_navigation2/lib/python3.10/site-packages'
[2.738s] Level 1:colcon.colcon_core.environment:checking '/home/yun/colcon_ws/install/stella_navigation2/bin'
[2.739s] INFO:colcon.colcon_core.shell:Creating package script '/home/yun/colcon_ws/install/stella_navigation2/share/stella_navigation2/package.ps1'
[2.741s] INFO:colcon.colcon_core.shell:Creating package descriptor '/home/yun/colcon_ws/install/stella_navigation2/share/stella_navigation2/package.dsv'
[2.742s] INFO:colcon.colcon_core.shell:Creating package script '/home/yun/colcon_ws/install/stella_navigation2/share/stella_navigation2/package.sh'
[2.743s] INFO:colcon.colcon_core.shell:Creating package script '/home/yun/colcon_ws/install/stella_navigation2/share/stella_navigation2/package.bash'
[2.744s] INFO:colcon.colcon_core.shell:Creating package script '/home/yun/colcon_ws/install/stella_navigation2/share/stella_navigation2/package.zsh'
[2.745s] Level 1:colcon.colcon_core.environment:create_file_with_runtime_dependencies(/home/yun/colcon_ws/install/stella_navigation2/share/colcon-core/packages/stella_navigation2)
[2.745s] Level 1:colcon.colcon_core.environment:create_environment_scripts_only(stella_description)
[2.746s] Level 1:colcon.colcon_core.environment:checking '/home/yun/colcon_ws/install/stella_description' for CMake module files
[2.750s] DEBUG:colcon.colcon_core.event_handler.log_command:Invoked command in '/home/yun/colcon_ws/build/stella_description' returned '0': CMAKE_PREFIX_PATH=${CMAKE_PREFIX_PATH}:/home/yun/colcon_ws/install/stella_teleop:/home/yun/colcon_ws/install/nav2_gps_waypoint_follower_demo:/home/yun/test/install/turtlebot3_teleop:/home/yun/test/install/turtlebot3_example:/home/yun/test/install/road_API:/home/yun/test/install/nav2_simple_commander:/home/yun/test/install/gps_imu_publisher:/opt/ros/humble /usr/bin/cmake --install /home/yun/colcon_ws/build/stella_description
[2.750s] Level 1:colcon.colcon_core.environment:checking '/home/yun/colcon_ws/install/stella_description' for CMake config files
[2.751s] Level 1:colcon.colcon_core.shell:create_environment_hook('stella_description', 'cmake_prefix_path')
[2.754s] INFO:colcon.colcon_core.shell:Creating environment hook '/home/yun/colcon_ws/install/stella_description/share/stella_description/hook/cmake_prefix_path.ps1'
[2.757s] INFO:colcon.colcon_core.shell:Creating environment descriptor '/home/yun/colcon_ws/install/stella_description/share/stella_description/hook/cmake_prefix_path.dsv'
[2.758s] INFO:colcon.colcon_core.shell:Creating environment hook '/home/yun/colcon_ws/install/stella_description/share/stella_description/hook/cmake_prefix_path.sh'
[2.760s] Level 1:colcon.colcon_core.environment:checking '/home/yun/colcon_ws/install/stella_description/bin'
[2.761s] Level 1:colcon.colcon_core.environment:checking '/home/yun/colcon_ws/install/stella_description/lib/pkgconfig/stella_description.pc'
[2.762s] Level 1:colcon.colcon_core.environment:checking '/home/yun/colcon_ws/install/stella_description/lib/python3.10/site-packages'
[2.762s] Level 1:colcon.colcon_core.environment:checking '/home/yun/colcon_ws/install/stella_description/bin'
[2.763s] INFO:colcon.colcon_core.shell:Creating package script '/home/yun/colcon_ws/install/stella_description/share/stella_description/package.ps1'
[2.766s] INFO:colcon.colcon_core.shell:Creating package descriptor '/home/yun/colcon_ws/install/stella_description/share/stella_description/package.dsv'
[2.767s] INFO:colcon.colcon_core.shell:Creating package script '/home/yun/colcon_ws/install/stella_description/share/stella_description/package.sh'
[2.769s] INFO:colcon.colcon_core.shell:Creating package script '/home/yun/colcon_ws/install/stella_description/share/stella_description/package.bash'
[2.770s] INFO:colcon.colcon_core.shell:Creating package script '/home/yun/colcon_ws/install/stella_description/share/stella_description/package.zsh'
[2.771s] Level 1:colcon.colcon_core.environment:create_file_with_runtime_dependencies(/home/yun/colcon_ws/install/stella_description/share/colcon-core/packages/stella_description)
[2.772s] Level 1:colcon.colcon_core.environment:create_environment_scripts_only(stella_description)
[2.773s] Level 1:colcon.colcon_core.environment:checking '/home/yun/colcon_ws/install/stella_description' for CMake module files
[2.774s] Level 1:colcon.colcon_core.environment:checking '/home/yun/colcon_ws/install/stella_description' for CMake config files
[2.775s] Level 1:colcon.colcon_core.shell:create_environment_hook('stella_description', 'cmake_prefix_path')
[2.775s] INFO:colcon.colcon_core.shell:Creating environment hook '/home/yun/colcon_ws/install/stella_description/share/stella_description/hook/cmake_prefix_path.ps1'
[2.777s] INFO:colcon.colcon_core.shell:Creating environment descriptor '/home/yun/colcon_ws/install/stella_description/share/stella_description/hook/cmake_prefix_path.dsv'
[2.778s] INFO:colcon.colcon_core.shell:Creating environment hook '/home/yun/colcon_ws/install/stella_description/share/stella_description/hook/cmake_prefix_path.sh'
[2.779s] Level 1:colcon.colcon_core.environment:checking '/home/yun/colcon_ws/install/stella_description/bin'
[2.779s] Level 1:colcon.colcon_core.environment:checking '/home/yun/colcon_ws/install/stella_description/lib/pkgconfig/stella_description.pc'
[2.780s] Level 1:colcon.colcon_core.environment:checking '/home/yun/colcon_ws/install/stella_description/lib/python3.10/site-packages'
[2.780s] Level 1:colcon.colcon_core.environment:checking '/home/yun/colcon_ws/install/stella_description/bin'
[2.781s] INFO:colcon.colcon_core.shell:Creating package script '/home/yun/colcon_ws/install/stella_description/share/stella_description/package.ps1'
[2.783s] INFO:colcon.colcon_core.shell:Creating package descriptor '/home/yun/colcon_ws/install/stella_description/share/stella_description/package.dsv'
[2.784s] INFO:colcon.colcon_core.shell:Creating package script '/home/yun/colcon_ws/install/stella_description/share/stella_description/package.sh'
[2.785s] INFO:colcon.colcon_core.shell:Creating package script '/home/yun/colcon_ws/install/stella_description/share/stella_description/package.bash'
[2.786s] INFO:colcon.colcon_core.shell:Creating package script '/home/yun/colcon_ws/install/stella_description/share/stella_description/package.zsh'
[2.787s] Level 1:colcon.colcon_core.environment:create_file_with_runtime_dependencies(/home/yun/colcon_ws/install/stella_description/share/colcon-core/packages/stella_description)
[3.627s] DEBUG:colcon.colcon_core.event_handler.log_command:Invoking command in '/home/yun/colcon_ws/src/STELLA_REMOTE_PC_ROS2/nav2_gps_waypoint_follower_demo': PYTHONPATH=/home/yun/colcon_ws/build/nav2_gps_waypoint_follower_demo/prefix_override:/usr/lib/python3/dist-packages/colcon_core/task/python/colcon_distutils_commands:/home/yun/colcon_ws/install/nav2_gps_waypoint_follower_demo/lib/python3.10/site-packages:${PYTHONPATH} /usr/bin/python3 -W ignore:setup.py install is deprecated -W ignore:easy_install command is deprecated setup.py egg_info --egg-base ../../../build/nav2_gps_waypoint_follower_demo build --build-base /home/yun/colcon_ws/build/nav2_gps_waypoint_follower_demo/build install --record /home/yun/colcon_ws/build/nav2_gps_waypoint_follower_demo/install.log --single-version-externally-managed install_data
[3.700s] DEBUG:colcon.colcon_core.event_handler.log_command:Invoking command in '/home/yun/colcon_ws/src/STELLA_REMOTE_PC_ROS2/stella_teleop': PYTHONPATH=/home/yun/colcon_ws/build/stella_teleop/prefix_override:/usr/lib/python3/dist-packages/colcon_core/task/python/colcon_distutils_commands:/home/yun/colcon_ws/install/stella_teleop/lib/python3.10/site-packages:${PYTHONPATH} /usr/bin/python3 -W ignore:setup.py install is deprecated -W ignore:easy_install command is deprecated setup.py egg_info --egg-base ../../../build/stella_teleop build --build-base /home/yun/colcon_ws/build/stella_teleop/build install --record /home/yun/colcon_ws/build/stella_teleop/install.log --single-version-externally-managed install_data
[4.524s] Level 1:colcon.colcon_core.environment:checking '/home/yun/colcon_ws/install/nav2_gps_waypoint_follower_demo' for CMake module files
[4.526s] DEBUG:colcon.colcon_core.event_handler.log_command:Invoked command in '/home/yun/colcon_ws/src/STELLA_REMOTE_PC_ROS2/nav2_gps_waypoint_follower_demo' returned '0': PYTHONPATH=/home/yun/colcon_ws/build/nav2_gps_waypoint_follower_demo/prefix_override:/usr/lib/python3/dist-packages/colcon_core/task/python/colcon_distutils_commands:/home/yun/colcon_ws/install/nav2_gps_waypoint_follower_demo/lib/python3.10/site-packages:${PYTHONPATH} /usr/bin/python3 -W ignore:setup.py install is deprecated -W ignore:easy_install command is deprecated setup.py egg_info --egg-base ../../../build/nav2_gps_waypoint_follower_demo build --build-base /home/yun/colcon_ws/build/nav2_gps_waypoint_follower_demo/build install --record /home/yun/colcon_ws/build/nav2_gps_waypoint_follower_demo/install.log --single-version-externally-managed install_data
[4.527s] Level 1:colcon.colcon_core.environment:checking '/home/yun/colcon_ws/install/nav2_gps_waypoint_follower_demo' for CMake config files
[4.529s] Level 1:colcon.colcon_core.environment:checking '/home/yun/colcon_ws/install/nav2_gps_waypoint_follower_demo/lib'
[4.530s] Level 1:colcon.colcon_core.environment:checking '/home/yun/colcon_ws/install/nav2_gps_waypoint_follower_demo/bin'
[4.530s] Level 1:colcon.colcon_core.environment:checking '/home/yun/colcon_ws/install/nav2_gps_waypoint_follower_demo/lib/pkgconfig/nav2_gps_waypoint_follower_demo.pc'
[4.530s] Level 1:colcon.colcon_core.environment:checking '/home/yun/colcon_ws/install/nav2_gps_waypoint_follower_demo/lib/python3.10/site-packages'
[4.531s] Level 1:colcon.colcon_core.shell:create_environment_hook('nav2_gps_waypoint_follower_demo', 'pythonpath')
[4.531s] INFO:colcon.colcon_core.shell:Creating environment hook '/home/yun/colcon_ws/install/nav2_gps_waypoint_follower_demo/share/nav2_gps_waypoint_follower_demo/hook/pythonpath.ps1'
[4.533s] INFO:colcon.colcon_core.shell:Creating environment descriptor '/home/yun/colcon_ws/install/nav2_gps_waypoint_follower_demo/share/nav2_gps_waypoint_follower_demo/hook/pythonpath.dsv'
[4.533s] INFO:colcon.colcon_core.shell:Creating environment hook '/home/yun/colcon_ws/install/nav2_gps_waypoint_follower_demo/share/nav2_gps_waypoint_follower_demo/hook/pythonpath.sh'
[4.535s] Level 1:colcon.colcon_core.environment:checking '/home/yun/colcon_ws/install/nav2_gps_waypoint_follower_demo/bin'
[4.535s] Level 1:colcon.colcon_core.environment:create_environment_scripts_only(nav2_gps_waypoint_follower_demo)
[4.536s] INFO:colcon.colcon_core.shell:Creating package script '/home/yun/colcon_ws/install/nav2_gps_waypoint_follower_demo/share/nav2_gps_waypoint_follower_demo/package.ps1'
[4.537s] INFO:colcon.colcon_core.shell:Creating package descriptor '/home/yun/colcon_ws/install/nav2_gps_waypoint_follower_demo/share/nav2_gps_waypoint_follower_demo/package.dsv'
[4.538s] INFO:colcon.colcon_core.shell:Creating package script '/home/yun/colcon_ws/install/nav2_gps_waypoint_follower_demo/share/nav2_gps_waypoint_follower_demo/package.sh'
[4.539s] INFO:colcon.colcon_core.shell:Creating package script '/home/yun/colcon_ws/install/nav2_gps_waypoint_follower_demo/share/nav2_gps_waypoint_follower_demo/package.bash'
[4.540s] INFO:colcon.colcon_core.shell:Creating package script '/home/yun/colcon_ws/install/nav2_gps_waypoint_follower_demo/share/nav2_gps_waypoint_follower_demo/package.zsh'
[4.541s] Level 1:colcon.colcon_core.environment:create_file_with_runtime_dependencies(/home/yun/colcon_ws/install/nav2_gps_waypoint_follower_demo/share/colcon-core/packages/nav2_gps_waypoint_follower_demo)
[4.570s] Level 1:colcon.colcon_core.environment:checking '/home/yun/colcon_ws/install/stella_teleop' for CMake module files
[4.571s] DEBUG:colcon.colcon_core.event_handler.log_command:Invoked command in '/home/yun/colcon_ws/src/STELLA_REMOTE_PC_ROS2/stella_teleop' returned '0': PYTHONPATH=/home/yun/colcon_ws/build/stella_teleop/prefix_override:/usr/lib/python3/dist-packages/colcon_core/task/python/colcon_distutils_commands:/home/yun/colcon_ws/install/stella_teleop/lib/python3.10/site-packages:${PYTHONPATH} /usr/bin/python3 -W ignore:setup.py install is deprecated -W ignore:easy_install command is deprecated setup.py egg_info --egg-base ../../../build/stella_teleop build --build-base /home/yun/colcon_ws/build/stella_teleop/build install --record /home/yun/colcon_ws/build/stella_teleop/install.log --single-version-externally-managed install_data
[4.572s] Level 1:colcon.colcon_core.environment:checking '/home/yun/colcon_ws/install/stella_teleop' for CMake config files
[4.574s] Level 1:colcon.colcon_core.environment:checking '/home/yun/colcon_ws/install/stella_teleop/lib'
[4.574s] Level 1:colcon.colcon_core.environment:checking '/home/yun/colcon_ws/install/stella_teleop/bin'
[4.574s] Level 1:colcon.colcon_core.environment:checking '/home/yun/colcon_ws/install/stella_teleop/lib/pkgconfig/stella_teleop.pc'
[4.575s] Level 1:colcon.colcon_core.environment:checking '/home/yun/colcon_ws/install/stella_teleop/lib/python3.10/site-packages'
[4.575s] Level 1:colcon.colcon_core.shell:create_environment_hook('stella_teleop', 'pythonpath')
[4.576s] INFO:colcon.colcon_core.shell:Creating environment hook '/home/yun/colcon_ws/install/stella_teleop/share/stella_teleop/hook/pythonpath.ps1'
[4.578s] INFO:colcon.colcon_core.shell:Creating environment descriptor '/home/yun/colcon_ws/install/stella_teleop/share/stella_teleop/hook/pythonpath.dsv'
[4.579s] INFO:colcon.colcon_core.shell:Creating environment hook '/home/yun/colcon_ws/install/stella_teleop/share/stella_teleop/hook/pythonpath.sh'
[4.580s] Level 1:colcon.colcon_core.environment:checking '/home/yun/colcon_ws/install/stella_teleop/bin'
[4.580s] Level 1:colcon.colcon_core.environment:create_environment_scripts_only(stella_teleop)
[4.581s] INFO:colcon.colcon_core.shell:Creating package script '/home/yun/colcon_ws/install/stella_teleop/share/stella_teleop/package.ps1'
[4.583s] INFO:colcon.colcon_core.shell:Creating package descriptor '/home/yun/colcon_ws/install/stella_teleop/share/stella_teleop/package.dsv'
[4.584s] INFO:colcon.colcon_core.shell:Creating package script '/home/yun/colcon_ws/install/stella_teleop/share/stella_teleop/package.sh'
[4.585s] INFO:colcon.colcon_core.shell:Creating package script '/home/yun/colcon_ws/install/stella_teleop/share/stella_teleop/package.bash'
[4.585s] INFO:colcon.colcon_core.shell:Creating package script '/home/yun/colcon_ws/install/stella_teleop/share/stella_teleop/package.zsh'
[4.586s] Level 1:colcon.colcon_core.environment:create_file_with_runtime_dependencies(/home/yun/colcon_ws/install/stella_teleop/share/colcon-core/packages/stella_teleop)
[4.587s] DEBUG:colcon.colcon_parallel_executor.executor.parallel:closing loop
[4.588s] DEBUG:colcon.colcon_parallel_executor.executor.parallel:loop closed
[4.589s] DEBUG:colcon.colcon_parallel_executor.executor.parallel:run_until_complete finished with '0'
[4.589s] DEBUG:colcon.colcon_core.event_reactor:joining thread
[4.604s] INFO:colcon.colcon_core.plugin_system:Skipping extension 'colcon_notification.desktop_notification.terminal_notifier': Not used on non-Darwin systems
[4.604s] INFO:colcon.colcon_core.plugin_system:Skipping extension 'colcon_notification.desktop_notification.win32': Not used on non-Windows systems
[4.604s] INFO:colcon.colcon_notification.desktop_notification:Sending desktop notification using 'notify2'
[4.657s] DEBUG:colcon.colcon_core.event_reactor:joined thread
[4.658s] INFO:colcon.colcon_core.shell:Creating prefix script '/home/yun/colcon_ws/install/local_setup.ps1'
[4.659s] INFO:colcon.colcon_core.shell:Creating prefix util module '/home/yun/colcon_ws/install/_local_setup_util_ps1.py'
[4.661s] INFO:colcon.colcon_core.shell:Creating prefix chain script '/home/yun/colcon_ws/install/setup.ps1'
[4.667s] INFO:colcon.colcon_core.shell:Creating prefix script '/home/yun/colcon_ws/install/local_setup.sh'
[4.668s] INFO:colcon.colcon_core.shell:Creating prefix util module '/home/yun/colcon_ws/install/_local_setup_util_sh.py'
[4.670s] INFO:colcon.colcon_core.shell:Creating prefix chain script '/home/yun/colcon_ws/install/setup.sh'
[4.677s] INFO:colcon.colcon_core.shell:Creating prefix script '/home/yun/colcon_ws/install/local_setup.bash'
[4.679s] INFO:colcon.colcon_core.shell:Creating prefix chain script '/home/yun/colcon_ws/install/setup.bash'
[4.686s] INFO:colcon.colcon_core.shell:Creating prefix script '/home/yun/colcon_ws/install/local_setup.zsh'
[4.687s] INFO:colcon.colcon_core.shell:Creating prefix chain script '/home/yun/colcon_ws/install/setup.zsh'
