[0.406s] Invoking command in '/home/yun/colcon_ws/build/stella_teleop': PYTHONPATH=/home/yun/colcon_ws/build/stella_teleop/prefix_override:/usr/lib/python3/dist-packages/colcon_core/task/python/colcon_distutils_commands:/home/yun/colcon_ws/install/stella_teleop/lib/python3.10/site-packages:${PYTHONPATH} /usr/bin/python3 -W ignore:setup.py install is deprecated -W ignore:easy_install command is deprecated setup.py develop --uninstall --editable --build-directory /home/yun/colcon_ws/build/stella_teleop/build
[0.567s] running develop
[0.661s] Removing /home/yun/colcon_ws/install/stella_teleop/lib/python3.10/site-packages/stella-teleop.egg-link (link to .)
[0.680s] Invoked command in '/home/yun/colcon_ws/build/stella_teleop' returned '0': PYTHONPATH=/home/yun/colcon_ws/build/stella_teleop/prefix_override:/usr/lib/python3/dist-packages/colcon_core/task/python/colcon_distutils_commands:/home/yun/colcon_ws/install/stella_teleop/lib/python3.10/site-packages:${PYTHONPATH} /usr/bin/python3 -W ignore:setup.py install is deprecated -W ignore:easy_install command is deprecated setup.py develop --uninstall --editable --build-directory /home/yun/colcon_ws/build/stella_teleop/build
[0.681s] Invoking command in '/home/yun/colcon_ws/src/STELLA_REMOTE_PC_ROS2/stella_teleop': PYTHONPATH=/home/yun/colcon_ws/build/stella_teleop/prefix_override:/usr/lib/python3/dist-packages/colcon_core/task/python/colcon_distutils_commands:/home/yun/colcon_ws/install/stella_teleop/lib/python3.10/site-packages:${PYTHONPATH} /usr/bin/python3 -W ignore:setup.py install is deprecated -W ignore:easy_install command is deprecated setup.py egg_info --egg-base ../../../build/stella_teleop build --build-base /home/yun/colcon_ws/build/stella_teleop/build install --record /home/yun/colcon_ws/build/stella_teleop/install.log --single-version-externally-managed install_data --force
[0.834s] running egg_info
[0.834s] writing ../../../build/stella_teleop/stella_teleop.egg-info/PKG-INFO
[0.834s] writing dependency_links to ../../../build/stella_teleop/stella_teleop.egg-info/dependency_links.txt
[0.834s] writing entry points to ../../../build/stella_teleop/stella_teleop.egg-info/entry_points.txt
[0.834s] writing requirements to ../../../build/stella_teleop/stella_teleop.egg-info/requires.txt
[0.834s] writing top-level names to ../../../build/stella_teleop/stella_teleop.egg-info/top_level.txt
[0.835s] reading manifest file '../../../build/stella_teleop/stella_teleop.egg-info/SOURCES.txt'
[0.836s] writing manifest file '../../../build/stella_teleop/stella_teleop.egg-info/SOURCES.txt'
[0.836s] running build
[0.836s] running build_py
[0.836s] running install
[0.836s] running install_lib
[0.837s] creating /home/yun/colcon_ws/install/stella_teleop/lib/python3.10/site-packages/stella_teleop
[0.837s] copying /home/yun/colcon_ws/build/stella_teleop/build/lib/stella_teleop/__init__.py -> /home/yun/colcon_ws/install/stella_teleop/lib/python3.10/site-packages/stella_teleop
[0.837s] creating /home/yun/colcon_ws/install/stella_teleop/lib/python3.10/site-packages/stella_teleop/script
[0.837s] copying /home/yun/colcon_ws/build/stella_teleop/build/lib/stella_teleop/script/__init__.py -> /home/yun/colcon_ws/install/stella_teleop/lib/python3.10/site-packages/stella_teleop/script
[0.838s] copying /home/yun/colcon_ws/build/stella_teleop/build/lib/stella_teleop/script/teleop_keyboard.py -> /home/yun/colcon_ws/install/stella_teleop/lib/python3.10/site-packages/stella_teleop/script
[0.838s] byte-compiling /home/yun/colcon_ws/install/stella_teleop/lib/python3.10/site-packages/stella_teleop/__init__.py to __init__.cpython-310.pyc
[0.838s] byte-compiling /home/yun/colcon_ws/install/stella_teleop/lib/python3.10/site-packages/stella_teleop/script/__init__.py to __init__.cpython-310.pyc
[0.838s] byte-compiling /home/yun/colcon_ws/install/stella_teleop/lib/python3.10/site-packages/stella_teleop/script/teleop_keyboard.py to teleop_keyboard.cpython-310.pyc
[0.839s] running install_data
[0.839s] copying resource/stella_teleop -> /home/yun/colcon_ws/install/stella_teleop/share/ament_index/resource_index/packages
[0.839s] copying package.xml -> /home/yun/colcon_ws/install/stella_teleop/share/stella_teleop
[0.839s] running install_egg_info
[0.840s] Copying ../../../build/stella_teleop/stella_teleop.egg-info to /home/yun/colcon_ws/install/stella_teleop/lib/python3.10/site-packages/stella_teleop-2.1.2-py3.10.egg-info
[0.840s] running install_scripts
[0.854s] Installing teleop_keyboard script to /home/yun/colcon_ws/install/stella_teleop/lib/stella_teleop
[0.854s] writing list of installed files to '/home/yun/colcon_ws/build/stella_teleop/install.log'
[0.873s] Invoked command in '/home/yun/colcon_ws/src/STELLA_REMOTE_PC_ROS2/stella_teleop' returned '0': PYTHONPATH=/home/yun/colcon_ws/build/stella_teleop/prefix_override:/usr/lib/python3/dist-packages/colcon_core/task/python/colcon_distutils_commands:/home/yun/colcon_ws/install/stella_teleop/lib/python3.10/site-packages:${PYTHONPATH} /usr/bin/python3 -W ignore:setup.py install is deprecated -W ignore:easy_install command is deprecated setup.py egg_info --egg-base ../../../build/stella_teleop build --build-base /home/yun/colcon_ws/build/stella_teleop/build install --record /home/yun/colcon_ws/build/stella_teleop/install.log --single-version-externally-managed install_data --force
