running egg_info
writing ../../build/gps_imu_tf_publisher/gps_imu_tf_publisher.egg-info/PKG-INFO
writing dependency_links to ../../build/gps_imu_tf_publisher/gps_imu_tf_publisher.egg-info/dependency_links.txt
writing entry points to ../../build/gps_imu_tf_publisher/gps_imu_tf_publisher.egg-info/entry_points.txt
writing requirements to ../../build/gps_imu_tf_publisher/gps_imu_tf_publisher.egg-info/requires.txt
writing top-level names to ../../build/gps_imu_tf_publisher/gps_imu_tf_publisher.egg-info/top_level.txt
reading manifest file '../../build/gps_imu_tf_publisher/gps_imu_tf_publisher.egg-info/SOURCES.txt'
writing manifest file '../../build/gps_imu_tf_publisher/gps_imu_tf_publisher.egg-info/SOURCES.txt'
running build
running build_py
running install
running install_lib
running install_data
running install_egg_info
removing '/home/yun/colcon_ws/install/gps_imu_tf_publisher/lib/python3.10/site-packages/gps_imu_tf_publisher-0.0.1-py3.10.egg-info' (and everything under it)
Copying ../../build/gps_imu_tf_publisher/gps_imu_tf_publisher.egg-info to /home/yun/colcon_ws/install/gps_imu_tf_publisher/lib/python3.10/site-packages/gps_imu_tf_publisher-0.0.1-py3.10.egg-info
running install_scripts
Installing gps_transform script to /home/yun/colcon_ws/install/gps_imu_tf_publisher/lib/gps_imu_tf_publisher
Installing imu_to_odom script to /home/yun/colcon_ws/install/gps_imu_tf_publisher/lib/gps_imu_tf_publisher
Installing tf_publisher script to /home/yun/colcon_ws/install/gps_imu_tf_publisher/lib/gps_imu_tf_publisher
writing list of installed files to '/home/yun/colcon_ws/build/gps_imu_tf_publisher/install.log'
