[0.888s] Invoking command in '/home/yun/colcon_ws/src/gps_imu_tf_publisher': PYTHONPATH=/home/yun/colcon_ws/build/gps_imu_tf_publisher/prefix_override:/usr/lib/python3/dist-packages/colcon_core/task/python/colcon_distutils_commands:/home/yun/colcon_ws/install/gps_imu_tf_publisher/lib/python3.10/site-packages:${PYTHONPATH} /usr/bin/python3 -W ignore:setup.py install is deprecated -W ignore:easy_install command is deprecated setup.py egg_info --egg-base ../../build/gps_imu_tf_publisher build --build-base /home/yun/colcon_ws/build/gps_imu_tf_publisher/build install --record /home/yun/colcon_ws/build/gps_imu_tf_publisher/install.log --single-version-externally-managed install_data
[1.066s] running egg_info
[1.067s] writing ../../build/gps_imu_tf_publisher/gps_imu_tf_publisher.egg-info/PKG-INFO
[1.067s] writing dependency_links to ../../build/gps_imu_tf_publisher/gps_imu_tf_publisher.egg-info/dependency_links.txt
[1.067s] writing entry points to ../../build/gps_imu_tf_publisher/gps_imu_tf_publisher.egg-info/entry_points.txt
[1.068s] writing requirements to ../../build/gps_imu_tf_publisher/gps_imu_tf_publisher.egg-info/requires.txt
[1.068s] writing top-level names to ../../build/gps_imu_tf_publisher/gps_imu_tf_publisher.egg-info/top_level.txt
[1.068s] reading manifest file '../../build/gps_imu_tf_publisher/gps_imu_tf_publisher.egg-info/SOURCES.txt'
[1.069s] writing manifest file '../../build/gps_imu_tf_publisher/gps_imu_tf_publisher.egg-info/SOURCES.txt'
[1.069s] running build
[1.069s] running build_py
[1.069s] running install
[1.069s] running install_lib
[1.070s] running install_data
[1.070s] running install_egg_info
[1.071s] removing '/home/yun/colcon_ws/install/gps_imu_tf_publisher/lib/python3.10/site-packages/gps_imu_tf_publisher-0.0.0-py3.10.egg-info' (and everything under it)
[1.071s] Copying ../../build/gps_imu_tf_publisher/gps_imu_tf_publisher.egg-info to /home/yun/colcon_ws/install/gps_imu_tf_publisher/lib/python3.10/site-packages/gps_imu_tf_publisher-0.0.0-py3.10.egg-info
[1.072s] running install_scripts
[1.087s] Installing gps_transform script to /home/yun/colcon_ws/install/gps_imu_tf_publisher/lib/gps_imu_tf_publisher
[1.087s] Installing imu_to_odom script to /home/yun/colcon_ws/install/gps_imu_tf_publisher/lib/gps_imu_tf_publisher
[1.087s] Installing tf_publisher script to /home/yun/colcon_ws/install/gps_imu_tf_publisher/lib/gps_imu_tf_publisher
[1.087s] writing list of installed files to '/home/yun/colcon_ws/build/gps_imu_tf_publisher/install.log'
[1.104s] Invoked command in '/home/yun/colcon_ws/src/gps_imu_tf_publisher' returned '0': PYTHONPATH=/home/yun/colcon_ws/build/gps_imu_tf_publisher/prefix_override:/usr/lib/python3/dist-packages/colcon_core/task/python/colcon_distutils_commands:/home/yun/colcon_ws/install/gps_imu_tf_publisher/lib/python3.10/site-packages:${PYTHONPATH} /usr/bin/python3 -W ignore:setup.py install is deprecated -W ignore:easy_install command is deprecated setup.py egg_info --egg-base ../../build/gps_imu_tf_publisher build --build-base /home/yun/colcon_ws/build/gps_imu_tf_publisher/build install --record /home/yun/colcon_ws/build/gps_imu_tf_publisher/install.log --single-version-externally-managed install_data
