[0.067s] DEBUG:colcon:Command line arguments: ['/usr/bin/colcon', 'build', '--symlink-install', '--cmake-clean-cache']
[0.067s] DEBUG:colcon:Parsed command line arguments: Namespace(log_base=None, log_level=None, verb_name='build', build_base='build', install_base='install', merge_install=False, symlink_install=True, test_result_base=None, continue_on_error=False, executor='parallel', parallel_workers=20, event_handlers=None, ignore_user_meta=False, metas=['./colcon.meta'], base_paths=['.'], packages_ignore=None, packages_ignore_regex=None, paths=None, packages_up_to=None, packages_up_to_regex=None, packages_above=None, packages_above_and_dependencies=None, packages_above_depth=None, packages_select_by_dep=None, packages_skip_by_dep=None, packages_skip_up_to=None, packages_select_build_failed=False, packages_skip_build_finished=False, packages_select_test_failures=False, packages_skip_test_passed=False, packages_select=None, packages_skip=None, packages_select_regex=None, packages_skip_regex=None, packages_start=None, packages_end=None, allow_overriding=[], cmake_args=None, cmake_target=None, cmake_target_skip_unavailable=False, cmake_clean_cache=True, cmake_clean_first=False, cmake_force_configure=False, ament_cmake_args=None, catkin_cmake_args=None, catkin_skip_building_tests=False, verb_parser=<colcon_defaults.argument_parser.defaults.DefaultArgumentsDecorator object at 0x738c4d73f940>, verb_extension=<colcon_core.verb.build.BuildVerb object at 0x738c4d73f3a0>, main=<bound method BuildVerb.main of <colcon_core.verb.build.BuildVerb object at 0x738c4d73f3a0>>)
[0.169s] Level 1:colcon.colcon_core.package_discovery:discover_packages(colcon_meta) check parameters
[0.169s] Level 1:colcon.colcon_core.package_discovery:discover_packages(recursive) check parameters
[0.169s] Level 1:colcon.colcon_core.package_discovery:discover_packages(ignore) check parameters
[0.169s] Level 1:colcon.colcon_core.package_discovery:discover_packages(path) check parameters
[0.169s] Level 1:colcon.colcon_core.package_discovery:discover_packages(colcon_meta) discover
[0.169s] Level 1:colcon.colcon_core.package_discovery:discover_packages(recursive) discover
[0.169s] INFO:colcon.colcon_core.package_discovery:Crawling recursively for packages in '/home/yun/colcon_ws'
[0.169s] Level 1:colcon.colcon_core.package_identification:_identify(.) by extensions ['ignore', 'ignore_ament_install']
[0.169s] Level 1:colcon.colcon_core.package_identification:_identify(.) by extension 'ignore'
[0.169s] Level 1:colcon.colcon_core.package_identification:_identify(.) by extension 'ignore_ament_install'
[0.169s] Level 1:colcon.colcon_core.package_identification:_identify(.) by extensions ['colcon_pkg']
[0.169s] Level 1:colcon.colcon_core.package_identification:_identify(.) by extension 'colcon_pkg'
[0.169s] Level 1:colcon.colcon_core.package_identification:_identify(.) by extensions ['colcon_meta']
[0.169s] Level 1:colcon.colcon_core.package_identification:_identify(.) by extension 'colcon_meta'
[0.169s] Level 1:colcon.colcon_core.package_identification:_identify(.) by extensions ['ros']
[0.169s] Level 1:colcon.colcon_core.package_identification:_identify(.) by extension 'ros'
[0.177s] Level 1:colcon.colcon_core.package_identification:_identify(.) by extensions ['cmake', 'python']
[0.177s] Level 1:colcon.colcon_core.package_identification:_identify(.) by extension 'cmake'
[0.177s] Level 1:colcon.colcon_core.package_identification:_identify(.) by extension 'python'
[0.177s] Level 1:colcon.colcon_core.package_identification:_identify(.) by extensions ['python_setup_py']
[0.177s] Level 1:colcon.colcon_core.package_identification:_identify(.) by extension 'python_setup_py'
[0.177s] Level 1:colcon.colcon_core.package_identification:_identify(build) by extensions ['ignore', 'ignore_ament_install']
[0.177s] Level 1:colcon.colcon_core.package_identification:_identify(build) by extension 'ignore'
[0.177s] Level 1:colcon.colcon_core.package_identification:_identify(build) ignored
[0.177s] Level 1:colcon.colcon_core.package_identification:_identify(install) by extensions ['ignore', 'ignore_ament_install']
[0.177s] Level 1:colcon.colcon_core.package_identification:_identify(install) by extension 'ignore'
[0.177s] Level 1:colcon.colcon_core.package_identification:_identify(install) ignored
[0.177s] Level 1:colcon.colcon_core.package_identification:_identify(log) by extensions ['ignore', 'ignore_ament_install']
[0.177s] Level 1:colcon.colcon_core.package_identification:_identify(log) by extension 'ignore'
[0.177s] Level 1:colcon.colcon_core.package_identification:_identify(log) ignored
[0.177s] Level 1:colcon.colcon_core.package_identification:_identify(src) by extensions ['ignore', 'ignore_ament_install']
[0.177s] Level 1:colcon.colcon_core.package_identification:_identify(src) by extension 'ignore'
[0.177s] Level 1:colcon.colcon_core.package_identification:_identify(src) by extension 'ignore_ament_install'
[0.177s] Level 1:colcon.colcon_core.package_identification:_identify(src) by extensions ['colcon_pkg']
[0.177s] Level 1:colcon.colcon_core.package_identification:_identify(src) by extension 'colcon_pkg'
[0.178s] Level 1:colcon.colcon_core.package_identification:_identify(src) by extensions ['colcon_meta']
[0.178s] Level 1:colcon.colcon_core.package_identification:_identify(src) by extension 'colcon_meta'
[0.178s] Level 1:colcon.colcon_core.package_identification:_identify(src) by extensions ['ros']
[0.178s] Level 1:colcon.colcon_core.package_identification:_identify(src) by extension 'ros'
[0.178s] Level 1:colcon.colcon_core.package_identification:_identify(src) by extensions ['cmake', 'python']
[0.178s] Level 1:colcon.colcon_core.package_identification:_identify(src) by extension 'cmake'
[0.178s] Level 1:colcon.colcon_core.package_identification:_identify(src) by extension 'python'
[0.178s] Level 1:colcon.colcon_core.package_identification:_identify(src) by extensions ['python_setup_py']
[0.178s] Level 1:colcon.colcon_core.package_identification:_identify(src) by extension 'python_setup_py'
[0.178s] Level 1:colcon.colcon_core.package_identification:_identify(src/STELLA_REMOTE_PC_ROS2) by extensions ['ignore', 'ignore_ament_install']
[0.178s] Level 1:colcon.colcon_core.package_identification:_identify(src/STELLA_REMOTE_PC_ROS2) by extension 'ignore'
[0.178s] Level 1:colcon.colcon_core.package_identification:_identify(src/STELLA_REMOTE_PC_ROS2) by extension 'ignore_ament_install'
[0.178s] Level 1:colcon.colcon_core.package_identification:_identify(src/STELLA_REMOTE_PC_ROS2) by extensions ['colcon_pkg']
[0.178s] Level 1:colcon.colcon_core.package_identification:_identify(src/STELLA_REMOTE_PC_ROS2) by extension 'colcon_pkg'
[0.178s] Level 1:colcon.colcon_core.package_identification:_identify(src/STELLA_REMOTE_PC_ROS2) by extensions ['colcon_meta']
[0.178s] Level 1:colcon.colcon_core.package_identification:_identify(src/STELLA_REMOTE_PC_ROS2) by extension 'colcon_meta'
[0.178s] Level 1:colcon.colcon_core.package_identification:_identify(src/STELLA_REMOTE_PC_ROS2) by extensions ['ros']
[0.178s] Level 1:colcon.colcon_core.package_identification:_identify(src/STELLA_REMOTE_PC_ROS2) by extension 'ros'
[0.178s] Level 1:colcon.colcon_core.package_identification:_identify(src/STELLA_REMOTE_PC_ROS2) by extensions ['cmake', 'python']
[0.178s] Level 1:colcon.colcon_core.package_identification:_identify(src/STELLA_REMOTE_PC_ROS2) by extension 'cmake'
[0.178s] Level 1:colcon.colcon_core.package_identification:_identify(src/STELLA_REMOTE_PC_ROS2) by extension 'python'
[0.178s] Level 1:colcon.colcon_core.package_identification:_identify(src/STELLA_REMOTE_PC_ROS2) by extensions ['python_setup_py']
[0.178s] Level 1:colcon.colcon_core.package_identification:_identify(src/STELLA_REMOTE_PC_ROS2) by extension 'python_setup_py'
[0.178s] Level 1:colcon.colcon_core.package_identification:_identify(src/STELLA_REMOTE_PC_ROS2/stella_cartographer) by extensions ['ignore', 'ignore_ament_install']
[0.178s] Level 1:colcon.colcon_core.package_identification:_identify(src/STELLA_REMOTE_PC_ROS2/stella_cartographer) by extension 'ignore'
[0.178s] Level 1:colcon.colcon_core.package_identification:_identify(src/STELLA_REMOTE_PC_ROS2/stella_cartographer) by extension 'ignore_ament_install'
[0.178s] Level 1:colcon.colcon_core.package_identification:_identify(src/STELLA_REMOTE_PC_ROS2/stella_cartographer) by extensions ['colcon_pkg']
[0.178s] Level 1:colcon.colcon_core.package_identification:_identify(src/STELLA_REMOTE_PC_ROS2/stella_cartographer) by extension 'colcon_pkg'
[0.178s] Level 1:colcon.colcon_core.package_identification:_identify(src/STELLA_REMOTE_PC_ROS2/stella_cartographer) by extensions ['colcon_meta']
[0.178s] Level 1:colcon.colcon_core.package_identification:_identify(src/STELLA_REMOTE_PC_ROS2/stella_cartographer) by extension 'colcon_meta'
[0.178s] Level 1:colcon.colcon_core.package_identification:_identify(src/STELLA_REMOTE_PC_ROS2/stella_cartographer) by extensions ['ros']
[0.178s] Level 1:colcon.colcon_core.package_identification:_identify(src/STELLA_REMOTE_PC_ROS2/stella_cartographer) by extension 'ros'
[0.180s] DEBUG:colcon.colcon_core.package_identification:Package 'src/STELLA_REMOTE_PC_ROS2/stella_cartographer' with type 'ros.ament_cmake' and name 'stella_cartographer'
[0.180s] Level 1:colcon.colcon_core.package_identification:_identify(src/STELLA_REMOTE_PC_ROS2/stella_description) by extensions ['ignore', 'ignore_ament_install']
[0.180s] Level 1:colcon.colcon_core.package_identification:_identify(src/STELLA_REMOTE_PC_ROS2/stella_description) by extension 'ignore'
[0.180s] Level 1:colcon.colcon_core.package_identification:_identify(src/STELLA_REMOTE_PC_ROS2/stella_description) by extension 'ignore_ament_install'
[0.180s] Level 1:colcon.colcon_core.package_identification:_identify(src/STELLA_REMOTE_PC_ROS2/stella_description) by extensions ['colcon_pkg']
[0.180s] Level 1:colcon.colcon_core.package_identification:_identify(src/STELLA_REMOTE_PC_ROS2/stella_description) by extension 'colcon_pkg'
[0.180s] Level 1:colcon.colcon_core.package_identification:_identify(src/STELLA_REMOTE_PC_ROS2/stella_description) by extensions ['colcon_meta']
[0.180s] Level 1:colcon.colcon_core.package_identification:_identify(src/STELLA_REMOTE_PC_ROS2/stella_description) by extension 'colcon_meta'
[0.180s] Level 1:colcon.colcon_core.package_identification:_identify(src/STELLA_REMOTE_PC_ROS2/stella_description) by extensions ['ros']
[0.180s] Level 1:colcon.colcon_core.package_identification:_identify(src/STELLA_REMOTE_PC_ROS2/stella_description) by extension 'ros'
[0.181s] DEBUG:colcon.colcon_core.package_identification:Package 'src/STELLA_REMOTE_PC_ROS2/stella_description' with type 'ros.ament_cmake' and name 'stella_description'
[0.181s] Level 1:colcon.colcon_core.package_identification:_identify(src/STELLA_REMOTE_PC_ROS2/stella_navigation2) by extensions ['ignore', 'ignore_ament_install']
[0.181s] Level 1:colcon.colcon_core.package_identification:_identify(src/STELLA_REMOTE_PC_ROS2/stella_navigation2) by extension 'ignore'
[0.181s] Level 1:colcon.colcon_core.package_identification:_identify(src/STELLA_REMOTE_PC_ROS2/stella_navigation2) by extension 'ignore_ament_install'
[0.181s] Level 1:colcon.colcon_core.package_identification:_identify(src/STELLA_REMOTE_PC_ROS2/stella_navigation2) by extensions ['colcon_pkg']
[0.181s] Level 1:colcon.colcon_core.package_identification:_identify(src/STELLA_REMOTE_PC_ROS2/stella_navigation2) by extension 'colcon_pkg'
[0.181s] Level 1:colcon.colcon_core.package_identification:_identify(src/STELLA_REMOTE_PC_ROS2/stella_navigation2) by extensions ['colcon_meta']
[0.181s] Level 1:colcon.colcon_core.package_identification:_identify(src/STELLA_REMOTE_PC_ROS2/stella_navigation2) by extension 'colcon_meta'
[0.181s] Level 1:colcon.colcon_core.package_identification:_identify(src/STELLA_REMOTE_PC_ROS2/stella_navigation2) by extensions ['ros']
[0.181s] Level 1:colcon.colcon_core.package_identification:_identify(src/STELLA_REMOTE_PC_ROS2/stella_navigation2) by extension 'ros'
[0.181s] DEBUG:colcon.colcon_core.package_identification:Package 'src/STELLA_REMOTE_PC_ROS2/stella_navigation2' with type 'ros.ament_cmake' and name 'stella_navigation2'
[0.181s] Level 1:colcon.colcon_core.package_identification:_identify(src/STELLA_REMOTE_PC_ROS2/stella_teleop) by extensions ['ignore', 'ignore_ament_install']
[0.181s] Level 1:colcon.colcon_core.package_identification:_identify(src/STELLA_REMOTE_PC_ROS2/stella_teleop) by extension 'ignore'
[0.181s] Level 1:colcon.colcon_core.package_identification:_identify(src/STELLA_REMOTE_PC_ROS2/stella_teleop) by extension 'ignore_ament_install'
[0.181s] Level 1:colcon.colcon_core.package_identification:_identify(src/STELLA_REMOTE_PC_ROS2/stella_teleop) by extensions ['colcon_pkg']
[0.181s] Level 1:colcon.colcon_core.package_identification:_identify(src/STELLA_REMOTE_PC_ROS2/stella_teleop) by extension 'colcon_pkg'
[0.182s] Level 1:colcon.colcon_core.package_identification:_identify(src/STELLA_REMOTE_PC_ROS2/stella_teleop) by extensions ['colcon_meta']
[0.182s] Level 1:colcon.colcon_core.package_identification:_identify(src/STELLA_REMOTE_PC_ROS2/stella_teleop) by extension 'colcon_meta'
[0.182s] Level 1:colcon.colcon_core.package_identification:_identify(src/STELLA_REMOTE_PC_ROS2/stella_teleop) by extensions ['ros']
[0.182s] Level 1:colcon.colcon_core.package_identification:_identify(src/STELLA_REMOTE_PC_ROS2/stella_teleop) by extension 'ros'
[0.182s] DEBUG:colcon.colcon_core.package_identification:Package 'src/STELLA_REMOTE_PC_ROS2/stella_teleop' with type 'ros.ament_python' and name 'stella_teleop'
[0.182s] Level 1:colcon.colcon_core.package_discovery:discover_packages(recursive) using defaults
[0.182s] Level 1:colcon.colcon_core.package_discovery:discover_packages(ignore) discover
[0.182s] Level 1:colcon.colcon_core.package_discovery:discover_packages(ignore) using defaults
[0.182s] Level 1:colcon.colcon_core.package_discovery:discover_packages(path) discover
[0.182s] Level 1:colcon.colcon_core.package_discovery:discover_packages(path) using defaults
[0.202s] Level 1:colcon.colcon_core.package_discovery:discover_packages(prefix_path) check parameters
[0.202s] Level 1:colcon.colcon_core.package_discovery:discover_packages(prefix_path) discover
[0.203s] DEBUG:colcon.colcon_installed_package_information.package_discovery:Found 4 installed packages in /home/yun/colcon_ws/install
[0.204s] DEBUG:colcon.colcon_installed_package_information.package_discovery:Found 319 installed packages in /opt/ros/humble
[0.205s] Level 1:colcon.colcon_core.package_discovery:discover_packages(prefix_path) using defaults
[0.229s] Level 5:colcon.colcon_core.verb:set package 'stella_cartographer' build argument 'cmake_args' from command line to 'None'
[0.229s] Level 5:colcon.colcon_core.verb:set package 'stella_cartographer' build argument 'cmake_target' from command line to 'None'
[0.229s] Level 5:colcon.colcon_core.verb:set package 'stella_cartographer' build argument 'cmake_target_skip_unavailable' from command line to 'False'
[0.229s] Level 5:colcon.colcon_core.verb:set package 'stella_cartographer' build argument 'cmake_clean_cache' from command line to 'True'
[0.229s] Level 5:colcon.colcon_core.verb:set package 'stella_cartographer' build argument 'cmake_clean_first' from command line to 'False'
[0.229s] Level 5:colcon.colcon_core.verb:set package 'stella_cartographer' build argument 'cmake_force_configure' from command line to 'False'
[0.229s] Level 5:colcon.colcon_core.verb:set package 'stella_cartographer' build argument 'ament_cmake_args' from command line to 'None'
[0.229s] Level 5:colcon.colcon_core.verb:set package 'stella_cartographer' build argument 'catkin_cmake_args' from command line to 'None'
[0.229s] Level 5:colcon.colcon_core.verb:set package 'stella_cartographer' build argument 'catkin_skip_building_tests' from command line to 'False'
[0.229s] DEBUG:colcon.colcon_core.verb:Building package 'stella_cartographer' with the following arguments: {'ament_cmake_args': None, 'build_base': '/home/yun/colcon_ws/build/stella_cartographer', 'catkin_cmake_args': None, 'catkin_skip_building_tests': False, 'cmake_args': None, 'cmake_clean_cache': True, 'cmake_clean_first': False, 'cmake_force_configure': False, 'cmake_target': None, 'cmake_target_skip_unavailable': False, 'install_base': '/home/yun/colcon_ws/install/stella_cartographer', 'merge_install': False, 'path': '/home/yun/colcon_ws/src/STELLA_REMOTE_PC_ROS2/stella_cartographer', 'symlink_install': True, 'test_result_base': None}
[0.230s] Level 5:colcon.colcon_core.verb:set package 'stella_description' build argument 'cmake_args' from command line to 'None'
[0.230s] Level 5:colcon.colcon_core.verb:set package 'stella_description' build argument 'cmake_target' from command line to 'None'
[0.230s] Level 5:colcon.colcon_core.verb:set package 'stella_description' build argument 'cmake_target_skip_unavailable' from command line to 'False'
[0.230s] Level 5:colcon.colcon_core.verb:set package 'stella_description' build argument 'cmake_clean_cache' from command line to 'True'
[0.230s] Level 5:colcon.colcon_core.verb:set package 'stella_description' build argument 'cmake_clean_first' from command line to 'False'
[0.230s] Level 5:colcon.colcon_core.verb:set package 'stella_description' build argument 'cmake_force_configure' from command line to 'False'
[0.230s] Level 5:colcon.colcon_core.verb:set package 'stella_description' build argument 'ament_cmake_args' from command line to 'None'
[0.230s] Level 5:colcon.colcon_core.verb:set package 'stella_description' build argument 'catkin_cmake_args' from command line to 'None'
[0.230s] Level 5:colcon.colcon_core.verb:set package 'stella_description' build argument 'catkin_skip_building_tests' from command line to 'False'
[0.230s] DEBUG:colcon.colcon_core.verb:Building package 'stella_description' with the following arguments: {'ament_cmake_args': None, 'build_base': '/home/yun/colcon_ws/build/stella_description', 'catkin_cmake_args': None, 'catkin_skip_building_tests': False, 'cmake_args': None, 'cmake_clean_cache': True, 'cmake_clean_first': False, 'cmake_force_configure': False, 'cmake_target': None, 'cmake_target_skip_unavailable': False, 'install_base': '/home/yun/colcon_ws/install/stella_description', 'merge_install': False, 'path': '/home/yun/colcon_ws/src/STELLA_REMOTE_PC_ROS2/stella_description', 'symlink_install': True, 'test_result_base': None}
[0.230s] Level 5:colcon.colcon_core.verb:set package 'stella_navigation2' build argument 'cmake_args' from command line to 'None'
[0.230s] Level 5:colcon.colcon_core.verb:set package 'stella_navigation2' build argument 'cmake_target' from command line to 'None'
[0.230s] Level 5:colcon.colcon_core.verb:set package 'stella_navigation2' build argument 'cmake_target_skip_unavailable' from command line to 'False'
[0.230s] Level 5:colcon.colcon_core.verb:set package 'stella_navigation2' build argument 'cmake_clean_cache' from command line to 'True'
[0.230s] Level 5:colcon.colcon_core.verb:set package 'stella_navigation2' build argument 'cmake_clean_first' from command line to 'False'
[0.230s] Level 5:colcon.colcon_core.verb:set package 'stella_navigation2' build argument 'cmake_force_configure' from command line to 'False'
[0.230s] Level 5:colcon.colcon_core.verb:set package 'stella_navigation2' build argument 'ament_cmake_args' from command line to 'None'
[0.230s] Level 5:colcon.colcon_core.verb:set package 'stella_navigation2' build argument 'catkin_cmake_args' from command line to 'None'
[0.230s] Level 5:colcon.colcon_core.verb:set package 'stella_navigation2' build argument 'catkin_skip_building_tests' from command line to 'False'
[0.230s] DEBUG:colcon.colcon_core.verb:Building package 'stella_navigation2' with the following arguments: {'ament_cmake_args': None, 'build_base': '/home/yun/colcon_ws/build/stella_navigation2', 'catkin_cmake_args': None, 'catkin_skip_building_tests': False, 'cmake_args': None, 'cmake_clean_cache': True, 'cmake_clean_first': False, 'cmake_force_configure': False, 'cmake_target': None, 'cmake_target_skip_unavailable': False, 'install_base': '/home/yun/colcon_ws/install/stella_navigation2', 'merge_install': False, 'path': '/home/yun/colcon_ws/src/STELLA_REMOTE_PC_ROS2/stella_navigation2', 'symlink_install': True, 'test_result_base': None}
[0.230s] Level 5:colcon.colcon_core.verb:set package 'stella_teleop' build argument 'cmake_args' from command line to 'None'
[0.230s] Level 5:colcon.colcon_core.verb:set package 'stella_teleop' build argument 'cmake_target' from command line to 'None'
[0.230s] Level 5:colcon.colcon_core.verb:set package 'stella_teleop' build argument 'cmake_target_skip_unavailable' from command line to 'False'
[0.230s] Level 5:colcon.colcon_core.verb:set package 'stella_teleop' build argument 'cmake_clean_cache' from command line to 'True'
[0.230s] Level 5:colcon.colcon_core.verb:set package 'stella_teleop' build argument 'cmake_clean_first' from command line to 'False'
[0.230s] Level 5:colcon.colcon_core.verb:set package 'stella_teleop' build argument 'cmake_force_configure' from command line to 'False'
[0.230s] Level 5:colcon.colcon_core.verb:set package 'stella_teleop' build argument 'ament_cmake_args' from command line to 'None'
[0.230s] Level 5:colcon.colcon_core.verb:set package 'stella_teleop' build argument 'catkin_cmake_args' from command line to 'None'
[0.230s] Level 5:colcon.colcon_core.verb:set package 'stella_teleop' build argument 'catkin_skip_building_tests' from command line to 'False'
[0.230s] DEBUG:colcon.colcon_core.verb:Building package 'stella_teleop' with the following arguments: {'ament_cmake_args': None, 'build_base': '/home/yun/colcon_ws/build/stella_teleop', 'catkin_cmake_args': None, 'catkin_skip_building_tests': False, 'cmake_args': None, 'cmake_clean_cache': True, 'cmake_clean_first': False, 'cmake_force_configure': False, 'cmake_target': None, 'cmake_target_skip_unavailable': False, 'install_base': '/home/yun/colcon_ws/install/stella_teleop', 'merge_install': False, 'path': '/home/yun/colcon_ws/src/STELLA_REMOTE_PC_ROS2/stella_teleop', 'symlink_install': True, 'test_result_base': None}
[0.230s] INFO:colcon.colcon_core.executor:Executing jobs using 'parallel' executor
[0.231s] DEBUG:colcon.colcon_parallel_executor.executor.parallel:run_until_complete
[0.232s] INFO:colcon.colcon_ros.task.ament_cmake.build:Building ROS package in '/home/yun/colcon_ws/src/STELLA_REMOTE_PC_ROS2/stella_cartographer' with build type 'ament_cmake'
[0.232s] INFO:colcon.colcon_cmake.task.cmake.build:Building CMake package in '/home/yun/colcon_ws/src/STELLA_REMOTE_PC_ROS2/stella_cartographer'
[0.233s] INFO:colcon.colcon_core.plugin_system:Skipping extension 'colcon_core.shell.bat': Not used on non-Windows systems
[0.233s] INFO:colcon.colcon_core.shell:Skip shell extension 'powershell' for command environment: Not usable outside of PowerShell
[0.233s] DEBUG:colcon.colcon_core.shell:Skip shell extension 'dsv' for command environment
[0.235s] INFO:colcon.colcon_ros.task.ament_cmake.build:Building ROS package in '/home/yun/colcon_ws/src/STELLA_REMOTE_PC_ROS2/stella_description' with build type 'ament_cmake'
[0.235s] INFO:colcon.colcon_cmake.task.cmake.build:Building CMake package in '/home/yun/colcon_ws/src/STELLA_REMOTE_PC_ROS2/stella_description'
[0.236s] INFO:colcon.colcon_core.shell:Skip shell extension 'powershell' for command environment: Not usable outside of PowerShell
[0.236s] DEBUG:colcon.colcon_core.shell:Skip shell extension 'dsv' for command environment
[0.238s] INFO:colcon.colcon_ros.task.ament_cmake.build:Building ROS package in '/home/yun/colcon_ws/src/STELLA_REMOTE_PC_ROS2/stella_navigation2' with build type 'ament_cmake'
[0.238s] INFO:colcon.colcon_cmake.task.cmake.build:Building CMake package in '/home/yun/colcon_ws/src/STELLA_REMOTE_PC_ROS2/stella_navigation2'
[0.238s] INFO:colcon.colcon_core.shell:Skip shell extension 'powershell' for command environment: Not usable outside of PowerShell
[0.238s] DEBUG:colcon.colcon_core.shell:Skip shell extension 'dsv' for command environment
[0.240s] INFO:colcon.colcon_ros.task.ament_python.build:Building ROS package in '/home/yun/colcon_ws/src/STELLA_REMOTE_PC_ROS2/stella_teleop' with build type 'ament_python'
[0.240s] Level 1:colcon.colcon_core.shell:create_environment_hook('stella_teleop', 'ament_prefix_path')
[0.240s] INFO:colcon.colcon_core.shell:Creating environment hook '/home/yun/colcon_ws/install/stella_teleop/share/stella_teleop/hook/ament_prefix_path.ps1'
[0.241s] INFO:colcon.colcon_core.shell:Creating environment descriptor '/home/yun/colcon_ws/install/stella_teleop/share/stella_teleop/hook/ament_prefix_path.dsv'
[0.241s] INFO:colcon.colcon_core.shell:Creating environment hook '/home/yun/colcon_ws/install/stella_teleop/share/stella_teleop/hook/ament_prefix_path.sh'
[0.241s] INFO:colcon.colcon_core.shell:Skip shell extension 'powershell' for command environment: Not usable outside of PowerShell
[0.241s] DEBUG:colcon.colcon_core.shell:Skip shell extension 'dsv' for command environment
[0.246s] DEBUG:colcon.colcon_core.event_handler.log_command:Invoking command in '/home/yun/colcon_ws/build/stella_cartographer': CMAKE_PREFIX_PATH=${CMAKE_PREFIX_PATH}:/home/yun/colcon_ws/install/stella_teleop:/opt/ros/humble /usr/bin/cmake /home/yun/colcon_ws/src/STELLA_REMOTE_PC_ROS2/stella_cartographer -DAMENT_CMAKE_SYMLINK_INSTALL=1 -DCMAKE_INSTALL_PREFIX=/home/yun/colcon_ws/install/stella_cartographer
[0.247s] DEBUG:colcon.colcon_core.event_handler.log_command:Invoking command in '/home/yun/colcon_ws/build/stella_description': CMAKE_PREFIX_PATH=${CMAKE_PREFIX_PATH}:/home/yun/colcon_ws/install/stella_teleop:/opt/ros/humble /usr/bin/cmake /home/yun/colcon_ws/src/STELLA_REMOTE_PC_ROS2/stella_description -DAMENT_CMAKE_SYMLINK_INSTALL=1 -DCMAKE_INSTALL_PREFIX=/home/yun/colcon_ws/install/stella_description
[0.249s] DEBUG:colcon.colcon_core.event_handler.log_command:Invoking command in '/home/yun/colcon_ws/build/stella_navigation2': CMAKE_PREFIX_PATH=${CMAKE_PREFIX_PATH}:/home/yun/colcon_ws/install/stella_teleop:/opt/ros/humble /usr/bin/cmake /home/yun/colcon_ws/src/STELLA_REMOTE_PC_ROS2/stella_navigation2 -DAMENT_CMAKE_SYMLINK_INSTALL=1 -DCMAKE_INSTALL_PREFIX=/home/yun/colcon_ws/install/stella_navigation2
[0.411s] INFO:colcon.colcon_core.task.python.build:Building Python package in '/home/yun/colcon_ws/src/STELLA_REMOTE_PC_ROS2/stella_teleop'
[0.411s] INFO:colcon.colcon_core.shell:Skip shell extension 'powershell' for command environment: Not usable outside of PowerShell
[0.412s] DEBUG:colcon.colcon_core.shell:Skip shell extension 'dsv' for command environment
[0.626s] DEBUG:colcon.colcon_core.task.python.build:While undoing a previous installation files outside the Python library path are being ignored: /home/yun/colcon_ws/install/stella_teleop/share/ament_index/resource_index/packages/stella_teleop
[0.626s] DEBUG:colcon.colcon_core.task.python.build:While undoing a previous installation files outside the Python library path are being ignored: /home/yun/colcon_ws/install/stella_teleop/share/stella_teleop/package.xml
[0.627s] DEBUG:colcon.colcon_core.task.python.build:While undoing a previous installation files outside the Python library path are being ignored: /home/yun/colcon_ws/install/stella_teleop/lib/stella_teleop/teleop_keyboard
[0.630s] DEBUG:colcon.colcon_core.event_handler.log_command:Invoking command in '/home/yun/colcon_ws/build/stella_teleop': PYTHONPATH=/home/yun/colcon_ws/build/stella_teleop/prefix_override:/usr/lib/python3/dist-packages/colcon_core/task/python/colcon_distutils_commands:/home/yun/colcon_ws/install/stella_teleop/lib/python3.10/site-packages:${PYTHONPATH} /usr/bin/python3 -W ignore:setup.py install is deprecated -W ignore:easy_install command is deprecated setup.py develop --editable --build-directory /home/yun/colcon_ws/build/stella_teleop/build --no-deps symlink_data --force
[0.739s] DEBUG:colcon.colcon_core.event_handler.log_command:Invoked command in '/home/yun/colcon_ws/build/stella_cartographer' returned '0': CMAKE_PREFIX_PATH=${CMAKE_PREFIX_PATH}:/home/yun/colcon_ws/install/stella_teleop:/opt/ros/humble /usr/bin/cmake /home/yun/colcon_ws/src/STELLA_REMOTE_PC_ROS2/stella_cartographer -DAMENT_CMAKE_SYMLINK_INSTALL=1 -DCMAKE_INSTALL_PREFIX=/home/yun/colcon_ws/install/stella_cartographer
[0.741s] DEBUG:colcon.colcon_core.event_handler.log_command:Invoking command in '/home/yun/colcon_ws/build/stella_cartographer': CMAKE_PREFIX_PATH=${CMAKE_PREFIX_PATH}:/home/yun/colcon_ws/install/stella_teleop:/opt/ros/humble /usr/bin/cmake --build /home/yun/colcon_ws/build/stella_cartographer -- -j20 -l20
[0.766s] DEBUG:colcon.colcon_core.event_handler.log_command:Invoked command in '/home/yun/colcon_ws/build/stella_description' returned '0': CMAKE_PREFIX_PATH=${CMAKE_PREFIX_PATH}:/home/yun/colcon_ws/install/stella_teleop:/opt/ros/humble /usr/bin/cmake /home/yun/colcon_ws/src/STELLA_REMOTE_PC_ROS2/stella_description -DAMENT_CMAKE_SYMLINK_INSTALL=1 -DCMAKE_INSTALL_PREFIX=/home/yun/colcon_ws/install/stella_description
[0.767s] DEBUG:colcon.colcon_core.event_handler.log_command:Invoking command in '/home/yun/colcon_ws/build/stella_description': CMAKE_PREFIX_PATH=${CMAKE_PREFIX_PATH}:/home/yun/colcon_ws/install/stella_teleop:/opt/ros/humble /usr/bin/cmake --build /home/yun/colcon_ws/build/stella_description -- -j20 -l20
[0.767s] DEBUG:colcon.colcon_core.event_handler.log_command:Invoked command in '/home/yun/colcon_ws/build/stella_navigation2' returned '0': CMAKE_PREFIX_PATH=${CMAKE_PREFIX_PATH}:/home/yun/colcon_ws/install/stella_teleop:/opt/ros/humble /usr/bin/cmake /home/yun/colcon_ws/src/STELLA_REMOTE_PC_ROS2/stella_navigation2 -DAMENT_CMAKE_SYMLINK_INSTALL=1 -DCMAKE_INSTALL_PREFIX=/home/yun/colcon_ws/install/stella_navigation2
[0.769s] DEBUG:colcon.colcon_core.event_handler.log_command:Invoking command in '/home/yun/colcon_ws/build/stella_navigation2': CMAKE_PREFIX_PATH=${CMAKE_PREFIX_PATH}:/home/yun/colcon_ws/install/stella_teleop:/opt/ros/humble /usr/bin/cmake --build /home/yun/colcon_ws/build/stella_navigation2 -- -j20 -l20
[0.775s] DEBUG:colcon.colcon_core.event_handler.log_command:Invoked command in '/home/yun/colcon_ws/build/stella_cartographer' returned '0': CMAKE_PREFIX_PATH=${CMAKE_PREFIX_PATH}:/home/yun/colcon_ws/install/stella_teleop:/opt/ros/humble /usr/bin/cmake --build /home/yun/colcon_ws/build/stella_cartographer -- -j20 -l20
[0.785s] DEBUG:colcon.colcon_core.event_handler.log_command:Invoking command in '/home/yun/colcon_ws/build/stella_cartographer': CMAKE_PREFIX_PATH=${CMAKE_PREFIX_PATH}:/home/yun/colcon_ws/install/stella_teleop:/opt/ros/humble /usr/bin/cmake --install /home/yun/colcon_ws/build/stella_cartographer
[0.796s] DEBUG:colcon.colcon_core.event_handler.log_command:Invoked command in '/home/yun/colcon_ws/build/stella_description' returned '0': CMAKE_PREFIX_PATH=${CMAKE_PREFIX_PATH}:/home/yun/colcon_ws/install/stella_teleop:/opt/ros/humble /usr/bin/cmake --build /home/yun/colcon_ws/build/stella_description -- -j20 -l20
[0.798s] DEBUG:colcon.colcon_core.event_handler.log_command:Invoking command in '/home/yun/colcon_ws/build/stella_description': CMAKE_PREFIX_PATH=${CMAKE_PREFIX_PATH}:/home/yun/colcon_ws/install/stella_teleop:/opt/ros/humble /usr/bin/cmake --install /home/yun/colcon_ws/build/stella_description
[0.805s] DEBUG:colcon.colcon_core.event_handler.log_command:Invoked command in '/home/yun/colcon_ws/build/stella_navigation2' returned '0': CMAKE_PREFIX_PATH=${CMAKE_PREFIX_PATH}:/home/yun/colcon_ws/install/stella_teleop:/opt/ros/humble /usr/bin/cmake --build /home/yun/colcon_ws/build/stella_navigation2 -- -j20 -l20
[0.807s] DEBUG:colcon.colcon_core.event_handler.log_command:Invoking command in '/home/yun/colcon_ws/build/stella_navigation2': CMAKE_PREFIX_PATH=${CMAKE_PREFIX_PATH}:/home/yun/colcon_ws/install/stella_teleop:/opt/ros/humble /usr/bin/cmake --install /home/yun/colcon_ws/build/stella_navigation2
[0.916s] Level 1:colcon.colcon_core.shell:create_environment_hook('stella_teleop', 'pythonpath_develop')
[0.916s] INFO:colcon.colcon_core.shell:Creating environment hook '/home/yun/colcon_ws/build/stella_teleop/share/stella_teleop/hook/pythonpath_develop.ps1'
[0.917s] DEBUG:colcon.colcon_core.event_handler.log_command:Invoked command in '/home/yun/colcon_ws/build/stella_teleop' returned '0': PYTHONPATH=/home/yun/colcon_ws/build/stella_teleop/prefix_override:/usr/lib/python3/dist-packages/colcon_core/task/python/colcon_distutils_commands:/home/yun/colcon_ws/install/stella_teleop/lib/python3.10/site-packages:${PYTHONPATH} /usr/bin/python3 -W ignore:setup.py install is deprecated -W ignore:easy_install command is deprecated setup.py develop --editable --build-directory /home/yun/colcon_ws/build/stella_teleop/build --no-deps symlink_data --force
[0.917s] INFO:colcon.colcon_core.shell:Creating environment descriptor '/home/yun/colcon_ws/build/stella_teleop/share/stella_teleop/hook/pythonpath_develop.dsv'
[0.918s] INFO:colcon.colcon_core.shell:Creating environment hook '/home/yun/colcon_ws/build/stella_teleop/share/stella_teleop/hook/pythonpath_develop.sh'
[0.920s] Level 1:colcon.colcon_core.environment:checking '/home/yun/colcon_ws/install/stella_teleop' for CMake module files
[0.920s] Level 1:colcon.colcon_core.environment:checking '/home/yun/colcon_ws/install/stella_teleop' for CMake config files
[0.921s] Level 1:colcon.colcon_core.environment:checking '/home/yun/colcon_ws/install/stella_teleop/lib'
[0.921s] Level 1:colcon.colcon_core.environment:checking '/home/yun/colcon_ws/install/stella_teleop/bin'
[0.921s] Level 1:colcon.colcon_core.environment:checking '/home/yun/colcon_ws/install/stella_teleop/lib/pkgconfig/stella_teleop.pc'
[0.921s] Level 1:colcon.colcon_core.environment:checking '/home/yun/colcon_ws/install/stella_teleop/lib/python3.10/site-packages'
[0.921s] Level 1:colcon.colcon_core.shell:create_environment_hook('stella_teleop', 'pythonpath')
[0.921s] INFO:colcon.colcon_core.shell:Creating environment hook '/home/yun/colcon_ws/install/stella_teleop/share/stella_teleop/hook/pythonpath.ps1'
[0.921s] INFO:colcon.colcon_core.shell:Creating environment descriptor '/home/yun/colcon_ws/install/stella_teleop/share/stella_teleop/hook/pythonpath.dsv'
[0.922s] INFO:colcon.colcon_core.shell:Creating environment hook '/home/yun/colcon_ws/install/stella_teleop/share/stella_teleop/hook/pythonpath.sh'
[0.922s] Level 1:colcon.colcon_core.environment:checking '/home/yun/colcon_ws/install/stella_teleop/bin'
[0.922s] Level 1:colcon.colcon_core.environment:create_environment_scripts_only(stella_teleop)
[0.923s] INFO:colcon.colcon_core.shell:Creating package script '/home/yun/colcon_ws/install/stella_teleop/share/stella_teleop/package.ps1'
[0.923s] INFO:colcon.colcon_core.shell:Creating package descriptor '/home/yun/colcon_ws/install/stella_teleop/share/stella_teleop/package.dsv'
[0.924s] INFO:colcon.colcon_core.shell:Creating package script '/home/yun/colcon_ws/install/stella_teleop/share/stella_teleop/package.sh'
[0.924s] INFO:colcon.colcon_core.shell:Creating package script '/home/yun/colcon_ws/install/stella_teleop/share/stella_teleop/package.bash'
[0.925s] INFO:colcon.colcon_core.shell:Creating package script '/home/yun/colcon_ws/install/stella_teleop/share/stella_teleop/package.zsh'
[0.925s] Level 1:colcon.colcon_core.environment:create_file_with_runtime_dependencies(/home/yun/colcon_ws/install/stella_teleop/share/colcon-core/packages/stella_teleop)
[0.935s] Level 1:colcon.colcon_core.environment:create_environment_scripts_only(stella_description)
[0.935s] Level 1:colcon.colcon_core.environment:checking '/home/yun/colcon_ws/install/stella_description' for CMake module files
[0.936s] DEBUG:colcon.colcon_core.event_handler.log_command:Invoked command in '/home/yun/colcon_ws/build/stella_description' returned '0': CMAKE_PREFIX_PATH=${CMAKE_PREFIX_PATH}:/home/yun/colcon_ws/install/stella_teleop:/opt/ros/humble /usr/bin/cmake --install /home/yun/colcon_ws/build/stella_description
[0.936s] Level 1:colcon.colcon_core.environment:checking '/home/yun/colcon_ws/install/stella_description' for CMake config files
[0.936s] Level 1:colcon.colcon_core.shell:create_environment_hook('stella_description', 'cmake_prefix_path')
[0.936s] INFO:colcon.colcon_core.shell:Creating environment hook '/home/yun/colcon_ws/install/stella_description/share/stella_description/hook/cmake_prefix_path.ps1'
[0.937s] INFO:colcon.colcon_core.shell:Creating environment descriptor '/home/yun/colcon_ws/install/stella_description/share/stella_description/hook/cmake_prefix_path.dsv'
[0.937s] INFO:colcon.colcon_core.shell:Creating environment hook '/home/yun/colcon_ws/install/stella_description/share/stella_description/hook/cmake_prefix_path.sh'
[0.937s] Level 1:colcon.colcon_core.environment:checking '/home/yun/colcon_ws/install/stella_description/bin'
[0.937s] Level 1:colcon.colcon_core.environment:checking '/home/yun/colcon_ws/install/stella_description/lib/pkgconfig/stella_description.pc'
[0.937s] Level 1:colcon.colcon_core.environment:checking '/home/yun/colcon_ws/install/stella_description/lib/python3.10/site-packages'
[0.937s] Level 1:colcon.colcon_core.environment:checking '/home/yun/colcon_ws/install/stella_description/bin'
[0.938s] INFO:colcon.colcon_core.shell:Creating package script '/home/yun/colcon_ws/install/stella_description/share/stella_description/package.ps1'
[0.938s] INFO:colcon.colcon_core.shell:Creating package descriptor '/home/yun/colcon_ws/install/stella_description/share/stella_description/package.dsv'
[0.938s] INFO:colcon.colcon_core.shell:Creating package script '/home/yun/colcon_ws/install/stella_description/share/stella_description/package.sh'
[0.939s] INFO:colcon.colcon_core.shell:Creating package script '/home/yun/colcon_ws/install/stella_description/share/stella_description/package.bash'
[0.939s] INFO:colcon.colcon_core.shell:Creating package script '/home/yun/colcon_ws/install/stella_description/share/stella_description/package.zsh'
[0.939s] Level 1:colcon.colcon_core.environment:create_file_with_runtime_dependencies(/home/yun/colcon_ws/install/stella_description/share/colcon-core/packages/stella_description)
[0.939s] Level 1:colcon.colcon_core.environment:create_environment_scripts_only(stella_description)
[0.939s] Level 1:colcon.colcon_core.environment:checking '/home/yun/colcon_ws/install/stella_description' for CMake module files
[0.940s] Level 1:colcon.colcon_core.environment:checking '/home/yun/colcon_ws/install/stella_description' for CMake config files
[0.940s] Level 1:colcon.colcon_core.shell:create_environment_hook('stella_description', 'cmake_prefix_path')
[0.940s] INFO:colcon.colcon_core.shell:Creating environment hook '/home/yun/colcon_ws/install/stella_description/share/stella_description/hook/cmake_prefix_path.ps1'
[0.940s] INFO:colcon.colcon_core.shell:Creating environment descriptor '/home/yun/colcon_ws/install/stella_description/share/stella_description/hook/cmake_prefix_path.dsv'
[0.940s] INFO:colcon.colcon_core.shell:Creating environment hook '/home/yun/colcon_ws/install/stella_description/share/stella_description/hook/cmake_prefix_path.sh'
[0.941s] Level 1:colcon.colcon_core.environment:checking '/home/yun/colcon_ws/install/stella_description/bin'
[0.941s] Level 1:colcon.colcon_core.environment:checking '/home/yun/colcon_ws/install/stella_description/lib/pkgconfig/stella_description.pc'
[0.941s] Level 1:colcon.colcon_core.environment:checking '/home/yun/colcon_ws/install/stella_description/lib/python3.10/site-packages'
[0.941s] Level 1:colcon.colcon_core.environment:checking '/home/yun/colcon_ws/install/stella_description/bin'
[0.941s] INFO:colcon.colcon_core.shell:Creating package script '/home/yun/colcon_ws/install/stella_description/share/stella_description/package.ps1'
[0.942s] INFO:colcon.colcon_core.shell:Creating package descriptor '/home/yun/colcon_ws/install/stella_description/share/stella_description/package.dsv'
[0.942s] INFO:colcon.colcon_core.shell:Creating package script '/home/yun/colcon_ws/install/stella_description/share/stella_description/package.sh'
[0.942s] INFO:colcon.colcon_core.shell:Creating package script '/home/yun/colcon_ws/install/stella_description/share/stella_description/package.bash'
[0.942s] INFO:colcon.colcon_core.shell:Creating package script '/home/yun/colcon_ws/install/stella_description/share/stella_description/package.zsh'
[0.943s] Level 1:colcon.colcon_core.environment:create_file_with_runtime_dependencies(/home/yun/colcon_ws/install/stella_description/share/colcon-core/packages/stella_description)
[0.943s] Level 1:colcon.colcon_core.environment:create_environment_scripts_only(stella_cartographer)
[0.943s] Level 1:colcon.colcon_core.environment:checking '/home/yun/colcon_ws/install/stella_cartographer' for CMake module files
[0.944s] Level 1:colcon.colcon_core.environment:checking '/home/yun/colcon_ws/install/stella_cartographer' for CMake config files
[0.944s] DEBUG:colcon.colcon_core.event_handler.log_command:Invoked command in '/home/yun/colcon_ws/build/stella_cartographer' returned '0': CMAKE_PREFIX_PATH=${CMAKE_PREFIX_PATH}:/home/yun/colcon_ws/install/stella_teleop:/opt/ros/humble /usr/bin/cmake --install /home/yun/colcon_ws/build/stella_cartographer
[0.944s] Level 1:colcon.colcon_core.shell:create_environment_hook('stella_cartographer', 'cmake_prefix_path')
[0.945s] INFO:colcon.colcon_core.shell:Creating environment hook '/home/yun/colcon_ws/install/stella_cartographer/share/stella_cartographer/hook/cmake_prefix_path.ps1'
[0.945s] INFO:colcon.colcon_core.shell:Creating environment descriptor '/home/yun/colcon_ws/install/stella_cartographer/share/stella_cartographer/hook/cmake_prefix_path.dsv'
[0.945s] INFO:colcon.colcon_core.shell:Creating environment hook '/home/yun/colcon_ws/install/stella_cartographer/share/stella_cartographer/hook/cmake_prefix_path.sh'
[0.946s] Level 1:colcon.colcon_core.environment:checking '/home/yun/colcon_ws/install/stella_cartographer/bin'
[0.946s] Level 1:colcon.colcon_core.environment:checking '/home/yun/colcon_ws/install/stella_cartographer/lib/pkgconfig/stella_cartographer.pc'
[0.946s] Level 1:colcon.colcon_core.environment:checking '/home/yun/colcon_ws/install/stella_cartographer/lib/python3.10/site-packages'
[0.946s] Level 1:colcon.colcon_core.environment:checking '/home/yun/colcon_ws/install/stella_cartographer/bin'
[0.946s] INFO:colcon.colcon_core.shell:Creating package script '/home/yun/colcon_ws/install/stella_cartographer/share/stella_cartographer/package.ps1'
[0.946s] INFO:colcon.colcon_core.shell:Creating package descriptor '/home/yun/colcon_ws/install/stella_cartographer/share/stella_cartographer/package.dsv'
[0.947s] INFO:colcon.colcon_core.shell:Creating package script '/home/yun/colcon_ws/install/stella_cartographer/share/stella_cartographer/package.sh'
[0.947s] INFO:colcon.colcon_core.shell:Creating package script '/home/yun/colcon_ws/install/stella_cartographer/share/stella_cartographer/package.bash'
[0.947s] INFO:colcon.colcon_core.shell:Creating package script '/home/yun/colcon_ws/install/stella_cartographer/share/stella_cartographer/package.zsh'
[0.947s] Level 1:colcon.colcon_core.environment:create_file_with_runtime_dependencies(/home/yun/colcon_ws/install/stella_cartographer/share/colcon-core/packages/stella_cartographer)
[0.947s] Level 1:colcon.colcon_core.environment:create_environment_scripts_only(stella_cartographer)
[0.948s] Level 1:colcon.colcon_core.environment:checking '/home/yun/colcon_ws/install/stella_cartographer' for CMake module files
[0.948s] Level 1:colcon.colcon_core.environment:checking '/home/yun/colcon_ws/install/stella_cartographer' for CMake config files
[0.948s] Level 1:colcon.colcon_core.shell:create_environment_hook('stella_cartographer', 'cmake_prefix_path')
[0.948s] INFO:colcon.colcon_core.shell:Creating environment hook '/home/yun/colcon_ws/install/stella_cartographer/share/stella_cartographer/hook/cmake_prefix_path.ps1'
[0.948s] INFO:colcon.colcon_core.shell:Creating environment descriptor '/home/yun/colcon_ws/install/stella_cartographer/share/stella_cartographer/hook/cmake_prefix_path.dsv'
[0.948s] INFO:colcon.colcon_core.shell:Creating environment hook '/home/yun/colcon_ws/install/stella_cartographer/share/stella_cartographer/hook/cmake_prefix_path.sh'
[0.949s] Level 1:colcon.colcon_core.environment:checking '/home/yun/colcon_ws/install/stella_cartographer/bin'
[0.949s] Level 1:colcon.colcon_core.environment:checking '/home/yun/colcon_ws/install/stella_cartographer/lib/pkgconfig/stella_cartographer.pc'
[0.949s] Level 1:colcon.colcon_core.environment:checking '/home/yun/colcon_ws/install/stella_cartographer/lib/python3.10/site-packages'
[0.949s] Level 1:colcon.colcon_core.environment:checking '/home/yun/colcon_ws/install/stella_cartographer/bin'
[0.949s] INFO:colcon.colcon_core.shell:Creating package script '/home/yun/colcon_ws/install/stella_cartographer/share/stella_cartographer/package.ps1'
[0.950s] INFO:colcon.colcon_core.shell:Creating package descriptor '/home/yun/colcon_ws/install/stella_cartographer/share/stella_cartographer/package.dsv'
[0.950s] INFO:colcon.colcon_core.shell:Creating package script '/home/yun/colcon_ws/install/stella_cartographer/share/stella_cartographer/package.sh'
[0.950s] INFO:colcon.colcon_core.shell:Creating package script '/home/yun/colcon_ws/install/stella_cartographer/share/stella_cartographer/package.bash'
[0.950s] INFO:colcon.colcon_core.shell:Creating package script '/home/yun/colcon_ws/install/stella_cartographer/share/stella_cartographer/package.zsh'
[0.951s] Level 1:colcon.colcon_core.environment:create_file_with_runtime_dependencies(/home/yun/colcon_ws/install/stella_cartographer/share/colcon-core/packages/stella_cartographer)
[0.965s] Level 1:colcon.colcon_core.environment:create_environment_scripts_only(stella_navigation2)
[0.965s] Level 1:colcon.colcon_core.environment:checking '/home/yun/colcon_ws/install/stella_navigation2' for CMake module files
[0.966s] DEBUG:colcon.colcon_core.event_handler.log_command:Invoked command in '/home/yun/colcon_ws/build/stella_navigation2' returned '0': CMAKE_PREFIX_PATH=${CMAKE_PREFIX_PATH}:/home/yun/colcon_ws/install/stella_teleop:/opt/ros/humble /usr/bin/cmake --install /home/yun/colcon_ws/build/stella_navigation2
[0.966s] Level 1:colcon.colcon_core.environment:checking '/home/yun/colcon_ws/install/stella_navigation2' for CMake config files
[0.966s] Level 1:colcon.colcon_core.shell:create_environment_hook('stella_navigation2', 'cmake_prefix_path')
[0.966s] INFO:colcon.colcon_core.shell:Creating environment hook '/home/yun/colcon_ws/install/stella_navigation2/share/stella_navigation2/hook/cmake_prefix_path.ps1'
[0.967s] INFO:colcon.colcon_core.shell:Creating environment descriptor '/home/yun/colcon_ws/install/stella_navigation2/share/stella_navigation2/hook/cmake_prefix_path.dsv'
[0.967s] INFO:colcon.colcon_core.shell:Creating environment hook '/home/yun/colcon_ws/install/stella_navigation2/share/stella_navigation2/hook/cmake_prefix_path.sh'
[0.968s] Level 1:colcon.colcon_core.environment:checking '/home/yun/colcon_ws/install/stella_navigation2/bin'
[0.968s] Level 1:colcon.colcon_core.environment:checking '/home/yun/colcon_ws/install/stella_navigation2/lib/pkgconfig/stella_navigation2.pc'
[0.968s] Level 1:colcon.colcon_core.environment:checking '/home/yun/colcon_ws/install/stella_navigation2/lib/python3.10/site-packages'
[0.968s] Level 1:colcon.colcon_core.environment:checking '/home/yun/colcon_ws/install/stella_navigation2/bin'
[0.968s] INFO:colcon.colcon_core.shell:Creating package script '/home/yun/colcon_ws/install/stella_navigation2/share/stella_navigation2/package.ps1'
[0.969s] INFO:colcon.colcon_core.shell:Creating package descriptor '/home/yun/colcon_ws/install/stella_navigation2/share/stella_navigation2/package.dsv'
[0.969s] INFO:colcon.colcon_core.shell:Creating package script '/home/yun/colcon_ws/install/stella_navigation2/share/stella_navigation2/package.sh'
[0.969s] INFO:colcon.colcon_core.shell:Creating package script '/home/yun/colcon_ws/install/stella_navigation2/share/stella_navigation2/package.bash'
[0.969s] INFO:colcon.colcon_core.shell:Creating package script '/home/yun/colcon_ws/install/stella_navigation2/share/stella_navigation2/package.zsh'
[0.970s] Level 1:colcon.colcon_core.environment:create_file_with_runtime_dependencies(/home/yun/colcon_ws/install/stella_navigation2/share/colcon-core/packages/stella_navigation2)
[0.970s] Level 1:colcon.colcon_core.environment:create_environment_scripts_only(stella_navigation2)
[0.970s] Level 1:colcon.colcon_core.environment:checking '/home/yun/colcon_ws/install/stella_navigation2' for CMake module files
[0.970s] Level 1:colcon.colcon_core.environment:checking '/home/yun/colcon_ws/install/stella_navigation2' for CMake config files
[0.971s] Level 1:colcon.colcon_core.shell:create_environment_hook('stella_navigation2', 'cmake_prefix_path')
[0.971s] INFO:colcon.colcon_core.shell:Creating environment hook '/home/yun/colcon_ws/install/stella_navigation2/share/stella_navigation2/hook/cmake_prefix_path.ps1'
[0.971s] INFO:colcon.colcon_core.shell:Creating environment descriptor '/home/yun/colcon_ws/install/stella_navigation2/share/stella_navigation2/hook/cmake_prefix_path.dsv'
[0.971s] INFO:colcon.colcon_core.shell:Creating environment hook '/home/yun/colcon_ws/install/stella_navigation2/share/stella_navigation2/hook/cmake_prefix_path.sh'
[0.971s] Level 1:colcon.colcon_core.environment:checking '/home/yun/colcon_ws/install/stella_navigation2/bin'
[0.971s] Level 1:colcon.colcon_core.environment:checking '/home/yun/colcon_ws/install/stella_navigation2/lib/pkgconfig/stella_navigation2.pc'
[0.972s] Level 1:colcon.colcon_core.environment:checking '/home/yun/colcon_ws/install/stella_navigation2/lib/python3.10/site-packages'
[0.972s] Level 1:colcon.colcon_core.environment:checking '/home/yun/colcon_ws/install/stella_navigation2/bin'
[0.972s] INFO:colcon.colcon_core.shell:Creating package script '/home/yun/colcon_ws/install/stella_navigation2/share/stella_navigation2/package.ps1'
[0.973s] INFO:colcon.colcon_core.shell:Creating package descriptor '/home/yun/colcon_ws/install/stella_navigation2/share/stella_navigation2/package.dsv'
[0.973s] INFO:colcon.colcon_core.shell:Creating package script '/home/yun/colcon_ws/install/stella_navigation2/share/stella_navigation2/package.sh'
[0.973s] INFO:colcon.colcon_core.shell:Creating package script '/home/yun/colcon_ws/install/stella_navigation2/share/stella_navigation2/package.bash'
[0.974s] INFO:colcon.colcon_core.shell:Creating package script '/home/yun/colcon_ws/install/stella_navigation2/share/stella_navigation2/package.zsh'
[0.974s] Level 1:colcon.colcon_core.environment:create_file_with_runtime_dependencies(/home/yun/colcon_ws/install/stella_navigation2/share/colcon-core/packages/stella_navigation2)
[0.974s] DEBUG:colcon.colcon_parallel_executor.executor.parallel:closing loop
[0.974s] DEBUG:colcon.colcon_parallel_executor.executor.parallel:loop closed
[0.974s] DEBUG:colcon.colcon_parallel_executor.executor.parallel:run_until_complete finished with '0'
[0.974s] DEBUG:colcon.colcon_core.event_reactor:joining thread
[0.978s] INFO:colcon.colcon_core.plugin_system:Skipping extension 'colcon_notification.desktop_notification.terminal_notifier': Not used on non-Darwin systems
[0.978s] INFO:colcon.colcon_core.plugin_system:Skipping extension 'colcon_notification.desktop_notification.win32': Not used on non-Windows systems
[0.978s] INFO:colcon.colcon_notification.desktop_notification:Sending desktop notification using 'notify2'
[0.988s] DEBUG:colcon.colcon_core.event_reactor:joined thread
[0.988s] INFO:colcon.colcon_core.shell:Creating prefix script '/home/yun/colcon_ws/install/local_setup.ps1'
[0.989s] INFO:colcon.colcon_core.shell:Creating prefix util module '/home/yun/colcon_ws/install/_local_setup_util_ps1.py'
[0.990s] INFO:colcon.colcon_core.shell:Creating prefix chain script '/home/yun/colcon_ws/install/setup.ps1'
[0.991s] INFO:colcon.colcon_core.shell:Creating prefix script '/home/yun/colcon_ws/install/local_setup.sh'
[0.992s] INFO:colcon.colcon_core.shell:Creating prefix util module '/home/yun/colcon_ws/install/_local_setup_util_sh.py'
[0.992s] INFO:colcon.colcon_core.shell:Creating prefix chain script '/home/yun/colcon_ws/install/setup.sh'
[0.993s] INFO:colcon.colcon_core.shell:Creating prefix script '/home/yun/colcon_ws/install/local_setup.bash'
[0.993s] INFO:colcon.colcon_core.shell:Creating prefix chain script '/home/yun/colcon_ws/install/setup.bash'
[0.994s] INFO:colcon.colcon_core.shell:Creating prefix script '/home/yun/colcon_ws/install/local_setup.zsh'
[0.994s] INFO:colcon.colcon_core.shell:Creating prefix chain script '/home/yun/colcon_ws/install/setup.zsh'
