[0.822s] Invoking command in '/home/yun/colcon_ws/src/gps_imu_tf_publisher': PYTHONPATH=/home/yun/colcon_ws/build/gps_imu_tf_publisher/prefix_override:/usr/lib/python3/dist-packages/colcon_core/task/python/colcon_distutils_commands:/home/yun/colcon_ws/install/gps_imu_tf_publisher/lib/python3.10/site-packages:${PYTHONPATH} /usr/bin/python3 -W ignore:setup.py install is deprecated -W ignore:easy_install command is deprecated setup.py egg_info --egg-base ../../build/gps_imu_tf_publisher build --build-base /home/yun/colcon_ws/build/gps_imu_tf_publisher/build install --record /home/yun/colcon_ws/build/gps_imu_tf_publisher/install.log --single-version-externally-managed install_data
[0.988s] running egg_info
[0.988s] writing ../../build/gps_imu_tf_publisher/gps_imu_tf_publisher.egg-info/PKG-INFO
[0.988s] writing dependency_links to ../../build/gps_imu_tf_publisher/gps_imu_tf_publisher.egg-info/dependency_links.txt
[0.988s] writing entry points to ../../build/gps_imu_tf_publisher/gps_imu_tf_publisher.egg-info/entry_points.txt
[0.988s] writing requirements to ../../build/gps_imu_tf_publisher/gps_imu_tf_publisher.egg-info/requires.txt
[0.988s] writing top-level names to ../../build/gps_imu_tf_publisher/gps_imu_tf_publisher.egg-info/top_level.txt
[0.989s] reading manifest file '../../build/gps_imu_tf_publisher/gps_imu_tf_publisher.egg-info/SOURCES.txt'
[0.990s] writing manifest file '../../build/gps_imu_tf_publisher/gps_imu_tf_publisher.egg-info/SOURCES.txt'
[0.990s] running build
[0.990s] running build_py
[0.990s] copying gps_imu_tf_publisher/tf_publisher.py -> /home/yun/colcon_ws/build/gps_imu_tf_publisher/build/lib/gps_imu_tf_publisher
[0.990s] copying gps_imu_tf_publisher/gps_transform.py -> /home/yun/colcon_ws/build/gps_imu_tf_publisher/build/lib/gps_imu_tf_publisher
[0.990s] copying gps_imu_tf_publisher/imu_to_odom.py -> /home/yun/colcon_ws/build/gps_imu_tf_publisher/build/lib/gps_imu_tf_publisher
[0.990s] running install
[0.990s] running install_lib
[0.991s] copying /home/yun/colcon_ws/build/gps_imu_tf_publisher/build/lib/gps_imu_tf_publisher/tf_publisher.py -> /home/yun/colcon_ws/install/gps_imu_tf_publisher/lib/python3.10/site-packages/gps_imu_tf_publisher
[0.991s] copying /home/yun/colcon_ws/build/gps_imu_tf_publisher/build/lib/gps_imu_tf_publisher/gps_transform.py -> /home/yun/colcon_ws/install/gps_imu_tf_publisher/lib/python3.10/site-packages/gps_imu_tf_publisher
[0.991s] copying /home/yun/colcon_ws/build/gps_imu_tf_publisher/build/lib/gps_imu_tf_publisher/imu_to_odom.py -> /home/yun/colcon_ws/install/gps_imu_tf_publisher/lib/python3.10/site-packages/gps_imu_tf_publisher
[0.991s] byte-compiling /home/yun/colcon_ws/install/gps_imu_tf_publisher/lib/python3.10/site-packages/gps_imu_tf_publisher/tf_publisher.py to tf_publisher.cpython-310.pyc
[0.992s] byte-compiling /home/yun/colcon_ws/install/gps_imu_tf_publisher/lib/python3.10/site-packages/gps_imu_tf_publisher/gps_transform.py to gps_transform.cpython-310.pyc
[0.992s] byte-compiling /home/yun/colcon_ws/install/gps_imu_tf_publisher/lib/python3.10/site-packages/gps_imu_tf_publisher/imu_to_odom.py to imu_to_odom.cpython-310.pyc
[0.992s] running install_data
[0.992s] copying package.xml -> /home/yun/colcon_ws/install/gps_imu_tf_publisher/share/gps_imu_tf_publisher
[0.992s] running install_egg_info
[0.993s] Copying ../../build/gps_imu_tf_publisher/gps_imu_tf_publisher.egg-info to /home/yun/colcon_ws/install/gps_imu_tf_publisher/lib/python3.10/site-packages/gps_imu_tf_publisher-0.0.0-py3.10.egg-info
[0.994s] running install_scripts
[1.008s] Installing gps_transform script to /home/yun/colcon_ws/install/gps_imu_tf_publisher/lib/gps_imu_tf_publisher
[1.008s] Installing imu_to_odom script to /home/yun/colcon_ws/install/gps_imu_tf_publisher/lib/gps_imu_tf_publisher
[1.008s] Installing tf_publisher script to /home/yun/colcon_ws/install/gps_imu_tf_publisher/lib/gps_imu_tf_publisher
[1.008s] writing list of installed files to '/home/yun/colcon_ws/build/gps_imu_tf_publisher/install.log'
[1.023s] Invoked command in '/home/yun/colcon_ws/src/gps_imu_tf_publisher' returned '0': PYTHONPATH=/home/yun/colcon_ws/build/gps_imu_tf_publisher/prefix_override:/usr/lib/python3/dist-packages/colcon_core/task/python/colcon_distutils_commands:/home/yun/colcon_ws/install/gps_imu_tf_publisher/lib/python3.10/site-packages:${PYTHONPATH} /usr/bin/python3 -W ignore:setup.py install is deprecated -W ignore:easy_install command is deprecated setup.py egg_info --egg-base ../../build/gps_imu_tf_publisher build --build-base /home/yun/colcon_ws/build/gps_imu_tf_publisher/build install --record /home/yun/colcon_ws/build/gps_imu_tf_publisher/install.log --single-version-externally-managed install_data
