/home/yun/colcon_ws/install/nav2_gps_waypoint_follower_demo/lib/python3.10/site-packages/nav2_gps_waypoint_follower_demo/__init__.py
/home/yun/colcon_ws/install/nav2_gps_waypoint_follower_demo/lib/python3.10/site-packages/nav2_gps_waypoint_follower_demo/interactive_waypoint_follower.py
/home/yun/colcon_ws/install/nav2_gps_waypoint_follower_demo/lib/python3.10/site-packages/nav2_gps_waypoint_follower_demo/gps_waypoint_logger.py
/home/yun/colcon_ws/install/nav2_gps_waypoint_follower_demo/lib/python3.10/site-packages/nav2_gps_waypoint_follower_demo/logged_waypoint_follower.py
/home/yun/colcon_ws/install/nav2_gps_waypoint_follower_demo/lib/python3.10/site-packages/nav2_gps_waypoint_follower_demo/utils/__init__.py
/home/yun/colcon_ws/install/nav2_gps_waypoint_follower_demo/lib/python3.10/site-packages/nav2_gps_waypoint_follower_demo/utils/gps_utils.py
/home/yun/colcon_ws/install/nav2_gps_waypoint_follower_demo/lib/python3.10/site-packages/nav2_gps_waypoint_follower_demo/__pycache__/__init__.cpython-310.pyc
/home/yun/colcon_ws/install/nav2_gps_waypoint_follower_demo/lib/python3.10/site-packages/nav2_gps_waypoint_follower_demo/__pycache__/interactive_waypoint_follower.cpython-310.pyc
/home/yun/colcon_ws/install/nav2_gps_waypoint_follower_demo/lib/python3.10/site-packages/nav2_gps_waypoint_follower_demo/__pycache__/gps_waypoint_logger.cpython-310.pyc
/home/yun/colcon_ws/install/nav2_gps_waypoint_follower_demo/lib/python3.10/site-packages/nav2_gps_waypoint_follower_demo/__pycache__/logged_waypoint_follower.cpython-310.pyc
/home/yun/colcon_ws/install/nav2_gps_waypoint_follower_demo/lib/python3.10/site-packages/nav2_gps_waypoint_follower_demo/utils/__pycache__/__init__.cpython-310.pyc
/home/yun/colcon_ws/install/nav2_gps_waypoint_follower_demo/lib/python3.10/site-packages/nav2_gps_waypoint_follower_demo/utils/__pycache__/gps_utils.cpython-310.pyc
/home/yun/colcon_ws/install/nav2_gps_waypoint_follower_demo/share/ament_index/resource_index/packages/nav2_gps_waypoint_follower_demo
/home/yun/colcon_ws/install/nav2_gps_waypoint_follower_demo/share/nav2_gps_waypoint_follower_demo/package.xml
/home/yun/colcon_ws/install/nav2_gps_waypoint_follower_demo/share/nav2_gps_waypoint_follower_demo/launch/dual_ekf_navsat.launch.py
/home/yun/colcon_ws/install/nav2_gps_waypoint_follower_demo/share/nav2_gps_waypoint_follower_demo/launch/real_hardware.launch.py
/home/yun/colcon_ws/install/nav2_gps_waypoint_follower_demo/share/nav2_gps_waypoint_follower_demo/launch/mapviz.launch.py
/home/yun/colcon_ws/install/nav2_gps_waypoint_follower_demo/share/nav2_gps_waypoint_follower_demo/launch/gazebo_gps_world.launch.py
/home/yun/colcon_ws/install/nav2_gps_waypoint_follower_demo/share/nav2_gps_waypoint_follower_demo/launch/gps_waypoint_follower.launch.py
/home/yun/colcon_ws/install/nav2_gps_waypoint_follower_demo/share/nav2_gps_waypoint_follower_demo/config/demo_waypoints.yaml
/home/yun/colcon_ws/install/nav2_gps_waypoint_follower_demo/share/nav2_gps_waypoint_follower_demo/config/gps_wpf_demo.mvc
/home/yun/colcon_ws/install/nav2_gps_waypoint_follower_demo/share/nav2_gps_waypoint_follower_demo/config/nav2_no_map_params.yaml
/home/yun/colcon_ws/install/nav2_gps_waypoint_follower_demo/share/nav2_gps_waypoint_follower_demo/config/dual_ekf_navsat_params.yaml
/home/yun/colcon_ws/install/nav2_gps_waypoint_follower_demo/share/nav2_gps_waypoint_follower_demo/urdf/turtlebot3_waffle_gps.urdf
/home/yun/colcon_ws/install/nav2_gps_waypoint_follower_demo/share/nav2_gps_waypoint_follower_demo/worlds/sonoma_raceway.world
/home/yun/colcon_ws/install/nav2_gps_waypoint_follower_demo/share/nav2_gps_waypoint_follower_demo/models/turtlebot_waffle_gps/model.config
/home/yun/colcon_ws/install/nav2_gps_waypoint_follower_demo/share/nav2_gps_waypoint_follower_demo/models/turtlebot_waffle_gps/model.sdf
/home/yun/colcon_ws/install/nav2_gps_waypoint_follower_demo/lib/python3.10/site-packages/nav2_gps_waypoint_follower_demo-0.0.1-py3.10.egg-info/dependency_links.txt
/home/yun/colcon_ws/install/nav2_gps_waypoint_follower_demo/lib/python3.10/site-packages/nav2_gps_waypoint_follower_demo-0.0.1-py3.10.egg-info/PKG-INFO
/home/yun/colcon_ws/install/nav2_gps_waypoint_follower_demo/lib/python3.10/site-packages/nav2_gps_waypoint_follower_demo-0.0.1-py3.10.egg-info/zip-safe
/home/yun/colcon_ws/install/nav2_gps_waypoint_follower_demo/lib/python3.10/site-packages/nav2_gps_waypoint_follower_demo-0.0.1-py3.10.egg-info/SOURCES.txt
/home/yun/colcon_ws/install/nav2_gps_waypoint_follower_demo/lib/python3.10/site-packages/nav2_gps_waypoint_follower_demo-0.0.1-py3.10.egg-info/entry_points.txt
/home/yun/colcon_ws/install/nav2_gps_waypoint_follower_demo/lib/python3.10/site-packages/nav2_gps_waypoint_follower_demo-0.0.1-py3.10.egg-info/requires.txt
/home/yun/colcon_ws/install/nav2_gps_waypoint_follower_demo/lib/python3.10/site-packages/nav2_gps_waypoint_follower_demo-0.0.1-py3.10.egg-info/top_level.txt
/home/yun/colcon_ws/install/nav2_gps_waypoint_follower_demo/lib/nav2_gps_waypoint_follower_demo/gps_waypoint_logger
/home/yun/colcon_ws/install/nav2_gps_waypoint_follower_demo/lib/nav2_gps_waypoint_follower_demo/interactive_waypoint_follower
/home/yun/colcon_ws/install/nav2_gps_waypoint_follower_demo/lib/nav2_gps_waypoint_follower_demo/logged_waypoint_follower
