[0.014s] Invoking command in '/home/yun/colcon_ws/build/stella_cartographer': CMAKE_PREFIX_PATH=${CMAKE_PREFIX_PATH}:/home/yun/colcon_ws/install/stella_teleop:/opt/ros/humble /usr/bin/cmake /home/yun/colcon_ws/src/STELLA_REMOTE_PC_ROS2/stella_cartographer -DAMENT_CMAKE_SYMLINK_INSTALL=1 -DCMAKE_INSTALL_PREFIX=/home/yun/colcon_ws/install/stella_cartographer
[0.061s] -- The C compiler identification is GNU 11.4.0
[0.108s] -- The CXX compiler identification is GNU 11.4.0
[0.114s] -- Detecting C compiler ABI info
[0.176s] -- Detecting C compiler ABI info - done
[0.182s] -- Check for working C compiler: /usr/bin/cc - skipped
[0.183s] -- Detecting C compile features
[0.183s] -- Detecting C compile features - done
[0.186s] -- Detecting CXX compiler ABI info
[0.250s] -- Detecting CXX compiler ABI info - done
[0.258s] -- Check for working CXX compiler: /usr/bin/c++ - skipped
[0.258s] -- Detecting CXX compile features
[0.258s] -- Detecting CXX compile features - done
[0.260s] -- Found ament_cmake: 1.3.11 (/opt/ros/humble/share/ament_cmake/cmake)
[0.367s] -- Found Python3: /usr/bin/python3 (found version "3.10.12") found components: Interpreter 
[0.424s] -- Override CMake install command with custom implementation using symlinks instead of copying resources
[0.501s] -- Configuring done
[0.502s] -- Generating done
[0.503s] -- Build files have been written to: /home/yun/colcon_ws/build/stella_cartographer
[0.507s] Invoked command in '/home/yun/colcon_ws/build/stella_cartographer' returned '0': CMAKE_PREFIX_PATH=${CMAKE_PREFIX_PATH}:/home/yun/colcon_ws/install/stella_teleop:/opt/ros/humble /usr/bin/cmake /home/yun/colcon_ws/src/STELLA_REMOTE_PC_ROS2/stella_cartographer -DAMENT_CMAKE_SYMLINK_INSTALL=1 -DCMAKE_INSTALL_PREFIX=/home/yun/colcon_ws/install/stella_cartographer
[0.509s] Invoking command in '/home/yun/colcon_ws/build/stella_cartographer': CMAKE_PREFIX_PATH=${CMAKE_PREFIX_PATH}:/home/yun/colcon_ws/install/stella_teleop:/opt/ros/humble /usr/bin/cmake --build /home/yun/colcon_ws/build/stella_cartographer -- -j20 -l20
[0.543s] Invoked command in '/home/yun/colcon_ws/build/stella_cartographer' returned '0': CMAKE_PREFIX_PATH=${CMAKE_PREFIX_PATH}:/home/yun/colcon_ws/install/stella_teleop:/opt/ros/humble /usr/bin/cmake --build /home/yun/colcon_ws/build/stella_cartographer -- -j20 -l20
[0.553s] Invoking command in '/home/yun/colcon_ws/build/stella_cartographer': CMAKE_PREFIX_PATH=${CMAKE_PREFIX_PATH}:/home/yun/colcon_ws/install/stella_teleop:/opt/ros/humble /usr/bin/cmake --install /home/yun/colcon_ws/build/stella_cartographer
[0.561s] -- Install configuration: ""
[0.561s] -- Execute custom install script
[0.562s] -- Symlinking: /home/yun/colcon_ws/install/stella_cartographer/share/stella_cartographer/config/stella.lua
[0.569s] -- Symlinking: /home/yun/colcon_ws/install/stella_cartographer/share/stella_cartographer/launch/cartographer.launch.py
[0.577s] -- Symlinking: /home/yun/colcon_ws/install/stella_cartographer/share/stella_cartographer/launch/occupancy_grid.launch.py
[0.583s] -- Symlinking: /home/yun/colcon_ws/install/stella_cartographer/share/stella_cartographer/rviz/stella_cartographer.rviz
[0.593s] -- Symlinking: /home/yun/colcon_ws/install/stella_cartographer/share/ament_index/resource_index/package_run_dependencies/stella_cartographer
[0.599s] -- Symlinking: /home/yun/colcon_ws/install/stella_cartographer/share/ament_index/resource_index/parent_prefix_path/stella_cartographer
[0.608s] -- Symlinking: /home/yun/colcon_ws/install/stella_cartographer/share/stella_cartographer/environment/ament_prefix_path.sh
[0.615s] -- Symlinking: /home/yun/colcon_ws/install/stella_cartographer/share/stella_cartographer/environment/ament_prefix_path.dsv
[0.624s] -- Symlinking: /home/yun/colcon_ws/install/stella_cartographer/share/stella_cartographer/environment/path.sh
[0.633s] -- Symlinking: /home/yun/colcon_ws/install/stella_cartographer/share/stella_cartographer/environment/path.dsv
[0.639s] -- Symlinking: /home/yun/colcon_ws/install/stella_cartographer/share/stella_cartographer/local_setup.bash
[0.645s] -- Symlinking: /home/yun/colcon_ws/install/stella_cartographer/share/stella_cartographer/local_setup.sh
[0.654s] -- Symlinking: /home/yun/colcon_ws/install/stella_cartographer/share/stella_cartographer/local_setup.zsh
[0.661s] -- Symlinking: /home/yun/colcon_ws/install/stella_cartographer/share/stella_cartographer/local_setup.dsv
[0.669s] -- Symlinking: /home/yun/colcon_ws/install/stella_cartographer/share/stella_cartographer/package.dsv
[0.677s] -- Symlinking: /home/yun/colcon_ws/install/stella_cartographer/share/ament_index/resource_index/packages/stella_cartographer
[0.686s] -- Symlinking: /home/yun/colcon_ws/install/stella_cartographer/share/stella_cartographer/cmake/stella_cartographerConfig.cmake
[0.690s] -- Symlinking: /home/yun/colcon_ws/install/stella_cartographer/share/stella_cartographer/cmake/stella_cartographerConfig-version.cmake
[0.696s] -- Symlinking: /home/yun/colcon_ws/install/stella_cartographer/share/stella_cartographer/package.xml
[0.712s] Invoked command in '/home/yun/colcon_ws/build/stella_cartographer' returned '0': CMAKE_PREFIX_PATH=${CMAKE_PREFIX_PATH}:/home/yun/colcon_ws/install/stella_teleop:/opt/ros/humble /usr/bin/cmake --install /home/yun/colcon_ws/build/stella_cartographer
