[0.011s] Invoking command in '/home/yun/colcon_ws/build/stella_description': CMAKE_PREFIX_PATH=/opt/ros/humble /usr/bin/cmake /home/yun/colcon_ws/src/STELLA_REMOTE_PC_ROS2/stella_description -DCMAKE_INSTALL_PREFIX=/home/yun/colcon_ws/install/stella_description
[0.088s] -- The C compiler identification is GNU 11.4.0
[0.146s] -- The CXX compiler identification is GNU 11.4.0
[0.153s] -- Detecting C compiler ABI info
[0.206s] -- Detecting C compiler ABI info - done
[0.214s] -- Check for working C compiler: /usr/bin/cc - skipped
[0.214s] -- Detecting C compile features
[0.214s] -- Detecting C compile features - done
[0.216s] -- Detecting CXX compiler ABI info
[0.278s] -- Detecting CXX compiler ABI info - done
[0.284s] -- Check for working CXX compiler: /usr/bin/c++ - skipped
[0.284s] -- Detecting CXX compile features
[0.284s] -- Detecting CXX compile features - done
[0.285s] -- Found ament_cmake: 1.3.11 (/opt/ros/humble/share/ament_cmake/cmake)
[0.403s] -- Found Python3: /usr/bin/python3 (found version "3.10.12") found components: Interpreter 
[0.466s] -- Found urdf: 2.6.1 (/opt/ros/humble/share/urdf/cmake)
[0.561s] -- Configuring done
[0.562s] -- Generating done
[0.563s] -- Build files have been written to: /home/yun/colcon_ws/build/stella_description
[0.570s] Invoked command in '/home/yun/colcon_ws/build/stella_description' returned '0': CMAKE_PREFIX_PATH=/opt/ros/humble /usr/bin/cmake /home/yun/colcon_ws/src/STELLA_REMOTE_PC_ROS2/stella_description -DCMAKE_INSTALL_PREFIX=/home/yun/colcon_ws/install/stella_description
[0.571s] Invoking command in '/home/yun/colcon_ws/build/stella_description': CMAKE_PREFIX_PATH=/opt/ros/humble /usr/bin/cmake --build /home/yun/colcon_ws/build/stella_description -- -j20 -l20
[0.599s] Invoked command in '/home/yun/colcon_ws/build/stella_description' returned '0': CMAKE_PREFIX_PATH=/opt/ros/humble /usr/bin/cmake --build /home/yun/colcon_ws/build/stella_description -- -j20 -l20
[0.600s] Invoking command in '/home/yun/colcon_ws/build/stella_description': CMAKE_PREFIX_PATH=/opt/ros/humble /usr/bin/cmake --install /home/yun/colcon_ws/build/stella_description
[0.607s] -- Install configuration: ""
[0.607s] -- Installing: /home/yun/colcon_ws/install/stella_description/share/stella_description/meshes
[0.607s] -- Installing: /home/yun/colcon_ws/install/stella_description/share/stella_description/meshes/bases
[0.607s] -- Installing: /home/yun/colcon_ws/install/stella_description/share/stella_description/meshes/bases/STELLA-N1.stl
[0.611s] -- Installing: /home/yun/colcon_ws/install/stella_description/share/stella_description/rviz
[0.611s] -- Installing: /home/yun/colcon_ws/install/stella_description/share/stella_description/rviz/model.rviz
[0.611s] -- Installing: /home/yun/colcon_ws/install/stella_description/share/stella_description/urdf
[0.611s] -- Installing: /home/yun/colcon_ws/install/stella_description/share/stella_description/urdf/stella.urdf
[0.611s] -- Installing: /home/yun/colcon_ws/install/stella_description/share/ament_index/resource_index/package_run_dependencies/stella_description
[0.611s] -- Installing: /home/yun/colcon_ws/install/stella_description/share/ament_index/resource_index/parent_prefix_path/stella_description
[0.611s] -- Installing: /home/yun/colcon_ws/install/stella_description/share/stella_description/environment/ament_prefix_path.sh
[0.611s] -- Installing: /home/yun/colcon_ws/install/stella_description/share/stella_description/environment/ament_prefix_path.dsv
[0.611s] -- Installing: /home/yun/colcon_ws/install/stella_description/share/stella_description/environment/path.sh
[0.611s] -- Installing: /home/yun/colcon_ws/install/stella_description/share/stella_description/environment/path.dsv
[0.612s] -- Installing: /home/yun/colcon_ws/install/stella_description/share/stella_description/local_setup.bash
[0.612s] -- Installing: /home/yun/colcon_ws/install/stella_description/share/stella_description/local_setup.sh
[0.612s] -- Installing: /home/yun/colcon_ws/install/stella_description/share/stella_description/local_setup.zsh
[0.612s] -- Installing: /home/yun/colcon_ws/install/stella_description/share/stella_description/local_setup.dsv
[0.612s] -- Installing: /home/yun/colcon_ws/install/stella_description/share/stella_description/package.dsv
[0.612s] -- Installing: /home/yun/colcon_ws/install/stella_description/share/ament_index/resource_index/packages/stella_description
[0.612s] -- Installing: /home/yun/colcon_ws/install/stella_description/share/stella_description/cmake/stella_descriptionConfig.cmake
[0.612s] -- Installing: /home/yun/colcon_ws/install/stella_description/share/stella_description/cmake/stella_descriptionConfig-version.cmake
[0.612s] -- Installing: /home/yun/colcon_ws/install/stella_description/share/stella_description/package.xml
[0.613s] Invoked command in '/home/yun/colcon_ws/build/stella_description' returned '0': CMAKE_PREFIX_PATH=/opt/ros/humble /usr/bin/cmake --install /home/yun/colcon_ws/build/stella_description
