[0.069s] DEBUG:colcon:Command line arguments: ['/usr/bin/colcon', 'build']
[0.069s] DEBUG:colcon:Parsed command line arguments: Namespace(log_base=None, log_level=None, verb_name='build', build_base='build', install_base='install', merge_install=False, symlink_install=False, test_result_base=None, continue_on_error=False, executor='parallel', parallel_workers=20, event_handlers=None, ignore_user_meta=False, metas=['./colcon.meta'], base_paths=['.'], packages_ignore=None, packages_ignore_regex=None, paths=None, packages_up_to=None, packages_up_to_regex=None, packages_above=None, packages_above_and_dependencies=None, packages_above_depth=None, packages_select_by_dep=None, packages_skip_by_dep=None, packages_skip_up_to=None, packages_select_build_failed=False, packages_skip_build_finished=False, packages_select_test_failures=False, packages_skip_test_passed=False, packages_select=None, packages_skip=None, packages_select_regex=None, packages_skip_regex=None, packages_start=None, packages_end=None, allow_overriding=[], cmake_args=None, cmake_target=None, cmake_target_skip_unavailable=False, cmake_clean_cache=False, cmake_clean_first=False, cmake_force_configure=False, ament_cmake_args=None, catkin_cmake_args=None, catkin_skip_building_tests=False, verb_parser=<colcon_defaults.argument_parser.defaults.DefaultArgumentsDecorator object at 0x768e3205aec0>, verb_extension=<colcon_core.verb.build.BuildVerb object at 0x768e3205a920>, main=<bound method BuildVerb.main of <colcon_core.verb.build.BuildVerb object at 0x768e3205a920>>)
[0.181s] Level 1:colcon.colcon_core.package_discovery:discover_packages(colcon_meta) check parameters
[0.181s] Level 1:colcon.colcon_core.package_discovery:discover_packages(recursive) check parameters
[0.181s] Level 1:colcon.colcon_core.package_discovery:discover_packages(ignore) check parameters
[0.181s] Level 1:colcon.colcon_core.package_discovery:discover_packages(path) check parameters
[0.181s] Level 1:colcon.colcon_core.package_discovery:discover_packages(colcon_meta) discover
[0.181s] Level 1:colcon.colcon_core.package_discovery:discover_packages(recursive) discover
[0.181s] INFO:colcon.colcon_core.package_discovery:Crawling recursively for packages in '/home/yun/colcon_ws'
[0.181s] Level 1:colcon.colcon_core.package_identification:_identify(.) by extensions ['ignore', 'ignore_ament_install']
[0.181s] Level 1:colcon.colcon_core.package_identification:_identify(.) by extension 'ignore'
[0.181s] Level 1:colcon.colcon_core.package_identification:_identify(.) by extension 'ignore_ament_install'
[0.181s] Level 1:colcon.colcon_core.package_identification:_identify(.) by extensions ['colcon_pkg']
[0.181s] Level 1:colcon.colcon_core.package_identification:_identify(.) by extension 'colcon_pkg'
[0.181s] Level 1:colcon.colcon_core.package_identification:_identify(.) by extensions ['colcon_meta']
[0.181s] Level 1:colcon.colcon_core.package_identification:_identify(.) by extension 'colcon_meta'
[0.181s] Level 1:colcon.colcon_core.package_identification:_identify(.) by extensions ['ros']
[0.181s] Level 1:colcon.colcon_core.package_identification:_identify(.) by extension 'ros'
[0.188s] Level 1:colcon.colcon_core.package_identification:_identify(.) by extensions ['cmake', 'python']
[0.189s] Level 1:colcon.colcon_core.package_identification:_identify(.) by extension 'cmake'
[0.189s] Level 1:colcon.colcon_core.package_identification:_identify(.) by extension 'python'
[0.189s] Level 1:colcon.colcon_core.package_identification:_identify(.) by extensions ['python_setup_py']
[0.189s] Level 1:colcon.colcon_core.package_identification:_identify(.) by extension 'python_setup_py'
[0.189s] Level 1:colcon.colcon_core.package_identification:_identify(build) by extensions ['ignore', 'ignore_ament_install']
[0.189s] Level 1:colcon.colcon_core.package_identification:_identify(build) by extension 'ignore'
[0.189s] Level 1:colcon.colcon_core.package_identification:_identify(build) ignored
[0.189s] Level 1:colcon.colcon_core.package_identification:_identify(install) by extensions ['ignore', 'ignore_ament_install']
[0.189s] Level 1:colcon.colcon_core.package_identification:_identify(install) by extension 'ignore'
[0.189s] Level 1:colcon.colcon_core.package_identification:_identify(install) ignored
[0.189s] Level 1:colcon.colcon_core.package_identification:_identify(log) by extensions ['ignore', 'ignore_ament_install']
[0.189s] Level 1:colcon.colcon_core.package_identification:_identify(log) by extension 'ignore'
[0.189s] Level 1:colcon.colcon_core.package_identification:_identify(log) ignored
[0.189s] Level 1:colcon.colcon_core.package_identification:_identify(src) by extensions ['ignore', 'ignore_ament_install']
[0.189s] Level 1:colcon.colcon_core.package_identification:_identify(src) by extension 'ignore'
[0.189s] Level 1:colcon.colcon_core.package_identification:_identify(src) by extension 'ignore_ament_install'
[0.189s] Level 1:colcon.colcon_core.package_identification:_identify(src) by extensions ['colcon_pkg']
[0.189s] Level 1:colcon.colcon_core.package_identification:_identify(src) by extension 'colcon_pkg'
[0.189s] Level 1:colcon.colcon_core.package_identification:_identify(src) by extensions ['colcon_meta']
[0.189s] Level 1:colcon.colcon_core.package_identification:_identify(src) by extension 'colcon_meta'
[0.189s] Level 1:colcon.colcon_core.package_identification:_identify(src) by extensions ['ros']
[0.189s] Level 1:colcon.colcon_core.package_identification:_identify(src) by extension 'ros'
[0.189s] Level 1:colcon.colcon_core.package_identification:_identify(src) by extensions ['cmake', 'python']
[0.189s] Level 1:colcon.colcon_core.package_identification:_identify(src) by extension 'cmake'
[0.189s] Level 1:colcon.colcon_core.package_identification:_identify(src) by extension 'python'
[0.189s] Level 1:colcon.colcon_core.package_identification:_identify(src) by extensions ['python_setup_py']
[0.189s] Level 1:colcon.colcon_core.package_identification:_identify(src) by extension 'python_setup_py'
[0.189s] Level 1:colcon.colcon_core.package_identification:_identify(src/STELLA_REMOTE_PC_ROS2) by extensions ['ignore', 'ignore_ament_install']
[0.190s] Level 1:colcon.colcon_core.package_identification:_identify(src/STELLA_REMOTE_PC_ROS2) by extension 'ignore'
[0.190s] Level 1:colcon.colcon_core.package_identification:_identify(src/STELLA_REMOTE_PC_ROS2) by extension 'ignore_ament_install'
[0.190s] Level 1:colcon.colcon_core.package_identification:_identify(src/STELLA_REMOTE_PC_ROS2) by extensions ['colcon_pkg']
[0.190s] Level 1:colcon.colcon_core.package_identification:_identify(src/STELLA_REMOTE_PC_ROS2) by extension 'colcon_pkg'
[0.190s] Level 1:colcon.colcon_core.package_identification:_identify(src/STELLA_REMOTE_PC_ROS2) by extensions ['colcon_meta']
[0.190s] Level 1:colcon.colcon_core.package_identification:_identify(src/STELLA_REMOTE_PC_ROS2) by extension 'colcon_meta'
[0.190s] Level 1:colcon.colcon_core.package_identification:_identify(src/STELLA_REMOTE_PC_ROS2) by extensions ['ros']
[0.190s] Level 1:colcon.colcon_core.package_identification:_identify(src/STELLA_REMOTE_PC_ROS2) by extension 'ros'
[0.190s] Level 1:colcon.colcon_core.package_identification:_identify(src/STELLA_REMOTE_PC_ROS2) by extensions ['cmake', 'python']
[0.190s] Level 1:colcon.colcon_core.package_identification:_identify(src/STELLA_REMOTE_PC_ROS2) by extension 'cmake'
[0.190s] Level 1:colcon.colcon_core.package_identification:_identify(src/STELLA_REMOTE_PC_ROS2) by extension 'python'
[0.190s] Level 1:colcon.colcon_core.package_identification:_identify(src/STELLA_REMOTE_PC_ROS2) by extensions ['python_setup_py']
[0.190s] Level 1:colcon.colcon_core.package_identification:_identify(src/STELLA_REMOTE_PC_ROS2) by extension 'python_setup_py'
[0.190s] Level 1:colcon.colcon_core.package_identification:_identify(src/STELLA_REMOTE_PC_ROS2/nav2_gps_waypoint_follower_demo) by extensions ['ignore', 'ignore_ament_install']
[0.190s] Level 1:colcon.colcon_core.package_identification:_identify(src/STELLA_REMOTE_PC_ROS2/nav2_gps_waypoint_follower_demo) by extension 'ignore'
[0.190s] Level 1:colcon.colcon_core.package_identification:_identify(src/STELLA_REMOTE_PC_ROS2/nav2_gps_waypoint_follower_demo) by extension 'ignore_ament_install'
[0.190s] Level 1:colcon.colcon_core.package_identification:_identify(src/STELLA_REMOTE_PC_ROS2/nav2_gps_waypoint_follower_demo) by extensions ['colcon_pkg']
[0.190s] Level 1:colcon.colcon_core.package_identification:_identify(src/STELLA_REMOTE_PC_ROS2/nav2_gps_waypoint_follower_demo) by extension 'colcon_pkg'
[0.190s] Level 1:colcon.colcon_core.package_identification:_identify(src/STELLA_REMOTE_PC_ROS2/nav2_gps_waypoint_follower_demo) by extensions ['colcon_meta']
[0.190s] Level 1:colcon.colcon_core.package_identification:_identify(src/STELLA_REMOTE_PC_ROS2/nav2_gps_waypoint_follower_demo) by extension 'colcon_meta'
[0.190s] Level 1:colcon.colcon_core.package_identification:_identify(src/STELLA_REMOTE_PC_ROS2/nav2_gps_waypoint_follower_demo) by extensions ['ros']
[0.190s] Level 1:colcon.colcon_core.package_identification:_identify(src/STELLA_REMOTE_PC_ROS2/nav2_gps_waypoint_follower_demo) by extension 'ros'
[0.192s] DEBUG:colcon.colcon_core.package_identification:Package 'src/STELLA_REMOTE_PC_ROS2/nav2_gps_waypoint_follower_demo' with type 'ros.ament_python' and name 'nav2_gps_waypoint_follower_demo'
[0.192s] Level 1:colcon.colcon_core.package_identification:_identify(src/STELLA_REMOTE_PC_ROS2/stella_cartographer) by extensions ['ignore', 'ignore_ament_install']
[0.192s] Level 1:colcon.colcon_core.package_identification:_identify(src/STELLA_REMOTE_PC_ROS2/stella_cartographer) by extension 'ignore'
[0.192s] Level 1:colcon.colcon_core.package_identification:_identify(src/STELLA_REMOTE_PC_ROS2/stella_cartographer) by extension 'ignore_ament_install'
[0.192s] Level 1:colcon.colcon_core.package_identification:_identify(src/STELLA_REMOTE_PC_ROS2/stella_cartographer) by extensions ['colcon_pkg']
[0.192s] Level 1:colcon.colcon_core.package_identification:_identify(src/STELLA_REMOTE_PC_ROS2/stella_cartographer) by extension 'colcon_pkg'
[0.192s] Level 1:colcon.colcon_core.package_identification:_identify(src/STELLA_REMOTE_PC_ROS2/stella_cartographer) by extensions ['colcon_meta']
[0.192s] Level 1:colcon.colcon_core.package_identification:_identify(src/STELLA_REMOTE_PC_ROS2/stella_cartographer) by extension 'colcon_meta'
[0.192s] Level 1:colcon.colcon_core.package_identification:_identify(src/STELLA_REMOTE_PC_ROS2/stella_cartographer) by extensions ['ros']
[0.192s] Level 1:colcon.colcon_core.package_identification:_identify(src/STELLA_REMOTE_PC_ROS2/stella_cartographer) by extension 'ros'
[0.192s] DEBUG:colcon.colcon_core.package_identification:Package 'src/STELLA_REMOTE_PC_ROS2/stella_cartographer' with type 'ros.ament_cmake' and name 'stella_cartographer'
[0.192s] Level 1:colcon.colcon_core.package_identification:_identify(src/STELLA_REMOTE_PC_ROS2/stella_description) by extensions ['ignore', 'ignore_ament_install']
[0.193s] Level 1:colcon.colcon_core.package_identification:_identify(src/STELLA_REMOTE_PC_ROS2/stella_description) by extension 'ignore'
[0.193s] Level 1:colcon.colcon_core.package_identification:_identify(src/STELLA_REMOTE_PC_ROS2/stella_description) by extension 'ignore_ament_install'
[0.193s] Level 1:colcon.colcon_core.package_identification:_identify(src/STELLA_REMOTE_PC_ROS2/stella_description) by extensions ['colcon_pkg']
[0.193s] Level 1:colcon.colcon_core.package_identification:_identify(src/STELLA_REMOTE_PC_ROS2/stella_description) by extension 'colcon_pkg'
[0.193s] Level 1:colcon.colcon_core.package_identification:_identify(src/STELLA_REMOTE_PC_ROS2/stella_description) by extensions ['colcon_meta']
[0.193s] Level 1:colcon.colcon_core.package_identification:_identify(src/STELLA_REMOTE_PC_ROS2/stella_description) by extension 'colcon_meta'
[0.193s] Level 1:colcon.colcon_core.package_identification:_identify(src/STELLA_REMOTE_PC_ROS2/stella_description) by extensions ['ros']
[0.193s] Level 1:colcon.colcon_core.package_identification:_identify(src/STELLA_REMOTE_PC_ROS2/stella_description) by extension 'ros'
[0.193s] DEBUG:colcon.colcon_core.package_identification:Package 'src/STELLA_REMOTE_PC_ROS2/stella_description' with type 'ros.ament_cmake' and name 'stella_description'
[0.193s] Level 1:colcon.colcon_core.package_identification:_identify(src/STELLA_REMOTE_PC_ROS2/stella_navigation2) by extensions ['ignore', 'ignore_ament_install']
[0.193s] Level 1:colcon.colcon_core.package_identification:_identify(src/STELLA_REMOTE_PC_ROS2/stella_navigation2) by extension 'ignore'
[0.193s] Level 1:colcon.colcon_core.package_identification:_identify(src/STELLA_REMOTE_PC_ROS2/stella_navigation2) by extension 'ignore_ament_install'
[0.193s] Level 1:colcon.colcon_core.package_identification:_identify(src/STELLA_REMOTE_PC_ROS2/stella_navigation2) by extensions ['colcon_pkg']
[0.193s] Level 1:colcon.colcon_core.package_identification:_identify(src/STELLA_REMOTE_PC_ROS2/stella_navigation2) by extension 'colcon_pkg'
[0.193s] Level 1:colcon.colcon_core.package_identification:_identify(src/STELLA_REMOTE_PC_ROS2/stella_navigation2) by extensions ['colcon_meta']
[0.193s] Level 1:colcon.colcon_core.package_identification:_identify(src/STELLA_REMOTE_PC_ROS2/stella_navigation2) by extension 'colcon_meta'
[0.193s] Level 1:colcon.colcon_core.package_identification:_identify(src/STELLA_REMOTE_PC_ROS2/stella_navigation2) by extensions ['ros']
[0.193s] Level 1:colcon.colcon_core.package_identification:_identify(src/STELLA_REMOTE_PC_ROS2/stella_navigation2) by extension 'ros'
[0.194s] DEBUG:colcon.colcon_core.package_identification:Package 'src/STELLA_REMOTE_PC_ROS2/stella_navigation2' with type 'ros.ament_cmake' and name 'stella_navigation2'
[0.194s] Level 1:colcon.colcon_core.package_identification:_identify(src/STELLA_REMOTE_PC_ROS2/stella_teleop) by extensions ['ignore', 'ignore_ament_install']
[0.194s] Level 1:colcon.colcon_core.package_identification:_identify(src/STELLA_REMOTE_PC_ROS2/stella_teleop) by extension 'ignore'
[0.194s] Level 1:colcon.colcon_core.package_identification:_identify(src/STELLA_REMOTE_PC_ROS2/stella_teleop) by extension 'ignore_ament_install'
[0.194s] Level 1:colcon.colcon_core.package_identification:_identify(src/STELLA_REMOTE_PC_ROS2/stella_teleop) by extensions ['colcon_pkg']
[0.194s] Level 1:colcon.colcon_core.package_identification:_identify(src/STELLA_REMOTE_PC_ROS2/stella_teleop) by extension 'colcon_pkg'
[0.194s] Level 1:colcon.colcon_core.package_identification:_identify(src/STELLA_REMOTE_PC_ROS2/stella_teleop) by extensions ['colcon_meta']
[0.194s] Level 1:colcon.colcon_core.package_identification:_identify(src/STELLA_REMOTE_PC_ROS2/stella_teleop) by extension 'colcon_meta'
[0.194s] Level 1:colcon.colcon_core.package_identification:_identify(src/STELLA_REMOTE_PC_ROS2/stella_teleop) by extensions ['ros']
[0.194s] Level 1:colcon.colcon_core.package_identification:_identify(src/STELLA_REMOTE_PC_ROS2/stella_teleop) by extension 'ros'
[0.194s] DEBUG:colcon.colcon_core.package_identification:Package 'src/STELLA_REMOTE_PC_ROS2/stella_teleop' with type 'ros.ament_python' and name 'stella_teleop'
[0.194s] Level 1:colcon.colcon_core.package_discovery:discover_packages(recursive) using defaults
[0.194s] Level 1:colcon.colcon_core.package_discovery:discover_packages(ignore) discover
[0.194s] Level 1:colcon.colcon_core.package_discovery:discover_packages(ignore) using defaults
[0.194s] Level 1:colcon.colcon_core.package_discovery:discover_packages(path) discover
[0.194s] Level 1:colcon.colcon_core.package_discovery:discover_packages(path) using defaults
[0.214s] Level 1:colcon.colcon_core.package_discovery:discover_packages(prefix_path) check parameters
[0.214s] Level 1:colcon.colcon_core.package_discovery:discover_packages(prefix_path) discover
[0.216s] DEBUG:colcon.colcon_installed_package_information.package_discovery:Found 5 installed packages in /home/yun/colcon_ws/install
[0.217s] DEBUG:colcon.colcon_installed_package_information.package_discovery:Found 62 installed packages in /home/yun/test/install
[0.218s] DEBUG:colcon.colcon_installed_package_information.package_discovery:Found 417 installed packages in /opt/ros/humble
[0.221s] Level 1:colcon.colcon_core.package_discovery:discover_packages(prefix_path) using defaults
[0.252s] Level 5:colcon.colcon_core.verb:set package 'nav2_gps_waypoint_follower_demo' build argument 'cmake_args' from command line to 'None'
[0.253s] Level 5:colcon.colcon_core.verb:set package 'nav2_gps_waypoint_follower_demo' build argument 'cmake_target' from command line to 'None'
[0.253s] Level 5:colcon.colcon_core.verb:set package 'nav2_gps_waypoint_follower_demo' build argument 'cmake_target_skip_unavailable' from command line to 'False'
[0.253s] Level 5:colcon.colcon_core.verb:set package 'nav2_gps_waypoint_follower_demo' build argument 'cmake_clean_cache' from command line to 'False'
[0.253s] Level 5:colcon.colcon_core.verb:set package 'nav2_gps_waypoint_follower_demo' build argument 'cmake_clean_first' from command line to 'False'
[0.253s] Level 5:colcon.colcon_core.verb:set package 'nav2_gps_waypoint_follower_demo' build argument 'cmake_force_configure' from command line to 'False'
[0.253s] Level 5:colcon.colcon_core.verb:set package 'nav2_gps_waypoint_follower_demo' build argument 'ament_cmake_args' from command line to 'None'
[0.253s] Level 5:colcon.colcon_core.verb:set package 'nav2_gps_waypoint_follower_demo' build argument 'catkin_cmake_args' from command line to 'None'
[0.253s] Level 5:colcon.colcon_core.verb:set package 'nav2_gps_waypoint_follower_demo' build argument 'catkin_skip_building_tests' from command line to 'False'
[0.253s] DEBUG:colcon.colcon_core.verb:Building package 'nav2_gps_waypoint_follower_demo' with the following arguments: {'ament_cmake_args': None, 'build_base': '/home/yun/colcon_ws/build/nav2_gps_waypoint_follower_demo', 'catkin_cmake_args': None, 'catkin_skip_building_tests': False, 'cmake_args': None, 'cmake_clean_cache': False, 'cmake_clean_first': False, 'cmake_force_configure': False, 'cmake_target': None, 'cmake_target_skip_unavailable': False, 'install_base': '/home/yun/colcon_ws/install/nav2_gps_waypoint_follower_demo', 'merge_install': False, 'path': '/home/yun/colcon_ws/src/STELLA_REMOTE_PC_ROS2/nav2_gps_waypoint_follower_demo', 'symlink_install': False, 'test_result_base': None}
[0.253s] Level 5:colcon.colcon_core.verb:set package 'stella_cartographer' build argument 'cmake_args' from command line to 'None'
[0.253s] Level 5:colcon.colcon_core.verb:set package 'stella_cartographer' build argument 'cmake_target' from command line to 'None'
[0.253s] Level 5:colcon.colcon_core.verb:set package 'stella_cartographer' build argument 'cmake_target_skip_unavailable' from command line to 'False'
[0.253s] Level 5:colcon.colcon_core.verb:set package 'stella_cartographer' build argument 'cmake_clean_cache' from command line to 'False'
[0.253s] Level 5:colcon.colcon_core.verb:set package 'stella_cartographer' build argument 'cmake_clean_first' from command line to 'False'
[0.253s] Level 5:colcon.colcon_core.verb:set package 'stella_cartographer' build argument 'cmake_force_configure' from command line to 'False'
[0.253s] Level 5:colcon.colcon_core.verb:set package 'stella_cartographer' build argument 'ament_cmake_args' from command line to 'None'
[0.253s] Level 5:colcon.colcon_core.verb:set package 'stella_cartographer' build argument 'catkin_cmake_args' from command line to 'None'
[0.253s] Level 5:colcon.colcon_core.verb:set package 'stella_cartographer' build argument 'catkin_skip_building_tests' from command line to 'False'
[0.253s] DEBUG:colcon.colcon_core.verb:Building package 'stella_cartographer' with the following arguments: {'ament_cmake_args': None, 'build_base': '/home/yun/colcon_ws/build/stella_cartographer', 'catkin_cmake_args': None, 'catkin_skip_building_tests': False, 'cmake_args': None, 'cmake_clean_cache': False, 'cmake_clean_first': False, 'cmake_force_configure': False, 'cmake_target': None, 'cmake_target_skip_unavailable': False, 'install_base': '/home/yun/colcon_ws/install/stella_cartographer', 'merge_install': False, 'path': '/home/yun/colcon_ws/src/STELLA_REMOTE_PC_ROS2/stella_cartographer', 'symlink_install': False, 'test_result_base': None}
[0.253s] Level 5:colcon.colcon_core.verb:set package 'stella_description' build argument 'cmake_args' from command line to 'None'
[0.253s] Level 5:colcon.colcon_core.verb:set package 'stella_description' build argument 'cmake_target' from command line to 'None'
[0.253s] Level 5:colcon.colcon_core.verb:set package 'stella_description' build argument 'cmake_target_skip_unavailable' from command line to 'False'
[0.253s] Level 5:colcon.colcon_core.verb:set package 'stella_description' build argument 'cmake_clean_cache' from command line to 'False'
[0.253s] Level 5:colcon.colcon_core.verb:set package 'stella_description' build argument 'cmake_clean_first' from command line to 'False'
[0.253s] Level 5:colcon.colcon_core.verb:set package 'stella_description' build argument 'cmake_force_configure' from command line to 'False'
[0.253s] Level 5:colcon.colcon_core.verb:set package 'stella_description' build argument 'ament_cmake_args' from command line to 'None'
[0.253s] Level 5:colcon.colcon_core.verb:set package 'stella_description' build argument 'catkin_cmake_args' from command line to 'None'
[0.253s] Level 5:colcon.colcon_core.verb:set package 'stella_description' build argument 'catkin_skip_building_tests' from command line to 'False'
[0.253s] DEBUG:colcon.colcon_core.verb:Building package 'stella_description' with the following arguments: {'ament_cmake_args': None, 'build_base': '/home/yun/colcon_ws/build/stella_description', 'catkin_cmake_args': None, 'catkin_skip_building_tests': False, 'cmake_args': None, 'cmake_clean_cache': False, 'cmake_clean_first': False, 'cmake_force_configure': False, 'cmake_target': None, 'cmake_target_skip_unavailable': False, 'install_base': '/home/yun/colcon_ws/install/stella_description', 'merge_install': False, 'path': '/home/yun/colcon_ws/src/STELLA_REMOTE_PC_ROS2/stella_description', 'symlink_install': False, 'test_result_base': None}
[0.254s] Level 5:colcon.colcon_core.verb:set package 'stella_navigation2' build argument 'cmake_args' from command line to 'None'
[0.254s] Level 5:colcon.colcon_core.verb:set package 'stella_navigation2' build argument 'cmake_target' from command line to 'None'
[0.254s] Level 5:colcon.colcon_core.verb:set package 'stella_navigation2' build argument 'cmake_target_skip_unavailable' from command line to 'False'
[0.254s] Level 5:colcon.colcon_core.verb:set package 'stella_navigation2' build argument 'cmake_clean_cache' from command line to 'False'
[0.254s] Level 5:colcon.colcon_core.verb:set package 'stella_navigation2' build argument 'cmake_clean_first' from command line to 'False'
[0.254s] Level 5:colcon.colcon_core.verb:set package 'stella_navigation2' build argument 'cmake_force_configure' from command line to 'False'
[0.254s] Level 5:colcon.colcon_core.verb:set package 'stella_navigation2' build argument 'ament_cmake_args' from command line to 'None'
[0.254s] Level 5:colcon.colcon_core.verb:set package 'stella_navigation2' build argument 'catkin_cmake_args' from command line to 'None'
[0.254s] Level 5:colcon.colcon_core.verb:set package 'stella_navigation2' build argument 'catkin_skip_building_tests' from command line to 'False'
[0.254s] DEBUG:colcon.colcon_core.verb:Building package 'stella_navigation2' with the following arguments: {'ament_cmake_args': None, 'build_base': '/home/yun/colcon_ws/build/stella_navigation2', 'catkin_cmake_args': None, 'catkin_skip_building_tests': False, 'cmake_args': None, 'cmake_clean_cache': False, 'cmake_clean_first': False, 'cmake_force_configure': False, 'cmake_target': None, 'cmake_target_skip_unavailable': False, 'install_base': '/home/yun/colcon_ws/install/stella_navigation2', 'merge_install': False, 'path': '/home/yun/colcon_ws/src/STELLA_REMOTE_PC_ROS2/stella_navigation2', 'symlink_install': False, 'test_result_base': None}
[0.254s] Level 5:colcon.colcon_core.verb:set package 'stella_teleop' build argument 'cmake_args' from command line to 'None'
[0.254s] Level 5:colcon.colcon_core.verb:set package 'stella_teleop' build argument 'cmake_target' from command line to 'None'
[0.254s] Level 5:colcon.colcon_core.verb:set package 'stella_teleop' build argument 'cmake_target_skip_unavailable' from command line to 'False'
[0.254s] Level 5:colcon.colcon_core.verb:set package 'stella_teleop' build argument 'cmake_clean_cache' from command line to 'False'
[0.254s] Level 5:colcon.colcon_core.verb:set package 'stella_teleop' build argument 'cmake_clean_first' from command line to 'False'
[0.254s] Level 5:colcon.colcon_core.verb:set package 'stella_teleop' build argument 'cmake_force_configure' from command line to 'False'
[0.254s] Level 5:colcon.colcon_core.verb:set package 'stella_teleop' build argument 'ament_cmake_args' from command line to 'None'
[0.254s] Level 5:colcon.colcon_core.verb:set package 'stella_teleop' build argument 'catkin_cmake_args' from command line to 'None'
[0.254s] Level 5:colcon.colcon_core.verb:set package 'stella_teleop' build argument 'catkin_skip_building_tests' from command line to 'False'
[0.254s] DEBUG:colcon.colcon_core.verb:Building package 'stella_teleop' with the following arguments: {'ament_cmake_args': None, 'build_base': '/home/yun/colcon_ws/build/stella_teleop', 'catkin_cmake_args': None, 'catkin_skip_building_tests': False, 'cmake_args': None, 'cmake_clean_cache': False, 'cmake_clean_first': False, 'cmake_force_configure': False, 'cmake_target': None, 'cmake_target_skip_unavailable': False, 'install_base': '/home/yun/colcon_ws/install/stella_teleop', 'merge_install': False, 'path': '/home/yun/colcon_ws/src/STELLA_REMOTE_PC_ROS2/stella_teleop', 'symlink_install': False, 'test_result_base': None}
[0.254s] INFO:colcon.colcon_core.executor:Executing jobs using 'parallel' executor
[0.255s] DEBUG:colcon.colcon_parallel_executor.executor.parallel:run_until_complete
[0.255s] INFO:colcon.colcon_ros.task.ament_python.build:Building ROS package in '/home/yun/colcon_ws/src/STELLA_REMOTE_PC_ROS2/nav2_gps_waypoint_follower_demo' with build type 'ament_python'
[0.255s] Level 1:colcon.colcon_core.shell:create_environment_hook('nav2_gps_waypoint_follower_demo', 'ament_prefix_path')
[0.257s] INFO:colcon.colcon_core.plugin_system:Skipping extension 'colcon_core.shell.bat': Not used on non-Windows systems
[0.257s] INFO:colcon.colcon_core.shell:Creating environment hook '/home/yun/colcon_ws/install/nav2_gps_waypoint_follower_demo/share/nav2_gps_waypoint_follower_demo/hook/ament_prefix_path.ps1'
[0.257s] INFO:colcon.colcon_core.shell:Creating environment descriptor '/home/yun/colcon_ws/install/nav2_gps_waypoint_follower_demo/share/nav2_gps_waypoint_follower_demo/hook/ament_prefix_path.dsv'
[0.257s] INFO:colcon.colcon_core.shell:Creating environment hook '/home/yun/colcon_ws/install/nav2_gps_waypoint_follower_demo/share/nav2_gps_waypoint_follower_demo/hook/ament_prefix_path.sh'
[0.258s] INFO:colcon.colcon_core.shell:Skip shell extension 'powershell' for command environment: Not usable outside of PowerShell
[0.258s] DEBUG:colcon.colcon_core.shell:Skip shell extension 'dsv' for command environment
[0.262s] INFO:colcon.colcon_ros.task.ament_cmake.build:Building ROS package in '/home/yun/colcon_ws/src/STELLA_REMOTE_PC_ROS2/stella_cartographer' with build type 'ament_cmake'
[0.262s] INFO:colcon.colcon_cmake.task.cmake.build:Building CMake package in '/home/yun/colcon_ws/src/STELLA_REMOTE_PC_ROS2/stella_cartographer'
[0.263s] INFO:colcon.colcon_core.shell:Skip shell extension 'powershell' for command environment: Not usable outside of PowerShell
[0.263s] DEBUG:colcon.colcon_core.shell:Skip shell extension 'dsv' for command environment
[0.267s] INFO:colcon.colcon_ros.task.ament_cmake.build:Building ROS package in '/home/yun/colcon_ws/src/STELLA_REMOTE_PC_ROS2/stella_description' with build type 'ament_cmake'
[0.267s] INFO:colcon.colcon_cmake.task.cmake.build:Building CMake package in '/home/yun/colcon_ws/src/STELLA_REMOTE_PC_ROS2/stella_description'
[0.267s] INFO:colcon.colcon_core.shell:Skip shell extension 'powershell' for command environment: Not usable outside of PowerShell
[0.267s] DEBUG:colcon.colcon_core.shell:Skip shell extension 'dsv' for command environment
[0.271s] INFO:colcon.colcon_ros.task.ament_cmake.build:Building ROS package in '/home/yun/colcon_ws/src/STELLA_REMOTE_PC_ROS2/stella_navigation2' with build type 'ament_cmake'
[0.272s] INFO:colcon.colcon_cmake.task.cmake.build:Building CMake package in '/home/yun/colcon_ws/src/STELLA_REMOTE_PC_ROS2/stella_navigation2'
[0.272s] INFO:colcon.colcon_core.shell:Skip shell extension 'powershell' for command environment: Not usable outside of PowerShell
[0.272s] DEBUG:colcon.colcon_core.shell:Skip shell extension 'dsv' for command environment
[0.276s] INFO:colcon.colcon_ros.task.ament_python.build:Building ROS package in '/home/yun/colcon_ws/src/STELLA_REMOTE_PC_ROS2/stella_teleop' with build type 'ament_python'
[0.276s] Level 1:colcon.colcon_core.shell:create_environment_hook('stella_teleop', 'ament_prefix_path')
[0.276s] INFO:colcon.colcon_core.shell:Creating environment hook '/home/yun/colcon_ws/install/stella_teleop/share/stella_teleop/hook/ament_prefix_path.ps1'
[0.276s] INFO:colcon.colcon_core.shell:Creating environment descriptor '/home/yun/colcon_ws/install/stella_teleop/share/stella_teleop/hook/ament_prefix_path.dsv'
[0.277s] INFO:colcon.colcon_core.shell:Creating environment hook '/home/yun/colcon_ws/install/stella_teleop/share/stella_teleop/hook/ament_prefix_path.sh'
[0.277s] INFO:colcon.colcon_core.shell:Skip shell extension 'powershell' for command environment: Not usable outside of PowerShell
[0.277s] DEBUG:colcon.colcon_core.shell:Skip shell extension 'dsv' for command environment
[0.458s] INFO:colcon.colcon_core.task.python.build:Building Python package in '/home/yun/colcon_ws/src/STELLA_REMOTE_PC_ROS2/nav2_gps_waypoint_follower_demo'
[0.458s] INFO:colcon.colcon_core.shell:Skip shell extension 'powershell' for command environment: Not usable outside of PowerShell
[0.458s] DEBUG:colcon.colcon_core.shell:Skip shell extension 'dsv' for command environment
[0.466s] DEBUG:colcon.colcon_core.event_handler.log_command:Invoking command in '/home/yun/colcon_ws/build/stella_cartographer': CMAKE_PREFIX_PATH=${CMAKE_PREFIX_PATH}:/home/yun/colcon_ws/install/stella_teleop:/home/yun/colcon_ws/install/nav2_gps_waypoint_follower_demo:/home/yun/test/install/turtlebot3_teleop:/home/yun/test/install/turtlebot3_example:/home/yun/test/install/road_API:/home/yun/test/install/nav2_simple_commander:/home/yun/test/install/gps_imu_publisher:/opt/ros/humble /usr/bin/cmake --build /home/yun/colcon_ws/build/stella_cartographer -- -j20 -l20
[0.468s] DEBUG:colcon.colcon_core.event_handler.log_command:Invoking command in '/home/yun/colcon_ws/build/stella_description': CMAKE_PREFIX_PATH=${CMAKE_PREFIX_PATH}:/home/yun/colcon_ws/install/stella_teleop:/home/yun/colcon_ws/install/nav2_gps_waypoint_follower_demo:/home/yun/test/install/turtlebot3_teleop:/home/yun/test/install/turtlebot3_example:/home/yun/test/install/road_API:/home/yun/test/install/nav2_simple_commander:/home/yun/test/install/gps_imu_publisher:/opt/ros/humble /usr/bin/cmake --build /home/yun/colcon_ws/build/stella_description -- -j20 -l20
[0.470s] DEBUG:colcon.colcon_core.event_handler.log_command:Invoking command in '/home/yun/colcon_ws/build/stella_navigation2': CMAKE_PREFIX_PATH=${CMAKE_PREFIX_PATH}:/home/yun/colcon_ws/install/stella_teleop:/home/yun/colcon_ws/install/nav2_gps_waypoint_follower_demo:/home/yun/test/install/turtlebot3_teleop:/home/yun/test/install/turtlebot3_example:/home/yun/test/install/road_API:/home/yun/test/install/nav2_simple_commander:/home/yun/test/install/gps_imu_publisher:/opt/ros/humble /usr/bin/cmake --build /home/yun/colcon_ws/build/stella_navigation2 -- -j20 -l20
[0.650s] INFO:colcon.colcon_core.task.python.build:Building Python package in '/home/yun/colcon_ws/src/STELLA_REMOTE_PC_ROS2/stella_teleop'
[0.650s] INFO:colcon.colcon_core.shell:Skip shell extension 'powershell' for command environment: Not usable outside of PowerShell
[0.650s] DEBUG:colcon.colcon_core.shell:Skip shell extension 'dsv' for command environment
[0.659s] DEBUG:colcon.colcon_core.event_handler.log_command:Invoked command in '/home/yun/colcon_ws/build/stella_navigation2' returned '0': CMAKE_PREFIX_PATH=${CMAKE_PREFIX_PATH}:/home/yun/colcon_ws/install/stella_teleop:/home/yun/colcon_ws/install/nav2_gps_waypoint_follower_demo:/home/yun/test/install/turtlebot3_teleop:/home/yun/test/install/turtlebot3_example:/home/yun/test/install/road_API:/home/yun/test/install/nav2_simple_commander:/home/yun/test/install/gps_imu_publisher:/opt/ros/humble /usr/bin/cmake --build /home/yun/colcon_ws/build/stella_navigation2 -- -j20 -l20
[0.670s] DEBUG:colcon.colcon_core.event_handler.log_command:Invoking command in '/home/yun/colcon_ws/build/stella_navigation2': CMAKE_PREFIX_PATH=${CMAKE_PREFIX_PATH}:/home/yun/colcon_ws/install/stella_teleop:/home/yun/colcon_ws/install/nav2_gps_waypoint_follower_demo:/home/yun/test/install/turtlebot3_teleop:/home/yun/test/install/turtlebot3_example:/home/yun/test/install/road_API:/home/yun/test/install/nav2_simple_commander:/home/yun/test/install/gps_imu_publisher:/opt/ros/humble /usr/bin/cmake --install /home/yun/colcon_ws/build/stella_navigation2
[0.671s] DEBUG:colcon.colcon_core.event_handler.log_command:Invoked command in '/home/yun/colcon_ws/build/stella_cartographer' returned '0': CMAKE_PREFIX_PATH=${CMAKE_PREFIX_PATH}:/home/yun/colcon_ws/install/stella_teleop:/home/yun/colcon_ws/install/nav2_gps_waypoint_follower_demo:/home/yun/test/install/turtlebot3_teleop:/home/yun/test/install/turtlebot3_example:/home/yun/test/install/road_API:/home/yun/test/install/nav2_simple_commander:/home/yun/test/install/gps_imu_publisher:/opt/ros/humble /usr/bin/cmake --build /home/yun/colcon_ws/build/stella_cartographer -- -j20 -l20
[0.671s] DEBUG:colcon.colcon_core.event_handler.log_command:Invoking command in '/home/yun/colcon_ws/build/stella_cartographer': CMAKE_PREFIX_PATH=${CMAKE_PREFIX_PATH}:/home/yun/colcon_ws/install/stella_teleop:/home/yun/colcon_ws/install/nav2_gps_waypoint_follower_demo:/home/yun/test/install/turtlebot3_teleop:/home/yun/test/install/turtlebot3_example:/home/yun/test/install/road_API:/home/yun/test/install/nav2_simple_commander:/home/yun/test/install/gps_imu_publisher:/opt/ros/humble /usr/bin/cmake --install /home/yun/colcon_ws/build/stella_cartographer
[0.672s] DEBUG:colcon.colcon_core.event_handler.log_command:Invoked command in '/home/yun/colcon_ws/build/stella_description' returned '0': CMAKE_PREFIX_PATH=${CMAKE_PREFIX_PATH}:/home/yun/colcon_ws/install/stella_teleop:/home/yun/colcon_ws/install/nav2_gps_waypoint_follower_demo:/home/yun/test/install/turtlebot3_teleop:/home/yun/test/install/turtlebot3_example:/home/yun/test/install/road_API:/home/yun/test/install/nav2_simple_commander:/home/yun/test/install/gps_imu_publisher:/opt/ros/humble /usr/bin/cmake --build /home/yun/colcon_ws/build/stella_description -- -j20 -l20
[0.673s] DEBUG:colcon.colcon_core.event_handler.log_command:Invoking command in '/home/yun/colcon_ws/build/stella_description': CMAKE_PREFIX_PATH=${CMAKE_PREFIX_PATH}:/home/yun/colcon_ws/install/stella_teleop:/home/yun/colcon_ws/install/nav2_gps_waypoint_follower_demo:/home/yun/test/install/turtlebot3_teleop:/home/yun/test/install/turtlebot3_example:/home/yun/test/install/road_API:/home/yun/test/install/nav2_simple_commander:/home/yun/test/install/gps_imu_publisher:/opt/ros/humble /usr/bin/cmake --install /home/yun/colcon_ws/build/stella_description
[0.691s] Level 1:colcon.colcon_core.environment:create_environment_scripts_only(stella_description)
[0.692s] DEBUG:colcon.colcon_core.event_handler.log_command:Invoked command in '/home/yun/colcon_ws/build/stella_description' returned '0': CMAKE_PREFIX_PATH=${CMAKE_PREFIX_PATH}:/home/yun/colcon_ws/install/stella_teleop:/home/yun/colcon_ws/install/nav2_gps_waypoint_follower_demo:/home/yun/test/install/turtlebot3_teleop:/home/yun/test/install/turtlebot3_example:/home/yun/test/install/road_API:/home/yun/test/install/nav2_simple_commander:/home/yun/test/install/gps_imu_publisher:/opt/ros/humble /usr/bin/cmake --install /home/yun/colcon_ws/build/stella_description
[0.694s] Level 1:colcon.colcon_core.environment:checking '/home/yun/colcon_ws/install/stella_description' for CMake module files
[0.694s] Level 1:colcon.colcon_core.environment:checking '/home/yun/colcon_ws/install/stella_description' for CMake config files
[0.694s] Level 1:colcon.colcon_core.shell:create_environment_hook('stella_description', 'cmake_prefix_path')
[0.695s] INFO:colcon.colcon_core.shell:Creating environment hook '/home/yun/colcon_ws/install/stella_description/share/stella_description/hook/cmake_prefix_path.ps1'
[0.695s] INFO:colcon.colcon_core.shell:Creating environment descriptor '/home/yun/colcon_ws/install/stella_description/share/stella_description/hook/cmake_prefix_path.dsv'
[0.695s] INFO:colcon.colcon_core.shell:Creating environment hook '/home/yun/colcon_ws/install/stella_description/share/stella_description/hook/cmake_prefix_path.sh'
[0.696s] Level 1:colcon.colcon_core.environment:checking '/home/yun/colcon_ws/install/stella_description/bin'
[0.696s] Level 1:colcon.colcon_core.environment:checking '/home/yun/colcon_ws/install/stella_description/lib/pkgconfig/stella_description.pc'
[0.696s] Level 1:colcon.colcon_core.environment:checking '/home/yun/colcon_ws/install/stella_description/lib/python3.10/site-packages'
[0.696s] Level 1:colcon.colcon_core.environment:checking '/home/yun/colcon_ws/install/stella_description/bin'
[0.696s] INFO:colcon.colcon_core.shell:Creating package script '/home/yun/colcon_ws/install/stella_description/share/stella_description/package.ps1'
[0.696s] INFO:colcon.colcon_core.shell:Creating package descriptor '/home/yun/colcon_ws/install/stella_description/share/stella_description/package.dsv'
[0.697s] INFO:colcon.colcon_core.shell:Creating package script '/home/yun/colcon_ws/install/stella_description/share/stella_description/package.sh'
[0.697s] INFO:colcon.colcon_core.shell:Creating package script '/home/yun/colcon_ws/install/stella_description/share/stella_description/package.bash'
[0.698s] INFO:colcon.colcon_core.shell:Creating package script '/home/yun/colcon_ws/install/stella_description/share/stella_description/package.zsh'
[0.698s] Level 1:colcon.colcon_core.environment:create_file_with_runtime_dependencies(/home/yun/colcon_ws/install/stella_description/share/colcon-core/packages/stella_description)
[0.698s] Level 1:colcon.colcon_core.environment:create_environment_scripts_only(stella_description)
[0.699s] Level 1:colcon.colcon_core.environment:checking '/home/yun/colcon_ws/install/stella_description' for CMake module files
[0.699s] Level 1:colcon.colcon_core.environment:checking '/home/yun/colcon_ws/install/stella_description' for CMake config files
[0.699s] Level 1:colcon.colcon_core.shell:create_environment_hook('stella_description', 'cmake_prefix_path')
[0.699s] INFO:colcon.colcon_core.shell:Creating environment hook '/home/yun/colcon_ws/install/stella_description/share/stella_description/hook/cmake_prefix_path.ps1'
[0.699s] INFO:colcon.colcon_core.shell:Creating environment descriptor '/home/yun/colcon_ws/install/stella_description/share/stella_description/hook/cmake_prefix_path.dsv'
[0.700s] INFO:colcon.colcon_core.shell:Creating environment hook '/home/yun/colcon_ws/install/stella_description/share/stella_description/hook/cmake_prefix_path.sh'
[0.700s] Level 1:colcon.colcon_core.environment:checking '/home/yun/colcon_ws/install/stella_description/bin'
[0.700s] Level 1:colcon.colcon_core.environment:checking '/home/yun/colcon_ws/install/stella_description/lib/pkgconfig/stella_description.pc'
[0.700s] Level 1:colcon.colcon_core.environment:checking '/home/yun/colcon_ws/install/stella_description/lib/python3.10/site-packages'
[0.700s] Level 1:colcon.colcon_core.environment:checking '/home/yun/colcon_ws/install/stella_description/bin'
[0.700s] INFO:colcon.colcon_core.shell:Creating package script '/home/yun/colcon_ws/install/stella_description/share/stella_description/package.ps1'
[0.701s] INFO:colcon.colcon_core.shell:Creating package descriptor '/home/yun/colcon_ws/install/stella_description/share/stella_description/package.dsv'
[0.701s] INFO:colcon.colcon_core.shell:Creating package script '/home/yun/colcon_ws/install/stella_description/share/stella_description/package.sh'
[0.701s] INFO:colcon.colcon_core.shell:Creating package script '/home/yun/colcon_ws/install/stella_description/share/stella_description/package.bash'
[0.701s] INFO:colcon.colcon_core.shell:Creating package script '/home/yun/colcon_ws/install/stella_description/share/stella_description/package.zsh'
[0.702s] Level 1:colcon.colcon_core.environment:create_file_with_runtime_dependencies(/home/yun/colcon_ws/install/stella_description/share/colcon-core/packages/stella_description)
[0.702s] Level 1:colcon.colcon_core.environment:create_environment_scripts_only(stella_cartographer)
[0.702s] Level 1:colcon.colcon_core.environment:checking '/home/yun/colcon_ws/install/stella_cartographer' for CMake module files
[0.703s] DEBUG:colcon.colcon_core.event_handler.log_command:Invoked command in '/home/yun/colcon_ws/build/stella_cartographer' returned '0': CMAKE_PREFIX_PATH=${CMAKE_PREFIX_PATH}:/home/yun/colcon_ws/install/stella_teleop:/home/yun/colcon_ws/install/nav2_gps_waypoint_follower_demo:/home/yun/test/install/turtlebot3_teleop:/home/yun/test/install/turtlebot3_example:/home/yun/test/install/road_API:/home/yun/test/install/nav2_simple_commander:/home/yun/test/install/gps_imu_publisher:/opt/ros/humble /usr/bin/cmake --install /home/yun/colcon_ws/build/stella_cartographer
[0.703s] Level 1:colcon.colcon_core.environment:checking '/home/yun/colcon_ws/install/stella_cartographer' for CMake config files
[0.704s] Level 1:colcon.colcon_core.shell:create_environment_hook('stella_cartographer', 'cmake_prefix_path')
[0.704s] INFO:colcon.colcon_core.shell:Creating environment hook '/home/yun/colcon_ws/install/stella_cartographer/share/stella_cartographer/hook/cmake_prefix_path.ps1'
[0.704s] INFO:colcon.colcon_core.shell:Creating environment descriptor '/home/yun/colcon_ws/install/stella_cartographer/share/stella_cartographer/hook/cmake_prefix_path.dsv'
[0.704s] INFO:colcon.colcon_core.shell:Creating environment hook '/home/yun/colcon_ws/install/stella_cartographer/share/stella_cartographer/hook/cmake_prefix_path.sh'
[0.704s] Level 1:colcon.colcon_core.environment:checking '/home/yun/colcon_ws/install/stella_cartographer/bin'
[0.705s] Level 1:colcon.colcon_core.environment:checking '/home/yun/colcon_ws/install/stella_cartographer/lib/pkgconfig/stella_cartographer.pc'
[0.705s] Level 1:colcon.colcon_core.environment:checking '/home/yun/colcon_ws/install/stella_cartographer/lib/python3.10/site-packages'
[0.705s] Level 1:colcon.colcon_core.environment:checking '/home/yun/colcon_ws/install/stella_cartographer/bin'
[0.705s] INFO:colcon.colcon_core.shell:Creating package script '/home/yun/colcon_ws/install/stella_cartographer/share/stella_cartographer/package.ps1'
[0.705s] INFO:colcon.colcon_core.shell:Creating package descriptor '/home/yun/colcon_ws/install/stella_cartographer/share/stella_cartographer/package.dsv'
[0.706s] INFO:colcon.colcon_core.shell:Creating package script '/home/yun/colcon_ws/install/stella_cartographer/share/stella_cartographer/package.sh'
[0.706s] INFO:colcon.colcon_core.shell:Creating package script '/home/yun/colcon_ws/install/stella_cartographer/share/stella_cartographer/package.bash'
[0.706s] INFO:colcon.colcon_core.shell:Creating package script '/home/yun/colcon_ws/install/stella_cartographer/share/stella_cartographer/package.zsh'
[0.706s] Level 1:colcon.colcon_core.environment:create_file_with_runtime_dependencies(/home/yun/colcon_ws/install/stella_cartographer/share/colcon-core/packages/stella_cartographer)
[0.706s] Level 1:colcon.colcon_core.environment:create_environment_scripts_only(stella_cartographer)
[0.707s] Level 1:colcon.colcon_core.environment:checking '/home/yun/colcon_ws/install/stella_cartographer' for CMake module files
[0.707s] Level 1:colcon.colcon_core.environment:checking '/home/yun/colcon_ws/install/stella_cartographer' for CMake config files
[0.707s] Level 1:colcon.colcon_core.shell:create_environment_hook('stella_cartographer', 'cmake_prefix_path')
[0.707s] INFO:colcon.colcon_core.shell:Creating environment hook '/home/yun/colcon_ws/install/stella_cartographer/share/stella_cartographer/hook/cmake_prefix_path.ps1'
[0.707s] INFO:colcon.colcon_core.shell:Creating environment descriptor '/home/yun/colcon_ws/install/stella_cartographer/share/stella_cartographer/hook/cmake_prefix_path.dsv'
[0.707s] INFO:colcon.colcon_core.shell:Creating environment hook '/home/yun/colcon_ws/install/stella_cartographer/share/stella_cartographer/hook/cmake_prefix_path.sh'
[0.708s] Level 1:colcon.colcon_core.environment:checking '/home/yun/colcon_ws/install/stella_cartographer/bin'
[0.708s] Level 1:colcon.colcon_core.environment:checking '/home/yun/colcon_ws/install/stella_cartographer/lib/pkgconfig/stella_cartographer.pc'
[0.708s] Level 1:colcon.colcon_core.environment:checking '/home/yun/colcon_ws/install/stella_cartographer/lib/python3.10/site-packages'
[0.708s] Level 1:colcon.colcon_core.environment:checking '/home/yun/colcon_ws/install/stella_cartographer/bin'
[0.708s] INFO:colcon.colcon_core.shell:Creating package script '/home/yun/colcon_ws/install/stella_cartographer/share/stella_cartographer/package.ps1'
[0.708s] INFO:colcon.colcon_core.shell:Creating package descriptor '/home/yun/colcon_ws/install/stella_cartographer/share/stella_cartographer/package.dsv'
[0.709s] INFO:colcon.colcon_core.shell:Creating package script '/home/yun/colcon_ws/install/stella_cartographer/share/stella_cartographer/package.sh'
[0.709s] INFO:colcon.colcon_core.shell:Creating package script '/home/yun/colcon_ws/install/stella_cartographer/share/stella_cartographer/package.bash'
[0.709s] INFO:colcon.colcon_core.shell:Creating package script '/home/yun/colcon_ws/install/stella_cartographer/share/stella_cartographer/package.zsh'
[0.709s] Level 1:colcon.colcon_core.environment:create_file_with_runtime_dependencies(/home/yun/colcon_ws/install/stella_cartographer/share/colcon-core/packages/stella_cartographer)
[0.709s] Level 1:colcon.colcon_core.environment:create_environment_scripts_only(stella_navigation2)
[0.710s] Level 1:colcon.colcon_core.environment:checking '/home/yun/colcon_ws/install/stella_navigation2' for CMake module files
[0.710s] DEBUG:colcon.colcon_core.event_handler.log_command:Invoked command in '/home/yun/colcon_ws/build/stella_navigation2' returned '0': CMAKE_PREFIX_PATH=${CMAKE_PREFIX_PATH}:/home/yun/colcon_ws/install/stella_teleop:/home/yun/colcon_ws/install/nav2_gps_waypoint_follower_demo:/home/yun/test/install/turtlebot3_teleop:/home/yun/test/install/turtlebot3_example:/home/yun/test/install/road_API:/home/yun/test/install/nav2_simple_commander:/home/yun/test/install/gps_imu_publisher:/opt/ros/humble /usr/bin/cmake --install /home/yun/colcon_ws/build/stella_navigation2
[0.711s] Level 1:colcon.colcon_core.environment:checking '/home/yun/colcon_ws/install/stella_navigation2' for CMake config files
[0.711s] Level 1:colcon.colcon_core.shell:create_environment_hook('stella_navigation2', 'cmake_prefix_path')
[0.711s] INFO:colcon.colcon_core.shell:Creating environment hook '/home/yun/colcon_ws/install/stella_navigation2/share/stella_navigation2/hook/cmake_prefix_path.ps1'
[0.712s] INFO:colcon.colcon_core.shell:Creating environment descriptor '/home/yun/colcon_ws/install/stella_navigation2/share/stella_navigation2/hook/cmake_prefix_path.dsv'
[0.712s] INFO:colcon.colcon_core.shell:Creating environment hook '/home/yun/colcon_ws/install/stella_navigation2/share/stella_navigation2/hook/cmake_prefix_path.sh'
[0.713s] Level 1:colcon.colcon_core.environment:checking '/home/yun/colcon_ws/install/stella_navigation2/bin'
[0.713s] Level 1:colcon.colcon_core.environment:checking '/home/yun/colcon_ws/install/stella_navigation2/lib/pkgconfig/stella_navigation2.pc'
[0.713s] Level 1:colcon.colcon_core.environment:checking '/home/yun/colcon_ws/install/stella_navigation2/lib/python3.10/site-packages'
[0.714s] Level 1:colcon.colcon_core.environment:checking '/home/yun/colcon_ws/install/stella_navigation2/bin'
[0.714s] INFO:colcon.colcon_core.shell:Creating package script '/home/yun/colcon_ws/install/stella_navigation2/share/stella_navigation2/package.ps1'
[0.715s] INFO:colcon.colcon_core.shell:Creating package descriptor '/home/yun/colcon_ws/install/stella_navigation2/share/stella_navigation2/package.dsv'
[0.715s] INFO:colcon.colcon_core.shell:Creating package script '/home/yun/colcon_ws/install/stella_navigation2/share/stella_navigation2/package.sh'
[0.715s] INFO:colcon.colcon_core.shell:Creating package script '/home/yun/colcon_ws/install/stella_navigation2/share/stella_navigation2/package.bash'
[0.715s] INFO:colcon.colcon_core.shell:Creating package script '/home/yun/colcon_ws/install/stella_navigation2/share/stella_navigation2/package.zsh'
[0.715s] Level 1:colcon.colcon_core.environment:create_file_with_runtime_dependencies(/home/yun/colcon_ws/install/stella_navigation2/share/colcon-core/packages/stella_navigation2)
[0.716s] Level 1:colcon.colcon_core.environment:create_environment_scripts_only(stella_navigation2)
[0.716s] Level 1:colcon.colcon_core.environment:checking '/home/yun/colcon_ws/install/stella_navigation2' for CMake module files
[0.716s] Level 1:colcon.colcon_core.environment:checking '/home/yun/colcon_ws/install/stella_navigation2' for CMake config files
[0.716s] Level 1:colcon.colcon_core.shell:create_environment_hook('stella_navigation2', 'cmake_prefix_path')
[0.716s] INFO:colcon.colcon_core.shell:Creating environment hook '/home/yun/colcon_ws/install/stella_navigation2/share/stella_navigation2/hook/cmake_prefix_path.ps1'
[0.717s] INFO:colcon.colcon_core.shell:Creating environment descriptor '/home/yun/colcon_ws/install/stella_navigation2/share/stella_navigation2/hook/cmake_prefix_path.dsv'
[0.717s] INFO:colcon.colcon_core.shell:Creating environment hook '/home/yun/colcon_ws/install/stella_navigation2/share/stella_navigation2/hook/cmake_prefix_path.sh'
[0.717s] Level 1:colcon.colcon_core.environment:checking '/home/yun/colcon_ws/install/stella_navigation2/bin'
[0.717s] Level 1:colcon.colcon_core.environment:checking '/home/yun/colcon_ws/install/stella_navigation2/lib/pkgconfig/stella_navigation2.pc'
[0.717s] Level 1:colcon.colcon_core.environment:checking '/home/yun/colcon_ws/install/stella_navigation2/lib/python3.10/site-packages'
[0.717s] Level 1:colcon.colcon_core.environment:checking '/home/yun/colcon_ws/install/stella_navigation2/bin'
[0.718s] INFO:colcon.colcon_core.shell:Creating package script '/home/yun/colcon_ws/install/stella_navigation2/share/stella_navigation2/package.ps1'
[0.718s] INFO:colcon.colcon_core.shell:Creating package descriptor '/home/yun/colcon_ws/install/stella_navigation2/share/stella_navigation2/package.dsv'
[0.718s] INFO:colcon.colcon_core.shell:Creating package script '/home/yun/colcon_ws/install/stella_navigation2/share/stella_navigation2/package.sh'
[0.718s] INFO:colcon.colcon_core.shell:Creating package script '/home/yun/colcon_ws/install/stella_navigation2/share/stella_navigation2/package.bash'
[0.719s] INFO:colcon.colcon_core.shell:Creating package script '/home/yun/colcon_ws/install/stella_navigation2/share/stella_navigation2/package.zsh'
[0.719s] Level 1:colcon.colcon_core.environment:create_file_with_runtime_dependencies(/home/yun/colcon_ws/install/stella_navigation2/share/colcon-core/packages/stella_navigation2)
[0.899s] DEBUG:colcon.colcon_core.event_handler.log_command:Invoking command in '/home/yun/colcon_ws/src/STELLA_REMOTE_PC_ROS2/nav2_gps_waypoint_follower_demo': PYTHONPATH=/home/yun/colcon_ws/build/nav2_gps_waypoint_follower_demo/prefix_override:/usr/lib/python3/dist-packages/colcon_core/task/python/colcon_distutils_commands:/home/yun/colcon_ws/install/nav2_gps_waypoint_follower_demo/lib/python3.10/site-packages:${PYTHONPATH} /usr/bin/python3 -W ignore:setup.py install is deprecated -W ignore:easy_install command is deprecated setup.py egg_info --egg-base ../../../build/nav2_gps_waypoint_follower_demo build --build-base /home/yun/colcon_ws/build/nav2_gps_waypoint_follower_demo/build install --record /home/yun/colcon_ws/build/nav2_gps_waypoint_follower_demo/install.log --single-version-externally-managed install_data
[0.912s] DEBUG:colcon.colcon_core.event_handler.log_command:Invoking command in '/home/yun/colcon_ws/src/STELLA_REMOTE_PC_ROS2/stella_teleop': PYTHONPATH=/home/yun/colcon_ws/build/stella_teleop/prefix_override:/usr/lib/python3/dist-packages/colcon_core/task/python/colcon_distutils_commands:/home/yun/colcon_ws/install/stella_teleop/lib/python3.10/site-packages:${PYTHONPATH} /usr/bin/python3 -W ignore:setup.py install is deprecated -W ignore:easy_install command is deprecated setup.py egg_info --egg-base ../../../build/stella_teleop build --build-base /home/yun/colcon_ws/build/stella_teleop/build install --record /home/yun/colcon_ws/build/stella_teleop/install.log --single-version-externally-managed install_data
[1.097s] Level 1:colcon.colcon_core.environment:checking '/home/yun/colcon_ws/install/nav2_gps_waypoint_follower_demo' for CMake module files
[1.098s] DEBUG:colcon.colcon_core.event_handler.log_command:Invoked command in '/home/yun/colcon_ws/src/STELLA_REMOTE_PC_ROS2/nav2_gps_waypoint_follower_demo' returned '0': PYTHONPATH=/home/yun/colcon_ws/build/nav2_gps_waypoint_follower_demo/prefix_override:/usr/lib/python3/dist-packages/colcon_core/task/python/colcon_distutils_commands:/home/yun/colcon_ws/install/nav2_gps_waypoint_follower_demo/lib/python3.10/site-packages:${PYTHONPATH} /usr/bin/python3 -W ignore:setup.py install is deprecated -W ignore:easy_install command is deprecated setup.py egg_info --egg-base ../../../build/nav2_gps_waypoint_follower_demo build --build-base /home/yun/colcon_ws/build/nav2_gps_waypoint_follower_demo/build install --record /home/yun/colcon_ws/build/nav2_gps_waypoint_follower_demo/install.log --single-version-externally-managed install_data
[1.098s] Level 1:colcon.colcon_core.environment:checking '/home/yun/colcon_ws/install/nav2_gps_waypoint_follower_demo' for CMake config files
[1.099s] Level 1:colcon.colcon_core.environment:checking '/home/yun/colcon_ws/install/nav2_gps_waypoint_follower_demo/lib'
[1.099s] Level 1:colcon.colcon_core.environment:checking '/home/yun/colcon_ws/install/nav2_gps_waypoint_follower_demo/bin'
[1.099s] Level 1:colcon.colcon_core.environment:checking '/home/yun/colcon_ws/install/nav2_gps_waypoint_follower_demo/lib/pkgconfig/nav2_gps_waypoint_follower_demo.pc'
[1.099s] Level 1:colcon.colcon_core.environment:checking '/home/yun/colcon_ws/install/nav2_gps_waypoint_follower_demo/lib/python3.10/site-packages'
[1.099s] Level 1:colcon.colcon_core.shell:create_environment_hook('nav2_gps_waypoint_follower_demo', 'pythonpath')
[1.099s] INFO:colcon.colcon_core.shell:Creating environment hook '/home/yun/colcon_ws/install/nav2_gps_waypoint_follower_demo/share/nav2_gps_waypoint_follower_demo/hook/pythonpath.ps1'
[1.100s] INFO:colcon.colcon_core.shell:Creating environment descriptor '/home/yun/colcon_ws/install/nav2_gps_waypoint_follower_demo/share/nav2_gps_waypoint_follower_demo/hook/pythonpath.dsv'
[1.100s] INFO:colcon.colcon_core.shell:Creating environment hook '/home/yun/colcon_ws/install/nav2_gps_waypoint_follower_demo/share/nav2_gps_waypoint_follower_demo/hook/pythonpath.sh'
[1.100s] Level 1:colcon.colcon_core.environment:checking '/home/yun/colcon_ws/install/nav2_gps_waypoint_follower_demo/bin'
[1.100s] Level 1:colcon.colcon_core.environment:create_environment_scripts_only(nav2_gps_waypoint_follower_demo)
[1.100s] INFO:colcon.colcon_core.shell:Creating package script '/home/yun/colcon_ws/install/nav2_gps_waypoint_follower_demo/share/nav2_gps_waypoint_follower_demo/package.ps1'
[1.101s] INFO:colcon.colcon_core.shell:Creating package descriptor '/home/yun/colcon_ws/install/nav2_gps_waypoint_follower_demo/share/nav2_gps_waypoint_follower_demo/package.dsv'
[1.101s] INFO:colcon.colcon_core.shell:Creating package script '/home/yun/colcon_ws/install/nav2_gps_waypoint_follower_demo/share/nav2_gps_waypoint_follower_demo/package.sh'
[1.101s] INFO:colcon.colcon_core.shell:Creating package script '/home/yun/colcon_ws/install/nav2_gps_waypoint_follower_demo/share/nav2_gps_waypoint_follower_demo/package.bash'
[1.101s] INFO:colcon.colcon_core.shell:Creating package script '/home/yun/colcon_ws/install/nav2_gps_waypoint_follower_demo/share/nav2_gps_waypoint_follower_demo/package.zsh'
[1.102s] Level 1:colcon.colcon_core.environment:create_file_with_runtime_dependencies(/home/yun/colcon_ws/install/nav2_gps_waypoint_follower_demo/share/colcon-core/packages/nav2_gps_waypoint_follower_demo)
[1.107s] Level 1:colcon.colcon_core.environment:checking '/home/yun/colcon_ws/install/stella_teleop' for CMake module files
[1.107s] DEBUG:colcon.colcon_core.event_handler.log_command:Invoked command in '/home/yun/colcon_ws/src/STELLA_REMOTE_PC_ROS2/stella_teleop' returned '0': PYTHONPATH=/home/yun/colcon_ws/build/stella_teleop/prefix_override:/usr/lib/python3/dist-packages/colcon_core/task/python/colcon_distutils_commands:/home/yun/colcon_ws/install/stella_teleop/lib/python3.10/site-packages:${PYTHONPATH} /usr/bin/python3 -W ignore:setup.py install is deprecated -W ignore:easy_install command is deprecated setup.py egg_info --egg-base ../../../build/stella_teleop build --build-base /home/yun/colcon_ws/build/stella_teleop/build install --record /home/yun/colcon_ws/build/stella_teleop/install.log --single-version-externally-managed install_data
[1.108s] Level 1:colcon.colcon_core.environment:checking '/home/yun/colcon_ws/install/stella_teleop' for CMake config files
[1.108s] Level 1:colcon.colcon_core.environment:checking '/home/yun/colcon_ws/install/stella_teleop/lib'
[1.108s] Level 1:colcon.colcon_core.environment:checking '/home/yun/colcon_ws/install/stella_teleop/bin'
[1.108s] Level 1:colcon.colcon_core.environment:checking '/home/yun/colcon_ws/install/stella_teleop/lib/pkgconfig/stella_teleop.pc'
[1.108s] Level 1:colcon.colcon_core.environment:checking '/home/yun/colcon_ws/install/stella_teleop/lib/python3.10/site-packages'
[1.108s] Level 1:colcon.colcon_core.shell:create_environment_hook('stella_teleop', 'pythonpath')
[1.108s] INFO:colcon.colcon_core.shell:Creating environment hook '/home/yun/colcon_ws/install/stella_teleop/share/stella_teleop/hook/pythonpath.ps1'
[1.109s] INFO:colcon.colcon_core.shell:Creating environment descriptor '/home/yun/colcon_ws/install/stella_teleop/share/stella_teleop/hook/pythonpath.dsv'
[1.109s] INFO:colcon.colcon_core.shell:Creating environment hook '/home/yun/colcon_ws/install/stella_teleop/share/stella_teleop/hook/pythonpath.sh'
[1.109s] Level 1:colcon.colcon_core.environment:checking '/home/yun/colcon_ws/install/stella_teleop/bin'
[1.109s] Level 1:colcon.colcon_core.environment:create_environment_scripts_only(stella_teleop)
[1.109s] INFO:colcon.colcon_core.shell:Creating package script '/home/yun/colcon_ws/install/stella_teleop/share/stella_teleop/package.ps1'
[1.110s] INFO:colcon.colcon_core.shell:Creating package descriptor '/home/yun/colcon_ws/install/stella_teleop/share/stella_teleop/package.dsv'
[1.110s] INFO:colcon.colcon_core.shell:Creating package script '/home/yun/colcon_ws/install/stella_teleop/share/stella_teleop/package.sh'
[1.110s] INFO:colcon.colcon_core.shell:Creating package script '/home/yun/colcon_ws/install/stella_teleop/share/stella_teleop/package.bash'
[1.110s] INFO:colcon.colcon_core.shell:Creating package script '/home/yun/colcon_ws/install/stella_teleop/share/stella_teleop/package.zsh'
[1.111s] Level 1:colcon.colcon_core.environment:create_file_with_runtime_dependencies(/home/yun/colcon_ws/install/stella_teleop/share/colcon-core/packages/stella_teleop)
[1.111s] DEBUG:colcon.colcon_parallel_executor.executor.parallel:closing loop
[1.111s] DEBUG:colcon.colcon_parallel_executor.executor.parallel:loop closed
[1.111s] DEBUG:colcon.colcon_parallel_executor.executor.parallel:run_until_complete finished with '0'
[1.111s] DEBUG:colcon.colcon_core.event_reactor:joining thread
[1.115s] INFO:colcon.colcon_core.plugin_system:Skipping extension 'colcon_notification.desktop_notification.terminal_notifier': Not used on non-Darwin systems
[1.115s] INFO:colcon.colcon_core.plugin_system:Skipping extension 'colcon_notification.desktop_notification.win32': Not used on non-Windows systems
[1.115s] INFO:colcon.colcon_notification.desktop_notification:Sending desktop notification using 'notify2'
[1.129s] DEBUG:colcon.colcon_core.event_reactor:joined thread
[1.130s] INFO:colcon.colcon_core.shell:Creating prefix script '/home/yun/colcon_ws/install/local_setup.ps1'
[1.131s] INFO:colcon.colcon_core.shell:Creating prefix util module '/home/yun/colcon_ws/install/_local_setup_util_ps1.py'
[1.132s] INFO:colcon.colcon_core.shell:Creating prefix chain script '/home/yun/colcon_ws/install/setup.ps1'
[1.135s] INFO:colcon.colcon_core.shell:Creating prefix script '/home/yun/colcon_ws/install/local_setup.sh'
[1.135s] INFO:colcon.colcon_core.shell:Creating prefix util module '/home/yun/colcon_ws/install/_local_setup_util_sh.py'
[1.135s] INFO:colcon.colcon_core.shell:Creating prefix chain script '/home/yun/colcon_ws/install/setup.sh'
[1.138s] INFO:colcon.colcon_core.shell:Creating prefix script '/home/yun/colcon_ws/install/local_setup.bash'
[1.138s] INFO:colcon.colcon_core.shell:Creating prefix chain script '/home/yun/colcon_ws/install/setup.bash'
[1.140s] INFO:colcon.colcon_core.shell:Creating prefix script '/home/yun/colcon_ws/install/local_setup.zsh'
[1.140s] INFO:colcon.colcon_core.shell:Creating prefix chain script '/home/yun/colcon_ws/install/setup.zsh'
