[0.020s] Invoking command in '/home/yun/colcon_ws/build/stella_description': CMAKE_PREFIX_PATH=${CMAKE_PREFIX_PATH}:/home/yun/test/install/nav2_simple_commander:/home/yun/test/install/turtlebot3_teleop:/home/yun/test/install/turtlebot3_example:/home/yun/test/install/road_API:/home/yun/test/install/nav2_gps_waypoint_follower_demo:/home/yun/test/install/gps_navigation:/home/yun/test/install/gps_imu_publisher:/home/yun/colcon_ws/install/stella_teleop:/opt/ros/humble /usr/bin/cmake --build /home/yun/colcon_ws/build/stella_description -- -j20 -l20
[0.215s] Invoked command in '/home/yun/colcon_ws/build/stella_description' returned '0': CMAKE_PREFIX_PATH=${CMAKE_PREFIX_PATH}:/home/yun/test/install/nav2_simple_commander:/home/yun/test/install/turtlebot3_teleop:/home/yun/test/install/turtlebot3_example:/home/yun/test/install/road_API:/home/yun/test/install/nav2_gps_waypoint_follower_demo:/home/yun/test/install/gps_navigation:/home/yun/test/install/gps_imu_publisher:/home/yun/colcon_ws/install/stella_teleop:/opt/ros/humble /usr/bin/cmake --build /home/yun/colcon_ws/build/stella_description -- -j20 -l20
[0.225s] Invoking command in '/home/yun/colcon_ws/build/stella_description': CMAKE_PREFIX_PATH=${CMAKE_PREFIX_PATH}:/home/yun/test/install/nav2_simple_commander:/home/yun/test/install/turtlebot3_teleop:/home/yun/test/install/turtlebot3_example:/home/yun/test/install/road_API:/home/yun/test/install/nav2_gps_waypoint_follower_demo:/home/yun/test/install/gps_navigation:/home/yun/test/install/gps_imu_publisher:/home/yun/colcon_ws/install/stella_teleop:/opt/ros/humble /usr/bin/cmake --install /home/yun/colcon_ws/build/stella_description
[0.235s] -- Install configuration: ""
[0.235s] -- Execute custom install script
[0.235s] -- Up-to-date symlink: /home/yun/colcon_ws/install/stella_description/share/stella_description/meshes/bases/STELLA-N1.stl
[0.236s] -- Up-to-date symlink: /home/yun/colcon_ws/install/stella_description/share/stella_description/rviz/model.rviz
[0.237s] -- Up-to-date symlink: /home/yun/colcon_ws/install/stella_description/share/stella_description/urdf/stella.urdf
[0.237s] -- Up-to-date symlink: /home/yun/colcon_ws/install/stella_description/share/ament_index/resource_index/package_run_dependencies/stella_description
[0.237s] -- Up-to-date symlink: /home/yun/colcon_ws/install/stella_description/share/ament_index/resource_index/parent_prefix_path/stella_description
[0.237s] -- Up-to-date symlink: /home/yun/colcon_ws/install/stella_description/share/stella_description/environment/ament_prefix_path.sh
[0.237s] -- Up-to-date symlink: /home/yun/colcon_ws/install/stella_description/share/stella_description/environment/ament_prefix_path.dsv
[0.238s] -- Up-to-date symlink: /home/yun/colcon_ws/install/stella_description/share/stella_description/environment/path.sh
[0.238s] -- Up-to-date symlink: /home/yun/colcon_ws/install/stella_description/share/stella_description/environment/path.dsv
[0.238s] -- Up-to-date symlink: /home/yun/colcon_ws/install/stella_description/share/stella_description/local_setup.bash
[0.238s] -- Up-to-date symlink: /home/yun/colcon_ws/install/stella_description/share/stella_description/local_setup.sh
[0.239s] -- Up-to-date symlink: /home/yun/colcon_ws/install/stella_description/share/stella_description/local_setup.zsh
[0.239s] -- Up-to-date symlink: /home/yun/colcon_ws/install/stella_description/share/stella_description/local_setup.dsv
[0.239s] -- Symlinking: /home/yun/colcon_ws/install/stella_description/share/stella_description/package.dsv
[0.245s] -- Up-to-date symlink: /home/yun/colcon_ws/install/stella_description/share/ament_index/resource_index/packages/stella_description
[0.245s] -- Up-to-date symlink: /home/yun/colcon_ws/install/stella_description/share/stella_description/cmake/stella_descriptionConfig.cmake
[0.245s] -- Up-to-date symlink: /home/yun/colcon_ws/install/stella_description/share/stella_description/cmake/stella_descriptionConfig-version.cmake
[0.245s] -- Up-to-date symlink: /home/yun/colcon_ws/install/stella_description/share/stella_description/package.xml
[0.257s] Invoked command in '/home/yun/colcon_ws/build/stella_description' returned '0': CMAKE_PREFIX_PATH=${CMAKE_PREFIX_PATH}:/home/yun/test/install/nav2_simple_commander:/home/yun/test/install/turtlebot3_teleop:/home/yun/test/install/turtlebot3_example:/home/yun/test/install/road_API:/home/yun/test/install/nav2_gps_waypoint_follower_demo:/home/yun/test/install/gps_navigation:/home/yun/test/install/gps_imu_publisher:/home/yun/colcon_ws/install/stella_teleop:/opt/ros/humble /usr/bin/cmake --install /home/yun/colcon_ws/build/stella_description
