[0.015s] Invoking command in '/home/yun/colcon_ws/build/stella_navigation2': CMAKE_PREFIX_PATH=${CMAKE_PREFIX_PATH}:/home/yun/colcon_ws/install/stella_teleop:/opt/ros/humble /usr/bin/cmake --build /home/yun/colcon_ws/build/stella_navigation2 -- -j20 -l20
[0.197s] Invoked command in '/home/yun/colcon_ws/build/stella_navigation2' returned '0': CMAKE_PREFIX_PATH=${CMAKE_PREFIX_PATH}:/home/yun/colcon_ws/install/stella_teleop:/opt/ros/humble /usr/bin/cmake --build /home/yun/colcon_ws/build/stella_navigation2 -- -j20 -l20
[0.198s] Invoking command in '/home/yun/colcon_ws/build/stella_navigation2': CMAKE_PREFIX_PATH=${CMAKE_PREFIX_PATH}:/home/yun/colcon_ws/install/stella_teleop:/opt/ros/humble /usr/bin/cmake --install /home/yun/colcon_ws/build/stella_navigation2
[0.204s] -- Install configuration: ""
[0.205s] -- Execute custom install script
[0.205s] -- Up-to-date symlink: /home/yun/colcon_ws/install/stella_navigation2/share/stella_navigation2/launch/navigation2.launch.py
[0.205s] -- Up-to-date symlink: /home/yun/colcon_ws/install/stella_navigation2/share/stella_navigation2/map/stella_world.pgm
[0.206s] -- Up-to-date symlink: /home/yun/colcon_ws/install/stella_navigation2/share/stella_navigation2/map/stella_world.yaml
[0.206s] -- Up-to-date symlink: /home/yun/colcon_ws/install/stella_navigation2/share/stella_navigation2/param/stella.yaml
[0.206s] -- Up-to-date symlink: /home/yun/colcon_ws/install/stella_navigation2/share/stella_navigation2/rviz/stella_navigation2.rviz
[0.206s] -- Up-to-date symlink: /home/yun/colcon_ws/install/stella_navigation2/share/ament_index/resource_index/package_run_dependencies/stella_navigation2
[0.206s] -- Up-to-date symlink: /home/yun/colcon_ws/install/stella_navigation2/share/ament_index/resource_index/parent_prefix_path/stella_navigation2
[0.207s] -- Up-to-date symlink: /home/yun/colcon_ws/install/stella_navigation2/share/stella_navigation2/environment/ament_prefix_path.sh
[0.207s] -- Up-to-date symlink: /home/yun/colcon_ws/install/stella_navigation2/share/stella_navigation2/environment/ament_prefix_path.dsv
[0.207s] -- Up-to-date symlink: /home/yun/colcon_ws/install/stella_navigation2/share/stella_navigation2/environment/path.sh
[0.207s] -- Up-to-date symlink: /home/yun/colcon_ws/install/stella_navigation2/share/stella_navigation2/environment/path.dsv
[0.207s] -- Up-to-date symlink: /home/yun/colcon_ws/install/stella_navigation2/share/stella_navigation2/local_setup.bash
[0.207s] -- Up-to-date symlink: /home/yun/colcon_ws/install/stella_navigation2/share/stella_navigation2/local_setup.sh
[0.207s] -- Up-to-date symlink: /home/yun/colcon_ws/install/stella_navigation2/share/stella_navigation2/local_setup.zsh
[0.207s] -- Up-to-date symlink: /home/yun/colcon_ws/install/stella_navigation2/share/stella_navigation2/local_setup.dsv
[0.208s] -- Symlinking: /home/yun/colcon_ws/install/stella_navigation2/share/stella_navigation2/package.dsv
[0.215s] -- Up-to-date symlink: /home/yun/colcon_ws/install/stella_navigation2/share/ament_index/resource_index/packages/stella_navigation2
[0.216s] -- Up-to-date symlink: /home/yun/colcon_ws/install/stella_navigation2/share/stella_navigation2/cmake/stella_navigation2Config.cmake
[0.216s] -- Up-to-date symlink: /home/yun/colcon_ws/install/stella_navigation2/share/stella_navigation2/cmake/stella_navigation2Config-version.cmake
[0.216s] -- Up-to-date symlink: /home/yun/colcon_ws/install/stella_navigation2/share/stella_navigation2/package.xml
[0.237s] Invoked command in '/home/yun/colcon_ws/build/stella_navigation2' returned '0': CMAKE_PREFIX_PATH=${CMAKE_PREFIX_PATH}:/home/yun/colcon_ws/install/stella_teleop:/opt/ros/humble /usr/bin/cmake --install /home/yun/colcon_ws/build/stella_navigation2
