[0.652s] Invoking command in '/home/yun/colcon_ws/src/STELLA_REMOTE_PC_ROS2/nav2_gps_waypoint_follower_demo': PYTHONPATH=/home/yun/colcon_ws/build/nav2_gps_waypoint_follower_demo/prefix_override:/usr/lib/python3/dist-packages/colcon_core/task/python/colcon_distutils_commands:/home/yun/colcon_ws/install/nav2_gps_waypoint_follower_demo/lib/python3.10/site-packages:${PYTHONPATH} /usr/bin/python3 -W ignore:setup.py install is deprecated -W ignore:easy_install command is deprecated setup.py egg_info --egg-base ../../../build/nav2_gps_waypoint_follower_demo build --build-base /home/yun/colcon_ws/build/nav2_gps_waypoint_follower_demo/build install --record /home/yun/colcon_ws/build/nav2_gps_waypoint_follower_demo/install.log --single-version-externally-managed install_data
[0.819s] running egg_info
[0.819s] writing ../../../build/nav2_gps_waypoint_follower_demo/nav2_gps_waypoint_follower_demo.egg-info/PKG-INFO
[0.820s] writing dependency_links to ../../../build/nav2_gps_waypoint_follower_demo/nav2_gps_waypoint_follower_demo.egg-info/dependency_links.txt
[0.820s] writing entry points to ../../../build/nav2_gps_waypoint_follower_demo/nav2_gps_waypoint_follower_demo.egg-info/entry_points.txt
[0.820s] writing requirements to ../../../build/nav2_gps_waypoint_follower_demo/nav2_gps_waypoint_follower_demo.egg-info/requires.txt
[0.820s] writing top-level names to ../../../build/nav2_gps_waypoint_follower_demo/nav2_gps_waypoint_follower_demo.egg-info/top_level.txt
[0.821s] reading manifest file '../../../build/nav2_gps_waypoint_follower_demo/nav2_gps_waypoint_follower_demo.egg-info/SOURCES.txt'
[0.821s] writing manifest file '../../../build/nav2_gps_waypoint_follower_demo/nav2_gps_waypoint_follower_demo.egg-info/SOURCES.txt'
[0.822s] running build
[0.822s] running build_py
[0.822s] running install
[0.822s] running install_lib
[0.823s] running install_data
[0.823s] running install_egg_info
[0.824s] removing '/home/yun/colcon_ws/install/nav2_gps_waypoint_follower_demo/lib/python3.10/site-packages/nav2_gps_waypoint_follower_demo-0.0.1-py3.10.egg-info' (and everything under it)
[0.824s] Copying ../../../build/nav2_gps_waypoint_follower_demo/nav2_gps_waypoint_follower_demo.egg-info to /home/yun/colcon_ws/install/nav2_gps_waypoint_follower_demo/lib/python3.10/site-packages/nav2_gps_waypoint_follower_demo-0.0.1-py3.10.egg-info
[0.824s] running install_scripts
[0.839s] Installing gps_waypoint_logger script to /home/yun/colcon_ws/install/nav2_gps_waypoint_follower_demo/lib/nav2_gps_waypoint_follower_demo
[0.839s] Installing interactive_waypoint_follower script to /home/yun/colcon_ws/install/nav2_gps_waypoint_follower_demo/lib/nav2_gps_waypoint_follower_demo
[0.839s] Installing logged_waypoint_follower script to /home/yun/colcon_ws/install/nav2_gps_waypoint_follower_demo/lib/nav2_gps_waypoint_follower_demo
[0.840s] writing list of installed files to '/home/yun/colcon_ws/build/nav2_gps_waypoint_follower_demo/install.log'
[0.857s] Invoked command in '/home/yun/colcon_ws/src/STELLA_REMOTE_PC_ROS2/nav2_gps_waypoint_follower_demo' returned '0': PYTHONPATH=/home/yun/colcon_ws/build/nav2_gps_waypoint_follower_demo/prefix_override:/usr/lib/python3/dist-packages/colcon_core/task/python/colcon_distutils_commands:/home/yun/colcon_ws/install/nav2_gps_waypoint_follower_demo/lib/python3.10/site-packages:${PYTHONPATH} /usr/bin/python3 -W ignore:setup.py install is deprecated -W ignore:easy_install command is deprecated setup.py egg_info --egg-base ../../../build/nav2_gps_waypoint_follower_demo build --build-base /home/yun/colcon_ws/build/nav2_gps_waypoint_follower_demo/build install --record /home/yun/colcon_ws/build/nav2_gps_waypoint_follower_demo/install.log --single-version-externally-managed install_data
