/home/yun/colcon_ws/install/gps_imu_tf_publisher/lib/python3.10/site-packages/gps_imu_tf_publisher/__init__.py
/home/yun/colcon_ws/install/gps_imu_tf_publisher/lib/python3.10/site-packages/gps_imu_tf_publisher/tf_publisher.py
/home/yun/colcon_ws/install/gps_imu_tf_publisher/lib/python3.10/site-packages/gps_imu_tf_publisher/gps_transform.py
/home/yun/colcon_ws/install/gps_imu_tf_publisher/lib/python3.10/site-packages/gps_imu_tf_publisher/imu_to_odom.py
/home/yun/colcon_ws/install/gps_imu_tf_publisher/lib/python3.10/site-packages/gps_imu_tf_publisher/__pycache__/__init__.cpython-310.pyc
/home/yun/colcon_ws/install/gps_imu_tf_publisher/lib/python3.10/site-packages/gps_imu_tf_publisher/__pycache__/tf_publisher.cpython-310.pyc
/home/yun/colcon_ws/install/gps_imu_tf_publisher/lib/python3.10/site-packages/gps_imu_tf_publisher/__pycache__/gps_transform.cpython-310.pyc
/home/yun/colcon_ws/install/gps_imu_tf_publisher/lib/python3.10/site-packages/gps_imu_tf_publisher/__pycache__/imu_to_odom.cpython-310.pyc
/home/yun/colcon_ws/install/gps_imu_tf_publisher/share/ament_index/resource_index/packages/gps_imu_tf_publisher
/home/yun/colcon_ws/install/gps_imu_tf_publisher/share/gps_imu_tf_publisher/package.xml
/home/yun/colcon_ws/install/gps_imu_tf_publisher/lib/python3.10/site-packages/gps_imu_tf_publisher-0.0.0-py3.10.egg-info/dependency_links.txt
/home/yun/colcon_ws/install/gps_imu_tf_publisher/lib/python3.10/site-packages/gps_imu_tf_publisher-0.0.0-py3.10.egg-info/PKG-INFO
/home/yun/colcon_ws/install/gps_imu_tf_publisher/lib/python3.10/site-packages/gps_imu_tf_publisher-0.0.0-py3.10.egg-info/zip-safe
/home/yun/colcon_ws/install/gps_imu_tf_publisher/lib/python3.10/site-packages/gps_imu_tf_publisher-0.0.0-py3.10.egg-info/SOURCES.txt
/home/yun/colcon_ws/install/gps_imu_tf_publisher/lib/python3.10/site-packages/gps_imu_tf_publisher-0.0.0-py3.10.egg-info/entry_points.txt
/home/yun/colcon_ws/install/gps_imu_tf_publisher/lib/python3.10/site-packages/gps_imu_tf_publisher-0.0.0-py3.10.egg-info/requires.txt
/home/yun/colcon_ws/install/gps_imu_tf_publisher/lib/python3.10/site-packages/gps_imu_tf_publisher-0.0.0-py3.10.egg-info/top_level.txt
/home/yun/colcon_ws/install/gps_imu_tf_publisher/lib/gps_imu_tf_publisher/gps_transform
/home/yun/colcon_ws/install/gps_imu_tf_publisher/lib/gps_imu_tf_publisher/imu_to_odom
/home/yun/colcon_ws/install/gps_imu_tf_publisher/lib/gps_imu_tf_publisher/tf_publisher
